[0.943s] Invoking command in '/home/teng/ros2_ws/build/simple_interfaces': CMAKE_PREFIX_PATH=${CMAKE_PREFIX_PATH}:/home/teng/ros2_ws/install/sensor_msgs_py:/home/teng/ros2_ws/install/experiment1:/opt/ros/humble /usr/bin/cmake /home/teng/ros2_ws/src/simple_interfaces -DAMENT_CMAKE_SYMLINK_INSTALL=1 -DCMAKE_INSTALL_PREFIX=/home/teng/ros2_ws/install/simple_interfaces
[1.393s] -- The C compiler identification is GNU 11.4.0
[1.845s] -- The CXX compiler identification is GNU 11.4.0
[1.905s] -- Detecting C compiler ABI info
[2.469s] -- Detecting C compiler ABI info - done
[2.508s] -- Check for working C compiler: /usr/bin/cc - skipped
[2.513s] -- Detecting C compile features
[2.529s] -- Detecting C compile features - done
[2.564s] -- Detecting CXX compiler ABI info
[3.183s] -- Detecting CXX compiler ABI info - done
[3.220s] -- Check for working CXX compiler: /usr/bin/c++ - skipped
[3.223s] -- Detecting CXX compile features
[3.227s] -- Detecting CXX compile features - done
[3.258s] -- Found ament_cmake: 1.3.5 (/opt/ros/humble/share/ament_cmake/cmake)
[4.848s] -- Found Python3: /usr/bin/python3.10 (found version "3.10.12") found components: Interpreter 
[5.584s] -- Override CMake install command with custom implementation using symlinks instead of copying resources
[5.881s] -- Found rosidl_default_generators: 1.2.0 (/opt/ros/humble/share/rosidl_default_generators/cmake)
[5.922s] -- Using all available rosidl_typesupport_c: rosidl_typesupport_fastrtps_c;rosidl_typesupport_introspection_c
[5.982s] -- Found rosidl_adapter: 3.1.5 (/opt/ros/humble/share/rosidl_adapter/cmake)
[6.334s] -- Using all available rosidl_typesupport_cpp: rosidl_typesupport_fastrtps_cpp;rosidl_typesupport_introspection_cpp
[8.962s] -- Found ament_cmake_ros: 0.10.0 (/opt/ros/humble/share/ament_cmake_ros/cmake)
[10.905s] -- Using all available rosidl_typesupport_c: rosidl_typesupport_fastrtps_c;rosidl_typesupport_introspection_c
[13.121s] -- Using all available rosidl_typesupport_cpp: rosidl_typesupport_fastrtps_cpp;rosidl_typesupport_introspection_cpp
[13.299s] -- Found PythonInterp: /usr/bin/python3 (found suitable version "3.10.12", minimum required is "3.6") 
[13.315s] -- Found python_cmake_module: 0.10.0 (/opt/ros/humble/share/python_cmake_module/cmake)
[13.490s] -- Found PythonLibs: /usr/lib/aarch64-linux-gnu/libpython3.10.so (found suitable version "3.10.12", minimum required is "3.5") 
[13.491s] -- Using PYTHON_EXECUTABLE: /usr/bin/python3
[13.493s] -- Using PYTHON_INCLUDE_DIRS: /usr/include/python3.10
[13.498s] -- Using PYTHON_LIBRARIES: /usr/lib/aarch64-linux-gnu/libpython3.10.so
[13.645s] -- Found PythonExtra: .so  
[14.007s] -- Configuring done
[14.306s] -- Generating done
[14.323s] -- Build files have been written to: /home/teng/ros2_ws/build/simple_interfaces
[14.350s] Invoked command in '/home/teng/ros2_ws/build/simple_interfaces' returned '0': CMAKE_PREFIX_PATH=${CMAKE_PREFIX_PATH}:/home/teng/ros2_ws/install/sensor_msgs_py:/home/teng/ros2_ws/install/experiment1:/opt/ros/humble /usr/bin/cmake /home/teng/ros2_ws/src/simple_interfaces -DAMENT_CMAKE_SYMLINK_INSTALL=1 -DCMAKE_INSTALL_PREFIX=/home/teng/ros2_ws/install/simple_interfaces
[14.360s] Invoking command in '/home/teng/ros2_ws/build/simple_interfaces': CMAKE_PREFIX_PATH=${CMAKE_PREFIX_PATH}:/home/teng/ros2_ws/install/sensor_msgs_py:/home/teng/ros2_ws/install/experiment1:/opt/ros/humble /usr/bin/cmake --build /home/teng/ros2_ws/build/simple_interfaces -- -j4 -l4
[14.643s] [  1%] [34m[1mGenerating C code for ROS interfaces[0m
[14.857s] [  2%] [34m[1mGenerating C++ code for ROS interfaces[0m
[14.966s] [  2%] Built target ament_cmake_python_symlink_simple_interfaces
[19.114s] running egg_info
[19.118s] creating simple_interfaces.egg-info
[19.118s] writing simple_interfaces.egg-info/PKG-INFO
[19.119s] writing dependency_links to simple_interfaces.egg-info/dependency_links.txt
[19.128s] writing top-level names to simple_interfaces.egg-info/top_level.txt
[19.130s] writing manifest file 'simple_interfaces.egg-info/SOURCES.txt'
[19.147s] reading manifest file 'simple_interfaces.egg-info/SOURCES.txt'
[19.160s] writing manifest file 'simple_interfaces.egg-info/SOURCES.txt'
[19.491s] [  2%] Built target ament_cmake_python_build_simple_interfaces_egg
[24.143s] [  2%] Built target simple_interfaces__cpp
[24.318s] [  3%] [34m[1mGenerating C++ type support dispatch for ROS interfaces[0m
[24.428s] [  5%] [34m[1mGenerating C++ type support for eProsima Fast-RTPS[0m
[26.119s] [  6%] [32mBuilding C object CMakeFiles/simple_interfaces__rosidl_generator_c.dir/rosidl_generator_c/simple_interfaces/msg/detail/hardware_status__functions.c.o[0m
[26.530s] [  7%] [32mBuilding C object CMakeFiles/simple_interfaces__rosidl_generator_c.dir/rosidl_generator_c/simple_interfaces/msg/detail/led_state_array__functions.c.o[0m
[27.016s] [  8%] [32mBuilding C object CMakeFiles/simple_interfaces__rosidl_generator_c.dir/rosidl_generator_c/simple_interfaces/msg/detail/button_state__functions.c.o[0m
[27.829s] [ 10%] [32mBuilding C object CMakeFiles/simple_interfaces__rosidl_generator_c.dir/rosidl_generator_c/simple_interfaces/msg/detail/joystick_scalar_value__functions.c.o[0m
[28.433s] [ 11%] [32mBuilding C object CMakeFiles/simple_interfaces__rosidl_generator_c.dir/rosidl_generator_c/simple_interfaces/srv/detail/ex_service__functions.c.o[0m
[29.062s] [ 12%] [32mBuilding C object CMakeFiles/simple_interfaces__rosidl_generator_c.dir/rosidl_generator_c/simple_interfaces/srv/detail/set_led__functions.c.o[0m
[29.550s] [ 13%] [32mBuilding C object CMakeFiles/simple_interfaces__rosidl_generator_c.dir/rosidl_generator_c/simple_interfaces/srv/detail/set_joystick_scalar__functions.c.o[0m
[30.698s] [ 15%] [32m[1mLinking C shared library libsimple_interfaces__rosidl_generator_c.so[0m
[31.154s] [ 16%] [32mBuilding CXX object CMakeFiles/simple_interfaces__rosidl_typesupport_cpp.dir/rosidl_typesupport_cpp/simple_interfaces/msg/hardware_status__type_support.cpp.o[0m
[31.336s] [ 16%] Built target simple_interfaces__rosidl_generator_c
[33.127s] [ 17%] [32mBuilding CXX object CMakeFiles/simple_interfaces__rosidl_typesupport_fastrtps_cpp.dir/rosidl_typesupport_fastrtps_cpp/simple_interfaces/msg/detail/dds_fastrtps/hardware_status__type_support.cpp.o[0m
[34.657s] [ 18%] [32mBuilding CXX object CMakeFiles/simple_interfaces__rosidl_typesupport_cpp.dir/rosidl_typesupport_cpp/simple_interfaces/msg/led_state_array__type_support.cpp.o[0m
[38.081s] [ 20%] [32mBuilding CXX object CMakeFiles/simple_interfaces__rosidl_typesupport_fastrtps_cpp.dir/rosidl_typesupport_fastrtps_cpp/simple_interfaces/msg/detail/dds_fastrtps/led_state_array__type_support.cpp.o[0m
[39.321s] [ 21%] [32mBuilding CXX object CMakeFiles/simple_interfaces__rosidl_typesupport_cpp.dir/rosidl_typesupport_cpp/simple_interfaces/msg/button_state__type_support.cpp.o[0m
[42.986s] [ 22%] [32mBuilding CXX object CMakeFiles/simple_interfaces__rosidl_typesupport_cpp.dir/rosidl_typesupport_cpp/simple_interfaces/msg/joystick_scalar_value__type_support.cpp.o[0m
[43.338s] [ 24%] [32mBuilding CXX object CMakeFiles/simple_interfaces__rosidl_typesupport_fastrtps_cpp.dir/rosidl_typesupport_fastrtps_cpp/simple_interfaces/msg/detail/dds_fastrtps/button_state__type_support.cpp.o[0m
[45.484s] [ 25%] [32mBuilding CXX object CMakeFiles/simple_interfaces__rosidl_typesupport_cpp.dir/rosidl_typesupport_cpp/simple_interfaces/srv/ex_service__type_support.cpp.o[0m
[47.089s] [ 26%] [32mBuilding CXX object CMakeFiles/simple_interfaces__rosidl_typesupport_fastrtps_cpp.dir/rosidl_typesupport_fastrtps_cpp/simple_interfaces/msg/detail/dds_fastrtps/joystick_scalar_value__type_support.cpp.o[0m
[48.008s] [ 27%] [32mBuilding CXX object CMakeFiles/simple_interfaces__rosidl_typesupport_cpp.dir/rosidl_typesupport_cpp/simple_interfaces/srv/set_led__type_support.cpp.o[0m
[50.279s] [ 29%] [32mBuilding CXX object CMakeFiles/simple_interfaces__rosidl_typesupport_cpp.dir/rosidl_typesupport_cpp/simple_interfaces/srv/set_joystick_scalar__type_support.cpp.o[0m
[50.667s] [ 30%] [32mBuilding CXX object CMakeFiles/simple_interfaces__rosidl_typesupport_fastrtps_cpp.dir/rosidl_typesupport_fastrtps_cpp/simple_interfaces/srv/detail/dds_fastrtps/ex_service__type_support.cpp.o[0m
[52.739s] [ 31%] [32m[1mLinking CXX shared library libsimple_interfaces__rosidl_typesupport_cpp.so[0m
[53.040s] [ 31%] Built target simple_interfaces__rosidl_typesupport_cpp
[53.564s] [ 32%] [32mBuilding CXX object CMakeFiles/simple_interfaces__rosidl_typesupport_fastrtps_cpp.dir/rosidl_typesupport_fastrtps_cpp/simple_interfaces/srv/detail/dds_fastrtps/set_led__type_support.cpp.o[0m
[56.130s] [ 34%] [32mBuilding CXX object CMakeFiles/simple_interfaces__rosidl_typesupport_fastrtps_cpp.dir/rosidl_typesupport_fastrtps_cpp/simple_interfaces/srv/detail/dds_fastrtps/set_joystick_scalar__type_support.cpp.o[0m
[58.718s] [ 35%] [32m[1mLinking CXX shared library libsimple_interfaces__rosidl_typesupport_fastrtps_cpp.so[0m
[59.111s] [ 35%] Built target simple_interfaces__rosidl_typesupport_fastrtps_cpp
[59.165s] [ 36%] [34m[1mGenerating C introspection for ROS interfaces[0m
[62.101s] [ 37%] [32mBuilding C object CMakeFiles/simple_interfaces__rosidl_typesupport_introspection_c.dir/rosidl_typesupport_introspection_c/simple_interfaces/msg/detail/hardware_status__type_support.c.o[0m
[62.313s] [ 39%] [32mBuilding C object CMakeFiles/simple_interfaces__rosidl_typesupport_introspection_c.dir/rosidl_typesupport_introspection_c/simple_interfaces/msg/detail/led_state_array__type_support.c.o[0m
[62.580s] [ 40%] [32mBuilding C object CMakeFiles/simple_interfaces__rosidl_typesupport_introspection_c.dir/rosidl_typesupport_introspection_c/simple_interfaces/msg/detail/button_state__type_support.c.o[0m
[62.903s] [ 41%] [32mBuilding C object CMakeFiles/simple_interfaces__rosidl_typesupport_introspection_c.dir/rosidl_typesupport_introspection_c/simple_interfaces/msg/detail/joystick_scalar_value__type_support.c.o[0m
[63.183s] [ 43%] [32mBuilding C object CMakeFiles/simple_interfaces__rosidl_typesupport_introspection_c.dir/rosidl_typesupport_introspection_c/simple_interfaces/srv/detail/ex_service__type_support.c.o[0m
[63.464s] [ 44%] [32mBuilding C object CMakeFiles/simple_interfaces__rosidl_typesupport_introspection_c.dir/rosidl_typesupport_introspection_c/simple_interfaces/srv/detail/set_led__type_support.c.o[0m
[63.724s] [ 45%] [32mBuilding C object CMakeFiles/simple_interfaces__rosidl_typesupport_introspection_c.dir/rosidl_typesupport_introspection_c/simple_interfaces/srv/detail/set_joystick_scalar__type_support.c.o[0m
[64.022s] [ 46%] [32m[1mLinking C shared library libsimple_interfaces__rosidl_typesupport_introspection_c.so[0m
[64.258s] [ 46%] Built target simple_interfaces__rosidl_typesupport_introspection_c
[64.337s] [ 48%] [34m[1mGenerating C type support dispatch for ROS interfaces[0m
[66.805s] [ 49%] [32mBuilding CXX object CMakeFiles/simple_interfaces__rosidl_typesupport_c.dir/rosidl_typesupport_c/simple_interfaces/msg/hardware_status__type_support.cpp.o[0m
[67.014s] [ 50%] [32mBuilding CXX object CMakeFiles/simple_interfaces__rosidl_typesupport_c.dir/rosidl_typesupport_c/simple_interfaces/msg/led_state_array__type_support.cpp.o[0m
[67.214s] [ 51%] [32mBuilding CXX object CMakeFiles/simple_interfaces__rosidl_typesupport_c.dir/rosidl_typesupport_c/simple_interfaces/msg/button_state__type_support.cpp.o[0m
[67.443s] [ 53%] [32mBuilding CXX object CMakeFiles/simple_interfaces__rosidl_typesupport_c.dir/rosidl_typesupport_c/simple_interfaces/msg/joystick_scalar_value__type_support.cpp.o[0m
[67.721s] [ 54%] [32mBuilding CXX object CMakeFiles/simple_interfaces__rosidl_typesupport_c.dir/rosidl_typesupport_c/simple_interfaces/srv/ex_service__type_support.cpp.o[0m
[68.090s] [ 55%] [32mBuilding CXX object CMakeFiles/simple_interfaces__rosidl_typesupport_c.dir/rosidl_typesupport_c/simple_interfaces/srv/set_led__type_support.cpp.o[0m
[68.342s] [ 56%] [32mBuilding CXX object CMakeFiles/simple_interfaces__rosidl_typesupport_c.dir/rosidl_typesupport_c/simple_interfaces/srv/set_joystick_scalar__type_support.cpp.o[0m
[68.552s] [ 58%] [32m[1mLinking CXX shared library libsimple_interfaces__rosidl_typesupport_c.so[0m
[68.786s] [ 58%] Built target simple_interfaces__rosidl_typesupport_c
[68.854s] [ 59%] [34m[1mGenerating C type support for eProsima Fast-RTPS[0m
[72.108s] [ 60%] [32mBuilding CXX object CMakeFiles/simple_interfaces__rosidl_typesupport_fastrtps_c.dir/rosidl_typesupport_fastrtps_c/simple_interfaces/msg/detail/hardware_status__type_support_c.cpp.o[0m
[74.218s] [ 62%] [32mBuilding CXX object CMakeFiles/simple_interfaces__rosidl_typesupport_fastrtps_c.dir/rosidl_typesupport_fastrtps_c/simple_interfaces/msg/detail/button_state__type_support_c.cpp.o[0m
[76.377s] [ 63%] [32mBuilding CXX object CMakeFiles/simple_interfaces__rosidl_typesupport_fastrtps_c.dir/rosidl_typesupport_fastrtps_c/simple_interfaces/msg/detail/joystick_scalar_value__type_support_c.cpp.o[0m
[78.537s] [ 64%] [32mBuilding CXX object CMakeFiles/simple_interfaces__rosidl_typesupport_fastrtps_c.dir/rosidl_typesupport_fastrtps_c/simple_interfaces/srv/detail/ex_service__type_support_c.cpp.o[0m
[80.481s] [ 65%] [32mBuilding CXX object CMakeFiles/simple_interfaces__rosidl_typesupport_fastrtps_c.dir/rosidl_typesupport_fastrtps_c/simple_interfaces/srv/detail/set_led__type_support_c.cpp.o[0m
[82.267s] [ 67%] [32mBuilding CXX object CMakeFiles/simple_interfaces__rosidl_typesupport_fastrtps_c.dir/rosidl_typesupport_fastrtps_c/simple_interfaces/srv/detail/set_joystick_scalar__type_support_c.cpp.o[0m
[84.121s] [ 68%] [32mBuilding CXX object CMakeFiles/simple_interfaces__rosidl_typesupport_fastrtps_c.dir/rosidl_typesupport_fastrtps_c/simple_interfaces/msg/detail/led_state_array__type_support_c.cpp.o[0m
[85.830s] [ 69%] [32m[1mLinking CXX shared library libsimple_interfaces__rosidl_typesupport_fastrtps_c.so[0m
[86.383s] [ 69%] Built target simple_interfaces__rosidl_typesupport_fastrtps_c
[86.434s] [ 70%] [34m[1mGenerating C++ introspection for ROS interfaces[0m
[88.996s] [ 72%] [32mBuilding CXX object CMakeFiles/simple_interfaces__rosidl_typesupport_introspection_cpp.dir/rosidl_typesupport_introspection_cpp/simple_interfaces/msg/detail/hardware_status__type_support.cpp.o[0m
[90.923s] [ 73%] [32mBuilding CXX object CMakeFiles/simple_interfaces__rosidl_typesupport_introspection_cpp.dir/rosidl_typesupport_introspection_cpp/simple_interfaces/msg/detail/joystick_scalar_value__type_support.cpp.o[0m
[92.898s] [ 74%] [32mBuilding CXX object CMakeFiles/simple_interfaces__rosidl_typesupport_introspection_cpp.dir/rosidl_typesupport_introspection_cpp/simple_interfaces/srv/detail/ex_service__type_support.cpp.o[0m
[94.867s] [ 75%] [32mBuilding CXX object CMakeFiles/simple_interfaces__rosidl_typesupport_introspection_cpp.dir/rosidl_typesupport_introspection_cpp/simple_interfaces/srv/detail/set_led__type_support.cpp.o[0m
[97.266s] [ 77%] [32mBuilding CXX object CMakeFiles/simple_interfaces__rosidl_typesupport_introspection_cpp.dir/rosidl_typesupport_introspection_cpp/simple_interfaces/srv/detail/set_joystick_scalar__type_support.cpp.o[0m
[99.218s] [ 78%] [32mBuilding CXX object CMakeFiles/simple_interfaces__rosidl_typesupport_introspection_cpp.dir/rosidl_typesupport_introspection_cpp/simple_interfaces/msg/detail/button_state__type_support.cpp.o[0m
[101.134s] [ 79%] [32mBuilding CXX object CMakeFiles/simple_interfaces__rosidl_typesupport_introspection_cpp.dir/rosidl_typesupport_introspection_cpp/simple_interfaces/msg/detail/led_state_array__type_support.cpp.o[0m
[103.242s] [ 81%] [32m[1mLinking CXX shared library libsimple_interfaces__rosidl_typesupport_introspection_cpp.so[0m
[103.628s] [ 81%] Built target simple_interfaces__rosidl_typesupport_introspection_cpp
[103.739s] [ 81%] Built target simple_interfaces
[103.853s] [ 82%] [34m[1mGenerating Python code for ROS interfaces[0m
[108.891s] [ 82%] Built target simple_interfaces__py
[108.994s] [ 83%] [32mBuilding C object CMakeFiles/simple_interfaces__rosidl_generator_py.dir/rosidl_generator_py/simple_interfaces/msg/_hardware_status_s.c.o[0m
[109.524s] [ 84%] [32mBuilding C object CMakeFiles/simple_interfaces__rosidl_generator_py.dir/rosidl_generator_py/simple_interfaces/msg/_joystick_scalar_value_s.c.o[0m
[110.052s] [ 86%] [32mBuilding C object CMakeFiles/simple_interfaces__rosidl_generator_py.dir/rosidl_generator_py/simple_interfaces/srv/_ex_service_s.c.o[0m
[110.594s] [ 87%] [32mBuilding C object CMakeFiles/simple_interfaces__rosidl_generator_py.dir/rosidl_generator_py/simple_interfaces/srv/_set_led_s.c.o[0m
[111.109s] [ 88%] [32mBuilding C object CMakeFiles/simple_interfaces__rosidl_generator_py.dir/rosidl_generator_py/simple_interfaces/srv/_set_joystick_scalar_s.c.o[0m
[111.654s] [ 89%] [32mBuilding C object CMakeFiles/simple_interfaces__rosidl_generator_py.dir/rosidl_generator_py/simple_interfaces/msg/_button_state_s.c.o[0m
[112.189s] [ 91%] [32mBuilding C object CMakeFiles/simple_interfaces__rosidl_generator_py.dir/rosidl_generator_py/simple_interfaces/msg/_led_state_array_s.c.o[0m
[112.743s] [ 92%] [32m[1mLinking C shared library rosidl_generator_py/simple_interfaces/libsimple_interfaces__rosidl_generator_py.so[0m
[112.961s] [ 92%] Built target simple_interfaces__rosidl_generator_py
[113.068s] [ 93%] [32mBuilding C object CMakeFiles/simple_interfaces__rosidl_typesupport_fastrtps_c__pyext.dir/rosidl_generator_py/simple_interfaces/_simple_interfaces_s.ep.rosidl_typesupport_fastrtps_c.c.o[0m
[113.765s] [ 94%] [32m[1mLinking C shared library rosidl_generator_py/simple_interfaces/simple_interfaces_s__rosidl_typesupport_fastrtps_c.cpython-310-aarch64-linux-gnu.so[0m
[113.965s] [ 94%] Built target simple_interfaces__rosidl_typesupport_fastrtps_c__pyext
[114.069s] [ 96%] [32mBuilding C object CMakeFiles/simple_interfaces__rosidl_typesupport_c__pyext.dir/rosidl_generator_py/simple_interfaces/_simple_interfaces_s.ep.rosidl_typesupport_c.c.o[0m
[114.705s] [ 97%] [32m[1mLinking C shared library rosidl_generator_py/simple_interfaces/simple_interfaces_s__rosidl_typesupport_c.cpython-310-aarch64-linux-gnu.so[0m
[114.885s] [ 97%] Built target simple_interfaces__rosidl_typesupport_c__pyext
[114.985s] [ 98%] [32mBuilding C object CMakeFiles/simple_interfaces__rosidl_typesupport_introspection_c__pyext.dir/rosidl_generator_py/simple_interfaces/_simple_interfaces_s.ep.rosidl_typesupport_introspection_c.c.o[0m
[115.735s] [100%] [32m[1mLinking C shared library rosidl_generator_py/simple_interfaces/simple_interfaces_s__rosidl_typesupport_introspection_c.cpython-310-aarch64-linux-gnu.so[0m
[115.947s] [100%] Built target simple_interfaces__rosidl_typesupport_introspection_c__pyext
[116.024s] Invoked command in '/home/teng/ros2_ws/build/simple_interfaces' returned '0': CMAKE_PREFIX_PATH=${CMAKE_PREFIX_PATH}:/home/teng/ros2_ws/install/sensor_msgs_py:/home/teng/ros2_ws/install/experiment1:/opt/ros/humble /usr/bin/cmake --build /home/teng/ros2_ws/build/simple_interfaces -- -j4 -l4
[119.727s] Invoking command in '/home/teng/ros2_ws/build/simple_interfaces': CMAKE_PREFIX_PATH=${CMAKE_PREFIX_PATH}:/home/teng/ros2_ws/install/sensor_msgs_py:/home/teng/ros2_ws/install/experiment1:/opt/ros/humble /usr/bin/cmake --install /home/teng/ros2_ws/build/simple_interfaces
[119.837s] -- Install configuration: ""
[119.840s] -- Execute custom install script
[119.856s] -- Symlinking: /home/teng/ros2_ws/install/simple_interfaces/share/ament_index/resource_index/rosidl_interfaces/simple_interfaces
[119.975s] -- Symlinking: /home/teng/ros2_ws/install/simple_interfaces/include/simple_interfaces/simple_interfaces/msg/button_state.h
[120.093s] -- Symlinking: /home/teng/ros2_ws/install/simple_interfaces/include/simple_interfaces/simple_interfaces/msg/detail/button_state__functions.h
[120.220s] -- Symlinking: /home/teng/ros2_ws/install/simple_interfaces/include/simple_interfaces/simple_interfaces/msg/detail/button_state__struct.h
[120.332s] -- Symlinking: /home/teng/ros2_ws/install/simple_interfaces/include/simple_interfaces/simple_interfaces/msg/detail/button_state__type_support.h
[120.452s] -- Symlinking: /home/teng/ros2_ws/install/simple_interfaces/include/simple_interfaces/simple_interfaces/msg/detail/hardware_status__functions.h
[120.597s] -- Symlinking: /home/teng/ros2_ws/install/simple_interfaces/include/simple_interfaces/simple_interfaces/msg/detail/hardware_status__struct.h
[120.739s] -- Symlinking: /home/teng/ros2_ws/install/simple_interfaces/include/simple_interfaces/simple_interfaces/msg/detail/hardware_status__type_support.h
[120.866s] -- Symlinking: /home/teng/ros2_ws/install/simple_interfaces/include/simple_interfaces/simple_interfaces/msg/detail/joystick_scalar_value__functions.h
[120.944s] -- Symlinking: /home/teng/ros2_ws/install/simple_interfaces/include/simple_interfaces/simple_interfaces/msg/detail/joystick_scalar_value__struct.h
[121.040s] -- Symlinking: /home/teng/ros2_ws/install/simple_interfaces/include/simple_interfaces/simple_interfaces/msg/detail/joystick_scalar_value__type_support.h
[121.132s] -- Symlinking: /home/teng/ros2_ws/install/simple_interfaces/include/simple_interfaces/simple_interfaces/msg/detail/led_state_array__functions.h
[121.276s] -- Symlinking: /home/teng/ros2_ws/install/simple_interfaces/include/simple_interfaces/simple_interfaces/msg/detail/led_state_array__struct.h
[121.365s] -- Symlinking: /home/teng/ros2_ws/install/simple_interfaces/include/simple_interfaces/simple_interfaces/msg/detail/led_state_array__type_support.h
[121.422s] -- Symlinking: /home/teng/ros2_ws/install/simple_interfaces/include/simple_interfaces/simple_interfaces/msg/hardware_status.h
[121.482s] -- Symlinking: /home/teng/ros2_ws/install/simple_interfaces/include/simple_interfaces/simple_interfaces/msg/joystick_scalar_value.h
[121.535s] -- Symlinking: /home/teng/ros2_ws/install/simple_interfaces/include/simple_interfaces/simple_interfaces/msg/led_state_array.h
[121.602s] -- Symlinking: /home/teng/ros2_ws/install/simple_interfaces/include/simple_interfaces/simple_interfaces/msg/rosidl_generator_c__visibility_control.h
[121.712s] -- Symlinking: /home/teng/ros2_ws/install/simple_interfaces/include/simple_interfaces/simple_interfaces/srv/detail/ex_service__functions.h
[121.818s] -- Symlinking: /home/teng/ros2_ws/install/simple_interfaces/include/simple_interfaces/simple_interfaces/srv/detail/ex_service__struct.h
[121.957s] -- Symlinking: /home/teng/ros2_ws/install/simple_interfaces/include/simple_interfaces/simple_interfaces/srv/detail/ex_service__type_support.h
[122.085s] -- Symlinking: /home/teng/ros2_ws/install/simple_interfaces/include/simple_interfaces/simple_interfaces/srv/detail/set_joystick_scalar__functions.h
[122.185s] -- Symlinking: /home/teng/ros2_ws/install/simple_interfaces/include/simple_interfaces/simple_interfaces/srv/detail/set_joystick_scalar__struct.h
[122.263s] -- Symlinking: /home/teng/ros2_ws/install/simple_interfaces/include/simple_interfaces/simple_interfaces/srv/detail/set_joystick_scalar__type_support.h
[122.314s] -- Symlinking: /home/teng/ros2_ws/install/simple_interfaces/include/simple_interfaces/simple_interfaces/srv/detail/set_led__functions.h
[122.369s] -- Symlinking: /home/teng/ros2_ws/install/simple_interfaces/include/simple_interfaces/simple_interfaces/srv/detail/set_led__struct.h
[122.422s] -- Symlinking: /home/teng/ros2_ws/install/simple_interfaces/include/simple_interfaces/simple_interfaces/srv/detail/set_led__type_support.h
[122.554s] -- Symlinking: /home/teng/ros2_ws/install/simple_interfaces/include/simple_interfaces/simple_interfaces/srv/ex_service.h
[122.632s] -- Symlinking: /home/teng/ros2_ws/install/simple_interfaces/include/simple_interfaces/simple_interfaces/srv/set_joystick_scalar.h
[122.712s] -- Symlinking: /home/teng/ros2_ws/install/simple_interfaces/include/simple_interfaces/simple_interfaces/srv/set_led.h
[122.787s] -- Symlinking: /home/teng/ros2_ws/install/simple_interfaces/share/simple_interfaces/environment/library_path.sh
[122.846s] -- Symlinking: /home/teng/ros2_ws/install/simple_interfaces/share/simple_interfaces/environment/library_path.dsv
[122.945s] -- Symlinking: /home/teng/ros2_ws/install/simple_interfaces/include/simple_interfaces/simple_interfaces/msg/detail/button_state__rosidl_typesupport_fastrtps_c.h
[123.008s] -- Symlinking: /home/teng/ros2_ws/install/simple_interfaces/include/simple_interfaces/simple_interfaces/msg/detail/hardware_status__rosidl_typesupport_fastrtps_c.h
[123.064s] -- Symlinking: /home/teng/ros2_ws/install/simple_interfaces/include/simple_interfaces/simple_interfaces/msg/detail/joystick_scalar_value__rosidl_typesupport_fastrtps_c.h
[123.159s] -- Symlinking: /home/teng/ros2_ws/install/simple_interfaces/include/simple_interfaces/simple_interfaces/msg/detail/led_state_array__rosidl_typesupport_fastrtps_c.h
[123.268s] -- Symlinking: /home/teng/ros2_ws/install/simple_interfaces/include/simple_interfaces/simple_interfaces/msg/rosidl_typesupport_fastrtps_c__visibility_control.h
[123.385s] -- Symlinking: /home/teng/ros2_ws/install/simple_interfaces/include/simple_interfaces/simple_interfaces/srv/detail/ex_service__rosidl_typesupport_fastrtps_c.h
[123.464s] -- Symlinking: /home/teng/ros2_ws/install/simple_interfaces/include/simple_interfaces/simple_interfaces/srv/detail/set_joystick_scalar__rosidl_typesupport_fastrtps_c.h
[123.576s] -- Symlinking: /home/teng/ros2_ws/install/simple_interfaces/include/simple_interfaces/simple_interfaces/srv/detail/set_led__rosidl_typesupport_fastrtps_c.h
[123.700s] -- Symlinking: /home/teng/ros2_ws/install/simple_interfaces/include/simple_interfaces/simple_interfaces/msg/detail/button_state__rosidl_typesupport_introspection_c.h
[123.833s] -- Symlinking: /home/teng/ros2_ws/install/simple_interfaces/include/simple_interfaces/simple_interfaces/msg/detail/hardware_status__rosidl_typesupport_introspection_c.h
[123.936s] -- Symlinking: /home/teng/ros2_ws/install/simple_interfaces/include/simple_interfaces/simple_interfaces/msg/detail/joystick_scalar_value__rosidl_typesupport_introspection_c.h
[124.076s] -- Symlinking: /home/teng/ros2_ws/install/simple_interfaces/include/simple_interfaces/simple_interfaces/msg/detail/led_state_array__rosidl_typesupport_introspection_c.h
[124.200s] -- Symlinking: /home/teng/ros2_ws/install/simple_interfaces/include/simple_interfaces/simple_interfaces/msg/rosidl_typesupport_introspection_c__visibility_control.h
[124.393s] -- Symlinking: /home/teng/ros2_ws/install/simple_interfaces/include/simple_interfaces/simple_interfaces/srv/detail/ex_service__rosidl_typesupport_introspection_c.h
[124.563s] -- Symlinking: /home/teng/ros2_ws/install/simple_interfaces/include/simple_interfaces/simple_interfaces/srv/detail/set_joystick_scalar__rosidl_typesupport_introspection_c.h
[124.685s] -- Symlinking: /home/teng/ros2_ws/install/simple_interfaces/include/simple_interfaces/simple_interfaces/srv/detail/set_led__rosidl_typesupport_introspection_c.h
[124.864s] -- Symlinking: /home/teng/ros2_ws/install/simple_interfaces/include/simple_interfaces/simple_interfaces/msg/button_state.hpp
[125.041s] -- Symlinking: /home/teng/ros2_ws/install/simple_interfaces/include/simple_interfaces/simple_interfaces/msg/detail/button_state__builder.hpp
[125.184s] -- Symlinking: /home/teng/ros2_ws/install/simple_interfaces/include/simple_interfaces/simple_interfaces/msg/detail/button_state__struct.hpp
[125.352s] -- Symlinking: /home/teng/ros2_ws/install/simple_interfaces/include/simple_interfaces/simple_interfaces/msg/detail/button_state__traits.hpp
[125.484s] -- Symlinking: /home/teng/ros2_ws/install/simple_interfaces/include/simple_interfaces/simple_interfaces/msg/detail/hardware_status__builder.hpp
[125.588s] -- Symlinking: /home/teng/ros2_ws/install/simple_interfaces/include/simple_interfaces/simple_interfaces/msg/detail/hardware_status__struct.hpp
[125.699s] -- Symlinking: /home/teng/ros2_ws/install/simple_interfaces/include/simple_interfaces/simple_interfaces/msg/detail/hardware_status__traits.hpp
[125.763s] -- Symlinking: /home/teng/ros2_ws/install/simple_interfaces/include/simple_interfaces/simple_interfaces/msg/detail/joystick_scalar_value__builder.hpp
[125.920s] -- Symlinking: /home/teng/ros2_ws/install/simple_interfaces/include/simple_interfaces/simple_interfaces/msg/detail/joystick_scalar_value__struct.hpp
[126.024s] -- Symlinking: /home/teng/ros2_ws/install/simple_interfaces/include/simple_interfaces/simple_interfaces/msg/detail/joystick_scalar_value__traits.hpp
[126.175s] -- Symlinking: /home/teng/ros2_ws/install/simple_interfaces/include/simple_interfaces/simple_interfaces/msg/detail/led_state_array__builder.hpp
[126.276s] -- Symlinking: /home/teng/ros2_ws/install/simple_interfaces/include/simple_interfaces/simple_interfaces/msg/detail/led_state_array__struct.hpp
[126.355s] -- Symlinking: /home/teng/ros2_ws/install/simple_interfaces/include/simple_interfaces/simple_interfaces/msg/detail/led_state_array__traits.hpp
[126.433s] -- Symlinking: /home/teng/ros2_ws/install/simple_interfaces/include/simple_interfaces/simple_interfaces/msg/hardware_status.hpp
[126.601s] -- Symlinking: /home/teng/ros2_ws/install/simple_interfaces/include/simple_interfaces/simple_interfaces/msg/joystick_scalar_value.hpp
[126.728s] -- Symlinking: /home/teng/ros2_ws/install/simple_interfaces/include/simple_interfaces/simple_interfaces/msg/led_state_array.hpp
[126.855s] -- Symlinking: /home/teng/ros2_ws/install/simple_interfaces/include/simple_interfaces/simple_interfaces/srv/detail/ex_service__builder.hpp
[126.963s] -- Symlinking: /home/teng/ros2_ws/install/simple_interfaces/include/simple_interfaces/simple_interfaces/srv/detail/ex_service__struct.hpp
[127.118s] -- Symlinking: /home/teng/ros2_ws/install/simple_interfaces/include/simple_interfaces/simple_interfaces/srv/detail/ex_service__traits.hpp
[127.237s] -- Symlinking: /home/teng/ros2_ws/install/simple_interfaces/include/simple_interfaces/simple_interfaces/srv/detail/set_joystick_scalar__builder.hpp
[127.373s] -- Symlinking: /home/teng/ros2_ws/install/simple_interfaces/include/simple_interfaces/simple_interfaces/srv/detail/set_joystick_scalar__struct.hpp
[127.524s] -- Symlinking: /home/teng/ros2_ws/install/simple_interfaces/include/simple_interfaces/simple_interfaces/srv/detail/set_joystick_scalar__traits.hpp
[127.674s] -- Symlinking: /home/teng/ros2_ws/install/simple_interfaces/include/simple_interfaces/simple_interfaces/srv/detail/set_led__builder.hpp
[127.753s] -- Symlinking: /home/teng/ros2_ws/install/simple_interfaces/include/simple_interfaces/simple_interfaces/srv/detail/set_led__struct.hpp
[127.818s] -- Symlinking: /home/teng/ros2_ws/install/simple_interfaces/include/simple_interfaces/simple_interfaces/srv/detail/set_led__traits.hpp
[127.878s] -- Symlinking: /home/teng/ros2_ws/install/simple_interfaces/include/simple_interfaces/simple_interfaces/srv/ex_service.hpp
[127.924s] -- Symlinking: /home/teng/ros2_ws/install/simple_interfaces/include/simple_interfaces/simple_interfaces/srv/set_joystick_scalar.hpp
[127.974s] -- Symlinking: /home/teng/ros2_ws/install/simple_interfaces/include/simple_interfaces/simple_interfaces/srv/set_led.hpp
[128.158s] -- Symlinking: /home/teng/ros2_ws/install/simple_interfaces/include/simple_interfaces/simple_interfaces/msg/detail/button_state__rosidl_typesupport_fastrtps_cpp.hpp
[128.318s] -- Symlinking: /home/teng/ros2_ws/install/simple_interfaces/include/simple_interfaces/simple_interfaces/msg/detail/hardware_status__rosidl_typesupport_fastrtps_cpp.hpp
[128.427s] -- Symlinking: /home/teng/ros2_ws/install/simple_interfaces/include/simple_interfaces/simple_interfaces/msg/detail/joystick_scalar_value__rosidl_typesupport_fastrtps_cpp.hpp
[128.489s] -- Symlinking: /home/teng/ros2_ws/install/simple_interfaces/include/simple_interfaces/simple_interfaces/msg/detail/led_state_array__rosidl_typesupport_fastrtps_cpp.hpp
[128.568s] -- Symlinking: /home/teng/ros2_ws/install/simple_interfaces/include/simple_interfaces/simple_interfaces/msg/rosidl_typesupport_fastrtps_cpp__visibility_control.h
[128.724s] -- Symlinking: /home/teng/ros2_ws/install/simple_interfaces/include/simple_interfaces/simple_interfaces/srv/detail/ex_service__rosidl_typesupport_fastrtps_cpp.hpp
[128.852s] -- Symlinking: /home/teng/ros2_ws/install/simple_interfaces/include/simple_interfaces/simple_interfaces/srv/detail/set_joystick_scalar__rosidl_typesupport_fastrtps_cpp.hpp
[128.965s] -- Symlinking: /home/teng/ros2_ws/install/simple_interfaces/include/simple_interfaces/simple_interfaces/srv/detail/set_led__rosidl_typesupport_fastrtps_cpp.hpp
[129.059s] -- Symlinking: /home/teng/ros2_ws/install/simple_interfaces/include/simple_interfaces/simple_interfaces/msg/detail/button_state__rosidl_typesupport_introspection_cpp.hpp
[129.140s] -- Symlinking: /home/teng/ros2_ws/install/simple_interfaces/include/simple_interfaces/simple_interfaces/msg/detail/hardware_status__rosidl_typesupport_introspection_cpp.hpp
[129.274s] -- Symlinking: /home/teng/ros2_ws/install/simple_interfaces/include/simple_interfaces/simple_interfaces/msg/detail/joystick_scalar_value__rosidl_typesupport_introspection_cpp.hpp
[129.387s] -- Symlinking: /home/teng/ros2_ws/install/simple_interfaces/include/simple_interfaces/simple_interfaces/msg/detail/led_state_array__rosidl_typesupport_introspection_cpp.hpp
[129.523s] -- Symlinking: /home/teng/ros2_ws/install/simple_interfaces/include/simple_interfaces/simple_interfaces/srv/detail/ex_service__rosidl_typesupport_introspection_cpp.hpp
[129.653s] -- Symlinking: /home/teng/ros2_ws/install/simple_interfaces/include/simple_interfaces/simple_interfaces/srv/detail/set_joystick_scalar__rosidl_typesupport_introspection_cpp.hpp
[129.767s] -- Symlinking: /home/teng/ros2_ws/install/simple_interfaces/include/simple_interfaces/simple_interfaces/srv/detail/set_led__rosidl_typesupport_introspection_cpp.hpp
[129.894s] -- Symlinking: /home/teng/ros2_ws/install/simple_interfaces/share/simple_interfaces/environment/pythonpath.sh
[130.082s] -- Symlinking: /home/teng/ros2_ws/install/simple_interfaces/share/simple_interfaces/environment/pythonpath.dsv
[130.179s] -- Symlinking: /home/teng/ros2_ws/install/simple_interfaces/local/lib/python3.10/dist-packages/simple_interfaces-0.0.0-py3.10.egg-info/PKG-INFO
[130.262s] -- Symlinking: /home/teng/ros2_ws/install/simple_interfaces/local/lib/python3.10/dist-packages/simple_interfaces-0.0.0-py3.10.egg-info/SOURCES.txt
[130.348s] -- Symlinking: /home/teng/ros2_ws/install/simple_interfaces/local/lib/python3.10/dist-packages/simple_interfaces-0.0.0-py3.10.egg-info/dependency_links.txt
[130.470s] -- Symlinking: /home/teng/ros2_ws/install/simple_interfaces/local/lib/python3.10/dist-packages/simple_interfaces-0.0.0-py3.10.egg-info/top_level.txt
[130.640s] -- Symlinking: /home/teng/ros2_ws/install/simple_interfaces/local/lib/python3.10/dist-packages/simple_interfaces/__init__.py
[130.740s] -- Symlinking: /home/teng/ros2_ws/install/simple_interfaces/local/lib/python3.10/dist-packages/simple_interfaces/_simple_interfaces_s.ep.rosidl_typesupport_c.c
[130.807s] -- Symlinking: /home/teng/ros2_ws/install/simple_interfaces/local/lib/python3.10/dist-packages/simple_interfaces/_simple_interfaces_s.ep.rosidl_typesupport_fastrtps_c.c
[130.905s] -- Symlinking: /home/teng/ros2_ws/install/simple_interfaces/local/lib/python3.10/dist-packages/simple_interfaces/_simple_interfaces_s.ep.rosidl_typesupport_introspection_c.c
[131.044s] -- Symlinking: /home/teng/ros2_ws/install/simple_interfaces/local/lib/python3.10/dist-packages/simple_interfaces/libsimple_interfaces__rosidl_generator_py.so
[131.173s] -- Symlinking: /home/teng/ros2_ws/install/simple_interfaces/local/lib/python3.10/dist-packages/simple_interfaces/msg/__init__.py
[131.286s] -- Symlinking: /home/teng/ros2_ws/install/simple_interfaces/local/lib/python3.10/dist-packages/simple_interfaces/msg/_button_state.py
[131.409s] -- Symlinking: /home/teng/ros2_ws/install/simple_interfaces/local/lib/python3.10/dist-packages/simple_interfaces/msg/_button_state_s.c
[131.468s] -- Symlinking: /home/teng/ros2_ws/install/simple_interfaces/local/lib/python3.10/dist-packages/simple_interfaces/msg/_hardware_status.py
[131.610s] -- Symlinking: /home/teng/ros2_ws/install/simple_interfaces/local/lib/python3.10/dist-packages/simple_interfaces/msg/_hardware_status_s.c
[131.728s] -- Symlinking: /home/teng/ros2_ws/install/simple_interfaces/local/lib/python3.10/dist-packages/simple_interfaces/msg/_joystick_scalar_value.py
[131.811s] -- Symlinking: /home/teng/ros2_ws/install/simple_interfaces/local/lib/python3.10/dist-packages/simple_interfaces/msg/_joystick_scalar_value_s.c
[131.894s] -- Symlinking: /home/teng/ros2_ws/install/simple_interfaces/local/lib/python3.10/dist-packages/simple_interfaces/msg/_led_state_array.py
[132.030s] -- Symlinking: /home/teng/ros2_ws/install/simple_interfaces/local/lib/python3.10/dist-packages/simple_interfaces/msg/_led_state_array_s.c
[132.137s] -- Symlinking: /home/teng/ros2_ws/install/simple_interfaces/local/lib/python3.10/dist-packages/simple_interfaces/simple_interfaces_s__rosidl_typesupport_c.cpython-310-aarch64-linux-gnu.so
[132.264s] -- Symlinking: /home/teng/ros2_ws/install/simple_interfaces/local/lib/python3.10/dist-packages/simple_interfaces/simple_interfaces_s__rosidl_typesupport_fastrtps_c.cpython-310-aarch64-linux-gnu.so
[132.371s] -- Symlinking: /home/teng/ros2_ws/install/simple_interfaces/local/lib/python3.10/dist-packages/simple_interfaces/simple_interfaces_s__rosidl_typesupport_introspection_c.cpython-310-aarch64-linux-gnu.so
[132.459s] -- Symlinking: /home/teng/ros2_ws/install/simple_interfaces/local/lib/python3.10/dist-packages/simple_interfaces/srv/__init__.py
[132.563s] -- Symlinking: /home/teng/ros2_ws/install/simple_interfaces/local/lib/python3.10/dist-packages/simple_interfaces/srv/_ex_service.py
[132.679s] -- Symlinking: /home/teng/ros2_ws/install/simple_interfaces/local/lib/python3.10/dist-packages/simple_interfaces/srv/_ex_service_s.c
[132.769s] -- Symlinking: /home/teng/ros2_ws/install/simple_interfaces/local/lib/python3.10/dist-packages/simple_interfaces/srv/_set_joystick_scalar.py
[132.865s] -- Symlinking: /home/teng/ros2_ws/install/simple_interfaces/local/lib/python3.10/dist-packages/simple_interfaces/srv/_set_joystick_scalar_s.c
[132.964s] -- Symlinking: /home/teng/ros2_ws/install/simple_interfaces/local/lib/python3.10/dist-packages/simple_interfaces/srv/_set_led.py
[133.033s] -- Symlinking: /home/teng/ros2_ws/install/simple_interfaces/local/lib/python3.10/dist-packages/simple_interfaces/srv/_set_led_s.c
[133.122s] -- Up-to-date symlink: /home/teng/ros2_ws/install/simple_interfaces/local/lib/python3.10/dist-packages/simple_interfaces/simple_interfaces_s__rosidl_typesupport_fastrtps_c.cpython-310-aarch64-linux-gnu.so
[133.127s] -- Up-to-date symlink: /home/teng/ros2_ws/install/simple_interfaces/local/lib/python3.10/dist-packages/simple_interfaces/simple_interfaces_s__rosidl_typesupport_introspection_c.cpython-310-aarch64-linux-gnu.so
[133.131s] -- Up-to-date symlink: /home/teng/ros2_ws/install/simple_interfaces/local/lib/python3.10/dist-packages/simple_interfaces/simple_interfaces_s__rosidl_typesupport_c.cpython-310-aarch64-linux-gnu.so
[133.137s] -- Symlinking: /home/teng/ros2_ws/install/simple_interfaces/share/simple_interfaces/msg/HardwareStatus.idl
[133.302s] -- Symlinking: /home/teng/ros2_ws/install/simple_interfaces/share/simple_interfaces/msg/LedStateArray.idl
[133.399s] -- Symlinking: /home/teng/ros2_ws/install/simple_interfaces/share/simple_interfaces/msg/ButtonState.idl
[133.475s] -- Symlinking: /home/teng/ros2_ws/install/simple_interfaces/share/simple_interfaces/msg/JoystickScalarValue.idl
[133.632s] -- Symlinking: /home/teng/ros2_ws/install/simple_interfaces/share/simple_interfaces/srv/ExService.idl
[133.709s] -- Symlinking: /home/teng/ros2_ws/install/simple_interfaces/share/simple_interfaces/srv/SetLed.idl
[133.945s] -- Symlinking: /home/teng/ros2_ws/install/simple_interfaces/share/simple_interfaces/srv/SetJoystickScalar.idl
[134.039s] -- Symlinking: /home/teng/ros2_ws/install/simple_interfaces/share/simple_interfaces/msg/HardwareStatus.msg
[134.181s] -- Symlinking: /home/teng/ros2_ws/install/simple_interfaces/share/simple_interfaces/msg/LedStateArray.msg
[134.312s] -- Symlinking: /home/teng/ros2_ws/install/simple_interfaces/share/simple_interfaces/msg/ButtonState.msg
[134.448s] -- Symlinking: /home/teng/ros2_ws/install/simple_interfaces/share/simple_interfaces/msg/JoystickScalarValue.msg
[134.581s] -- Symlinking: /home/teng/ros2_ws/install/simple_interfaces/share/simple_interfaces/srv/ExService.srv
[134.638s] -- Symlinking: /home/teng/ros2_ws/install/simple_interfaces/share/simple_interfaces/srv/ExService_Request.msg
[134.823s] -- Symlinking: /home/teng/ros2_ws/install/simple_interfaces/share/simple_interfaces/srv/ExService_Response.msg
[134.991s] -- Symlinking: /home/teng/ros2_ws/install/simple_interfaces/share/simple_interfaces/srv/SetLed.srv
[135.156s] -- Symlinking: /home/teng/ros2_ws/install/simple_interfaces/share/simple_interfaces/srv/SetLed_Request.msg
[135.325s] -- Symlinking: /home/teng/ros2_ws/install/simple_interfaces/share/simple_interfaces/srv/SetLed_Response.msg
[135.485s] -- Symlinking: /home/teng/ros2_ws/install/simple_interfaces/share/simple_interfaces/srv/SetJoystickScalar.srv
[135.558s] -- Symlinking: /home/teng/ros2_ws/install/simple_interfaces/share/simple_interfaces/srv/SetJoystickScalar_Request.msg
[135.633s] -- Symlinking: /home/teng/ros2_ws/install/simple_interfaces/share/simple_interfaces/srv/SetJoystickScalar_Response.msg
[135.715s] -- Symlinking: /home/teng/ros2_ws/install/simple_interfaces/share/ament_index/resource_index/package_run_dependencies/simple_interfaces
[135.848s] -- Symlinking: /home/teng/ros2_ws/install/simple_interfaces/share/ament_index/resource_index/parent_prefix_path/simple_interfaces
[136.019s] -- Symlinking: /home/teng/ros2_ws/install/simple_interfaces/share/simple_interfaces/environment/ament_prefix_path.sh
[136.173s] -- Symlinking: /home/teng/ros2_ws/install/simple_interfaces/share/simple_interfaces/environment/ament_prefix_path.dsv
[136.342s] -- Symlinking: /home/teng/ros2_ws/install/simple_interfaces/share/simple_interfaces/environment/path.sh
[136.429s] -- Symlinking: /home/teng/ros2_ws/install/simple_interfaces/share/simple_interfaces/environment/path.dsv
[136.504s] -- Symlinking: /home/teng/ros2_ws/install/simple_interfaces/share/simple_interfaces/local_setup.bash
[136.658s] -- Symlinking: /home/teng/ros2_ws/install/simple_interfaces/share/simple_interfaces/local_setup.sh
[136.726s] -- Symlinking: /home/teng/ros2_ws/install/simple_interfaces/share/simple_interfaces/local_setup.zsh
[136.873s] -- Symlinking: /home/teng/ros2_ws/install/simple_interfaces/share/simple_interfaces/local_setup.dsv
[136.944s] -- Symlinking: /home/teng/ros2_ws/install/simple_interfaces/share/simple_interfaces/package.dsv
[137.086s] -- Symlinking: /home/teng/ros2_ws/install/simple_interfaces/share/ament_index/resource_index/packages/simple_interfaces
[137.238s] -- Symlinking: /home/teng/ros2_ws/install/simple_interfaces/share/simple_interfaces/cmake/rosidl_cmake-extras.cmake
[137.353s] -- Symlinking: /home/teng/ros2_ws/install/simple_interfaces/share/simple_interfaces/cmake/ament_cmake_export_include_directories-extras.cmake
[137.491s] -- Symlinking: /home/teng/ros2_ws/install/simple_interfaces/share/simple_interfaces/cmake/ament_cmake_export_libraries-extras.cmake
[137.610s] -- Symlinking: /home/teng/ros2_ws/install/simple_interfaces/share/simple_interfaces/cmake/ament_cmake_export_targets-extras.cmake
[137.767s] -- Symlinking: /home/teng/ros2_ws/install/simple_interfaces/share/simple_interfaces/cmake/rosidl_cmake_export_typesupport_targets-extras.cmake
[137.968s] -- Symlinking: /home/teng/ros2_ws/install/simple_interfaces/share/simple_interfaces/cmake/ament_cmake_export_dependencies-extras.cmake
[138.083s] -- Symlinking: /home/teng/ros2_ws/install/simple_interfaces/share/simple_interfaces/cmake/rosidl_cmake_export_typesupport_libraries-extras.cmake
[138.198s] -- Symlinking: /home/teng/ros2_ws/install/simple_interfaces/share/simple_interfaces/cmake/simple_interfacesConfig.cmake
[138.260s] -- Symlinking: /home/teng/ros2_ws/install/simple_interfaces/share/simple_interfaces/cmake/simple_interfacesConfig-version.cmake
[138.366s] -- Symlinking: /home/teng/ros2_ws/install/simple_interfaces/share/simple_interfaces/package.xml
[138.489s] -- Installing: /home/teng/ros2_ws/install/simple_interfaces/lib/libsimple_interfaces__rosidl_generator_c.so
[138.498s] -- Set runtime path of "/home/teng/ros2_ws/install/simple_interfaces/lib/libsimple_interfaces__rosidl_generator_c.so" to ""
[138.499s] -- Installing: /home/teng/ros2_ws/install/simple_interfaces/lib/libsimple_interfaces__rosidl_typesupport_fastrtps_c.so
[138.510s] -- Set runtime path of "/home/teng/ros2_ws/install/simple_interfaces/lib/libsimple_interfaces__rosidl_typesupport_fastrtps_c.so" to ""
[138.518s] -- Installing: /home/teng/ros2_ws/install/simple_interfaces/lib/libsimple_interfaces__rosidl_typesupport_introspection_c.so
[138.526s] -- Set runtime path of "/home/teng/ros2_ws/install/simple_interfaces/lib/libsimple_interfaces__rosidl_typesupport_introspection_c.so" to ""
[138.527s] -- Installing: /home/teng/ros2_ws/install/simple_interfaces/lib/libsimple_interfaces__rosidl_typesupport_c.so
[138.535s] -- Set runtime path of "/home/teng/ros2_ws/install/simple_interfaces/lib/libsimple_interfaces__rosidl_typesupport_c.so" to ""
[138.536s] -- Installing: /home/teng/ros2_ws/install/simple_interfaces/lib/libsimple_interfaces__rosidl_typesupport_fastrtps_cpp.so
[138.558s] -- Set runtime path of "/home/teng/ros2_ws/install/simple_interfaces/lib/libsimple_interfaces__rosidl_typesupport_fastrtps_cpp.so" to ""
[138.559s] -- Installing: /home/teng/ros2_ws/install/simple_interfaces/lib/libsimple_interfaces__rosidl_typesupport_introspection_cpp.so
[138.566s] -- Set runtime path of "/home/teng/ros2_ws/install/simple_interfaces/lib/libsimple_interfaces__rosidl_typesupport_introspection_cpp.so" to ""
[138.574s] -- Installing: /home/teng/ros2_ws/install/simple_interfaces/lib/libsimple_interfaces__rosidl_typesupport_cpp.so
[138.587s] -- Set runtime path of "/home/teng/ros2_ws/install/simple_interfaces/lib/libsimple_interfaces__rosidl_typesupport_cpp.so" to ""
[139.534s] Listing '/home/teng/ros2_ws/install/simple_interfaces/local/lib/python3.10/dist-packages/simple_interfaces'...
[139.535s] Compiling '/home/teng/ros2_ws/install/simple_interfaces/local/lib/python3.10/dist-packages/simple_interfaces/__init__.py'...
[139.536s] Listing '/home/teng/ros2_ws/install/simple_interfaces/local/lib/python3.10/dist-packages/simple_interfaces/msg'...
[139.537s] Compiling '/home/teng/ros2_ws/install/simple_interfaces/local/lib/python3.10/dist-packages/simple_interfaces/msg/__init__.py'...
[139.537s] Compiling '/home/teng/ros2_ws/install/simple_interfaces/local/lib/python3.10/dist-packages/simple_interfaces/msg/_button_state.py'...
[139.542s] Compiling '/home/teng/ros2_ws/install/simple_interfaces/local/lib/python3.10/dist-packages/simple_interfaces/msg/_hardware_status.py'...
[139.543s] Compiling '/home/teng/ros2_ws/install/simple_interfaces/local/lib/python3.10/dist-packages/simple_interfaces/msg/_joystick_scalar_value.py'...
[139.544s] Compiling '/home/teng/ros2_ws/install/simple_interfaces/local/lib/python3.10/dist-packages/simple_interfaces/msg/_led_state_array.py'...
[139.545s] Listing '/home/teng/ros2_ws/install/simple_interfaces/local/lib/python3.10/dist-packages/simple_interfaces/srv'...
[139.559s] Compiling '/home/teng/ros2_ws/install/simple_interfaces/local/lib/python3.10/dist-packages/simple_interfaces/srv/__init__.py'...
[139.567s] Compiling '/home/teng/ros2_ws/install/simple_interfaces/local/lib/python3.10/dist-packages/simple_interfaces/srv/_ex_service.py'...
[139.569s] Compiling '/home/teng/ros2_ws/install/simple_interfaces/local/lib/python3.10/dist-packages/simple_interfaces/srv/_set_joystick_scalar.py'...
[139.574s] Compiling '/home/teng/ros2_ws/install/simple_interfaces/local/lib/python3.10/dist-packages/simple_interfaces/srv/_set_led.py'...
[139.664s] -- Installing: /home/teng/ros2_ws/install/simple_interfaces/lib/libsimple_interfaces__rosidl_generator_py.so
[139.673s] -- Set runtime path of "/home/teng/ros2_ws/install/simple_interfaces/lib/libsimple_interfaces__rosidl_generator_py.so" to ""
[139.676s] -- Installing: /home/teng/ros2_ws/install/simple_interfaces/share/simple_interfaces/cmake/export_simple_interfaces__rosidl_generator_cExport.cmake
[139.681s] -- Installing: /home/teng/ros2_ws/install/simple_interfaces/share/simple_interfaces/cmake/export_simple_interfaces__rosidl_generator_cExport-noconfig.cmake
[139.688s] -- Installing: /home/teng/ros2_ws/install/simple_interfaces/share/simple_interfaces/cmake/export_simple_interfaces__rosidl_typesupport_fastrtps_cExport.cmake
[139.703s] -- Installing: /home/teng/ros2_ws/install/simple_interfaces/share/simple_interfaces/cmake/export_simple_interfaces__rosidl_typesupport_fastrtps_cExport-noconfig.cmake
[139.713s] -- Installing: /home/teng/ros2_ws/install/simple_interfaces/share/simple_interfaces/cmake/simple_interfaces__rosidl_typesupport_introspection_cExport.cmake
[139.732s] -- Installing: /home/teng/ros2_ws/install/simple_interfaces/share/simple_interfaces/cmake/simple_interfaces__rosidl_typesupport_introspection_cExport-noconfig.cmake
[139.740s] -- Installing: /home/teng/ros2_ws/install/simple_interfaces/share/simple_interfaces/cmake/simple_interfaces__rosidl_typesupport_cExport.cmake
[139.756s] -- Installing: /home/teng/ros2_ws/install/simple_interfaces/share/simple_interfaces/cmake/simple_interfaces__rosidl_typesupport_cExport-noconfig.cmake
[139.771s] -- Installing: /home/teng/ros2_ws/install/simple_interfaces/share/simple_interfaces/cmake/export_simple_interfaces__rosidl_generator_cppExport.cmake
[139.793s] -- Installing: /home/teng/ros2_ws/install/simple_interfaces/share/simple_interfaces/cmake/export_simple_interfaces__rosidl_typesupport_fastrtps_cppExport.cmake
[139.801s] -- Installing: /home/teng/ros2_ws/install/simple_interfaces/share/simple_interfaces/cmake/export_simple_interfaces__rosidl_typesupport_fastrtps_cppExport-noconfig.cmake
[139.811s] -- Installing: /home/teng/ros2_ws/install/simple_interfaces/share/simple_interfaces/cmake/simple_interfaces__rosidl_typesupport_introspection_cppExport.cmake
[139.827s] -- Installing: /home/teng/ros2_ws/install/simple_interfaces/share/simple_interfaces/cmake/simple_interfaces__rosidl_typesupport_introspection_cppExport-noconfig.cmake
[139.836s] -- Installing: /home/teng/ros2_ws/install/simple_interfaces/share/simple_interfaces/cmake/simple_interfaces__rosidl_typesupport_cppExport.cmake
[139.840s] -- Installing: /home/teng/ros2_ws/install/simple_interfaces/share/simple_interfaces/cmake/simple_interfaces__rosidl_typesupport_cppExport-noconfig.cmake
[139.856s] -- Installing: /home/teng/ros2_ws/install/simple_interfaces/share/simple_interfaces/cmake/export_simple_interfaces__rosidl_generator_pyExport.cmake
[139.865s] -- Installing: /home/teng/ros2_ws/install/simple_interfaces/share/simple_interfaces/cmake/export_simple_interfaces__rosidl_generator_pyExport-noconfig.cmake
[139.891s] Invoked command in '/home/teng/ros2_ws/build/simple_interfaces' returned '0': CMAKE_PREFIX_PATH=${CMAKE_PREFIX_PATH}:/home/teng/ros2_ws/install/sensor_msgs_py:/home/teng/ros2_ws/install/experiment1:/opt/ros/humble /usr/bin/cmake --install /home/teng/ros2_ws/build/simple_interfaces
