running develop
running egg_info
creating experiment1.egg-info
writing experiment1.egg-info/PKG-INFO
writing dependency_links to experiment1.egg-info/dependency_links.txt
writing entry points to experiment1.egg-info/entry_points.txt
writing requirements to experiment1.egg-info/requires.txt
writing top-level names to experiment1.egg-info/top_level.txt
writing manifest file 'experiment1.egg-info/SOURCES.txt'
reading manifest file 'experiment1.egg-info/SOURCES.txt'
writing manifest file 'experiment1.egg-info/SOURCES.txt'
running build_ext
Creating /home/teng/ros2_ws/install/experiment1/lib/python3.10/site-packages/experiment1.egg-link (link to .)
Installing battery script to /home/teng/ros2_ws/install/experiment1/lib/experiment1
Installing button_listener script to /home/teng/ros2_ws/install/experiment1/lib/experiment1
Installing hw_status_publisher script to /home/teng/ros2_ws/install/experiment1/lib/experiment1
Installing joystick_listener script to /home/teng/ros2_ws/install/experiment1/lib/experiment1
Installing joystick_listener2 script to /home/teng/ros2_ws/install/experiment1/lib/experiment1
Installing joystick_panel script to /home/teng/ros2_ws/install/experiment1/lib/experiment1
Installing joystick_publisher script to /home/teng/ros2_ws/install/experiment1/lib/experiment1
Installing led_control_node script to /home/teng/ros2_ws/install/experiment1/lib/experiment1
Installing led_panel script to /home/teng/ros2_ws/install/experiment1/lib/experiment1
Installing run_node script to /home/teng/ros2_ws/install/experiment1/lib/experiment1

Installed /home/teng/ros2_ws/build/experiment1
running install_data
creating /home/teng/ros2_ws/install/experiment1/share/ament_index
creating /home/teng/ros2_ws/install/experiment1/share/ament_index/resource_index
creating /home/teng/ros2_ws/install/experiment1/share/ament_index/resource_index/packages
copying resource/experiment1 -> /home/teng/ros2_ws/install/experiment1/share/ament_index/resource_index/packages
copying package.xml -> /home/teng/ros2_ws/install/experiment1/share/experiment1
