[4.103s] DEBUG:colcon:Command line arguments: ['/usr/bin/colcon', 'build', '--symlink-install']
[4.104s] DEBUG:colcon:Parsed command line arguments: Namespace(log_base=None, log_level=None, verb_name='build', build_base='build', install_base='install', merge_install=False, symlink_install=True, test_result_base=None, continue_on_error=False, executor='parallel', parallel_workers=4, event_handlers=None, ignore_user_meta=False, metas=['./colcon.meta'], base_paths=['.'], packages_ignore=None, packages_ignore_regex=None, paths=None, packages_up_to=None, packages_up_to_regex=None, packages_above=None, packages_above_and_dependencies=None, packages_above_depth=None, packages_select_by_dep=None, packages_skip_by_dep=None, packages_skip_up_to=None, packages_select_build_failed=False, packages_skip_build_finished=False, packages_select_test_failures=False, packages_skip_test_passed=False, packages_select=None, packages_skip=None, packages_select_regex=None, packages_skip_regex=None, packages_start=None, packages_end=None, allow_overriding=[], cmake_args=None, cmake_target=None, cmake_target_skip_unavailable=False, cmake_clean_cache=False, cmake_clean_first=False, cmake_force_configure=False, ament_cmake_args=None, catkin_cmake_args=None, catkin_skip_building_tests=False, verb_parser=<colcon_defaults.argument_parser.defaults.DefaultArgumentsDecorator object at 0xffff9045e680>, verb_extension=<colcon_core.verb.build.BuildVerb object at 0xffff90725ea0>, main=<bound method BuildVerb.main of <colcon_core.verb.build.BuildVerb object at 0xffff90725ea0>>)
[4.298s] Level 1:colcon.colcon_core.package_discovery:discover_packages(colcon_meta) check parameters
[4.298s] Level 1:colcon.colcon_core.package_discovery:discover_packages(recursive) check parameters
[4.299s] Level 1:colcon.colcon_core.package_discovery:discover_packages(ignore) check parameters
[4.299s] Level 1:colcon.colcon_core.package_discovery:discover_packages(path) check parameters
[4.299s] Level 1:colcon.colcon_core.package_discovery:discover_packages(colcon_meta) discover
[4.299s] Level 1:colcon.colcon_core.package_discovery:discover_packages(recursive) discover
[4.299s] INFO:colcon.colcon_core.package_discovery:Crawling recursively for packages in '/home/teng/foocer-dev/ros2_ws'
[4.300s] Level 1:colcon.colcon_core.package_identification:_identify(.) by extensions ['ignore', 'ignore_ament_install']
[4.300s] Level 1:colcon.colcon_core.package_identification:_identify(.) by extension 'ignore'
[4.300s] Level 1:colcon.colcon_core.package_identification:_identify(.) by extension 'ignore_ament_install'
[4.301s] Level 1:colcon.colcon_core.package_identification:_identify(.) by extensions ['colcon_pkg']
[4.301s] Level 1:colcon.colcon_core.package_identification:_identify(.) by extension 'colcon_pkg'
[4.301s] Level 1:colcon.colcon_core.package_identification:_identify(.) by extensions ['colcon_meta']
[4.301s] Level 1:colcon.colcon_core.package_identification:_identify(.) by extension 'colcon_meta'
[4.301s] Level 1:colcon.colcon_core.package_identification:_identify(.) by extensions ['ros']
[4.301s] Level 1:colcon.colcon_core.package_identification:_identify(.) by extension 'ros'
[4.348s] Level 1:colcon.colcon_core.package_identification:_identify(.) by extensions ['cmake', 'python']
[4.349s] Level 1:colcon.colcon_core.package_identification:_identify(.) by extension 'cmake'
[4.349s] Level 1:colcon.colcon_core.package_identification:_identify(.) by extension 'python'
[4.349s] Level 1:colcon.colcon_core.package_identification:_identify(.) by extensions ['python_setup_py']
[4.349s] Level 1:colcon.colcon_core.package_identification:_identify(.) by extension 'python_setup_py'
[4.350s] Level 1:colcon.colcon_core.package_identification:_identify(build) by extensions ['ignore', 'ignore_ament_install']
[4.350s] Level 1:colcon.colcon_core.package_identification:_identify(build) by extension 'ignore'
[4.350s] Level 1:colcon.colcon_core.package_identification:_identify(build) ignored
[4.351s] Level 1:colcon.colcon_core.package_identification:_identify(install) by extensions ['ignore', 'ignore_ament_install']
[4.352s] Level 1:colcon.colcon_core.package_identification:_identify(install) by extension 'ignore'
[4.352s] Level 1:colcon.colcon_core.package_identification:_identify(install) ignored
[4.352s] Level 1:colcon.colcon_core.package_identification:_identify(log) by extensions ['ignore', 'ignore_ament_install']
[4.353s] Level 1:colcon.colcon_core.package_identification:_identify(log) by extension 'ignore'
[4.353s] Level 1:colcon.colcon_core.package_identification:_identify(log) ignored
[4.353s] Level 1:colcon.colcon_core.package_identification:_identify(src) by extensions ['ignore', 'ignore_ament_install']
[4.353s] Level 1:colcon.colcon_core.package_identification:_identify(src) by extension 'ignore'
[4.354s] Level 1:colcon.colcon_core.package_identification:_identify(src) by extension 'ignore_ament_install'
[4.354s] Level 1:colcon.colcon_core.package_identification:_identify(src) by extensions ['colcon_pkg']
[4.354s] Level 1:colcon.colcon_core.package_identification:_identify(src) by extension 'colcon_pkg'
[4.354s] Level 1:colcon.colcon_core.package_identification:_identify(src) by extensions ['colcon_meta']
[4.354s] Level 1:colcon.colcon_core.package_identification:_identify(src) by extension 'colcon_meta'
[4.354s] Level 1:colcon.colcon_core.package_identification:_identify(src) by extensions ['ros']
[4.354s] Level 1:colcon.colcon_core.package_identification:_identify(src) by extension 'ros'
[4.355s] Level 1:colcon.colcon_core.package_identification:_identify(src) by extensions ['cmake', 'python']
[4.355s] Level 1:colcon.colcon_core.package_identification:_identify(src) by extension 'cmake'
[4.355s] Level 1:colcon.colcon_core.package_identification:_identify(src) by extension 'python'
[4.355s] Level 1:colcon.colcon_core.package_identification:_identify(src) by extensions ['python_setup_py']
[4.355s] Level 1:colcon.colcon_core.package_identification:_identify(src) by extension 'python_setup_py'
[4.356s] Level 1:colcon.colcon_core.package_identification:_identify(src/exp_1_bringup) by extensions ['ignore', 'ignore_ament_install']
[4.356s] Level 1:colcon.colcon_core.package_identification:_identify(src/exp_1_bringup) by extension 'ignore'
[4.356s] Level 1:colcon.colcon_core.package_identification:_identify(src/exp_1_bringup) by extension 'ignore_ament_install'
[4.357s] Level 1:colcon.colcon_core.package_identification:_identify(src/exp_1_bringup) by extensions ['colcon_pkg']
[4.357s] Level 1:colcon.colcon_core.package_identification:_identify(src/exp_1_bringup) by extension 'colcon_pkg'
[4.357s] Level 1:colcon.colcon_core.package_identification:_identify(src/exp_1_bringup) by extensions ['colcon_meta']
[4.357s] Level 1:colcon.colcon_core.package_identification:_identify(src/exp_1_bringup) by extension 'colcon_meta'
[4.357s] Level 1:colcon.colcon_core.package_identification:_identify(src/exp_1_bringup) by extensions ['ros']
[4.357s] Level 1:colcon.colcon_core.package_identification:_identify(src/exp_1_bringup) by extension 'ros'
[4.366s] DEBUG:colcon.colcon_core.package_identification:Package 'src/exp_1_bringup' with type 'ros.ament_cmake' and name 'exp_1_bringup'
[4.367s] Level 1:colcon.colcon_core.package_identification:_identify(src/experiment1) by extensions ['ignore', 'ignore_ament_install']
[4.367s] Level 1:colcon.colcon_core.package_identification:_identify(src/experiment1) by extension 'ignore'
[4.367s] Level 1:colcon.colcon_core.package_identification:_identify(src/experiment1) by extension 'ignore_ament_install'
[4.367s] Level 1:colcon.colcon_core.package_identification:_identify(src/experiment1) by extensions ['colcon_pkg']
[4.368s] Level 1:colcon.colcon_core.package_identification:_identify(src/experiment1) by extension 'colcon_pkg'
[4.368s] Level 1:colcon.colcon_core.package_identification:_identify(src/experiment1) by extensions ['colcon_meta']
[4.368s] Level 1:colcon.colcon_core.package_identification:_identify(src/experiment1) by extension 'colcon_meta'
[4.368s] Level 1:colcon.colcon_core.package_identification:_identify(src/experiment1) by extensions ['ros']
[4.368s] Level 1:colcon.colcon_core.package_identification:_identify(src/experiment1) by extension 'ros'
[4.371s] DEBUG:colcon.colcon_core.package_identification:Package 'src/experiment1' with type 'ros.ament_python' and name 'experiment1'
[4.371s] Level 1:colcon.colcon_core.package_identification:_identify(src/ros2_common_interfaces) by extensions ['ignore', 'ignore_ament_install']
[4.372s] Level 1:colcon.colcon_core.package_identification:_identify(src/ros2_common_interfaces) by extension 'ignore'
[4.372s] Level 1:colcon.colcon_core.package_identification:_identify(src/ros2_common_interfaces) by extension 'ignore_ament_install'
[4.372s] Level 1:colcon.colcon_core.package_identification:_identify(src/ros2_common_interfaces) by extensions ['colcon_pkg']
[4.372s] Level 1:colcon.colcon_core.package_identification:_identify(src/ros2_common_interfaces) by extension 'colcon_pkg'
[4.373s] Level 1:colcon.colcon_core.package_identification:_identify(src/ros2_common_interfaces) by extensions ['colcon_meta']
[4.373s] Level 1:colcon.colcon_core.package_identification:_identify(src/ros2_common_interfaces) by extension 'colcon_meta'
[4.373s] Level 1:colcon.colcon_core.package_identification:_identify(src/ros2_common_interfaces) by extensions ['ros']
[4.373s] Level 1:colcon.colcon_core.package_identification:_identify(src/ros2_common_interfaces) by extension 'ros'
[4.373s] Level 1:colcon.colcon_core.package_identification:_identify(src/ros2_common_interfaces) by extensions ['cmake', 'python']
[4.373s] Level 1:colcon.colcon_core.package_identification:_identify(src/ros2_common_interfaces) by extension 'cmake'
[4.374s] Level 1:colcon.colcon_core.package_identification:_identify(src/ros2_common_interfaces) by extension 'python'
[4.374s] Level 1:colcon.colcon_core.package_identification:_identify(src/ros2_common_interfaces) by extensions ['python_setup_py']
[4.374s] Level 1:colcon.colcon_core.package_identification:_identify(src/ros2_common_interfaces) by extension 'python_setup_py'
[4.374s] Level 1:colcon.colcon_core.package_identification:_identify(src/ros2_common_interfaces/actionlib_msgs) by extensions ['ignore', 'ignore_ament_install']
[4.375s] Level 1:colcon.colcon_core.package_identification:_identify(src/ros2_common_interfaces/actionlib_msgs) by extension 'ignore'
[4.375s] Level 1:colcon.colcon_core.package_identification:_identify(src/ros2_common_interfaces/actionlib_msgs) by extension 'ignore_ament_install'
[4.375s] Level 1:colcon.colcon_core.package_identification:_identify(src/ros2_common_interfaces/actionlib_msgs) by extensions ['colcon_pkg']
[4.375s] Level 1:colcon.colcon_core.package_identification:_identify(src/ros2_common_interfaces/actionlib_msgs) by extension 'colcon_pkg'
[4.375s] Level 1:colcon.colcon_core.package_identification:_identify(src/ros2_common_interfaces/actionlib_msgs) by extensions ['colcon_meta']
[4.376s] Level 1:colcon.colcon_core.package_identification:_identify(src/ros2_common_interfaces/actionlib_msgs) by extension 'colcon_meta'
[4.376s] Level 1:colcon.colcon_core.package_identification:_identify(src/ros2_common_interfaces/actionlib_msgs) by extensions ['ros']
[4.376s] Level 1:colcon.colcon_core.package_identification:_identify(src/ros2_common_interfaces/actionlib_msgs) by extension 'ros'
[4.379s] DEBUG:colcon.colcon_core.package_identification:Package 'src/ros2_common_interfaces/actionlib_msgs' with type 'ros.ament_cmake' and name 'actionlib_msgs'
[4.379s] Level 1:colcon.colcon_core.package_identification:_identify(src/ros2_common_interfaces/common_interfaces) by extensions ['ignore', 'ignore_ament_install']
[4.380s] Level 1:colcon.colcon_core.package_identification:_identify(src/ros2_common_interfaces/common_interfaces) by extension 'ignore'
[4.380s] Level 1:colcon.colcon_core.package_identification:_identify(src/ros2_common_interfaces/common_interfaces) by extension 'ignore_ament_install'
[4.380s] Level 1:colcon.colcon_core.package_identification:_identify(src/ros2_common_interfaces/common_interfaces) by extensions ['colcon_pkg']
[4.380s] Level 1:colcon.colcon_core.package_identification:_identify(src/ros2_common_interfaces/common_interfaces) by extension 'colcon_pkg'
[4.380s] Level 1:colcon.colcon_core.package_identification:_identify(src/ros2_common_interfaces/common_interfaces) by extensions ['colcon_meta']
[4.381s] Level 1:colcon.colcon_core.package_identification:_identify(src/ros2_common_interfaces/common_interfaces) by extension 'colcon_meta'
[4.381s] Level 1:colcon.colcon_core.package_identification:_identify(src/ros2_common_interfaces/common_interfaces) by extensions ['ros']
[4.381s] Level 1:colcon.colcon_core.package_identification:_identify(src/ros2_common_interfaces/common_interfaces) by extension 'ros'
[4.384s] DEBUG:colcon.colcon_core.package_identification:Package 'src/ros2_common_interfaces/common_interfaces' with type 'ros.ament_cmake' and name 'common_interfaces'
[4.384s] Level 1:colcon.colcon_core.package_identification:_identify(src/ros2_common_interfaces/diagnostic_msgs) by extensions ['ignore', 'ignore_ament_install']
[4.385s] Level 1:colcon.colcon_core.package_identification:_identify(src/ros2_common_interfaces/diagnostic_msgs) by extension 'ignore'
[4.385s] Level 1:colcon.colcon_core.package_identification:_identify(src/ros2_common_interfaces/diagnostic_msgs) by extension 'ignore_ament_install'
[4.385s] Level 1:colcon.colcon_core.package_identification:_identify(src/ros2_common_interfaces/diagnostic_msgs) by extensions ['colcon_pkg']
[4.385s] Level 1:colcon.colcon_core.package_identification:_identify(src/ros2_common_interfaces/diagnostic_msgs) by extension 'colcon_pkg'
[4.386s] Level 1:colcon.colcon_core.package_identification:_identify(src/ros2_common_interfaces/diagnostic_msgs) by extensions ['colcon_meta']
[4.386s] Level 1:colcon.colcon_core.package_identification:_identify(src/ros2_common_interfaces/diagnostic_msgs) by extension 'colcon_meta'
[4.386s] Level 1:colcon.colcon_core.package_identification:_identify(src/ros2_common_interfaces/diagnostic_msgs) by extensions ['ros']
[4.386s] Level 1:colcon.colcon_core.package_identification:_identify(src/ros2_common_interfaces/diagnostic_msgs) by extension 'ros'
[4.389s] DEBUG:colcon.colcon_core.package_identification:Package 'src/ros2_common_interfaces/diagnostic_msgs' with type 'ros.ament_cmake' and name 'diagnostic_msgs'
[4.390s] Level 1:colcon.colcon_core.package_identification:_identify(src/ros2_common_interfaces/docs) by extensions ['ignore', 'ignore_ament_install']
[4.390s] Level 1:colcon.colcon_core.package_identification:_identify(src/ros2_common_interfaces/docs) by extension 'ignore'
[4.391s] Level 1:colcon.colcon_core.package_identification:_identify(src/ros2_common_interfaces/docs) by extension 'ignore_ament_install'
[4.391s] Level 1:colcon.colcon_core.package_identification:_identify(src/ros2_common_interfaces/docs) by extensions ['colcon_pkg']
[4.391s] Level 1:colcon.colcon_core.package_identification:_identify(src/ros2_common_interfaces/docs) by extension 'colcon_pkg'
[4.391s] Level 1:colcon.colcon_core.package_identification:_identify(src/ros2_common_interfaces/docs) by extensions ['colcon_meta']
[4.391s] Level 1:colcon.colcon_core.package_identification:_identify(src/ros2_common_interfaces/docs) by extension 'colcon_meta'
[4.392s] Level 1:colcon.colcon_core.package_identification:_identify(src/ros2_common_interfaces/docs) by extensions ['ros']
[4.392s] Level 1:colcon.colcon_core.package_identification:_identify(src/ros2_common_interfaces/docs) by extension 'ros'
[4.392s] Level 1:colcon.colcon_core.package_identification:_identify(src/ros2_common_interfaces/docs) by extensions ['cmake', 'python']
[4.392s] Level 1:colcon.colcon_core.package_identification:_identify(src/ros2_common_interfaces/docs) by extension 'cmake'
[4.392s] Level 1:colcon.colcon_core.package_identification:_identify(src/ros2_common_interfaces/docs) by extension 'python'
[4.392s] Level 1:colcon.colcon_core.package_identification:_identify(src/ros2_common_interfaces/docs) by extensions ['python_setup_py']
[4.392s] Level 1:colcon.colcon_core.package_identification:_identify(src/ros2_common_interfaces/docs) by extension 'python_setup_py'
[4.393s] Level 1:colcon.colcon_core.package_identification:_identify(src/ros2_common_interfaces/geometry_msgs) by extensions ['ignore', 'ignore_ament_install']
[4.393s] Level 1:colcon.colcon_core.package_identification:_identify(src/ros2_common_interfaces/geometry_msgs) by extension 'ignore'
[4.394s] Level 1:colcon.colcon_core.package_identification:_identify(src/ros2_common_interfaces/geometry_msgs) by extension 'ignore_ament_install'
[4.394s] Level 1:colcon.colcon_core.package_identification:_identify(src/ros2_common_interfaces/geometry_msgs) by extensions ['colcon_pkg']
[4.394s] Level 1:colcon.colcon_core.package_identification:_identify(src/ros2_common_interfaces/geometry_msgs) by extension 'colcon_pkg'
[4.394s] Level 1:colcon.colcon_core.package_identification:_identify(src/ros2_common_interfaces/geometry_msgs) by extensions ['colcon_meta']
[4.394s] Level 1:colcon.colcon_core.package_identification:_identify(src/ros2_common_interfaces/geometry_msgs) by extension 'colcon_meta'
[4.395s] Level 1:colcon.colcon_core.package_identification:_identify(src/ros2_common_interfaces/geometry_msgs) by extensions ['ros']
[4.395s] Level 1:colcon.colcon_core.package_identification:_identify(src/ros2_common_interfaces/geometry_msgs) by extension 'ros'
[4.397s] DEBUG:colcon.colcon_core.package_identification:Package 'src/ros2_common_interfaces/geometry_msgs' with type 'ros.ament_cmake' and name 'geometry_msgs'
[4.398s] Level 1:colcon.colcon_core.package_identification:_identify(src/ros2_common_interfaces/nav_msgs) by extensions ['ignore', 'ignore_ament_install']
[4.398s] Level 1:colcon.colcon_core.package_identification:_identify(src/ros2_common_interfaces/nav_msgs) by extension 'ignore'
[4.398s] Level 1:colcon.colcon_core.package_identification:_identify(src/ros2_common_interfaces/nav_msgs) by extension 'ignore_ament_install'
[4.399s] Level 1:colcon.colcon_core.package_identification:_identify(src/ros2_common_interfaces/nav_msgs) by extensions ['colcon_pkg']
[4.399s] Level 1:colcon.colcon_core.package_identification:_identify(src/ros2_common_interfaces/nav_msgs) by extension 'colcon_pkg'
[4.399s] Level 1:colcon.colcon_core.package_identification:_identify(src/ros2_common_interfaces/nav_msgs) by extensions ['colcon_meta']
[4.399s] Level 1:colcon.colcon_core.package_identification:_identify(src/ros2_common_interfaces/nav_msgs) by extension 'colcon_meta'
[4.399s] Level 1:colcon.colcon_core.package_identification:_identify(src/ros2_common_interfaces/nav_msgs) by extensions ['ros']
[4.399s] Level 1:colcon.colcon_core.package_identification:_identify(src/ros2_common_interfaces/nav_msgs) by extension 'ros'
[4.402s] DEBUG:colcon.colcon_core.package_identification:Package 'src/ros2_common_interfaces/nav_msgs' with type 'ros.ament_cmake' and name 'nav_msgs'
[4.403s] Level 1:colcon.colcon_core.package_identification:_identify(src/ros2_common_interfaces/sensor_msgs) by extensions ['ignore', 'ignore_ament_install']
[4.403s] Level 1:colcon.colcon_core.package_identification:_identify(src/ros2_common_interfaces/sensor_msgs) by extension 'ignore'
[4.404s] Level 1:colcon.colcon_core.package_identification:_identify(src/ros2_common_interfaces/sensor_msgs) by extension 'ignore_ament_install'
[4.404s] Level 1:colcon.colcon_core.package_identification:_identify(src/ros2_common_interfaces/sensor_msgs) by extensions ['colcon_pkg']
[4.404s] Level 1:colcon.colcon_core.package_identification:_identify(src/ros2_common_interfaces/sensor_msgs) by extension 'colcon_pkg'
[4.404s] Level 1:colcon.colcon_core.package_identification:_identify(src/ros2_common_interfaces/sensor_msgs) by extensions ['colcon_meta']
[4.404s] Level 1:colcon.colcon_core.package_identification:_identify(src/ros2_common_interfaces/sensor_msgs) by extension 'colcon_meta'
[4.404s] Level 1:colcon.colcon_core.package_identification:_identify(src/ros2_common_interfaces/sensor_msgs) by extensions ['ros']
[4.405s] Level 1:colcon.colcon_core.package_identification:_identify(src/ros2_common_interfaces/sensor_msgs) by extension 'ros'
[4.408s] DEBUG:colcon.colcon_core.package_identification:Package 'src/ros2_common_interfaces/sensor_msgs' with type 'ros.ament_cmake' and name 'sensor_msgs'
[4.408s] Level 1:colcon.colcon_core.package_identification:_identify(src/ros2_common_interfaces/sensor_msgs_py) by extensions ['ignore', 'ignore_ament_install']
[4.409s] Level 1:colcon.colcon_core.package_identification:_identify(src/ros2_common_interfaces/sensor_msgs_py) by extension 'ignore'
[4.409s] Level 1:colcon.colcon_core.package_identification:_identify(src/ros2_common_interfaces/sensor_msgs_py) by extension 'ignore_ament_install'
[4.409s] Level 1:colcon.colcon_core.package_identification:_identify(src/ros2_common_interfaces/sensor_msgs_py) by extensions ['colcon_pkg']
[4.409s] Level 1:colcon.colcon_core.package_identification:_identify(src/ros2_common_interfaces/sensor_msgs_py) by extension 'colcon_pkg'
[4.410s] Level 1:colcon.colcon_core.package_identification:_identify(src/ros2_common_interfaces/sensor_msgs_py) by extensions ['colcon_meta']
[4.410s] Level 1:colcon.colcon_core.package_identification:_identify(src/ros2_common_interfaces/sensor_msgs_py) by extension 'colcon_meta'
[4.410s] Level 1:colcon.colcon_core.package_identification:_identify(src/ros2_common_interfaces/sensor_msgs_py) by extensions ['ros']
[4.410s] Level 1:colcon.colcon_core.package_identification:_identify(src/ros2_common_interfaces/sensor_msgs_py) by extension 'ros'
[4.413s] DEBUG:colcon.colcon_core.package_identification:Package 'src/ros2_common_interfaces/sensor_msgs_py' with type 'ros.ament_python' and name 'sensor_msgs_py'
[4.413s] Level 1:colcon.colcon_core.package_identification:_identify(src/ros2_common_interfaces/shape_msgs) by extensions ['ignore', 'ignore_ament_install']
[4.414s] Level 1:colcon.colcon_core.package_identification:_identify(src/ros2_common_interfaces/shape_msgs) by extension 'ignore'
[4.414s] Level 1:colcon.colcon_core.package_identification:_identify(src/ros2_common_interfaces/shape_msgs) by extension 'ignore_ament_install'
[4.415s] Level 1:colcon.colcon_core.package_identification:_identify(src/ros2_common_interfaces/shape_msgs) by extensions ['colcon_pkg']
[4.415s] Level 1:colcon.colcon_core.package_identification:_identify(src/ros2_common_interfaces/shape_msgs) by extension 'colcon_pkg'
[4.415s] Level 1:colcon.colcon_core.package_identification:_identify(src/ros2_common_interfaces/shape_msgs) by extensions ['colcon_meta']
[4.415s] Level 1:colcon.colcon_core.package_identification:_identify(src/ros2_common_interfaces/shape_msgs) by extension 'colcon_meta'
[4.416s] Level 1:colcon.colcon_core.package_identification:_identify(src/ros2_common_interfaces/shape_msgs) by extensions ['ros']
[4.416s] Level 1:colcon.colcon_core.package_identification:_identify(src/ros2_common_interfaces/shape_msgs) by extension 'ros'
[4.418s] DEBUG:colcon.colcon_core.package_identification:Package 'src/ros2_common_interfaces/shape_msgs' with type 'ros.ament_cmake' and name 'shape_msgs'
[4.419s] Level 1:colcon.colcon_core.package_identification:_identify(src/ros2_common_interfaces/std_msgs) by extensions ['ignore', 'ignore_ament_install']
[4.419s] Level 1:colcon.colcon_core.package_identification:_identify(src/ros2_common_interfaces/std_msgs) by extension 'ignore'
[4.419s] Level 1:colcon.colcon_core.package_identification:_identify(src/ros2_common_interfaces/std_msgs) by extension 'ignore_ament_install'
[4.420s] Level 1:colcon.colcon_core.package_identification:_identify(src/ros2_common_interfaces/std_msgs) by extensions ['colcon_pkg']
[4.420s] Level 1:colcon.colcon_core.package_identification:_identify(src/ros2_common_interfaces/std_msgs) by extension 'colcon_pkg'
[4.420s] Level 1:colcon.colcon_core.package_identification:_identify(src/ros2_common_interfaces/std_msgs) by extensions ['colcon_meta']
[4.420s] Level 1:colcon.colcon_core.package_identification:_identify(src/ros2_common_interfaces/std_msgs) by extension 'colcon_meta'
[4.420s] Level 1:colcon.colcon_core.package_identification:_identify(src/ros2_common_interfaces/std_msgs) by extensions ['ros']
[4.420s] Level 1:colcon.colcon_core.package_identification:_identify(src/ros2_common_interfaces/std_msgs) by extension 'ros'
[4.423s] DEBUG:colcon.colcon_core.package_identification:Package 'src/ros2_common_interfaces/std_msgs' with type 'ros.ament_cmake' and name 'std_msgs'
[4.424s] Level 1:colcon.colcon_core.package_identification:_identify(src/ros2_common_interfaces/std_srvs) by extensions ['ignore', 'ignore_ament_install']
[4.424s] Level 1:colcon.colcon_core.package_identification:_identify(src/ros2_common_interfaces/std_srvs) by extension 'ignore'
[4.424s] Level 1:colcon.colcon_core.package_identification:_identify(src/ros2_common_interfaces/std_srvs) by extension 'ignore_ament_install'
[4.425s] Level 1:colcon.colcon_core.package_identification:_identify(src/ros2_common_interfaces/std_srvs) by extensions ['colcon_pkg']
[4.425s] Level 1:colcon.colcon_core.package_identification:_identify(src/ros2_common_interfaces/std_srvs) by extension 'colcon_pkg'
[4.425s] Level 1:colcon.colcon_core.package_identification:_identify(src/ros2_common_interfaces/std_srvs) by extensions ['colcon_meta']
[4.425s] Level 1:colcon.colcon_core.package_identification:_identify(src/ros2_common_interfaces/std_srvs) by extension 'colcon_meta'
[4.425s] Level 1:colcon.colcon_core.package_identification:_identify(src/ros2_common_interfaces/std_srvs) by extensions ['ros']
[4.425s] Level 1:colcon.colcon_core.package_identification:_identify(src/ros2_common_interfaces/std_srvs) by extension 'ros'
[4.428s] DEBUG:colcon.colcon_core.package_identification:Package 'src/ros2_common_interfaces/std_srvs' with type 'ros.ament_cmake' and name 'std_srvs'
[4.428s] Level 1:colcon.colcon_core.package_identification:_identify(src/ros2_common_interfaces/stereo_msgs) by extensions ['ignore', 'ignore_ament_install']
[4.428s] Level 1:colcon.colcon_core.package_identification:_identify(src/ros2_common_interfaces/stereo_msgs) by extension 'ignore'
[4.429s] Level 1:colcon.colcon_core.package_identification:_identify(src/ros2_common_interfaces/stereo_msgs) by extension 'ignore_ament_install'
[4.429s] Level 1:colcon.colcon_core.package_identification:_identify(src/ros2_common_interfaces/stereo_msgs) by extensions ['colcon_pkg']
[4.429s] Level 1:colcon.colcon_core.package_identification:_identify(src/ros2_common_interfaces/stereo_msgs) by extension 'colcon_pkg'
[4.429s] Level 1:colcon.colcon_core.package_identification:_identify(src/ros2_common_interfaces/stereo_msgs) by extensions ['colcon_meta']
[4.429s] Level 1:colcon.colcon_core.package_identification:_identify(src/ros2_common_interfaces/stereo_msgs) by extension 'colcon_meta'
[4.430s] Level 1:colcon.colcon_core.package_identification:_identify(src/ros2_common_interfaces/stereo_msgs) by extensions ['ros']
[4.430s] Level 1:colcon.colcon_core.package_identification:_identify(src/ros2_common_interfaces/stereo_msgs) by extension 'ros'
[4.433s] DEBUG:colcon.colcon_core.package_identification:Package 'src/ros2_common_interfaces/stereo_msgs' with type 'ros.ament_cmake' and name 'stereo_msgs'
[4.433s] Level 1:colcon.colcon_core.package_identification:_identify(src/ros2_common_interfaces/trajectory_msgs) by extensions ['ignore', 'ignore_ament_install']
[4.434s] Level 1:colcon.colcon_core.package_identification:_identify(src/ros2_common_interfaces/trajectory_msgs) by extension 'ignore'
[4.434s] Level 1:colcon.colcon_core.package_identification:_identify(src/ros2_common_interfaces/trajectory_msgs) by extension 'ignore_ament_install'
[4.434s] Level 1:colcon.colcon_core.package_identification:_identify(src/ros2_common_interfaces/trajectory_msgs) by extensions ['colcon_pkg']
[4.434s] Level 1:colcon.colcon_core.package_identification:_identify(src/ros2_common_interfaces/trajectory_msgs) by extension 'colcon_pkg'
[4.434s] Level 1:colcon.colcon_core.package_identification:_identify(src/ros2_common_interfaces/trajectory_msgs) by extensions ['colcon_meta']
[4.434s] Level 1:colcon.colcon_core.package_identification:_identify(src/ros2_common_interfaces/trajectory_msgs) by extension 'colcon_meta'
[4.435s] Level 1:colcon.colcon_core.package_identification:_identify(src/ros2_common_interfaces/trajectory_msgs) by extensions ['ros']
[4.435s] Level 1:colcon.colcon_core.package_identification:_identify(src/ros2_common_interfaces/trajectory_msgs) by extension 'ros'
[4.438s] DEBUG:colcon.colcon_core.package_identification:Package 'src/ros2_common_interfaces/trajectory_msgs' with type 'ros.ament_cmake' and name 'trajectory_msgs'
[4.439s] Level 1:colcon.colcon_core.package_identification:_identify(src/ros2_common_interfaces/visualization_msgs) by extensions ['ignore', 'ignore_ament_install']
[4.439s] Level 1:colcon.colcon_core.package_identification:_identify(src/ros2_common_interfaces/visualization_msgs) by extension 'ignore'
[4.439s] Level 1:colcon.colcon_core.package_identification:_identify(src/ros2_common_interfaces/visualization_msgs) by extension 'ignore_ament_install'
[4.440s] Level 1:colcon.colcon_core.package_identification:_identify(src/ros2_common_interfaces/visualization_msgs) by extensions ['colcon_pkg']
[4.440s] Level 1:colcon.colcon_core.package_identification:_identify(src/ros2_common_interfaces/visualization_msgs) by extension 'colcon_pkg'
[4.440s] Level 1:colcon.colcon_core.package_identification:_identify(src/ros2_common_interfaces/visualization_msgs) by extensions ['colcon_meta']
[4.440s] Level 1:colcon.colcon_core.package_identification:_identify(src/ros2_common_interfaces/visualization_msgs) by extension 'colcon_meta'
[4.440s] Level 1:colcon.colcon_core.package_identification:_identify(src/ros2_common_interfaces/visualization_msgs) by extensions ['ros']
[4.440s] Level 1:colcon.colcon_core.package_identification:_identify(src/ros2_common_interfaces/visualization_msgs) by extension 'ros'
[4.444s] DEBUG:colcon.colcon_core.package_identification:Package 'src/ros2_common_interfaces/visualization_msgs' with type 'ros.ament_cmake' and name 'visualization_msgs'
[4.445s] Level 1:colcon.colcon_core.package_identification:_identify(src/simple_interfaces) by extensions ['ignore', 'ignore_ament_install']
[4.445s] Level 1:colcon.colcon_core.package_identification:_identify(src/simple_interfaces) by extension 'ignore'
[4.445s] Level 1:colcon.colcon_core.package_identification:_identify(src/simple_interfaces) by extension 'ignore_ament_install'
[4.446s] Level 1:colcon.colcon_core.package_identification:_identify(src/simple_interfaces) by extensions ['colcon_pkg']
[4.446s] Level 1:colcon.colcon_core.package_identification:_identify(src/simple_interfaces) by extension 'colcon_pkg'
[4.446s] Level 1:colcon.colcon_core.package_identification:_identify(src/simple_interfaces) by extensions ['colcon_meta']
[4.446s] Level 1:colcon.colcon_core.package_identification:_identify(src/simple_interfaces) by extension 'colcon_meta'
[4.446s] Level 1:colcon.colcon_core.package_identification:_identify(src/simple_interfaces) by extensions ['ros']
[4.446s] Level 1:colcon.colcon_core.package_identification:_identify(src/simple_interfaces) by extension 'ros'
[4.448s] DEBUG:colcon.colcon_core.package_identification:Package 'src/simple_interfaces' with type 'ros.ament_cmake' and name 'simple_interfaces'
[4.449s] Level 1:colcon.colcon_core.package_discovery:discover_packages(recursive) using defaults
[4.449s] Level 1:colcon.colcon_core.package_discovery:discover_packages(ignore) discover
[4.449s] Level 1:colcon.colcon_core.package_discovery:discover_packages(ignore) using defaults
[4.449s] Level 1:colcon.colcon_core.package_discovery:discover_packages(path) discover
[4.449s] Level 1:colcon.colcon_core.package_discovery:discover_packages(path) using defaults
[4.817s] Level 1:colcon.colcon_core.package_discovery:discover_packages(prefix_path) check parameters
[4.817s] Level 1:colcon.colcon_core.package_discovery:discover_packages(prefix_path) discover
[4.877s] WARNING:colcon.colcon_core.prefix_path.colcon:The path '/home/teng/ros2_ws/install' in the environment variable COLCON_PREFIX_PATH doesn't exist
[4.878s] WARNING:colcon.colcon_ros.prefix_path.ament:The path '/home/teng/ros2_ws/install/common_interfaces' in the environment variable AMENT_PREFIX_PATH doesn't exist
[4.878s] WARNING:colcon.colcon_ros.prefix_path.ament:The path '/home/teng/ros2_ws/install/visualization_msgs' in the environment variable AMENT_PREFIX_PATH doesn't exist
[4.878s] WARNING:colcon.colcon_ros.prefix_path.ament:The path '/home/teng/ros2_ws/install/trajectory_msgs' in the environment variable AMENT_PREFIX_PATH doesn't exist
[4.879s] WARNING:colcon.colcon_ros.prefix_path.ament:The path '/home/teng/ros2_ws/install/stereo_msgs' in the environment variable AMENT_PREFIX_PATH doesn't exist
[4.879s] WARNING:colcon.colcon_ros.prefix_path.ament:The path '/home/teng/ros2_ws/install/std_srvs' in the environment variable AMENT_PREFIX_PATH doesn't exist
[4.879s] WARNING:colcon.colcon_ros.prefix_path.ament:The path '/home/teng/ros2_ws/install/shape_msgs' in the environment variable AMENT_PREFIX_PATH doesn't exist
[4.880s] WARNING:colcon.colcon_ros.prefix_path.ament:The path '/home/teng/ros2_ws/install/sensor_msgs_py' in the environment variable AMENT_PREFIX_PATH doesn't exist
[4.880s] WARNING:colcon.colcon_ros.prefix_path.ament:The path '/home/teng/ros2_ws/install/sensor_msgs' in the environment variable AMENT_PREFIX_PATH doesn't exist
[4.880s] WARNING:colcon.colcon_ros.prefix_path.ament:The path '/home/teng/ros2_ws/install/nav_msgs' in the environment variable AMENT_PREFIX_PATH doesn't exist
[4.881s] WARNING:colcon.colcon_ros.prefix_path.ament:The path '/home/teng/ros2_ws/install/diagnostic_msgs' in the environment variable AMENT_PREFIX_PATH doesn't exist
[4.881s] WARNING:colcon.colcon_ros.prefix_path.ament:The path '/home/teng/ros2_ws/install/geometry_msgs' in the environment variable AMENT_PREFIX_PATH doesn't exist
[4.881s] WARNING:colcon.colcon_ros.prefix_path.ament:The path '/home/teng/ros2_ws/install/actionlib_msgs' in the environment variable AMENT_PREFIX_PATH doesn't exist
[4.881s] WARNING:colcon.colcon_ros.prefix_path.ament:The path '/home/teng/ros2_ws/install/std_msgs' in the environment variable AMENT_PREFIX_PATH doesn't exist
[4.882s] WARNING:colcon.colcon_ros.prefix_path.ament:The path '/home/teng/ros2_ws/install/exp_1_bringup' in the environment variable AMENT_PREFIX_PATH doesn't exist
[4.882s] WARNING:colcon.colcon_ros.prefix_path.ament:The path '/home/teng/ros2_ws/install/experiment1' in the environment variable AMENT_PREFIX_PATH doesn't exist
[4.882s] WARNING:colcon.colcon_ros.prefix_path.ament:The path '/home/teng/ros2_ws/install/simple_interfaces' in the environment variable AMENT_PREFIX_PATH doesn't exist
[4.883s] WARNING:colcon.colcon_ros.prefix_path.catkin:The path '/home/teng/ros2_ws/install/common_interfaces' in the environment variable CMAKE_PREFIX_PATH doesn't exist
[4.884s] WARNING:colcon.colcon_ros.prefix_path.catkin:The path '/home/teng/ros2_ws/install/visualization_msgs' in the environment variable CMAKE_PREFIX_PATH doesn't exist
[4.884s] WARNING:colcon.colcon_ros.prefix_path.catkin:The path '/home/teng/ros2_ws/install/trajectory_msgs' in the environment variable CMAKE_PREFIX_PATH doesn't exist
[4.885s] WARNING:colcon.colcon_ros.prefix_path.catkin:The path '/home/teng/ros2_ws/install/stereo_msgs' in the environment variable CMAKE_PREFIX_PATH doesn't exist
[4.885s] WARNING:colcon.colcon_ros.prefix_path.catkin:The path '/home/teng/ros2_ws/install/std_srvs' in the environment variable CMAKE_PREFIX_PATH doesn't exist
[4.885s] WARNING:colcon.colcon_ros.prefix_path.catkin:The path '/home/teng/ros2_ws/install/shape_msgs' in the environment variable CMAKE_PREFIX_PATH doesn't exist
[4.886s] WARNING:colcon.colcon_ros.prefix_path.catkin:The path '/home/teng/ros2_ws/install/sensor_msgs' in the environment variable CMAKE_PREFIX_PATH doesn't exist
[4.886s] WARNING:colcon.colcon_ros.prefix_path.catkin:The path '/home/teng/ros2_ws/install/nav_msgs' in the environment variable CMAKE_PREFIX_PATH doesn't exist
[4.887s] WARNING:colcon.colcon_ros.prefix_path.catkin:The path '/home/teng/ros2_ws/install/diagnostic_msgs' in the environment variable CMAKE_PREFIX_PATH doesn't exist
[4.887s] WARNING:colcon.colcon_ros.prefix_path.catkin:The path '/home/teng/ros2_ws/install/geometry_msgs' in the environment variable CMAKE_PREFIX_PATH doesn't exist
[4.888s] WARNING:colcon.colcon_ros.prefix_path.catkin:The path '/home/teng/ros2_ws/install/actionlib_msgs' in the environment variable CMAKE_PREFIX_PATH doesn't exist
[4.888s] WARNING:colcon.colcon_ros.prefix_path.catkin:The path '/home/teng/ros2_ws/install/std_msgs' in the environment variable CMAKE_PREFIX_PATH doesn't exist
[4.888s] WARNING:colcon.colcon_ros.prefix_path.catkin:The path '/home/teng/ros2_ws/install/exp_1_bringup' in the environment variable CMAKE_PREFIX_PATH doesn't exist
[4.889s] WARNING:colcon.colcon_ros.prefix_path.catkin:The path '/home/teng/ros2_ws/install/simple_interfaces' in the environment variable CMAKE_PREFIX_PATH doesn't exist
[4.960s] DEBUG:colcon.colcon_installed_package_information.package_discovery:Found 185 installed packages in /opt/ros/humble
[4.965s] Level 1:colcon.colcon_core.package_discovery:discover_packages(prefix_path) using defaults
[5.197s] WARNING:colcon.colcon_core.package_selection:Some selected packages are already built in one or more underlay workspaces:
	'actionlib_msgs' is in: /opt/ros/humble
	'stereo_msgs' is in: /opt/ros/humble
	'trajectory_msgs' is in: /opt/ros/humble
	'geometry_msgs' is in: /opt/ros/humble
	'nav_msgs' is in: /opt/ros/humble
	'std_srvs' is in: /opt/ros/humble
	'diagnostic_msgs' is in: /opt/ros/humble
	'std_msgs' is in: /opt/ros/humble
	'visualization_msgs' is in: /opt/ros/humble
	'common_interfaces' is in: /opt/ros/humble
	'sensor_msgs' is in: /opt/ros/humble
	'shape_msgs' is in: /opt/ros/humble
If a package in a merged underlay workspace is overridden and it installs headers, then all packages in the overlay must sort their include directories by workspace order. Failure to do so may result in build failures or undefined behavior at run time.
If the overridden package is used by another package in any underlay, then the overriding package in the overlay must be API and ABI compatible or undefined behavior at run time may occur.

If you understand the risks and want to override a package anyways, add the following to the command line:
	--allow-overriding actionlib_msgs common_interfaces diagnostic_msgs geometry_msgs nav_msgs sensor_msgs shape_msgs std_msgs std_srvs stereo_msgs trajectory_msgs visualization_msgs

This may be promoted to an error in a future release of colcon-override-check.
[5.261s] Level 5:colcon.colcon_core.verb:set package 'simple_interfaces' build argument 'cmake_args' from command line to 'None'
[5.262s] Level 5:colcon.colcon_core.verb:set package 'simple_interfaces' build argument 'cmake_target' from command line to 'None'
[5.262s] Level 5:colcon.colcon_core.verb:set package 'simple_interfaces' build argument 'cmake_target_skip_unavailable' from command line to 'False'
[5.262s] Level 5:colcon.colcon_core.verb:set package 'simple_interfaces' build argument 'cmake_clean_cache' from command line to 'False'
[5.262s] Level 5:colcon.colcon_core.verb:set package 'simple_interfaces' build argument 'cmake_clean_first' from command line to 'False'
[5.262s] Level 5:colcon.colcon_core.verb:set package 'simple_interfaces' build argument 'cmake_force_configure' from command line to 'False'
[5.262s] Level 5:colcon.colcon_core.verb:set package 'simple_interfaces' build argument 'ament_cmake_args' from command line to 'None'
[5.262s] Level 5:colcon.colcon_core.verb:set package 'simple_interfaces' build argument 'catkin_cmake_args' from command line to 'None'
[5.262s] Level 5:colcon.colcon_core.verb:set package 'simple_interfaces' build argument 'catkin_skip_building_tests' from command line to 'False'
[5.263s] DEBUG:colcon.colcon_core.verb:Building package 'simple_interfaces' with the following arguments: {'ament_cmake_args': None, 'build_base': '/home/teng/foocer-dev/ros2_ws/build/simple_interfaces', 'catkin_cmake_args': None, 'catkin_skip_building_tests': False, 'cmake_args': None, 'cmake_clean_cache': False, 'cmake_clean_first': False, 'cmake_force_configure': False, 'cmake_target': None, 'cmake_target_skip_unavailable': False, 'install_base': '/home/teng/foocer-dev/ros2_ws/install/simple_interfaces', 'merge_install': False, 'path': '/home/teng/foocer-dev/ros2_ws/src/simple_interfaces', 'symlink_install': True, 'test_result_base': None}
[5.320s] Level 5:colcon.colcon_core.verb:set package 'std_msgs' build argument 'cmake_args' from command line to 'None'
[5.321s] Level 5:colcon.colcon_core.verb:set package 'std_msgs' build argument 'cmake_target' from command line to 'None'
[5.321s] Level 5:colcon.colcon_core.verb:set package 'std_msgs' build argument 'cmake_target_skip_unavailable' from command line to 'False'
[5.321s] Level 5:colcon.colcon_core.verb:set package 'std_msgs' build argument 'cmake_clean_cache' from command line to 'False'
[5.321s] Level 5:colcon.colcon_core.verb:set package 'std_msgs' build argument 'cmake_clean_first' from command line to 'False'
[5.321s] Level 5:colcon.colcon_core.verb:set package 'std_msgs' build argument 'cmake_force_configure' from command line to 'False'
[5.321s] Level 5:colcon.colcon_core.verb:set package 'std_msgs' build argument 'ament_cmake_args' from command line to 'None'
[5.321s] Level 5:colcon.colcon_core.verb:set package 'std_msgs' build argument 'catkin_cmake_args' from command line to 'None'
[5.322s] Level 5:colcon.colcon_core.verb:set package 'std_msgs' build argument 'catkin_skip_building_tests' from command line to 'False'
[5.322s] DEBUG:colcon.colcon_core.verb:Building package 'std_msgs' with the following arguments: {'ament_cmake_args': None, 'build_base': '/home/teng/foocer-dev/ros2_ws/build/std_msgs', 'catkin_cmake_args': None, 'catkin_skip_building_tests': False, 'cmake_args': None, 'cmake_clean_cache': False, 'cmake_clean_first': False, 'cmake_force_configure': False, 'cmake_target': None, 'cmake_target_skip_unavailable': False, 'install_base': '/home/teng/foocer-dev/ros2_ws/install/std_msgs', 'merge_install': False, 'path': '/home/teng/foocer-dev/ros2_ws/src/ros2_common_interfaces/std_msgs', 'symlink_install': True, 'test_result_base': None}
[5.376s] Level 5:colcon.colcon_core.verb:set package 'std_srvs' build argument 'cmake_args' from command line to 'None'
[5.377s] Level 5:colcon.colcon_core.verb:set package 'std_srvs' build argument 'cmake_target' from command line to 'None'
[5.377s] Level 5:colcon.colcon_core.verb:set package 'std_srvs' build argument 'cmake_target_skip_unavailable' from command line to 'False'
[5.377s] Level 5:colcon.colcon_core.verb:set package 'std_srvs' build argument 'cmake_clean_cache' from command line to 'False'
[5.377s] Level 5:colcon.colcon_core.verb:set package 'std_srvs' build argument 'cmake_clean_first' from command line to 'False'
[5.377s] Level 5:colcon.colcon_core.verb:set package 'std_srvs' build argument 'cmake_force_configure' from command line to 'False'
[5.377s] Level 5:colcon.colcon_core.verb:set package 'std_srvs' build argument 'ament_cmake_args' from command line to 'None'
[5.377s] Level 5:colcon.colcon_core.verb:set package 'std_srvs' build argument 'catkin_cmake_args' from command line to 'None'
[5.377s] Level 5:colcon.colcon_core.verb:set package 'std_srvs' build argument 'catkin_skip_building_tests' from command line to 'False'
[5.378s] DEBUG:colcon.colcon_core.verb:Building package 'std_srvs' with the following arguments: {'ament_cmake_args': None, 'build_base': '/home/teng/foocer-dev/ros2_ws/build/std_srvs', 'catkin_cmake_args': None, 'catkin_skip_building_tests': False, 'cmake_args': None, 'cmake_clean_cache': False, 'cmake_clean_first': False, 'cmake_force_configure': False, 'cmake_target': None, 'cmake_target_skip_unavailable': False, 'install_base': '/home/teng/foocer-dev/ros2_ws/install/std_srvs', 'merge_install': False, 'path': '/home/teng/foocer-dev/ros2_ws/src/ros2_common_interfaces/std_srvs', 'symlink_install': True, 'test_result_base': None}
[5.433s] Level 5:colcon.colcon_core.verb:set package 'actionlib_msgs' build argument 'cmake_args' from command line to 'None'
[5.434s] Level 5:colcon.colcon_core.verb:set package 'actionlib_msgs' build argument 'cmake_target' from command line to 'None'
[5.434s] Level 5:colcon.colcon_core.verb:set package 'actionlib_msgs' build argument 'cmake_target_skip_unavailable' from command line to 'False'
[5.434s] Level 5:colcon.colcon_core.verb:set package 'actionlib_msgs' build argument 'cmake_clean_cache' from command line to 'False'
[5.434s] Level 5:colcon.colcon_core.verb:set package 'actionlib_msgs' build argument 'cmake_clean_first' from command line to 'False'
[5.434s] Level 5:colcon.colcon_core.verb:set package 'actionlib_msgs' build argument 'cmake_force_configure' from command line to 'False'
[5.434s] Level 5:colcon.colcon_core.verb:set package 'actionlib_msgs' build argument 'ament_cmake_args' from command line to 'None'
[5.434s] Level 5:colcon.colcon_core.verb:set package 'actionlib_msgs' build argument 'catkin_cmake_args' from command line to 'None'
[5.435s] Level 5:colcon.colcon_core.verb:set package 'actionlib_msgs' build argument 'catkin_skip_building_tests' from command line to 'False'
[5.435s] DEBUG:colcon.colcon_core.verb:Building package 'actionlib_msgs' with the following arguments: {'ament_cmake_args': None, 'build_base': '/home/teng/foocer-dev/ros2_ws/build/actionlib_msgs', 'catkin_cmake_args': None, 'catkin_skip_building_tests': False, 'cmake_args': None, 'cmake_clean_cache': False, 'cmake_clean_first': False, 'cmake_force_configure': False, 'cmake_target': None, 'cmake_target_skip_unavailable': False, 'install_base': '/home/teng/foocer-dev/ros2_ws/install/actionlib_msgs', 'merge_install': False, 'path': '/home/teng/foocer-dev/ros2_ws/src/ros2_common_interfaces/actionlib_msgs', 'symlink_install': True, 'test_result_base': None}
[5.489s] Level 5:colcon.colcon_core.verb:set package 'experiment1' build argument 'cmake_args' from command line to 'None'
[5.489s] Level 5:colcon.colcon_core.verb:set package 'experiment1' build argument 'cmake_target' from command line to 'None'
[5.489s] Level 5:colcon.colcon_core.verb:set package 'experiment1' build argument 'cmake_target_skip_unavailable' from command line to 'False'
[5.489s] Level 5:colcon.colcon_core.verb:set package 'experiment1' build argument 'cmake_clean_cache' from command line to 'False'
[5.489s] Level 5:colcon.colcon_core.verb:set package 'experiment1' build argument 'cmake_clean_first' from command line to 'False'
[5.489s] Level 5:colcon.colcon_core.verb:set package 'experiment1' build argument 'cmake_force_configure' from command line to 'False'
[5.490s] Level 5:colcon.colcon_core.verb:set package 'experiment1' build argument 'ament_cmake_args' from command line to 'None'
[5.490s] Level 5:colcon.colcon_core.verb:set package 'experiment1' build argument 'catkin_cmake_args' from command line to 'None'
[5.490s] Level 5:colcon.colcon_core.verb:set package 'experiment1' build argument 'catkin_skip_building_tests' from command line to 'False'
[5.490s] DEBUG:colcon.colcon_core.verb:Building package 'experiment1' with the following arguments: {'ament_cmake_args': None, 'build_base': '/home/teng/foocer-dev/ros2_ws/build/experiment1', 'catkin_cmake_args': None, 'catkin_skip_building_tests': False, 'cmake_args': None, 'cmake_clean_cache': False, 'cmake_clean_first': False, 'cmake_force_configure': False, 'cmake_target': None, 'cmake_target_skip_unavailable': False, 'install_base': '/home/teng/foocer-dev/ros2_ws/install/experiment1', 'merge_install': False, 'path': '/home/teng/foocer-dev/ros2_ws/src/experiment1', 'symlink_install': True, 'test_result_base': None}
[5.551s] Level 5:colcon.colcon_core.verb:set package 'geometry_msgs' build argument 'cmake_args' from command line to 'None'
[5.551s] Level 5:colcon.colcon_core.verb:set package 'geometry_msgs' build argument 'cmake_target' from command line to 'None'
[5.551s] Level 5:colcon.colcon_core.verb:set package 'geometry_msgs' build argument 'cmake_target_skip_unavailable' from command line to 'False'
[5.551s] Level 5:colcon.colcon_core.verb:set package 'geometry_msgs' build argument 'cmake_clean_cache' from command line to 'False'
[5.551s] Level 5:colcon.colcon_core.verb:set package 'geometry_msgs' build argument 'cmake_clean_first' from command line to 'False'
[5.552s] Level 5:colcon.colcon_core.verb:set package 'geometry_msgs' build argument 'cmake_force_configure' from command line to 'False'
[5.552s] Level 5:colcon.colcon_core.verb:set package 'geometry_msgs' build argument 'ament_cmake_args' from command line to 'None'
[5.552s] Level 5:colcon.colcon_core.verb:set package 'geometry_msgs' build argument 'catkin_cmake_args' from command line to 'None'
[5.552s] Level 5:colcon.colcon_core.verb:set package 'geometry_msgs' build argument 'catkin_skip_building_tests' from command line to 'False'
[5.552s] DEBUG:colcon.colcon_core.verb:Building package 'geometry_msgs' with the following arguments: {'ament_cmake_args': None, 'build_base': '/home/teng/foocer-dev/ros2_ws/build/geometry_msgs', 'catkin_cmake_args': None, 'catkin_skip_building_tests': False, 'cmake_args': None, 'cmake_clean_cache': False, 'cmake_clean_first': False, 'cmake_force_configure': False, 'cmake_target': None, 'cmake_target_skip_unavailable': False, 'install_base': '/home/teng/foocer-dev/ros2_ws/install/geometry_msgs', 'merge_install': False, 'path': '/home/teng/foocer-dev/ros2_ws/src/ros2_common_interfaces/geometry_msgs', 'symlink_install': True, 'test_result_base': None}
[5.607s] Level 5:colcon.colcon_core.verb:set package 'diagnostic_msgs' build argument 'cmake_args' from command line to 'None'
[5.607s] Level 5:colcon.colcon_core.verb:set package 'diagnostic_msgs' build argument 'cmake_target' from command line to 'None'
[5.607s] Level 5:colcon.colcon_core.verb:set package 'diagnostic_msgs' build argument 'cmake_target_skip_unavailable' from command line to 'False'
[5.607s] Level 5:colcon.colcon_core.verb:set package 'diagnostic_msgs' build argument 'cmake_clean_cache' from command line to 'False'
[5.607s] Level 5:colcon.colcon_core.verb:set package 'diagnostic_msgs' build argument 'cmake_clean_first' from command line to 'False'
[5.607s] Level 5:colcon.colcon_core.verb:set package 'diagnostic_msgs' build argument 'cmake_force_configure' from command line to 'False'
[5.607s] Level 5:colcon.colcon_core.verb:set package 'diagnostic_msgs' build argument 'ament_cmake_args' from command line to 'None'
[5.608s] Level 5:colcon.colcon_core.verb:set package 'diagnostic_msgs' build argument 'catkin_cmake_args' from command line to 'None'
[5.608s] Level 5:colcon.colcon_core.verb:set package 'diagnostic_msgs' build argument 'catkin_skip_building_tests' from command line to 'False'
[5.608s] DEBUG:colcon.colcon_core.verb:Building package 'diagnostic_msgs' with the following arguments: {'ament_cmake_args': None, 'build_base': '/home/teng/foocer-dev/ros2_ws/build/diagnostic_msgs', 'catkin_cmake_args': None, 'catkin_skip_building_tests': False, 'cmake_args': None, 'cmake_clean_cache': False, 'cmake_clean_first': False, 'cmake_force_configure': False, 'cmake_target': None, 'cmake_target_skip_unavailable': False, 'install_base': '/home/teng/foocer-dev/ros2_ws/install/diagnostic_msgs', 'merge_install': False, 'path': '/home/teng/foocer-dev/ros2_ws/src/ros2_common_interfaces/diagnostic_msgs', 'symlink_install': True, 'test_result_base': None}
[5.662s] Level 5:colcon.colcon_core.verb:set package 'exp_1_bringup' build argument 'cmake_args' from command line to 'None'
[5.662s] Level 5:colcon.colcon_core.verb:set package 'exp_1_bringup' build argument 'cmake_target' from command line to 'None'
[5.662s] Level 5:colcon.colcon_core.verb:set package 'exp_1_bringup' build argument 'cmake_target_skip_unavailable' from command line to 'False'
[5.662s] Level 5:colcon.colcon_core.verb:set package 'exp_1_bringup' build argument 'cmake_clean_cache' from command line to 'False'
[5.663s] Level 5:colcon.colcon_core.verb:set package 'exp_1_bringup' build argument 'cmake_clean_first' from command line to 'False'
[5.663s] Level 5:colcon.colcon_core.verb:set package 'exp_1_bringup' build argument 'cmake_force_configure' from command line to 'False'
[5.663s] Level 5:colcon.colcon_core.verb:set package 'exp_1_bringup' build argument 'ament_cmake_args' from command line to 'None'
[5.663s] Level 5:colcon.colcon_core.verb:set package 'exp_1_bringup' build argument 'catkin_cmake_args' from command line to 'None'
[5.663s] Level 5:colcon.colcon_core.verb:set package 'exp_1_bringup' build argument 'catkin_skip_building_tests' from command line to 'False'
[5.663s] DEBUG:colcon.colcon_core.verb:Building package 'exp_1_bringup' with the following arguments: {'ament_cmake_args': None, 'build_base': '/home/teng/foocer-dev/ros2_ws/build/exp_1_bringup', 'catkin_cmake_args': None, 'catkin_skip_building_tests': False, 'cmake_args': None, 'cmake_clean_cache': False, 'cmake_clean_first': False, 'cmake_force_configure': False, 'cmake_target': None, 'cmake_target_skip_unavailable': False, 'install_base': '/home/teng/foocer-dev/ros2_ws/install/exp_1_bringup', 'merge_install': False, 'path': '/home/teng/foocer-dev/ros2_ws/src/exp_1_bringup', 'symlink_install': True, 'test_result_base': None}
[5.718s] Level 5:colcon.colcon_core.verb:set package 'nav_msgs' build argument 'cmake_args' from command line to 'None'
[5.718s] Level 5:colcon.colcon_core.verb:set package 'nav_msgs' build argument 'cmake_target' from command line to 'None'
[5.718s] Level 5:colcon.colcon_core.verb:set package 'nav_msgs' build argument 'cmake_target_skip_unavailable' from command line to 'False'
[5.719s] Level 5:colcon.colcon_core.verb:set package 'nav_msgs' build argument 'cmake_clean_cache' from command line to 'False'
[5.719s] Level 5:colcon.colcon_core.verb:set package 'nav_msgs' build argument 'cmake_clean_first' from command line to 'False'
[5.719s] Level 5:colcon.colcon_core.verb:set package 'nav_msgs' build argument 'cmake_force_configure' from command line to 'False'
[5.719s] Level 5:colcon.colcon_core.verb:set package 'nav_msgs' build argument 'ament_cmake_args' from command line to 'None'
[5.719s] Level 5:colcon.colcon_core.verb:set package 'nav_msgs' build argument 'catkin_cmake_args' from command line to 'None'
[5.719s] Level 5:colcon.colcon_core.verb:set package 'nav_msgs' build argument 'catkin_skip_building_tests' from command line to 'False'
[5.719s] DEBUG:colcon.colcon_core.verb:Building package 'nav_msgs' with the following arguments: {'ament_cmake_args': None, 'build_base': '/home/teng/foocer-dev/ros2_ws/build/nav_msgs', 'catkin_cmake_args': None, 'catkin_skip_building_tests': False, 'cmake_args': None, 'cmake_clean_cache': False, 'cmake_clean_first': False, 'cmake_force_configure': False, 'cmake_target': None, 'cmake_target_skip_unavailable': False, 'install_base': '/home/teng/foocer-dev/ros2_ws/install/nav_msgs', 'merge_install': False, 'path': '/home/teng/foocer-dev/ros2_ws/src/ros2_common_interfaces/nav_msgs', 'symlink_install': True, 'test_result_base': None}
[5.776s] Level 5:colcon.colcon_core.verb:set package 'sensor_msgs' build argument 'cmake_args' from command line to 'None'
[5.776s] Level 5:colcon.colcon_core.verb:set package 'sensor_msgs' build argument 'cmake_target' from command line to 'None'
[5.776s] Level 5:colcon.colcon_core.verb:set package 'sensor_msgs' build argument 'cmake_target_skip_unavailable' from command line to 'False'
[5.776s] Level 5:colcon.colcon_core.verb:set package 'sensor_msgs' build argument 'cmake_clean_cache' from command line to 'False'
[5.776s] Level 5:colcon.colcon_core.verb:set package 'sensor_msgs' build argument 'cmake_clean_first' from command line to 'False'
[5.776s] Level 5:colcon.colcon_core.verb:set package 'sensor_msgs' build argument 'cmake_force_configure' from command line to 'False'
[5.777s] Level 5:colcon.colcon_core.verb:set package 'sensor_msgs' build argument 'ament_cmake_args' from command line to 'None'
[5.777s] Level 5:colcon.colcon_core.verb:set package 'sensor_msgs' build argument 'catkin_cmake_args' from command line to 'None'
[5.777s] Level 5:colcon.colcon_core.verb:set package 'sensor_msgs' build argument 'catkin_skip_building_tests' from command line to 'False'
[5.777s] DEBUG:colcon.colcon_core.verb:Building package 'sensor_msgs' with the following arguments: {'ament_cmake_args': None, 'build_base': '/home/teng/foocer-dev/ros2_ws/build/sensor_msgs', 'catkin_cmake_args': None, 'catkin_skip_building_tests': False, 'cmake_args': None, 'cmake_clean_cache': False, 'cmake_clean_first': False, 'cmake_force_configure': False, 'cmake_target': None, 'cmake_target_skip_unavailable': False, 'install_base': '/home/teng/foocer-dev/ros2_ws/install/sensor_msgs', 'merge_install': False, 'path': '/home/teng/foocer-dev/ros2_ws/src/ros2_common_interfaces/sensor_msgs', 'symlink_install': True, 'test_result_base': None}
[5.831s] Level 5:colcon.colcon_core.verb:set package 'shape_msgs' build argument 'cmake_args' from command line to 'None'
[5.831s] Level 5:colcon.colcon_core.verb:set package 'shape_msgs' build argument 'cmake_target' from command line to 'None'
[5.832s] Level 5:colcon.colcon_core.verb:set package 'shape_msgs' build argument 'cmake_target_skip_unavailable' from command line to 'False'
[5.832s] Level 5:colcon.colcon_core.verb:set package 'shape_msgs' build argument 'cmake_clean_cache' from command line to 'False'
[5.832s] Level 5:colcon.colcon_core.verb:set package 'shape_msgs' build argument 'cmake_clean_first' from command line to 'False'
[5.832s] Level 5:colcon.colcon_core.verb:set package 'shape_msgs' build argument 'cmake_force_configure' from command line to 'False'
[5.832s] Level 5:colcon.colcon_core.verb:set package 'shape_msgs' build argument 'ament_cmake_args' from command line to 'None'
[5.832s] Level 5:colcon.colcon_core.verb:set package 'shape_msgs' build argument 'catkin_cmake_args' from command line to 'None'
[5.832s] Level 5:colcon.colcon_core.verb:set package 'shape_msgs' build argument 'catkin_skip_building_tests' from command line to 'False'
[5.832s] DEBUG:colcon.colcon_core.verb:Building package 'shape_msgs' with the following arguments: {'ament_cmake_args': None, 'build_base': '/home/teng/foocer-dev/ros2_ws/build/shape_msgs', 'catkin_cmake_args': None, 'catkin_skip_building_tests': False, 'cmake_args': None, 'cmake_clean_cache': False, 'cmake_clean_first': False, 'cmake_force_configure': False, 'cmake_target': None, 'cmake_target_skip_unavailable': False, 'install_base': '/home/teng/foocer-dev/ros2_ws/install/shape_msgs', 'merge_install': False, 'path': '/home/teng/foocer-dev/ros2_ws/src/ros2_common_interfaces/shape_msgs', 'symlink_install': True, 'test_result_base': None}
[5.887s] Level 5:colcon.colcon_core.verb:set package 'trajectory_msgs' build argument 'cmake_args' from command line to 'None'
[5.887s] Level 5:colcon.colcon_core.verb:set package 'trajectory_msgs' build argument 'cmake_target' from command line to 'None'
[5.887s] Level 5:colcon.colcon_core.verb:set package 'trajectory_msgs' build argument 'cmake_target_skip_unavailable' from command line to 'False'
[5.887s] Level 5:colcon.colcon_core.verb:set package 'trajectory_msgs' build argument 'cmake_clean_cache' from command line to 'False'
[5.887s] Level 5:colcon.colcon_core.verb:set package 'trajectory_msgs' build argument 'cmake_clean_first' from command line to 'False'
[5.887s] Level 5:colcon.colcon_core.verb:set package 'trajectory_msgs' build argument 'cmake_force_configure' from command line to 'False'
[5.887s] Level 5:colcon.colcon_core.verb:set package 'trajectory_msgs' build argument 'ament_cmake_args' from command line to 'None'
[5.887s] Level 5:colcon.colcon_core.verb:set package 'trajectory_msgs' build argument 'catkin_cmake_args' from command line to 'None'
[5.887s] Level 5:colcon.colcon_core.verb:set package 'trajectory_msgs' build argument 'catkin_skip_building_tests' from command line to 'False'
[5.888s] DEBUG:colcon.colcon_core.verb:Building package 'trajectory_msgs' with the following arguments: {'ament_cmake_args': None, 'build_base': '/home/teng/foocer-dev/ros2_ws/build/trajectory_msgs', 'catkin_cmake_args': None, 'catkin_skip_building_tests': False, 'cmake_args': None, 'cmake_clean_cache': False, 'cmake_clean_first': False, 'cmake_force_configure': False, 'cmake_target': None, 'cmake_target_skip_unavailable': False, 'install_base': '/home/teng/foocer-dev/ros2_ws/install/trajectory_msgs', 'merge_install': False, 'path': '/home/teng/foocer-dev/ros2_ws/src/ros2_common_interfaces/trajectory_msgs', 'symlink_install': True, 'test_result_base': None}
[5.946s] Level 5:colcon.colcon_core.verb:set package 'sensor_msgs_py' build argument 'cmake_args' from command line to 'None'
[5.946s] Level 5:colcon.colcon_core.verb:set package 'sensor_msgs_py' build argument 'cmake_target' from command line to 'None'
[5.946s] Level 5:colcon.colcon_core.verb:set package 'sensor_msgs_py' build argument 'cmake_target_skip_unavailable' from command line to 'False'
[5.946s] Level 5:colcon.colcon_core.verb:set package 'sensor_msgs_py' build argument 'cmake_clean_cache' from command line to 'False'
[5.947s] Level 5:colcon.colcon_core.verb:set package 'sensor_msgs_py' build argument 'cmake_clean_first' from command line to 'False'
[5.947s] Level 5:colcon.colcon_core.verb:set package 'sensor_msgs_py' build argument 'cmake_force_configure' from command line to 'False'
[5.947s] Level 5:colcon.colcon_core.verb:set package 'sensor_msgs_py' build argument 'ament_cmake_args' from command line to 'None'
[5.947s] Level 5:colcon.colcon_core.verb:set package 'sensor_msgs_py' build argument 'catkin_cmake_args' from command line to 'None'
[5.947s] Level 5:colcon.colcon_core.verb:set package 'sensor_msgs_py' build argument 'catkin_skip_building_tests' from command line to 'False'
[5.947s] DEBUG:colcon.colcon_core.verb:Building package 'sensor_msgs_py' with the following arguments: {'ament_cmake_args': None, 'build_base': '/home/teng/foocer-dev/ros2_ws/build/sensor_msgs_py', 'catkin_cmake_args': None, 'catkin_skip_building_tests': False, 'cmake_args': None, 'cmake_clean_cache': False, 'cmake_clean_first': False, 'cmake_force_configure': False, 'cmake_target': None, 'cmake_target_skip_unavailable': False, 'install_base': '/home/teng/foocer-dev/ros2_ws/install/sensor_msgs_py', 'merge_install': False, 'path': '/home/teng/foocer-dev/ros2_ws/src/ros2_common_interfaces/sensor_msgs_py', 'symlink_install': True, 'test_result_base': None}
[6.002s] Level 5:colcon.colcon_core.verb:set package 'stereo_msgs' build argument 'cmake_args' from command line to 'None'
[6.002s] Level 5:colcon.colcon_core.verb:set package 'stereo_msgs' build argument 'cmake_target' from command line to 'None'
[6.002s] Level 5:colcon.colcon_core.verb:set package 'stereo_msgs' build argument 'cmake_target_skip_unavailable' from command line to 'False'
[6.002s] Level 5:colcon.colcon_core.verb:set package 'stereo_msgs' build argument 'cmake_clean_cache' from command line to 'False'
[6.002s] Level 5:colcon.colcon_core.verb:set package 'stereo_msgs' build argument 'cmake_clean_first' from command line to 'False'
[6.002s] Level 5:colcon.colcon_core.verb:set package 'stereo_msgs' build argument 'cmake_force_configure' from command line to 'False'
[6.002s] Level 5:colcon.colcon_core.verb:set package 'stereo_msgs' build argument 'ament_cmake_args' from command line to 'None'
[6.002s] Level 5:colcon.colcon_core.verb:set package 'stereo_msgs' build argument 'catkin_cmake_args' from command line to 'None'
[6.003s] Level 5:colcon.colcon_core.verb:set package 'stereo_msgs' build argument 'catkin_skip_building_tests' from command line to 'False'
[6.003s] DEBUG:colcon.colcon_core.verb:Building package 'stereo_msgs' with the following arguments: {'ament_cmake_args': None, 'build_base': '/home/teng/foocer-dev/ros2_ws/build/stereo_msgs', 'catkin_cmake_args': None, 'catkin_skip_building_tests': False, 'cmake_args': None, 'cmake_clean_cache': False, 'cmake_clean_first': False, 'cmake_force_configure': False, 'cmake_target': None, 'cmake_target_skip_unavailable': False, 'install_base': '/home/teng/foocer-dev/ros2_ws/install/stereo_msgs', 'merge_install': False, 'path': '/home/teng/foocer-dev/ros2_ws/src/ros2_common_interfaces/stereo_msgs', 'symlink_install': True, 'test_result_base': None}
[6.057s] Level 5:colcon.colcon_core.verb:set package 'visualization_msgs' build argument 'cmake_args' from command line to 'None'
[6.057s] Level 5:colcon.colcon_core.verb:set package 'visualization_msgs' build argument 'cmake_target' from command line to 'None'
[6.057s] Level 5:colcon.colcon_core.verb:set package 'visualization_msgs' build argument 'cmake_target_skip_unavailable' from command line to 'False'
[6.057s] Level 5:colcon.colcon_core.verb:set package 'visualization_msgs' build argument 'cmake_clean_cache' from command line to 'False'
[6.057s] Level 5:colcon.colcon_core.verb:set package 'visualization_msgs' build argument 'cmake_clean_first' from command line to 'False'
[6.057s] Level 5:colcon.colcon_core.verb:set package 'visualization_msgs' build argument 'cmake_force_configure' from command line to 'False'
[6.058s] Level 5:colcon.colcon_core.verb:set package 'visualization_msgs' build argument 'ament_cmake_args' from command line to 'None'
[6.058s] Level 5:colcon.colcon_core.verb:set package 'visualization_msgs' build argument 'catkin_cmake_args' from command line to 'None'
[6.058s] Level 5:colcon.colcon_core.verb:set package 'visualization_msgs' build argument 'catkin_skip_building_tests' from command line to 'False'
[6.058s] DEBUG:colcon.colcon_core.verb:Building package 'visualization_msgs' with the following arguments: {'ament_cmake_args': None, 'build_base': '/home/teng/foocer-dev/ros2_ws/build/visualization_msgs', 'catkin_cmake_args': None, 'catkin_skip_building_tests': False, 'cmake_args': None, 'cmake_clean_cache': False, 'cmake_clean_first': False, 'cmake_force_configure': False, 'cmake_target': None, 'cmake_target_skip_unavailable': False, 'install_base': '/home/teng/foocer-dev/ros2_ws/install/visualization_msgs', 'merge_install': False, 'path': '/home/teng/foocer-dev/ros2_ws/src/ros2_common_interfaces/visualization_msgs', 'symlink_install': True, 'test_result_base': None}
[6.112s] Level 5:colcon.colcon_core.verb:set package 'common_interfaces' build argument 'cmake_args' from command line to 'None'
[6.112s] Level 5:colcon.colcon_core.verb:set package 'common_interfaces' build argument 'cmake_target' from command line to 'None'
[6.113s] Level 5:colcon.colcon_core.verb:set package 'common_interfaces' build argument 'cmake_target_skip_unavailable' from command line to 'False'
[6.113s] Level 5:colcon.colcon_core.verb:set package 'common_interfaces' build argument 'cmake_clean_cache' from command line to 'False'
[6.113s] Level 5:colcon.colcon_core.verb:set package 'common_interfaces' build argument 'cmake_clean_first' from command line to 'False'
[6.113s] Level 5:colcon.colcon_core.verb:set package 'common_interfaces' build argument 'cmake_force_configure' from command line to 'False'
[6.113s] Level 5:colcon.colcon_core.verb:set package 'common_interfaces' build argument 'ament_cmake_args' from command line to 'None'
[6.113s] Level 5:colcon.colcon_core.verb:set package 'common_interfaces' build argument 'catkin_cmake_args' from command line to 'None'
[6.113s] Level 5:colcon.colcon_core.verb:set package 'common_interfaces' build argument 'catkin_skip_building_tests' from command line to 'False'
[6.113s] DEBUG:colcon.colcon_core.verb:Building package 'common_interfaces' with the following arguments: {'ament_cmake_args': None, 'build_base': '/home/teng/foocer-dev/ros2_ws/build/common_interfaces', 'catkin_cmake_args': None, 'catkin_skip_building_tests': False, 'cmake_args': None, 'cmake_clean_cache': False, 'cmake_clean_first': False, 'cmake_force_configure': False, 'cmake_target': None, 'cmake_target_skip_unavailable': False, 'install_base': '/home/teng/foocer-dev/ros2_ws/install/common_interfaces', 'merge_install': False, 'path': '/home/teng/foocer-dev/ros2_ws/src/ros2_common_interfaces/common_interfaces', 'symlink_install': True, 'test_result_base': None}
[6.171s] INFO:colcon.colcon_core.executor:Executing jobs using 'parallel' executor
[6.229s] DEBUG:colcon.colcon_parallel_executor.executor.parallel:run_until_complete
[6.230s] INFO:colcon.colcon_ros.task.ament_cmake.build:Building ROS package in '/home/teng/foocer-dev/ros2_ws/src/ros2_common_interfaces/std_msgs' with build type 'ament_cmake'
[6.231s] INFO:colcon.colcon_cmake.task.cmake.build:Building CMake package in '/home/teng/foocer-dev/ros2_ws/src/ros2_common_interfaces/std_msgs'
[6.342s] INFO:colcon.colcon_core.plugin_system:Skipping extension 'colcon_core.shell.bat': Not used on non-Windows systems
[6.343s] INFO:colcon.colcon_core.shell:Skip shell extension 'powershell' for command environment: Not usable outside of PowerShell
[6.343s] DEBUG:colcon.colcon_core.shell:Skip shell extension 'dsv' for command environment
[6.471s] INFO:colcon.colcon_ros.task.ament_cmake.build:Building ROS package in '/home/teng/foocer-dev/ros2_ws/src/simple_interfaces' with build type 'ament_cmake'
[6.472s] INFO:colcon.colcon_cmake.task.cmake.build:Building CMake package in '/home/teng/foocer-dev/ros2_ws/src/simple_interfaces'
[6.537s] INFO:colcon.colcon_core.shell:Skip shell extension 'powershell' for command environment: Not usable outside of PowerShell
[6.538s] DEBUG:colcon.colcon_core.shell:Skip shell extension 'dsv' for command environment
[6.669s] INFO:colcon.colcon_ros.task.ament_cmake.build:Building ROS package in '/home/teng/foocer-dev/ros2_ws/src/ros2_common_interfaces/std_srvs' with build type 'ament_cmake'
[6.669s] INFO:colcon.colcon_cmake.task.cmake.build:Building CMake package in '/home/teng/foocer-dev/ros2_ws/src/ros2_common_interfaces/std_srvs'
[6.730s] INFO:colcon.colcon_core.shell:Skip shell extension 'powershell' for command environment: Not usable outside of PowerShell
[6.730s] DEBUG:colcon.colcon_core.shell:Skip shell extension 'dsv' for command environment
[6.880s] DEBUG:colcon.colcon_core.event_handler.log_command:Invoking command in '/home/teng/foocer-dev/ros2_ws/build/std_msgs': CMAKE_PREFIX_PATH=${CMAKE_PREFIX_PATH}:/home/teng/ros2_ws/install/sensor_msgs_py:/home/teng/ros2_ws/install/experiment1:/opt/ros/humble /usr/bin/cmake --build /home/teng/foocer-dev/ros2_ws/build/std_msgs -- -j4 -l4
[6.905s] DEBUG:colcon.colcon_core.event_handler.log_command:Invoking command in '/home/teng/foocer-dev/ros2_ws/build/simple_interfaces': CMAKE_PREFIX_PATH=${CMAKE_PREFIX_PATH}:/home/teng/ros2_ws/install/sensor_msgs_py:/home/teng/ros2_ws/install/experiment1:/opt/ros/humble /usr/bin/cmake --build /home/teng/foocer-dev/ros2_ws/build/simple_interfaces -- -j4 -l4
[6.933s] DEBUG:colcon.colcon_core.event_handler.log_command:Invoking command in '/home/teng/foocer-dev/ros2_ws/build/std_srvs': CMAKE_PREFIX_PATH=${CMAKE_PREFIX_PATH}:/home/teng/ros2_ws/install/sensor_msgs_py:/home/teng/ros2_ws/install/experiment1:/opt/ros/humble /usr/bin/cmake --build /home/teng/foocer-dev/ros2_ws/build/std_srvs -- -j4 -l4
[7.005s] DEBUG:colcon.colcon_core.event_handler.log_command:Invoked command in '/home/teng/foocer-dev/ros2_ws/build/simple_interfaces' returned '2': CMAKE_PREFIX_PATH=${CMAKE_PREFIX_PATH}:/home/teng/ros2_ws/install/sensor_msgs_py:/home/teng/ros2_ws/install/experiment1:/opt/ros/humble /usr/bin/cmake --build /home/teng/foocer-dev/ros2_ws/build/simple_interfaces -- -j4 -l4
[7.031s] DEBUG:colcon.colcon_core.event_handler.log_command:Invoked command in '/home/teng/foocer-dev/ros2_ws/build/std_msgs' returned '2': CMAKE_PREFIX_PATH=${CMAKE_PREFIX_PATH}:/home/teng/ros2_ws/install/sensor_msgs_py:/home/teng/ros2_ws/install/experiment1:/opt/ros/humble /usr/bin/cmake --build /home/teng/foocer-dev/ros2_ws/build/std_msgs -- -j4 -l4
[7.047s] DEBUG:colcon.colcon_core.event_handler.log_command:Invoked command in '/home/teng/foocer-dev/ros2_ws/build/std_srvs' returned '2': CMAKE_PREFIX_PATH=${CMAKE_PREFIX_PATH}:/home/teng/ros2_ws/install/sensor_msgs_py:/home/teng/ros2_ws/install/experiment1:/opt/ros/humble /usr/bin/cmake --build /home/teng/foocer-dev/ros2_ws/build/std_srvs -- -j4 -l4
[7.937s] Level 1:colcon.colcon_core.environment:create_environment_scripts_only(std_srvs)
[8.024s] Level 1:colcon.colcon_core.environment:checking '/home/teng/foocer-dev/ros2_ws/install/std_srvs' for CMake module files
[8.029s] Level 1:colcon.colcon_core.environment:checking '/home/teng/foocer-dev/ros2_ws/install/std_srvs' for CMake config files
[8.035s] Level 1:colcon.colcon_core.shell:create_environment_hook('std_srvs', 'cmake_prefix_path')
[8.107s] INFO:colcon.colcon_core.shell:Creating environment hook '/home/teng/foocer-dev/ros2_ws/install/std_srvs/share/std_srvs/hook/cmake_prefix_path.ps1'
[8.110s] INFO:colcon.colcon_core.shell:Creating environment descriptor '/home/teng/foocer-dev/ros2_ws/install/std_srvs/share/std_srvs/hook/cmake_prefix_path.dsv'
[8.113s] INFO:colcon.colcon_core.shell:Creating environment hook '/home/teng/foocer-dev/ros2_ws/install/std_srvs/share/std_srvs/hook/cmake_prefix_path.sh'
[8.118s] Level 1:colcon.colcon_core.environment:checking '/home/teng/foocer-dev/ros2_ws/install/std_srvs/lib'
[8.119s] Level 1:colcon.colcon_core.shell:create_environment_hook('std_srvs', 'ld_library_path_lib')
[8.196s] INFO:colcon.colcon_core.shell:Creating environment hook '/home/teng/foocer-dev/ros2_ws/install/std_srvs/share/std_srvs/hook/ld_library_path_lib.ps1'
[8.199s] INFO:colcon.colcon_core.shell:Creating environment descriptor '/home/teng/foocer-dev/ros2_ws/install/std_srvs/share/std_srvs/hook/ld_library_path_lib.dsv'
[8.202s] INFO:colcon.colcon_core.shell:Creating environment hook '/home/teng/foocer-dev/ros2_ws/install/std_srvs/share/std_srvs/hook/ld_library_path_lib.sh'
[8.206s] Level 1:colcon.colcon_core.environment:checking '/home/teng/foocer-dev/ros2_ws/install/std_srvs/bin'
[8.207s] Level 1:colcon.colcon_core.environment:checking '/home/teng/foocer-dev/ros2_ws/install/std_srvs/lib/pkgconfig/std_srvs.pc'
[8.208s] Level 1:colcon.colcon_core.environment:checking '/home/teng/foocer-dev/ros2_ws/install/std_srvs/lib/python3.10/site-packages'
[8.210s] Level 1:colcon.colcon_core.environment:checking '/home/teng/foocer-dev/ros2_ws/install/std_srvs/bin'
[8.286s] INFO:colcon.colcon_core.shell:Creating package script '/home/teng/foocer-dev/ros2_ws/install/std_srvs/share/std_srvs/package.ps1'
[8.291s] INFO:colcon.colcon_core.shell:Creating package descriptor '/home/teng/foocer-dev/ros2_ws/install/std_srvs/share/std_srvs/package.dsv'
[8.295s] INFO:colcon.colcon_core.shell:Creating package script '/home/teng/foocer-dev/ros2_ws/install/std_srvs/share/std_srvs/package.sh'
[8.300s] INFO:colcon.colcon_core.shell:Creating package script '/home/teng/foocer-dev/ros2_ws/install/std_srvs/share/std_srvs/package.bash'
[8.305s] INFO:colcon.colcon_core.shell:Creating package script '/home/teng/foocer-dev/ros2_ws/install/std_srvs/share/std_srvs/package.zsh'
[8.309s] Level 1:colcon.colcon_core.environment:create_file_with_runtime_dependencies(/home/teng/foocer-dev/ros2_ws/install/std_srvs/share/colcon-core/packages/std_srvs)
[12.321s] DEBUG:colcon.colcon_parallel_executor.executor.parallel:closing loop
[12.322s] DEBUG:colcon.colcon_parallel_executor.executor.parallel:loop closed
[12.323s] DEBUG:colcon.colcon_parallel_executor.executor.parallel:run_until_complete finished with '2'
[12.323s] DEBUG:colcon.colcon_core.event_reactor:joining thread
[12.423s] INFO:colcon.colcon_core.plugin_system:Skipping extension 'colcon_notification.desktop_notification.terminal_notifier': Not used on non-Darwin systems
[12.423s] INFO:colcon.colcon_core.plugin_system:Skipping extension 'colcon_notification.desktop_notification.win32': Not used on non-Windows systems
[12.423s] INFO:colcon.colcon_notification.desktop_notification:Sending desktop notification using 'notify2'
[12.470s] DEBUG:colcon.colcon_core.event_reactor:joined thread
[12.534s] INFO:colcon.colcon_core.shell:Creating prefix script '/home/teng/foocer-dev/ros2_ws/install/local_setup.ps1'
[12.538s] INFO:colcon.colcon_core.shell:Creating prefix util module '/home/teng/foocer-dev/ros2_ws/install/_local_setup_util_ps1.py'
[12.544s] INFO:colcon.colcon_core.shell:Creating prefix chain script '/home/teng/foocer-dev/ros2_ws/install/setup.ps1'
[12.604s] INFO:colcon.colcon_core.shell:Creating prefix script '/home/teng/foocer-dev/ros2_ws/install/local_setup.sh'
[12.607s] INFO:colcon.colcon_core.shell:Creating prefix util module '/home/teng/foocer-dev/ros2_ws/install/_local_setup_util_sh.py'
[12.610s] INFO:colcon.colcon_core.shell:Creating prefix chain script '/home/teng/foocer-dev/ros2_ws/install/setup.sh'
[12.668s] INFO:colcon.colcon_core.shell:Creating prefix script '/home/teng/foocer-dev/ros2_ws/install/local_setup.bash'
[12.671s] INFO:colcon.colcon_core.shell:Creating prefix chain script '/home/teng/foocer-dev/ros2_ws/install/setup.bash'
[12.734s] INFO:colcon.colcon_core.shell:Creating prefix script '/home/teng/foocer-dev/ros2_ws/install/local_setup.zsh'
[12.737s] INFO:colcon.colcon_core.shell:Creating prefix chain script '/home/teng/foocer-dev/ros2_ws/install/setup.zsh'
