[0.360s] Invoking command in '/home/teng/ros2_ws/build/shape_msgs': CMAKE_PREFIX_PATH=/home/teng/ros2_ws/install/geometry_msgs:/home/teng/ros2_ws/install/std_msgs:/home/teng/ros2_ws/install/common_interfaces:/home/teng/ros2_ws/install/visualization_msgs:/home/teng/ros2_ws/install/trajectory_msgs:/home/teng/ros2_ws/install/stereo_msgs:/home/teng/ros2_ws/install/std_srvs:/home/teng/ros2_ws/install/shape_msgs:/home/teng/ros2_ws/install/sensor_msgs:/home/teng/ros2_ws/install/nav_msgs:/home/teng/ros2_ws/install/diagnostic_msgs:/home/teng/ros2_ws/install/actionlib_msgs:/home/teng/ros2_ws/install/exp_1_bringup:/home/teng/ros2_ws/install/simple_interfaces:/home/teng/ros2_ws/install/sensor_msgs_py:/home/teng/ros2_ws/install/experiment1:/opt/ros/humble LD_LIBRARY_PATH=/home/teng/ros2_ws/install/geometry_msgs/lib:/home/teng/ros2_ws/install/std_msgs/lib:/home/teng/ros2_ws/install/visualization_msgs/lib:/home/teng/ros2_ws/install/trajectory_msgs/lib:/home/teng/ros2_ws/install/stereo_msgs/lib:/home/teng/ros2_ws/install/std_srvs/lib:/home/teng/ros2_ws/install/shape_msgs/lib:/home/teng/ros2_ws/install/sensor_msgs/lib:/home/teng/ros2_ws/install/nav_msgs/lib:/home/teng/ros2_ws/install/diagnostic_msgs/lib:/home/teng/ros2_ws/install/actionlib_msgs/lib:/home/teng/ros2_ws/install/simple_interfaces/lib:/opt/ros/humble/lib/aarch64-linux-gnu:/opt/ros/humble/lib /usr/bin/cmake /home/teng/ros2_ws/src/ros2_common_interfaces/shape_msgs -DAMENT_CMAKE_SYMLINK_INSTALL=1 -DCMAKE_INSTALL_PREFIX=/home/teng/ros2_ws/install/shape_msgs
[0.923s] -- The C compiler identification is GNU 11.4.0
[1.453s] -- The CXX compiler identification is GNU 11.4.0
[1.512s] -- Detecting C compiler ABI info
[2.204s] -- Detecting C compiler ABI info - done
[2.254s] -- Check for working C compiler: /usr/bin/cc - skipped
[2.257s] -- Detecting C compile features
[2.260s] -- Detecting C compile features - done
[2.274s] -- Detecting CXX compiler ABI info
[3.115s] -- Detecting CXX compiler ABI info - done
[3.164s] -- Check for working CXX compiler: /usr/bin/c++ - skipped
[3.167s] -- Detecting CXX compile features
[3.170s] -- Detecting CXX compile features - done
[3.204s] -- Found ament_cmake: 1.3.5 (/opt/ros/humble/share/ament_cmake/cmake)
[5.181s] -- Found Python3: /usr/bin/python3.10 (found version "3.10.12") found components: Interpreter 
[5.719s] -- Override CMake install command with custom implementation using symlinks instead of copying resources
[6.172s] -- Found geometry_msgs: 5.2.0 (/home/teng/ros2_ws/install/geometry_msgs/share/geometry_msgs/cmake)
[6.553s] -- Found rosidl_generator_c: 3.1.5 (/opt/ros/humble/share/rosidl_generator_c/cmake)
[6.622s] -- Found rosidl_adapter: 3.1.5 (/opt/ros/humble/share/rosidl_adapter/cmake)
[6.695s] -- Found rosidl_generator_cpp: 3.1.5 (/opt/ros/humble/share/rosidl_generator_cpp/cmake)
[6.810s] -- Using all available rosidl_typesupport_c: rosidl_typesupport_fastrtps_c;rosidl_typesupport_introspection_c
[6.953s] -- Using all available rosidl_typesupport_cpp: rosidl_typesupport_fastrtps_cpp;rosidl_typesupport_introspection_cpp
[7.774s] -- Found rosidl_default_generators: 1.2.0 (/opt/ros/humble/share/rosidl_default_generators/cmake)
[10.504s] -- Found ament_cmake_cppcheck: 0.12.8 (/opt/ros/humble/share/ament_cmake_cppcheck/cmake)
[10.586s] -- Found ament_cmake_cpplint: 0.12.8 (/opt/ros/humble/share/ament_cmake_cpplint/cmake)
[10.621s] -- Found ament_cmake_uncrustify: 0.12.8 (/opt/ros/humble/share/ament_cmake_uncrustify/cmake)
[10.660s] -- Found ament_cmake_ros: 0.10.0 (/opt/ros/humble/share/ament_cmake_ros/cmake)
[14.302s] -- Using all available rosidl_typesupport_c: rosidl_typesupport_fastrtps_c;rosidl_typesupport_introspection_c
[15.690s] -- Using all available rosidl_typesupport_cpp: rosidl_typesupport_fastrtps_cpp;rosidl_typesupport_introspection_cpp
[15.950s] -- Found PythonInterp: /usr/bin/python3 (found suitable version "3.10.12", minimum required is "3.6") 
[15.997s] -- Found python_cmake_module: 0.10.0 (/opt/ros/humble/share/python_cmake_module/cmake)
[16.236s] -- Found PythonLibs: /usr/lib/aarch64-linux-gnu/libpython3.10.so (found suitable version "3.10.12", minimum required is "3.5") 
[16.237s] -- Using PYTHON_EXECUTABLE: /usr/bin/python3
[16.239s] -- Using PYTHON_INCLUDE_DIRS: /usr/include/python3.10
[16.240s] -- Using PYTHON_LIBRARIES: /usr/lib/aarch64-linux-gnu/libpython3.10.so
[16.509s] -- Found PythonExtra: .so  
[17.528s] -- Found ament_cmake_flake8: 0.12.8 (/opt/ros/humble/share/ament_cmake_flake8/cmake)
[17.600s] -- Found ament_cmake_pep257: 0.12.8 (/opt/ros/humble/share/ament_cmake_pep257/cmake)
[17.930s] -- Configuring done
[18.386s] -- Generating done
[18.465s] -- Build files have been written to: /home/teng/ros2_ws/build/shape_msgs
[18.666s] Invoked command in '/home/teng/ros2_ws/build/shape_msgs' returned '0': CMAKE_PREFIX_PATH=/home/teng/ros2_ws/install/geometry_msgs:/home/teng/ros2_ws/install/std_msgs:/home/teng/ros2_ws/install/common_interfaces:/home/teng/ros2_ws/install/visualization_msgs:/home/teng/ros2_ws/install/trajectory_msgs:/home/teng/ros2_ws/install/stereo_msgs:/home/teng/ros2_ws/install/std_srvs:/home/teng/ros2_ws/install/shape_msgs:/home/teng/ros2_ws/install/sensor_msgs:/home/teng/ros2_ws/install/nav_msgs:/home/teng/ros2_ws/install/diagnostic_msgs:/home/teng/ros2_ws/install/actionlib_msgs:/home/teng/ros2_ws/install/exp_1_bringup:/home/teng/ros2_ws/install/simple_interfaces:/home/teng/ros2_ws/install/sensor_msgs_py:/home/teng/ros2_ws/install/experiment1:/opt/ros/humble LD_LIBRARY_PATH=/home/teng/ros2_ws/install/geometry_msgs/lib:/home/teng/ros2_ws/install/std_msgs/lib:/home/teng/ros2_ws/install/visualization_msgs/lib:/home/teng/ros2_ws/install/trajectory_msgs/lib:/home/teng/ros2_ws/install/stereo_msgs/lib:/home/teng/ros2_ws/install/std_srvs/lib:/home/teng/ros2_ws/install/shape_msgs/lib:/home/teng/ros2_ws/install/sensor_msgs/lib:/home/teng/ros2_ws/install/nav_msgs/lib:/home/teng/ros2_ws/install/diagnostic_msgs/lib:/home/teng/ros2_ws/install/actionlib_msgs/lib:/home/teng/ros2_ws/install/simple_interfaces/lib:/opt/ros/humble/lib/aarch64-linux-gnu:/opt/ros/humble/lib /usr/bin/cmake /home/teng/ros2_ws/src/ros2_common_interfaces/shape_msgs -DAMENT_CMAKE_SYMLINK_INSTALL=1 -DCMAKE_INSTALL_PREFIX=/home/teng/ros2_ws/install/shape_msgs
[18.668s] Invoking command in '/home/teng/ros2_ws/build/shape_msgs': CMAKE_PREFIX_PATH=/home/teng/ros2_ws/install/geometry_msgs:/home/teng/ros2_ws/install/std_msgs:/home/teng/ros2_ws/install/common_interfaces:/home/teng/ros2_ws/install/visualization_msgs:/home/teng/ros2_ws/install/trajectory_msgs:/home/teng/ros2_ws/install/stereo_msgs:/home/teng/ros2_ws/install/std_srvs:/home/teng/ros2_ws/install/shape_msgs:/home/teng/ros2_ws/install/sensor_msgs:/home/teng/ros2_ws/install/nav_msgs:/home/teng/ros2_ws/install/diagnostic_msgs:/home/teng/ros2_ws/install/actionlib_msgs:/home/teng/ros2_ws/install/exp_1_bringup:/home/teng/ros2_ws/install/simple_interfaces:/home/teng/ros2_ws/install/sensor_msgs_py:/home/teng/ros2_ws/install/experiment1:/opt/ros/humble LD_LIBRARY_PATH=/home/teng/ros2_ws/install/geometry_msgs/lib:/home/teng/ros2_ws/install/std_msgs/lib:/home/teng/ros2_ws/install/visualization_msgs/lib:/home/teng/ros2_ws/install/trajectory_msgs/lib:/home/teng/ros2_ws/install/stereo_msgs/lib:/home/teng/ros2_ws/install/std_srvs/lib:/home/teng/ros2_ws/install/shape_msgs/lib:/home/teng/ros2_ws/install/sensor_msgs/lib:/home/teng/ros2_ws/install/nav_msgs/lib:/home/teng/ros2_ws/install/diagnostic_msgs/lib:/home/teng/ros2_ws/install/actionlib_msgs/lib:/home/teng/ros2_ws/install/simple_interfaces/lib:/opt/ros/humble/lib/aarch64-linux-gnu:/opt/ros/humble/lib /usr/bin/cmake --build /home/teng/ros2_ws/build/shape_msgs -- -j4 -l4
[19.300s] [  1%] [34m[1mGenerating C code for ROS interfaces[0m
[19.604s] [  3%] [34m[1mGenerating C++ code for ROS interfaces[0m
[28.842s] [  5%] [32mBuilding C object CMakeFiles/shape_msgs__rosidl_generator_c.dir/rosidl_generator_c/shape_msgs/msg/detail/mesh__functions.c.o[0m
[29.597s] [  7%] [32mBuilding C object CMakeFiles/shape_msgs__rosidl_generator_c.dir/rosidl_generator_c/shape_msgs/msg/detail/mesh_triangle__functions.c.o[0m
[30.543s] [  7%] Built target shape_msgs__cpp
[30.966s] [  9%] [32mBuilding C object CMakeFiles/shape_msgs__rosidl_generator_c.dir/rosidl_generator_c/shape_msgs/msg/detail/plane__functions.c.o[0m
[31.576s] [ 10%] [32mBuilding C object CMakeFiles/shape_msgs__rosidl_generator_c.dir/rosidl_generator_c/shape_msgs/msg/detail/solid_primitive__functions.c.o[0m
[32.300s] [ 12%] [32m[1mLinking C shared library libshape_msgs__rosidl_generator_c.so[0m
[32.718s] [ 12%] Built target shape_msgs__rosidl_generator_c
[32.815s] [ 14%] [34m[1mGenerating C++ type support for eProsima Fast-RTPS[0m
[38.420s] [ 16%] [32mBuilding CXX object CMakeFiles/shape_msgs__rosidl_typesupport_fastrtps_cpp.dir/rosidl_typesupport_fastrtps_cpp/shape_msgs/msg/detail/dds_fastrtps/mesh__type_support.cpp.o[0m
[42.428s] [ 18%] [32mBuilding CXX object CMakeFiles/shape_msgs__rosidl_typesupport_fastrtps_cpp.dir/rosidl_typesupport_fastrtps_cpp/shape_msgs/msg/detail/dds_fastrtps/mesh_triangle__type_support.cpp.o[0m
[46.120s] [ 20%] [32mBuilding CXX object CMakeFiles/shape_msgs__rosidl_typesupport_fastrtps_cpp.dir/rosidl_typesupport_fastrtps_cpp/shape_msgs/msg/detail/dds_fastrtps/plane__type_support.cpp.o[0m
[49.726s] [ 21%] [32mBuilding CXX object CMakeFiles/shape_msgs__rosidl_typesupport_fastrtps_cpp.dir/rosidl_typesupport_fastrtps_cpp/shape_msgs/msg/detail/dds_fastrtps/solid_primitive__type_support.cpp.o[0m
[54.301s] [ 23%] [32m[1mLinking CXX shared library libshape_msgs__rosidl_typesupport_fastrtps_cpp.so[0m
[55.146s] [ 23%] Built target shape_msgs__rosidl_typesupport_fastrtps_cpp
[55.222s] [ 25%] [34m[1mGenerating C++ introspection for ROS interfaces[0m
[60.413s] [ 27%] [32mBuilding CXX object CMakeFiles/shape_msgs__rosidl_typesupport_introspection_cpp.dir/rosidl_typesupport_introspection_cpp/shape_msgs/msg/detail/mesh__type_support.cpp.o[0m
[65.107s] [ 29%] [32mBuilding CXX object CMakeFiles/shape_msgs__rosidl_typesupport_introspection_cpp.dir/rosidl_typesupport_introspection_cpp/shape_msgs/msg/detail/mesh_triangle__type_support.cpp.o[0m
[69.801s] [ 30%] [32mBuilding CXX object CMakeFiles/shape_msgs__rosidl_typesupport_introspection_cpp.dir/rosidl_typesupport_introspection_cpp/shape_msgs/msg/detail/plane__type_support.cpp.o[0m
[73.214s] [ 32%] [32mBuilding CXX object CMakeFiles/shape_msgs__rosidl_typesupport_introspection_cpp.dir/rosidl_typesupport_introspection_cpp/shape_msgs/msg/detail/solid_primitive__type_support.cpp.o[0m
[77.318s] [ 34%] [32m[1mLinking CXX shared library libshape_msgs__rosidl_typesupport_introspection_cpp.so[0m
[78.193s] [ 34%] Built target shape_msgs__rosidl_typesupport_introspection_cpp
[78.288s] [ 36%] [34m[1mGenerating C type support for eProsima Fast-RTPS[0m
[83.324s] [ 38%] [32mBuilding CXX object CMakeFiles/shape_msgs__rosidl_typesupport_fastrtps_c.dir/rosidl_typesupport_fastrtps_c/shape_msgs/msg/detail/mesh__type_support_c.cpp.o[0m
[85.728s] [ 40%] [32mBuilding CXX object CMakeFiles/shape_msgs__rosidl_typesupport_fastrtps_c.dir/rosidl_typesupport_fastrtps_c/shape_msgs/msg/detail/mesh_triangle__type_support_c.cpp.o[0m
[89.700s] [ 41%] [32mBuilding CXX object CMakeFiles/shape_msgs__rosidl_typesupport_fastrtps_c.dir/rosidl_typesupport_fastrtps_c/shape_msgs/msg/detail/plane__type_support_c.cpp.o[0m
[92.750s] [ 43%] [32mBuilding CXX object CMakeFiles/shape_msgs__rosidl_typesupport_fastrtps_c.dir/rosidl_typesupport_fastrtps_c/shape_msgs/msg/detail/solid_primitive__type_support_c.cpp.o[0m
[95.647s] [ 45%] [32m[1mLinking CXX shared library libshape_msgs__rosidl_typesupport_fastrtps_c.so[0m
[96.710s] [ 45%] Built target shape_msgs__rosidl_typesupport_fastrtps_c
[96.860s] [ 47%] [34m[1mGenerating C introspection for ROS interfaces[0m
[101.534s] [ 49%] [32mBuilding C object CMakeFiles/shape_msgs__rosidl_typesupport_introspection_c.dir/rosidl_typesupport_introspection_c/shape_msgs/msg/detail/mesh__type_support.c.o[0m
[102.082s] [ 50%] [32mBuilding C object CMakeFiles/shape_msgs__rosidl_typesupport_introspection_c.dir/rosidl_typesupport_introspection_c/shape_msgs/msg/detail/mesh_triangle__type_support.c.o[0m
[102.566s] [ 52%] [32mBuilding C object CMakeFiles/shape_msgs__rosidl_typesupport_introspection_c.dir/rosidl_typesupport_introspection_c/shape_msgs/msg/detail/plane__type_support.c.o[0m
[103.052s] [ 54%] [32mBuilding C object CMakeFiles/shape_msgs__rosidl_typesupport_introspection_c.dir/rosidl_typesupport_introspection_c/shape_msgs/msg/detail/solid_primitive__type_support.c.o[0m
[103.544s] [ 56%] [32m[1mLinking C shared library libshape_msgs__rosidl_typesupport_introspection_c.so[0m
[103.810s] [ 56%] Built target shape_msgs__rosidl_typesupport_introspection_c
[103.889s] [ 58%] [34m[1mGenerating C type support dispatch for ROS interfaces[0m
[108.145s] [ 60%] [32mBuilding CXX object CMakeFiles/shape_msgs__rosidl_typesupport_c.dir/rosidl_typesupport_c/shape_msgs/msg/mesh__type_support.cpp.o[0m
[108.704s] [ 61%] [32mBuilding CXX object CMakeFiles/shape_msgs__rosidl_typesupport_c.dir/rosidl_typesupport_c/shape_msgs/msg/mesh_triangle__type_support.cpp.o[0m
[109.159s] [ 63%] [32mBuilding CXX object CMakeFiles/shape_msgs__rosidl_typesupport_c.dir/rosidl_typesupport_c/shape_msgs/msg/plane__type_support.cpp.o[0m
[109.413s] [ 65%] [32mBuilding CXX object CMakeFiles/shape_msgs__rosidl_typesupport_c.dir/rosidl_typesupport_c/shape_msgs/msg/solid_primitive__type_support.cpp.o[0m
[109.763s] [ 67%] [32m[1mLinking CXX shared library libshape_msgs__rosidl_typesupport_c.so[0m
[110.121s] [ 67%] Built target shape_msgs__rosidl_typesupport_c
[110.208s] [ 69%] [34m[1mGenerating C++ type support dispatch for ROS interfaces[0m
[113.452s] [ 70%] [32mBuilding CXX object CMakeFiles/shape_msgs__rosidl_typesupport_cpp.dir/rosidl_typesupport_cpp/shape_msgs/msg/mesh__type_support.cpp.o[0m
[115.256s] [ 72%] [32mBuilding CXX object CMakeFiles/shape_msgs__rosidl_typesupport_cpp.dir/rosidl_typesupport_cpp/shape_msgs/msg/plane__type_support.cpp.o[0m
[117.163s] [ 74%] [32mBuilding CXX object CMakeFiles/shape_msgs__rosidl_typesupport_cpp.dir/rosidl_typesupport_cpp/shape_msgs/msg/solid_primitive__type_support.cpp.o[0m
[119.018s] [ 76%] [32mBuilding CXX object CMakeFiles/shape_msgs__rosidl_typesupport_cpp.dir/rosidl_typesupport_cpp/shape_msgs/msg/mesh_triangle__type_support.cpp.o[0m
[121.314s] [ 78%] [32m[1mLinking CXX shared library libshape_msgs__rosidl_typesupport_cpp.so[0m
[121.669s] [ 78%] Built target shape_msgs__rosidl_typesupport_cpp
[121.842s] [ 78%] Built target ament_cmake_python_symlink_shape_msgs
[121.988s] [ 78%] Built target shape_msgs
[124.096s] running egg_info
[124.101s] creating shape_msgs.egg-info
[124.102s] writing shape_msgs.egg-info/PKG-INFO
[124.112s] writing dependency_links to shape_msgs.egg-info/dependency_links.txt
[124.115s] writing top-level names to shape_msgs.egg-info/top_level.txt
[124.118s] writing manifest file 'shape_msgs.egg-info/SOURCES.txt'
[124.133s] reading manifest file 'shape_msgs.egg-info/SOURCES.txt'
[124.137s] writing manifest file 'shape_msgs.egg-info/SOURCES.txt'
[124.324s] [ 78%] Built target ament_cmake_python_build_shape_msgs_egg
[124.454s] [ 80%] [34m[1mGenerating Python code for ROS interfaces[0m
[131.198s] [ 80%] Built target shape_msgs__py
[131.345s] [ 81%] [32mBuilding C object CMakeFiles/shape_msgs__rosidl_generator_py.dir/rosidl_generator_py/shape_msgs/msg/_mesh_s.c.o[0m
[132.161s] [ 83%] [32mBuilding C object CMakeFiles/shape_msgs__rosidl_generator_py.dir/rosidl_generator_py/shape_msgs/msg/_solid_primitive_s.c.o[0m
[133.128s] [ 85%] [32mBuilding C object CMakeFiles/shape_msgs__rosidl_generator_py.dir/rosidl_generator_py/shape_msgs/msg/_plane_s.c.o[0m
[134.310s] [ 87%] [32mBuilding C object CMakeFiles/shape_msgs__rosidl_generator_py.dir/rosidl_generator_py/shape_msgs/msg/_mesh_triangle_s.c.o[0m
[135.423s] [ 89%] [32m[1mLinking C shared library rosidl_generator_py/shape_msgs/libshape_msgs__rosidl_generator_py.so[0m
[135.921s] [ 89%] Built target shape_msgs__rosidl_generator_py
[136.266s] [ 90%] [32mBuilding C object CMakeFiles/shape_msgs__rosidl_typesupport_fastrtps_c__pyext.dir/rosidl_generator_py/shape_msgs/_shape_msgs_s.ep.rosidl_typesupport_fastrtps_c.c.o[0m
[137.945s] [ 92%] [32m[1mLinking C shared library rosidl_generator_py/shape_msgs/shape_msgs_s__rosidl_typesupport_fastrtps_c.cpython-310-aarch64-linux-gnu.so[0m
[138.412s] [ 92%] Built target shape_msgs__rosidl_typesupport_fastrtps_c__pyext
[138.594s] [ 94%] [32mBuilding C object CMakeFiles/shape_msgs__rosidl_typesupport_c__pyext.dir/rosidl_generator_py/shape_msgs/_shape_msgs_s.ep.rosidl_typesupport_c.c.o[0m
[139.661s] [ 96%] [32m[1mLinking C shared library rosidl_generator_py/shape_msgs/shape_msgs_s__rosidl_typesupport_c.cpython-310-aarch64-linux-gnu.so[0m
[140.117s] [ 96%] Built target shape_msgs__rosidl_typesupport_c__pyext
[140.316s] [ 98%] [32mBuilding C object CMakeFiles/shape_msgs__rosidl_typesupport_introspection_c__pyext.dir/rosidl_generator_py/shape_msgs/_shape_msgs_s.ep.rosidl_typesupport_introspection_c.c.o[0m
[141.629s] [100%] [32m[1mLinking C shared library rosidl_generator_py/shape_msgs/shape_msgs_s__rosidl_typesupport_introspection_c.cpython-310-aarch64-linux-gnu.so[0m
[141.954s] [100%] Built target shape_msgs__rosidl_typesupport_introspection_c__pyext
[142.081s] Invoked command in '/home/teng/ros2_ws/build/shape_msgs' returned '0': CMAKE_PREFIX_PATH=/home/teng/ros2_ws/install/geometry_msgs:/home/teng/ros2_ws/install/std_msgs:/home/teng/ros2_ws/install/common_interfaces:/home/teng/ros2_ws/install/visualization_msgs:/home/teng/ros2_ws/install/trajectory_msgs:/home/teng/ros2_ws/install/stereo_msgs:/home/teng/ros2_ws/install/std_srvs:/home/teng/ros2_ws/install/shape_msgs:/home/teng/ros2_ws/install/sensor_msgs:/home/teng/ros2_ws/install/nav_msgs:/home/teng/ros2_ws/install/diagnostic_msgs:/home/teng/ros2_ws/install/actionlib_msgs:/home/teng/ros2_ws/install/exp_1_bringup:/home/teng/ros2_ws/install/simple_interfaces:/home/teng/ros2_ws/install/sensor_msgs_py:/home/teng/ros2_ws/install/experiment1:/opt/ros/humble LD_LIBRARY_PATH=/home/teng/ros2_ws/install/geometry_msgs/lib:/home/teng/ros2_ws/install/std_msgs/lib:/home/teng/ros2_ws/install/visualization_msgs/lib:/home/teng/ros2_ws/install/trajectory_msgs/lib:/home/teng/ros2_ws/install/stereo_msgs/lib:/home/teng/ros2_ws/install/std_srvs/lib:/home/teng/ros2_ws/install/shape_msgs/lib:/home/teng/ros2_ws/install/sensor_msgs/lib:/home/teng/ros2_ws/install/nav_msgs/lib:/home/teng/ros2_ws/install/diagnostic_msgs/lib:/home/teng/ros2_ws/install/actionlib_msgs/lib:/home/teng/ros2_ws/install/simple_interfaces/lib:/opt/ros/humble/lib/aarch64-linux-gnu:/opt/ros/humble/lib /usr/bin/cmake --build /home/teng/ros2_ws/build/shape_msgs -- -j4 -l4
[145.049s] Invoking command in '/home/teng/ros2_ws/build/shape_msgs': CMAKE_PREFIX_PATH=/home/teng/ros2_ws/install/geometry_msgs:/home/teng/ros2_ws/install/std_msgs:/home/teng/ros2_ws/install/common_interfaces:/home/teng/ros2_ws/install/visualization_msgs:/home/teng/ros2_ws/install/trajectory_msgs:/home/teng/ros2_ws/install/stereo_msgs:/home/teng/ros2_ws/install/std_srvs:/home/teng/ros2_ws/install/shape_msgs:/home/teng/ros2_ws/install/sensor_msgs:/home/teng/ros2_ws/install/nav_msgs:/home/teng/ros2_ws/install/diagnostic_msgs:/home/teng/ros2_ws/install/actionlib_msgs:/home/teng/ros2_ws/install/exp_1_bringup:/home/teng/ros2_ws/install/simple_interfaces:/home/teng/ros2_ws/install/sensor_msgs_py:/home/teng/ros2_ws/install/experiment1:/opt/ros/humble LD_LIBRARY_PATH=/home/teng/ros2_ws/install/geometry_msgs/lib:/home/teng/ros2_ws/install/std_msgs/lib:/home/teng/ros2_ws/install/visualization_msgs/lib:/home/teng/ros2_ws/install/trajectory_msgs/lib:/home/teng/ros2_ws/install/stereo_msgs/lib:/home/teng/ros2_ws/install/std_srvs/lib:/home/teng/ros2_ws/install/shape_msgs/lib:/home/teng/ros2_ws/install/sensor_msgs/lib:/home/teng/ros2_ws/install/nav_msgs/lib:/home/teng/ros2_ws/install/diagnostic_msgs/lib:/home/teng/ros2_ws/install/actionlib_msgs/lib:/home/teng/ros2_ws/install/simple_interfaces/lib:/opt/ros/humble/lib/aarch64-linux-gnu:/opt/ros/humble/lib /usr/bin/cmake --install /home/teng/ros2_ws/build/shape_msgs
[145.169s] -- Install configuration: ""
[145.178s] -- Execute custom install script
[145.184s] -- Symlinking: /home/teng/ros2_ws/install/shape_msgs/share/ament_index/resource_index/rosidl_interfaces/shape_msgs
[145.312s] -- Symlinking: /home/teng/ros2_ws/install/shape_msgs/include/shape_msgs/shape_msgs/msg/detail/mesh__functions.h
[145.409s] -- Symlinking: /home/teng/ros2_ws/install/shape_msgs/include/shape_msgs/shape_msgs/msg/detail/mesh__struct.h
[145.485s] -- Symlinking: /home/teng/ros2_ws/install/shape_msgs/include/shape_msgs/shape_msgs/msg/detail/mesh__type_support.h
[145.554s] -- Symlinking: /home/teng/ros2_ws/install/shape_msgs/include/shape_msgs/shape_msgs/msg/detail/mesh_triangle__functions.h
[145.648s] -- Symlinking: /home/teng/ros2_ws/install/shape_msgs/include/shape_msgs/shape_msgs/msg/detail/mesh_triangle__struct.h
[145.736s] -- Symlinking: /home/teng/ros2_ws/install/shape_msgs/include/shape_msgs/shape_msgs/msg/detail/mesh_triangle__type_support.h
[145.830s] -- Symlinking: /home/teng/ros2_ws/install/shape_msgs/include/shape_msgs/shape_msgs/msg/detail/plane__functions.h
[145.899s] -- Symlinking: /home/teng/ros2_ws/install/shape_msgs/include/shape_msgs/shape_msgs/msg/detail/plane__struct.h
[145.975s] -- Symlinking: /home/teng/ros2_ws/install/shape_msgs/include/shape_msgs/shape_msgs/msg/detail/plane__type_support.h
[146.087s] -- Symlinking: /home/teng/ros2_ws/install/shape_msgs/include/shape_msgs/shape_msgs/msg/detail/solid_primitive__functions.h
[146.182s] -- Symlinking: /home/teng/ros2_ws/install/shape_msgs/include/shape_msgs/shape_msgs/msg/detail/solid_primitive__struct.h
[146.262s] -- Symlinking: /home/teng/ros2_ws/install/shape_msgs/include/shape_msgs/shape_msgs/msg/detail/solid_primitive__type_support.h
[146.332s] -- Symlinking: /home/teng/ros2_ws/install/shape_msgs/include/shape_msgs/shape_msgs/msg/mesh.h
[146.407s] -- Symlinking: /home/teng/ros2_ws/install/shape_msgs/include/shape_msgs/shape_msgs/msg/mesh_triangle.h
[146.501s] -- Symlinking: /home/teng/ros2_ws/install/shape_msgs/include/shape_msgs/shape_msgs/msg/plane.h
[146.590s] -- Symlinking: /home/teng/ros2_ws/install/shape_msgs/include/shape_msgs/shape_msgs/msg/rosidl_generator_c__visibility_control.h
[146.658s] -- Symlinking: /home/teng/ros2_ws/install/shape_msgs/include/shape_msgs/shape_msgs/msg/solid_primitive.h
[146.725s] -- Symlinking: /home/teng/ros2_ws/install/shape_msgs/share/shape_msgs/environment/library_path.sh
[146.782s] -- Symlinking: /home/teng/ros2_ws/install/shape_msgs/share/shape_msgs/environment/library_path.dsv
[146.836s] -- Symlinking: /home/teng/ros2_ws/install/shape_msgs/include/shape_msgs/shape_msgs/msg/detail/mesh__rosidl_typesupport_fastrtps_c.h
[146.915s] -- Symlinking: /home/teng/ros2_ws/install/shape_msgs/include/shape_msgs/shape_msgs/msg/detail/mesh_triangle__rosidl_typesupport_fastrtps_c.h
[146.986s] -- Symlinking: /home/teng/ros2_ws/install/shape_msgs/include/shape_msgs/shape_msgs/msg/detail/plane__rosidl_typesupport_fastrtps_c.h
[147.094s] -- Symlinking: /home/teng/ros2_ws/install/shape_msgs/include/shape_msgs/shape_msgs/msg/detail/solid_primitive__rosidl_typesupport_fastrtps_c.h
[147.223s] -- Symlinking: /home/teng/ros2_ws/install/shape_msgs/include/shape_msgs/shape_msgs/msg/rosidl_typesupport_fastrtps_c__visibility_control.h
[147.338s] -- Symlinking: /home/teng/ros2_ws/install/shape_msgs/include/shape_msgs/shape_msgs/msg/detail/mesh__builder.hpp
[147.457s] -- Symlinking: /home/teng/ros2_ws/install/shape_msgs/include/shape_msgs/shape_msgs/msg/detail/mesh__struct.hpp
[147.575s] -- Symlinking: /home/teng/ros2_ws/install/shape_msgs/include/shape_msgs/shape_msgs/msg/detail/mesh__traits.hpp
[147.694s] -- Symlinking: /home/teng/ros2_ws/install/shape_msgs/include/shape_msgs/shape_msgs/msg/detail/mesh_triangle__builder.hpp
[147.806s] -- Symlinking: /home/teng/ros2_ws/install/shape_msgs/include/shape_msgs/shape_msgs/msg/detail/mesh_triangle__struct.hpp
[147.902s] -- Symlinking: /home/teng/ros2_ws/install/shape_msgs/include/shape_msgs/shape_msgs/msg/detail/mesh_triangle__traits.hpp
[147.994s] -- Symlinking: /home/teng/ros2_ws/install/shape_msgs/include/shape_msgs/shape_msgs/msg/detail/plane__builder.hpp
[148.090s] -- Symlinking: /home/teng/ros2_ws/install/shape_msgs/include/shape_msgs/shape_msgs/msg/detail/plane__struct.hpp
[148.176s] -- Symlinking: /home/teng/ros2_ws/install/shape_msgs/include/shape_msgs/shape_msgs/msg/detail/plane__traits.hpp
[148.237s] -- Symlinking: /home/teng/ros2_ws/install/shape_msgs/include/shape_msgs/shape_msgs/msg/detail/solid_primitive__builder.hpp
[148.293s] -- Symlinking: /home/teng/ros2_ws/install/shape_msgs/include/shape_msgs/shape_msgs/msg/detail/solid_primitive__struct.hpp
[148.345s] -- Symlinking: /home/teng/ros2_ws/install/shape_msgs/include/shape_msgs/shape_msgs/msg/detail/solid_primitive__traits.hpp
[148.403s] -- Symlinking: /home/teng/ros2_ws/install/shape_msgs/include/shape_msgs/shape_msgs/msg/mesh.hpp
[148.454s] -- Symlinking: /home/teng/ros2_ws/install/shape_msgs/include/shape_msgs/shape_msgs/msg/mesh_triangle.hpp
[148.514s] -- Symlinking: /home/teng/ros2_ws/install/shape_msgs/include/shape_msgs/shape_msgs/msg/plane.hpp
[148.566s] -- Symlinking: /home/teng/ros2_ws/install/shape_msgs/include/shape_msgs/shape_msgs/msg/solid_primitive.hpp
[148.642s] -- Symlinking: /home/teng/ros2_ws/install/shape_msgs/include/shape_msgs/shape_msgs/msg/detail/mesh__rosidl_typesupport_fastrtps_cpp.hpp
[148.731s] -- Symlinking: /home/teng/ros2_ws/install/shape_msgs/include/shape_msgs/shape_msgs/msg/detail/mesh_triangle__rosidl_typesupport_fastrtps_cpp.hpp
[148.812s] -- Symlinking: /home/teng/ros2_ws/install/shape_msgs/include/shape_msgs/shape_msgs/msg/detail/plane__rosidl_typesupport_fastrtps_cpp.hpp
[148.906s] -- Symlinking: /home/teng/ros2_ws/install/shape_msgs/include/shape_msgs/shape_msgs/msg/detail/solid_primitive__rosidl_typesupport_fastrtps_cpp.hpp
[148.983s] -- Symlinking: /home/teng/ros2_ws/install/shape_msgs/include/shape_msgs/shape_msgs/msg/rosidl_typesupport_fastrtps_cpp__visibility_control.h
[149.077s] -- Symlinking: /home/teng/ros2_ws/install/shape_msgs/include/shape_msgs/shape_msgs/msg/detail/mesh__rosidl_typesupport_introspection_c.h
[149.164s] -- Symlinking: /home/teng/ros2_ws/install/shape_msgs/include/shape_msgs/shape_msgs/msg/detail/mesh_triangle__rosidl_typesupport_introspection_c.h
[149.229s] -- Symlinking: /home/teng/ros2_ws/install/shape_msgs/include/shape_msgs/shape_msgs/msg/detail/plane__rosidl_typesupport_introspection_c.h
[149.319s] -- Symlinking: /home/teng/ros2_ws/install/shape_msgs/include/shape_msgs/shape_msgs/msg/detail/solid_primitive__rosidl_typesupport_introspection_c.h
[149.433s] -- Symlinking: /home/teng/ros2_ws/install/shape_msgs/include/shape_msgs/shape_msgs/msg/rosidl_typesupport_introspection_c__visibility_control.h
[149.509s] -- Symlinking: /home/teng/ros2_ws/install/shape_msgs/include/shape_msgs/shape_msgs/msg/detail/mesh__rosidl_typesupport_introspection_cpp.hpp
[149.602s] -- Symlinking: /home/teng/ros2_ws/install/shape_msgs/include/shape_msgs/shape_msgs/msg/detail/mesh_triangle__rosidl_typesupport_introspection_cpp.hpp
[149.692s] -- Symlinking: /home/teng/ros2_ws/install/shape_msgs/include/shape_msgs/shape_msgs/msg/detail/plane__rosidl_typesupport_introspection_cpp.hpp
[149.839s] -- Symlinking: /home/teng/ros2_ws/install/shape_msgs/include/shape_msgs/shape_msgs/msg/detail/solid_primitive__rosidl_typesupport_introspection_cpp.hpp
[149.950s] -- Symlinking: /home/teng/ros2_ws/install/shape_msgs/share/shape_msgs/environment/pythonpath.sh
[150.077s] -- Symlinking: /home/teng/ros2_ws/install/shape_msgs/share/shape_msgs/environment/pythonpath.dsv
[150.161s] -- Symlinking: /home/teng/ros2_ws/install/shape_msgs/local/lib/python3.10/dist-packages/shape_msgs-5.2.0-py3.10.egg-info/PKG-INFO
[150.218s] -- Symlinking: /home/teng/ros2_ws/install/shape_msgs/local/lib/python3.10/dist-packages/shape_msgs-5.2.0-py3.10.egg-info/SOURCES.txt
[150.274s] -- Symlinking: /home/teng/ros2_ws/install/shape_msgs/local/lib/python3.10/dist-packages/shape_msgs-5.2.0-py3.10.egg-info/dependency_links.txt
[150.332s] -- Symlinking: /home/teng/ros2_ws/install/shape_msgs/local/lib/python3.10/dist-packages/shape_msgs-5.2.0-py3.10.egg-info/top_level.txt
[150.393s] -- Symlinking: /home/teng/ros2_ws/install/shape_msgs/local/lib/python3.10/dist-packages/shape_msgs/__init__.py
[150.454s] -- Symlinking: /home/teng/ros2_ws/install/shape_msgs/local/lib/python3.10/dist-packages/shape_msgs/_shape_msgs_s.ep.rosidl_typesupport_c.c
[150.516s] -- Symlinking: /home/teng/ros2_ws/install/shape_msgs/local/lib/python3.10/dist-packages/shape_msgs/_shape_msgs_s.ep.rosidl_typesupport_fastrtps_c.c
[150.575s] -- Symlinking: /home/teng/ros2_ws/install/shape_msgs/local/lib/python3.10/dist-packages/shape_msgs/_shape_msgs_s.ep.rosidl_typesupport_introspection_c.c
[150.639s] -- Symlinking: /home/teng/ros2_ws/install/shape_msgs/local/lib/python3.10/dist-packages/shape_msgs/libshape_msgs__rosidl_generator_py.so
[150.752s] -- Symlinking: /home/teng/ros2_ws/install/shape_msgs/local/lib/python3.10/dist-packages/shape_msgs/msg/__init__.py
[150.824s] -- Symlinking: /home/teng/ros2_ws/install/shape_msgs/local/lib/python3.10/dist-packages/shape_msgs/msg/_mesh.py
[150.941s] -- Symlinking: /home/teng/ros2_ws/install/shape_msgs/local/lib/python3.10/dist-packages/shape_msgs/msg/_mesh_s.c
[151.102s] -- Symlinking: /home/teng/ros2_ws/install/shape_msgs/local/lib/python3.10/dist-packages/shape_msgs/msg/_mesh_triangle.py
[151.212s] -- Symlinking: /home/teng/ros2_ws/install/shape_msgs/local/lib/python3.10/dist-packages/shape_msgs/msg/_mesh_triangle_s.c
[151.303s] -- Symlinking: /home/teng/ros2_ws/install/shape_msgs/local/lib/python3.10/dist-packages/shape_msgs/msg/_plane.py
[151.420s] -- Symlinking: /home/teng/ros2_ws/install/shape_msgs/local/lib/python3.10/dist-packages/shape_msgs/msg/_plane_s.c
[151.544s] -- Symlinking: /home/teng/ros2_ws/install/shape_msgs/local/lib/python3.10/dist-packages/shape_msgs/msg/_solid_primitive.py
[151.659s] -- Symlinking: /home/teng/ros2_ws/install/shape_msgs/local/lib/python3.10/dist-packages/shape_msgs/msg/_solid_primitive_s.c
[151.737s] -- Symlinking: /home/teng/ros2_ws/install/shape_msgs/local/lib/python3.10/dist-packages/shape_msgs/shape_msgs_s__rosidl_typesupport_c.cpython-310-aarch64-linux-gnu.so
[151.827s] -- Symlinking: /home/teng/ros2_ws/install/shape_msgs/local/lib/python3.10/dist-packages/shape_msgs/shape_msgs_s__rosidl_typesupport_fastrtps_c.cpython-310-aarch64-linux-gnu.so
[151.933s] -- Symlinking: /home/teng/ros2_ws/install/shape_msgs/local/lib/python3.10/dist-packages/shape_msgs/shape_msgs_s__rosidl_typesupport_introspection_c.cpython-310-aarch64-linux-gnu.so
[152.013s] -- Up-to-date symlink: /home/teng/ros2_ws/install/shape_msgs/local/lib/python3.10/dist-packages/shape_msgs/shape_msgs_s__rosidl_typesupport_fastrtps_c.cpython-310-aarch64-linux-gnu.so
[152.017s] -- Up-to-date symlink: /home/teng/ros2_ws/install/shape_msgs/local/lib/python3.10/dist-packages/shape_msgs/shape_msgs_s__rosidl_typesupport_introspection_c.cpython-310-aarch64-linux-gnu.so
[152.022s] -- Up-to-date symlink: /home/teng/ros2_ws/install/shape_msgs/local/lib/python3.10/dist-packages/shape_msgs/shape_msgs_s__rosidl_typesupport_c.cpython-310-aarch64-linux-gnu.so
[152.027s] -- Symlinking: /home/teng/ros2_ws/install/shape_msgs/share/shape_msgs/msg/Mesh.idl
[152.156s] -- Symlinking: /home/teng/ros2_ws/install/shape_msgs/share/shape_msgs/msg/MeshTriangle.idl
[152.270s] -- Symlinking: /home/teng/ros2_ws/install/shape_msgs/share/shape_msgs/msg/Plane.idl
[152.361s] -- Symlinking: /home/teng/ros2_ws/install/shape_msgs/share/shape_msgs/msg/SolidPrimitive.idl
[152.414s] -- Symlinking: /home/teng/ros2_ws/install/shape_msgs/share/shape_msgs/msg/Mesh.msg
[152.471s] -- Symlinking: /home/teng/ros2_ws/install/shape_msgs/share/shape_msgs/msg/MeshTriangle.msg
[152.575s] -- Symlinking: /home/teng/ros2_ws/install/shape_msgs/share/shape_msgs/msg/Plane.msg
[152.677s] -- Symlinking: /home/teng/ros2_ws/install/shape_msgs/share/shape_msgs/msg/SolidPrimitive.msg
[152.780s] -- Symlinking: /home/teng/ros2_ws/install/shape_msgs/share/ament_index/resource_index/package_run_dependencies/shape_msgs
[152.884s] -- Symlinking: /home/teng/ros2_ws/install/shape_msgs/share/ament_index/resource_index/parent_prefix_path/shape_msgs
[152.939s] -- Symlinking: /home/teng/ros2_ws/install/shape_msgs/share/shape_msgs/environment/ament_prefix_path.sh
[153.008s] -- Symlinking: /home/teng/ros2_ws/install/shape_msgs/share/shape_msgs/environment/ament_prefix_path.dsv
[153.111s] -- Symlinking: /home/teng/ros2_ws/install/shape_msgs/share/shape_msgs/environment/path.sh
[153.169s] -- Symlinking: /home/teng/ros2_ws/install/shape_msgs/share/shape_msgs/environment/path.dsv
[153.300s] -- Symlinking: /home/teng/ros2_ws/install/shape_msgs/share/shape_msgs/local_setup.bash
[153.428s] -- Symlinking: /home/teng/ros2_ws/install/shape_msgs/share/shape_msgs/local_setup.sh
[153.510s] -- Symlinking: /home/teng/ros2_ws/install/shape_msgs/share/shape_msgs/local_setup.zsh
[153.603s] -- Symlinking: /home/teng/ros2_ws/install/shape_msgs/share/shape_msgs/local_setup.dsv
[153.721s] -- Symlinking: /home/teng/ros2_ws/install/shape_msgs/share/shape_msgs/package.dsv
[153.815s] -- Symlinking: /home/teng/ros2_ws/install/shape_msgs/share/ament_index/resource_index/packages/shape_msgs
[153.884s] -- Symlinking: /home/teng/ros2_ws/install/shape_msgs/share/shape_msgs/cmake/rosidl_cmake-extras.cmake
[153.977s] -- Symlinking: /home/teng/ros2_ws/install/shape_msgs/share/shape_msgs/cmake/ament_cmake_export_dependencies-extras.cmake
[154.107s] -- Symlinking: /home/teng/ros2_ws/install/shape_msgs/share/shape_msgs/cmake/ament_cmake_export_include_directories-extras.cmake
[154.209s] -- Symlinking: /home/teng/ros2_ws/install/shape_msgs/share/shape_msgs/cmake/ament_cmake_export_libraries-extras.cmake
[154.275s] -- Symlinking: /home/teng/ros2_ws/install/shape_msgs/share/shape_msgs/cmake/ament_cmake_export_targets-extras.cmake
[154.355s] -- Symlinking: /home/teng/ros2_ws/install/shape_msgs/share/shape_msgs/cmake/rosidl_cmake_export_typesupport_targets-extras.cmake
[154.415s] -- Symlinking: /home/teng/ros2_ws/install/shape_msgs/share/shape_msgs/cmake/rosidl_cmake_export_typesupport_libraries-extras.cmake
[154.516s] -- Symlinking: /home/teng/ros2_ws/install/shape_msgs/share/shape_msgs/cmake/shape_msgsConfig.cmake
[154.611s] -- Symlinking: /home/teng/ros2_ws/install/shape_msgs/share/shape_msgs/cmake/shape_msgsConfig-version.cmake
[154.667s] -- Symlinking: /home/teng/ros2_ws/install/shape_msgs/share/shape_msgs/package.xml
[154.719s] -- Installing: /home/teng/ros2_ws/install/shape_msgs/lib/libshape_msgs__rosidl_generator_c.so
[154.741s] -- Set runtime path of "/home/teng/ros2_ws/install/shape_msgs/lib/libshape_msgs__rosidl_generator_c.so" to ""
[154.756s] -- Installing: /home/teng/ros2_ws/install/shape_msgs/lib/libshape_msgs__rosidl_typesupport_fastrtps_c.so
[154.765s] -- Set runtime path of "/home/teng/ros2_ws/install/shape_msgs/lib/libshape_msgs__rosidl_typesupport_fastrtps_c.so" to ""
[154.770s] -- Installing: /home/teng/ros2_ws/install/shape_msgs/lib/libshape_msgs__rosidl_typesupport_fastrtps_cpp.so
[154.783s] -- Set runtime path of "/home/teng/ros2_ws/install/shape_msgs/lib/libshape_msgs__rosidl_typesupport_fastrtps_cpp.so" to ""
[154.785s] -- Installing: /home/teng/ros2_ws/install/shape_msgs/lib/libshape_msgs__rosidl_typesupport_introspection_c.so
[154.794s] -- Set runtime path of "/home/teng/ros2_ws/install/shape_msgs/lib/libshape_msgs__rosidl_typesupport_introspection_c.so" to ""
[154.797s] -- Installing: /home/teng/ros2_ws/install/shape_msgs/lib/libshape_msgs__rosidl_typesupport_c.so
[154.804s] -- Set runtime path of "/home/teng/ros2_ws/install/shape_msgs/lib/libshape_msgs__rosidl_typesupport_c.so" to ""
[154.806s] -- Installing: /home/teng/ros2_ws/install/shape_msgs/lib/libshape_msgs__rosidl_typesupport_introspection_cpp.so
[154.814s] -- Set runtime path of "/home/teng/ros2_ws/install/shape_msgs/lib/libshape_msgs__rosidl_typesupport_introspection_cpp.so" to ""
[154.816s] -- Installing: /home/teng/ros2_ws/install/shape_msgs/lib/libshape_msgs__rosidl_typesupport_cpp.so
[154.822s] -- Set runtime path of "/home/teng/ros2_ws/install/shape_msgs/lib/libshape_msgs__rosidl_typesupport_cpp.so" to ""
[155.403s] Listing '/home/teng/ros2_ws/install/shape_msgs/local/lib/python3.10/dist-packages/shape_msgs'...
[155.406s] Compiling '/home/teng/ros2_ws/install/shape_msgs/local/lib/python3.10/dist-packages/shape_msgs/__init__.py'...
[155.407s] Listing '/home/teng/ros2_ws/install/shape_msgs/local/lib/python3.10/dist-packages/shape_msgs/msg'...
[155.408s] Compiling '/home/teng/ros2_ws/install/shape_msgs/local/lib/python3.10/dist-packages/shape_msgs/msg/__init__.py'...
[155.409s] Compiling '/home/teng/ros2_ws/install/shape_msgs/local/lib/python3.10/dist-packages/shape_msgs/msg/_mesh.py'...
[155.410s] Compiling '/home/teng/ros2_ws/install/shape_msgs/local/lib/python3.10/dist-packages/shape_msgs/msg/_mesh_triangle.py'...
[155.410s] Compiling '/home/teng/ros2_ws/install/shape_msgs/local/lib/python3.10/dist-packages/shape_msgs/msg/_plane.py'...
[155.411s] Compiling '/home/teng/ros2_ws/install/shape_msgs/local/lib/python3.10/dist-packages/shape_msgs/msg/_solid_primitive.py'...
[155.478s] -- Installing: /home/teng/ros2_ws/install/shape_msgs/lib/libshape_msgs__rosidl_generator_py.so
[155.484s] -- Set runtime path of "/home/teng/ros2_ws/install/shape_msgs/lib/libshape_msgs__rosidl_generator_py.so" to ""
[155.487s] -- Installing: /home/teng/ros2_ws/install/shape_msgs/share/shape_msgs/cmake/export_shape_msgs__rosidl_generator_cExport.cmake
[155.490s] -- Installing: /home/teng/ros2_ws/install/shape_msgs/share/shape_msgs/cmake/export_shape_msgs__rosidl_generator_cExport-noconfig.cmake
[155.494s] -- Installing: /home/teng/ros2_ws/install/shape_msgs/share/shape_msgs/cmake/export_shape_msgs__rosidl_typesupport_fastrtps_cExport.cmake
[155.499s] -- Installing: /home/teng/ros2_ws/install/shape_msgs/share/shape_msgs/cmake/export_shape_msgs__rosidl_typesupport_fastrtps_cExport-noconfig.cmake
[155.508s] -- Installing: /home/teng/ros2_ws/install/shape_msgs/share/shape_msgs/cmake/export_shape_msgs__rosidl_generator_cppExport.cmake
[155.512s] -- Installing: /home/teng/ros2_ws/install/shape_msgs/share/shape_msgs/cmake/export_shape_msgs__rosidl_typesupport_fastrtps_cppExport.cmake
[155.519s] -- Installing: /home/teng/ros2_ws/install/shape_msgs/share/shape_msgs/cmake/export_shape_msgs__rosidl_typesupport_fastrtps_cppExport-noconfig.cmake
[155.524s] -- Installing: /home/teng/ros2_ws/install/shape_msgs/share/shape_msgs/cmake/shape_msgs__rosidl_typesupport_introspection_cExport.cmake
[155.530s] -- Installing: /home/teng/ros2_ws/install/shape_msgs/share/shape_msgs/cmake/shape_msgs__rosidl_typesupport_introspection_cExport-noconfig.cmake
[155.535s] -- Installing: /home/teng/ros2_ws/install/shape_msgs/share/shape_msgs/cmake/shape_msgs__rosidl_typesupport_cExport.cmake
[155.538s] -- Installing: /home/teng/ros2_ws/install/shape_msgs/share/shape_msgs/cmake/shape_msgs__rosidl_typesupport_cExport-noconfig.cmake
[155.541s] -- Installing: /home/teng/ros2_ws/install/shape_msgs/share/shape_msgs/cmake/shape_msgs__rosidl_typesupport_introspection_cppExport.cmake
[155.546s] -- Installing: /home/teng/ros2_ws/install/shape_msgs/share/shape_msgs/cmake/shape_msgs__rosidl_typesupport_introspection_cppExport-noconfig.cmake
[155.550s] -- Installing: /home/teng/ros2_ws/install/shape_msgs/share/shape_msgs/cmake/shape_msgs__rosidl_typesupport_cppExport.cmake
[155.563s] -- Installing: /home/teng/ros2_ws/install/shape_msgs/share/shape_msgs/cmake/shape_msgs__rosidl_typesupport_cppExport-noconfig.cmake
[155.571s] -- Installing: /home/teng/ros2_ws/install/shape_msgs/share/shape_msgs/cmake/export_shape_msgs__rosidl_generator_pyExport.cmake
[155.578s] -- Installing: /home/teng/ros2_ws/install/shape_msgs/share/shape_msgs/cmake/export_shape_msgs__rosidl_generator_pyExport-noconfig.cmake
[155.602s] Invoked command in '/home/teng/ros2_ws/build/shape_msgs' returned '0': CMAKE_PREFIX_PATH=/home/teng/ros2_ws/install/geometry_msgs:/home/teng/ros2_ws/install/std_msgs:/home/teng/ros2_ws/install/common_interfaces:/home/teng/ros2_ws/install/visualization_msgs:/home/teng/ros2_ws/install/trajectory_msgs:/home/teng/ros2_ws/install/stereo_msgs:/home/teng/ros2_ws/install/std_srvs:/home/teng/ros2_ws/install/shape_msgs:/home/teng/ros2_ws/install/sensor_msgs:/home/teng/ros2_ws/install/nav_msgs:/home/teng/ros2_ws/install/diagnostic_msgs:/home/teng/ros2_ws/install/actionlib_msgs:/home/teng/ros2_ws/install/exp_1_bringup:/home/teng/ros2_ws/install/simple_interfaces:/home/teng/ros2_ws/install/sensor_msgs_py:/home/teng/ros2_ws/install/experiment1:/opt/ros/humble LD_LIBRARY_PATH=/home/teng/ros2_ws/install/geometry_msgs/lib:/home/teng/ros2_ws/install/std_msgs/lib:/home/teng/ros2_ws/install/visualization_msgs/lib:/home/teng/ros2_ws/install/trajectory_msgs/lib:/home/teng/ros2_ws/install/stereo_msgs/lib:/home/teng/ros2_ws/install/std_srvs/lib:/home/teng/ros2_ws/install/shape_msgs/lib:/home/teng/ros2_ws/install/sensor_msgs/lib:/home/teng/ros2_ws/install/nav_msgs/lib:/home/teng/ros2_ws/install/diagnostic_msgs/lib:/home/teng/ros2_ws/install/actionlib_msgs/lib:/home/teng/ros2_ws/install/simple_interfaces/lib:/opt/ros/humble/lib/aarch64-linux-gnu:/opt/ros/humble/lib /usr/bin/cmake --install /home/teng/ros2_ws/build/shape_msgs
