[0.683s] Invoking command in '/home/teng/ros2_ws/build/visualization_msgs': CMAKE_PREFIX_PATH=/home/teng/ros2_ws/install/sensor_msgs:/home/teng/ros2_ws/install/geometry_msgs:/home/teng/ros2_ws/install/std_msgs:/home/teng/ros2_ws/install/common_interfaces:/home/teng/ros2_ws/install/visualization_msgs:/home/teng/ros2_ws/install/trajectory_msgs:/home/teng/ros2_ws/install/stereo_msgs:/home/teng/ros2_ws/install/std_srvs:/home/teng/ros2_ws/install/shape_msgs:/home/teng/ros2_ws/install/nav_msgs:/home/teng/ros2_ws/install/diagnostic_msgs:/home/teng/ros2_ws/install/actionlib_msgs:/home/teng/ros2_ws/install/exp_1_bringup:/home/teng/ros2_ws/install/simple_interfaces:/home/teng/ros2_ws/install/sensor_msgs_py:/home/teng/ros2_ws/install/experiment1:/opt/ros/humble LD_LIBRARY_PATH=/home/teng/ros2_ws/install/sensor_msgs/lib:/home/teng/ros2_ws/install/geometry_msgs/lib:/home/teng/ros2_ws/install/std_msgs/lib:/home/teng/ros2_ws/install/visualization_msgs/lib:/home/teng/ros2_ws/install/trajectory_msgs/lib:/home/teng/ros2_ws/install/stereo_msgs/lib:/home/teng/ros2_ws/install/std_srvs/lib:/home/teng/ros2_ws/install/shape_msgs/lib:/home/teng/ros2_ws/install/nav_msgs/lib:/home/teng/ros2_ws/install/diagnostic_msgs/lib:/home/teng/ros2_ws/install/actionlib_msgs/lib:/home/teng/ros2_ws/install/simple_interfaces/lib:/opt/ros/humble/lib/aarch64-linux-gnu:/opt/ros/humble/lib /usr/bin/cmake /home/teng/ros2_ws/src/ros2_common_interfaces/visualization_msgs -DAMENT_CMAKE_SYMLINK_INSTALL=1 -DCMAKE_INSTALL_PREFIX=/home/teng/ros2_ws/install/visualization_msgs
[1.073s] -- The C compiler identification is GNU 11.4.0
[1.480s] -- The CXX compiler identification is GNU 11.4.0
[1.531s] -- Detecting C compiler ABI info
[2.108s] -- Detecting C compiler ABI info - done
[2.139s] -- Check for working C compiler: /usr/bin/cc - skipped
[2.141s] -- Detecting C compile features
[2.144s] -- Detecting C compile features - done
[2.159s] -- Detecting CXX compiler ABI info
[2.800s] -- Detecting CXX compiler ABI info - done
[2.838s] -- Check for working CXX compiler: /usr/bin/c++ - skipped
[2.841s] -- Detecting CXX compile features
[2.845s] -- Detecting CXX compile features - done
[2.910s] -- Found ament_cmake: 1.3.5 (/opt/ros/humble/share/ament_cmake/cmake)
[4.472s] -- Found Python3: /usr/bin/python3.10 (found version "3.10.12") found components: Interpreter 
[5.042s] -- Override CMake install command with custom implementation using symlinks instead of copying resources
[5.558s] -- Found builtin_interfaces: 1.2.1 (/opt/ros/humble/share/builtin_interfaces/cmake)
[5.968s] -- Found rosidl_generator_c: 3.1.5 (/opt/ros/humble/share/rosidl_generator_c/cmake)
[6.052s] -- Found rosidl_adapter: 3.1.5 (/opt/ros/humble/share/rosidl_adapter/cmake)
[6.162s] -- Found rosidl_generator_cpp: 3.1.5 (/opt/ros/humble/share/rosidl_generator_cpp/cmake)
[6.289s] -- Using all available rosidl_typesupport_c: rosidl_typesupport_fastrtps_c;rosidl_typesupport_introspection_c
[6.486s] -- Using all available rosidl_typesupport_cpp: rosidl_typesupport_fastrtps_cpp;rosidl_typesupport_introspection_cpp
[6.637s] -- Found geometry_msgs: 5.2.0 (/home/teng/ros2_ws/install/geometry_msgs/share/geometry_msgs/cmake)
[7.140s] -- Found rosidl_default_generators: 1.2.0 (/opt/ros/humble/share/rosidl_default_generators/cmake)
[7.219s] -- Found sensor_msgs: 5.2.0 (/home/teng/ros2_ws/install/sensor_msgs/share/sensor_msgs/cmake)
[10.898s] -- Found ament_cmake_cppcheck: 0.12.8 (/opt/ros/humble/share/ament_cmake_cppcheck/cmake)
[10.940s] -- Found ament_cmake_cpplint: 0.12.8 (/opt/ros/humble/share/ament_cmake_cpplint/cmake)
[10.989s] -- Found ament_cmake_uncrustify: 0.12.8 (/opt/ros/humble/share/ament_cmake_uncrustify/cmake)
[11.033s] -- Found ament_cmake_ros: 0.10.0 (/opt/ros/humble/share/ament_cmake_ros/cmake)
[15.151s] -- Using all available rosidl_typesupport_c: rosidl_typesupport_fastrtps_c;rosidl_typesupport_introspection_c
[16.688s] -- Using all available rosidl_typesupport_cpp: rosidl_typesupport_fastrtps_cpp;rosidl_typesupport_introspection_cpp
[16.908s] -- Found PythonInterp: /usr/bin/python3 (found suitable version "3.10.12", minimum required is "3.6") 
[16.952s] -- Found python_cmake_module: 0.10.0 (/opt/ros/humble/share/python_cmake_module/cmake)
[17.196s] -- Found PythonLibs: /usr/lib/aarch64-linux-gnu/libpython3.10.so (found suitable version "3.10.12", minimum required is "3.5") 
[17.198s] -- Using PYTHON_EXECUTABLE: /usr/bin/python3
[17.199s] -- Using PYTHON_INCLUDE_DIRS: /usr/include/python3.10
[17.200s] -- Using PYTHON_LIBRARIES: /usr/lib/aarch64-linux-gnu/libpython3.10.so
[17.395s] -- Found PythonExtra: .so  
[18.087s] -- Found ament_cmake_flake8: 0.12.8 (/opt/ros/humble/share/ament_cmake_flake8/cmake)
[18.125s] -- Found ament_cmake_pep257: 0.12.8 (/opt/ros/humble/share/ament_cmake_pep257/cmake)
[18.246s] -- Configuring done
[18.747s] -- Generating done
[18.770s] -- Build files have been written to: /home/teng/ros2_ws/build/visualization_msgs
[18.835s] Invoked command in '/home/teng/ros2_ws/build/visualization_msgs' returned '0': CMAKE_PREFIX_PATH=/home/teng/ros2_ws/install/sensor_msgs:/home/teng/ros2_ws/install/geometry_msgs:/home/teng/ros2_ws/install/std_msgs:/home/teng/ros2_ws/install/common_interfaces:/home/teng/ros2_ws/install/visualization_msgs:/home/teng/ros2_ws/install/trajectory_msgs:/home/teng/ros2_ws/install/stereo_msgs:/home/teng/ros2_ws/install/std_srvs:/home/teng/ros2_ws/install/shape_msgs:/home/teng/ros2_ws/install/nav_msgs:/home/teng/ros2_ws/install/diagnostic_msgs:/home/teng/ros2_ws/install/actionlib_msgs:/home/teng/ros2_ws/install/exp_1_bringup:/home/teng/ros2_ws/install/simple_interfaces:/home/teng/ros2_ws/install/sensor_msgs_py:/home/teng/ros2_ws/install/experiment1:/opt/ros/humble LD_LIBRARY_PATH=/home/teng/ros2_ws/install/sensor_msgs/lib:/home/teng/ros2_ws/install/geometry_msgs/lib:/home/teng/ros2_ws/install/std_msgs/lib:/home/teng/ros2_ws/install/visualization_msgs/lib:/home/teng/ros2_ws/install/trajectory_msgs/lib:/home/teng/ros2_ws/install/stereo_msgs/lib:/home/teng/ros2_ws/install/std_srvs/lib:/home/teng/ros2_ws/install/shape_msgs/lib:/home/teng/ros2_ws/install/nav_msgs/lib:/home/teng/ros2_ws/install/diagnostic_msgs/lib:/home/teng/ros2_ws/install/actionlib_msgs/lib:/home/teng/ros2_ws/install/simple_interfaces/lib:/opt/ros/humble/lib/aarch64-linux-gnu:/opt/ros/humble/lib /usr/bin/cmake /home/teng/ros2_ws/src/ros2_common_interfaces/visualization_msgs -DAMENT_CMAKE_SYMLINK_INSTALL=1 -DCMAKE_INSTALL_PREFIX=/home/teng/ros2_ws/install/visualization_msgs
[18.853s] Invoking command in '/home/teng/ros2_ws/build/visualization_msgs': CMAKE_PREFIX_PATH=/home/teng/ros2_ws/install/sensor_msgs:/home/teng/ros2_ws/install/geometry_msgs:/home/teng/ros2_ws/install/std_msgs:/home/teng/ros2_ws/install/common_interfaces:/home/teng/ros2_ws/install/visualization_msgs:/home/teng/ros2_ws/install/trajectory_msgs:/home/teng/ros2_ws/install/stereo_msgs:/home/teng/ros2_ws/install/std_srvs:/home/teng/ros2_ws/install/shape_msgs:/home/teng/ros2_ws/install/nav_msgs:/home/teng/ros2_ws/install/diagnostic_msgs:/home/teng/ros2_ws/install/actionlib_msgs:/home/teng/ros2_ws/install/exp_1_bringup:/home/teng/ros2_ws/install/simple_interfaces:/home/teng/ros2_ws/install/sensor_msgs_py:/home/teng/ros2_ws/install/experiment1:/opt/ros/humble LD_LIBRARY_PATH=/home/teng/ros2_ws/install/sensor_msgs/lib:/home/teng/ros2_ws/install/geometry_msgs/lib:/home/teng/ros2_ws/install/std_msgs/lib:/home/teng/ros2_ws/install/visualization_msgs/lib:/home/teng/ros2_ws/install/trajectory_msgs/lib:/home/teng/ros2_ws/install/stereo_msgs/lib:/home/teng/ros2_ws/install/std_srvs/lib:/home/teng/ros2_ws/install/shape_msgs/lib:/home/teng/ros2_ws/install/nav_msgs/lib:/home/teng/ros2_ws/install/diagnostic_msgs/lib:/home/teng/ros2_ws/install/actionlib_msgs/lib:/home/teng/ros2_ws/install/simple_interfaces/lib:/opt/ros/humble/lib/aarch64-linux-gnu:/opt/ros/humble/lib /usr/bin/cmake --build /home/teng/ros2_ws/build/visualization_msgs -- -j4 -l4
[19.180s] [  1%] [34m[1mGenerating C code for ROS interfaces[0m
[19.417s] [  1%] [34m[1mGenerating C++ code for ROS interfaces[0m
[19.426s] [  1%] Built target ament_cmake_python_symlink_visualization_msgs
[24.713s] running egg_info
[24.725s] creating visualization_msgs.egg-info
[24.730s] writing visualization_msgs.egg-info/PKG-INFO
[24.734s] writing dependency_links to visualization_msgs.egg-info/dependency_links.txt
[24.737s] writing top-level names to visualization_msgs.egg-info/top_level.txt
[24.742s] writing manifest file 'visualization_msgs.egg-info/SOURCES.txt'
[24.770s] reading manifest file 'visualization_msgs.egg-info/SOURCES.txt'
[24.776s] writing manifest file 'visualization_msgs.egg-info/SOURCES.txt'
[25.309s] [  1%] Built target ament_cmake_python_build_visualization_msgs_egg
[37.442s] [  1%] Built target visualization_msgs__cpp
[39.372s] [  2%] [32mBuilding C object CMakeFiles/visualization_msgs__rosidl_generator_c.dir/rosidl_generator_c/visualization_msgs/msg/detail/image_marker__functions.c.o[0m
[39.707s] [  2%] [32mBuilding C object CMakeFiles/visualization_msgs__rosidl_generator_c.dir/rosidl_generator_c/visualization_msgs/msg/detail/interactive_marker__functions.c.o[0m
[40.030s] [  3%] [32mBuilding C object CMakeFiles/visualization_msgs__rosidl_generator_c.dir/rosidl_generator_c/visualization_msgs/msg/detail/interactive_marker_control__functions.c.o[0m
[40.356s] [  4%] [32mBuilding C object CMakeFiles/visualization_msgs__rosidl_generator_c.dir/rosidl_generator_c/visualization_msgs/msg/detail/interactive_marker_feedback__functions.c.o[0m
[40.702s] [  5%] [32mBuilding C object CMakeFiles/visualization_msgs__rosidl_generator_c.dir/rosidl_generator_c/visualization_msgs/msg/detail/interactive_marker_init__functions.c.o[0m
[41.011s] [  6%] [32mBuilding C object CMakeFiles/visualization_msgs__rosidl_generator_c.dir/rosidl_generator_c/visualization_msgs/msg/detail/interactive_marker_pose__functions.c.o[0m
[41.328s] [  6%] [32mBuilding C object CMakeFiles/visualization_msgs__rosidl_generator_c.dir/rosidl_generator_c/visualization_msgs/msg/detail/interactive_marker_update__functions.c.o[0m
[41.653s] [  7%] [32mBuilding C object CMakeFiles/visualization_msgs__rosidl_generator_c.dir/rosidl_generator_c/visualization_msgs/msg/detail/marker__functions.c.o[0m
[42.004s] [  8%] [32mBuilding C object CMakeFiles/visualization_msgs__rosidl_generator_c.dir/rosidl_generator_c/visualization_msgs/msg/detail/marker_array__functions.c.o[0m
[42.313s] [  9%] [32mBuilding C object CMakeFiles/visualization_msgs__rosidl_generator_c.dir/rosidl_generator_c/visualization_msgs/msg/detail/menu_entry__functions.c.o[0m
[42.631s] [ 10%] [32mBuilding C object CMakeFiles/visualization_msgs__rosidl_generator_c.dir/rosidl_generator_c/visualization_msgs/msg/detail/mesh_file__functions.c.o[0m
[42.935s] [ 10%] [32mBuilding C object CMakeFiles/visualization_msgs__rosidl_generator_c.dir/rosidl_generator_c/visualization_msgs/msg/detail/uv_coordinate__functions.c.o[0m
[43.229s] [ 11%] [32mBuilding C object CMakeFiles/visualization_msgs__rosidl_generator_c.dir/rosidl_generator_c/visualization_msgs/srv/detail/get_interactive_markers__functions.c.o[0m
[43.598s] [ 12%] [32m[1mLinking C shared library libvisualization_msgs__rosidl_generator_c.so[0m
[43.864s] [ 12%] Built target visualization_msgs__rosidl_generator_c
[43.930s] [ 12%] [34m[1mGenerating C++ introspection for ROS interfaces[0m
[53.112s] [ 13%] [32mBuilding CXX object CMakeFiles/visualization_msgs__rosidl_typesupport_introspection_cpp.dir/rosidl_typesupport_introspection_cpp/visualization_msgs/msg/detail/image_marker__type_support.cpp.o[0m
[55.590s] [ 14%] [32mBuilding CXX object CMakeFiles/visualization_msgs__rosidl_typesupport_introspection_cpp.dir/rosidl_typesupport_introspection_cpp/visualization_msgs/msg/detail/interactive_marker__type_support.cpp.o[0m
[59.287s] [ 15%] [32mBuilding CXX object CMakeFiles/visualization_msgs__rosidl_typesupport_introspection_cpp.dir/rosidl_typesupport_introspection_cpp/visualization_msgs/msg/detail/interactive_marker_control__type_support.cpp.o[0m
[62.581s] [ 16%] [32mBuilding CXX object CMakeFiles/visualization_msgs__rosidl_typesupport_introspection_cpp.dir/rosidl_typesupport_introspection_cpp/visualization_msgs/msg/detail/interactive_marker_feedback__type_support.cpp.o[0m
[64.424s] [ 16%] [32mBuilding CXX object CMakeFiles/visualization_msgs__rosidl_typesupport_introspection_cpp.dir/rosidl_typesupport_introspection_cpp/visualization_msgs/msg/detail/interactive_marker_init__type_support.cpp.o[0m
[67.136s] [ 17%] [34m[1mGenerating C type support for eProsima Fast-RTPS[0m
[67.999s] [ 18%] [32mBuilding CXX object CMakeFiles/visualization_msgs__rosidl_typesupport_introspection_cpp.dir/rosidl_typesupport_introspection_cpp/visualization_msgs/msg/detail/interactive_marker_pose__type_support.cpp.o[0m
[68.140s] [ 19%] [34m[1mGenerating C++ type support for eProsima Fast-RTPS[0m
[69.222s] [ 20%] [34m[1mGenerating C++ type support dispatch for ROS interfaces[0m
[71.274s] [ 21%] [32mBuilding CXX object CMakeFiles/visualization_msgs__rosidl_typesupport_introspection_cpp.dir/rosidl_typesupport_introspection_cpp/visualization_msgs/msg/detail/interactive_marker_update__type_support.cpp.o[0m
[80.569s] [ 22%] [32mBuilding CXX object CMakeFiles/visualization_msgs__rosidl_typesupport_introspection_cpp.dir/rosidl_typesupport_introspection_cpp/visualization_msgs/msg/detail/marker__type_support.cpp.o[0m
[81.972s] [ 23%] [32mBuilding CXX object CMakeFiles/visualization_msgs__rosidl_typesupport_fastrtps_c.dir/rosidl_typesupport_fastrtps_c/visualization_msgs/msg/detail/image_marker__type_support_c.cpp.o[0m
[84.400s] [ 24%] [32mBuilding CXX object CMakeFiles/visualization_msgs__rosidl_typesupport_cpp.dir/rosidl_typesupport_cpp/visualization_msgs/msg/image_marker__type_support.cpp.o[0m
[84.438s] [ 25%] [32mBuilding CXX object CMakeFiles/visualization_msgs__rosidl_typesupport_introspection_cpp.dir/rosidl_typesupport_introspection_cpp/visualization_msgs/msg/detail/marker_array__type_support.cpp.o[0m
[85.998s] [ 25%] [32mBuilding CXX object CMakeFiles/visualization_msgs__rosidl_typesupport_fastrtps_c.dir/rosidl_typesupport_fastrtps_c/visualization_msgs/msg/detail/interactive_marker__type_support_c.cpp.o[0m
[86.079s] [ 26%] [32mBuilding CXX object CMakeFiles/visualization_msgs__rosidl_typesupport_fastrtps_cpp.dir/rosidl_typesupport_fastrtps_cpp/visualization_msgs/msg/detail/dds_fastrtps/image_marker__type_support.cpp.o[0m
[86.852s] [ 27%] [32mBuilding CXX object CMakeFiles/visualization_msgs__rosidl_typesupport_cpp.dir/rosidl_typesupport_cpp/visualization_msgs/msg/interactive_marker__type_support.cpp.o[0m
[88.723s] [ 28%] [32mBuilding CXX object CMakeFiles/visualization_msgs__rosidl_typesupport_fastrtps_c.dir/rosidl_typesupport_fastrtps_c/visualization_msgs/msg/detail/interactive_marker_control__type_support_c.cpp.o[0m
[89.809s] [ 28%] [32mBuilding CXX object CMakeFiles/visualization_msgs__rosidl_typesupport_cpp.dir/rosidl_typesupport_cpp/visualization_msgs/msg/interactive_marker_control__type_support.cpp.o[0m
[91.222s] [ 29%] [32mBuilding CXX object CMakeFiles/visualization_msgs__rosidl_typesupport_fastrtps_cpp.dir/rosidl_typesupport_fastrtps_cpp/visualization_msgs/msg/detail/dds_fastrtps/interactive_marker__type_support.cpp.o[0m
[91.354s] [ 29%] [32mBuilding CXX object CMakeFiles/visualization_msgs__rosidl_typesupport_introspection_cpp.dir/rosidl_typesupport_introspection_cpp/visualization_msgs/msg/detail/menu_entry__type_support.cpp.o[0m
[92.600s] [ 30%] [32mBuilding CXX object CMakeFiles/visualization_msgs__rosidl_typesupport_fastrtps_c.dir/rosidl_typesupport_fastrtps_c/visualization_msgs/msg/detail/interactive_marker_feedback__type_support_c.cpp.o[0m
[92.735s] [ 31%] [32mBuilding CXX object CMakeFiles/visualization_msgs__rosidl_typesupport_cpp.dir/rosidl_typesupport_cpp/visualization_msgs/msg/interactive_marker_feedback__type_support.cpp.o[0m
[95.100s] [ 32%] [32mBuilding CXX object CMakeFiles/visualization_msgs__rosidl_typesupport_introspection_cpp.dir/rosidl_typesupport_introspection_cpp/visualization_msgs/msg/detail/mesh_file__type_support.cpp.o[0m
[95.342s] [ 33%] [32mBuilding CXX object CMakeFiles/visualization_msgs__rosidl_typesupport_fastrtps_cpp.dir/rosidl_typesupport_fastrtps_cpp/visualization_msgs/msg/detail/dds_fastrtps/interactive_marker_control__type_support.cpp.o[0m
[95.954s] [ 34%] [32mBuilding CXX object CMakeFiles/visualization_msgs__rosidl_typesupport_cpp.dir/rosidl_typesupport_cpp/visualization_msgs/msg/interactive_marker_init__type_support.cpp.o[0m
[96.415s] [ 35%] [32mBuilding CXX object CMakeFiles/visualization_msgs__rosidl_typesupport_fastrtps_c.dir/rosidl_typesupport_fastrtps_c/visualization_msgs/msg/detail/interactive_marker_init__type_support_c.cpp.o[0m
[97.976s] [ 36%] [32mBuilding CXX object CMakeFiles/visualization_msgs__rosidl_typesupport_cpp.dir/rosidl_typesupport_cpp/visualization_msgs/msg/interactive_marker_pose__type_support.cpp.o[0m
[98.463s] [ 37%] [32mBuilding CXX object CMakeFiles/visualization_msgs__rosidl_typesupport_introspection_cpp.dir/rosidl_typesupport_introspection_cpp/visualization_msgs/msg/detail/uv_coordinate__type_support.cpp.o[0m
[99.323s] [ 38%] [32mBuilding CXX object CMakeFiles/visualization_msgs__rosidl_typesupport_fastrtps_c.dir/rosidl_typesupport_fastrtps_c/visualization_msgs/msg/detail/interactive_marker_pose__type_support_c.cpp.o[0m
[99.661s] [ 38%] [32mBuilding CXX object CMakeFiles/visualization_msgs__rosidl_typesupport_fastrtps_cpp.dir/rosidl_typesupport_fastrtps_cpp/visualization_msgs/msg/detail/dds_fastrtps/interactive_marker_feedback__type_support.cpp.o[0m
[99.863s] [ 39%] [32mBuilding CXX object CMakeFiles/visualization_msgs__rosidl_typesupport_cpp.dir/rosidl_typesupport_cpp/visualization_msgs/msg/interactive_marker_update__type_support.cpp.o[0m
[101.479s] [ 40%] [32mBuilding CXX object CMakeFiles/visualization_msgs__rosidl_typesupport_introspection_cpp.dir/rosidl_typesupport_introspection_cpp/visualization_msgs/srv/detail/get_interactive_markers__type_support.cpp.o[0m
[102.350s] [ 40%] [32mBuilding CXX object CMakeFiles/visualization_msgs__rosidl_typesupport_fastrtps_c.dir/rosidl_typesupport_fastrtps_c/visualization_msgs/msg/detail/interactive_marker_update__type_support_c.cpp.o[0m
[102.356s] [ 40%] [32mBuilding CXX object CMakeFiles/visualization_msgs__rosidl_typesupport_cpp.dir/rosidl_typesupport_cpp/visualization_msgs/msg/marker__type_support.cpp.o[0m
[102.530s] [ 41%] [32mBuilding CXX object CMakeFiles/visualization_msgs__rosidl_typesupport_fastrtps_cpp.dir/rosidl_typesupport_fastrtps_cpp/visualization_msgs/msg/detail/dds_fastrtps/interactive_marker_init__type_support.cpp.o[0m
[104.429s] [ 42%] [32mBuilding CXX object CMakeFiles/visualization_msgs__rosidl_typesupport_cpp.dir/rosidl_typesupport_cpp/visualization_msgs/msg/marker_array__type_support.cpp.o[0m
[105.161s] [ 43%] [32mBuilding CXX object CMakeFiles/visualization_msgs__rosidl_typesupport_fastrtps_c.dir/rosidl_typesupport_fastrtps_c/visualization_msgs/msg/detail/marker__type_support_c.cpp.o[0m
[106.307s] [ 44%] [32mBuilding CXX object CMakeFiles/visualization_msgs__rosidl_typesupport_fastrtps_cpp.dir/rosidl_typesupport_fastrtps_cpp/visualization_msgs/msg/detail/dds_fastrtps/interactive_marker_pose__type_support.cpp.o[0m
[106.608s] [ 45%] [32mBuilding CXX object CMakeFiles/visualization_msgs__rosidl_typesupport_cpp.dir/rosidl_typesupport_cpp/visualization_msgs/msg/menu_entry__type_support.cpp.o[0m
[106.978s] [ 46%] [32m[1mLinking CXX shared library libvisualization_msgs__rosidl_typesupport_introspection_cpp.so[0m
[107.937s] [ 47%] [32mBuilding CXX object CMakeFiles/visualization_msgs__rosidl_typesupport_fastrtps_c.dir/rosidl_typesupport_fastrtps_c/visualization_msgs/msg/detail/marker_array__type_support_c.cpp.o[0m
[108.061s] [ 47%] Built target visualization_msgs__rosidl_typesupport_introspection_cpp
[108.697s] [ 48%] [32mBuilding CXX object CMakeFiles/visualization_msgs__rosidl_typesupport_cpp.dir/rosidl_typesupport_cpp/visualization_msgs/msg/mesh_file__type_support.cpp.o[0m
[109.438s] [ 49%] [32mBuilding CXX object CMakeFiles/visualization_msgs__rosidl_typesupport_fastrtps_cpp.dir/rosidl_typesupport_fastrtps_cpp/visualization_msgs/msg/detail/dds_fastrtps/interactive_marker_update__type_support.cpp.o[0m
[110.065s] [ 50%] [32mBuilding CXX object CMakeFiles/visualization_msgs__rosidl_typesupport_fastrtps_c.dir/rosidl_typesupport_fastrtps_c/visualization_msgs/msg/detail/menu_entry__type_support_c.cpp.o[0m
[110.410s] [ 51%] [32mBuilding CXX object CMakeFiles/visualization_msgs__rosidl_typesupport_cpp.dir/rosidl_typesupport_cpp/visualization_msgs/msg/uv_coordinate__type_support.cpp.o[0m
[112.086s] [ 51%] [32mBuilding CXX object CMakeFiles/visualization_msgs__rosidl_typesupport_cpp.dir/rosidl_typesupport_cpp/visualization_msgs/srv/get_interactive_markers__type_support.cpp.o[0m
[112.404s] [ 52%] [32mBuilding CXX object CMakeFiles/visualization_msgs__rosidl_typesupport_fastrtps_c.dir/rosidl_typesupport_fastrtps_c/visualization_msgs/msg/detail/mesh_file__type_support_c.cpp.o[0m
[113.112s] [ 53%] [32mBuilding CXX object CMakeFiles/visualization_msgs__rosidl_typesupport_fastrtps_cpp.dir/rosidl_typesupport_fastrtps_cpp/visualization_msgs/msg/detail/dds_fastrtps/marker__type_support.cpp.o[0m
[113.846s] [ 54%] [32m[1mLinking CXX shared library libvisualization_msgs__rosidl_typesupport_cpp.so[0m
[114.152s] [ 54%] Built target visualization_msgs__rosidl_typesupport_cpp
[114.559s] [ 54%] [32mBuilding CXX object CMakeFiles/visualization_msgs__rosidl_typesupport_fastrtps_c.dir/rosidl_typesupport_fastrtps_c/visualization_msgs/msg/detail/uv_coordinate__type_support_c.cpp.o[0m
[116.127s] [ 54%] [32mBuilding CXX object CMakeFiles/visualization_msgs__rosidl_typesupport_fastrtps_cpp.dir/rosidl_typesupport_fastrtps_cpp/visualization_msgs/msg/detail/dds_fastrtps/marker_array__type_support.cpp.o[0m
[116.364s] [ 55%] [32mBuilding CXX object CMakeFiles/visualization_msgs__rosidl_typesupport_fastrtps_c.dir/rosidl_typesupport_fastrtps_c/visualization_msgs/srv/detail/get_interactive_markers__type_support_c.cpp.o[0m
[118.291s] [ 56%] [32m[1mLinking CXX shared library libvisualization_msgs__rosidl_typesupport_fastrtps_c.so[0m
[118.728s] [ 56%] Built target visualization_msgs__rosidl_typesupport_fastrtps_c
[118.841s] [ 57%] [32mBuilding CXX object CMakeFiles/visualization_msgs__rosidl_typesupport_fastrtps_cpp.dir/rosidl_typesupport_fastrtps_cpp/visualization_msgs/msg/detail/dds_fastrtps/menu_entry__type_support.cpp.o[0m
[120.725s] [ 58%] [32mBuilding CXX object CMakeFiles/visualization_msgs__rosidl_typesupport_fastrtps_cpp.dir/rosidl_typesupport_fastrtps_cpp/visualization_msgs/msg/detail/dds_fastrtps/mesh_file__type_support.cpp.o[0m
[122.762s] [ 59%] [32mBuilding CXX object CMakeFiles/visualization_msgs__rosidl_typesupport_fastrtps_cpp.dir/rosidl_typesupport_fastrtps_cpp/visualization_msgs/msg/detail/dds_fastrtps/uv_coordinate__type_support.cpp.o[0m
[124.629s] [ 60%] [32mBuilding CXX object CMakeFiles/visualization_msgs__rosidl_typesupport_fastrtps_cpp.dir/rosidl_typesupport_fastrtps_cpp/visualization_msgs/srv/detail/dds_fastrtps/get_interactive_markers__type_support.cpp.o[0m
[127.185s] [ 60%] [32m[1mLinking CXX shared library libvisualization_msgs__rosidl_typesupport_fastrtps_cpp.so[0m
[127.759s] [ 60%] Built target visualization_msgs__rosidl_typesupport_fastrtps_cpp
[127.827s] [ 61%] [34m[1mGenerating C type support dispatch for ROS interfaces[0m
[135.151s] [ 61%] [32mBuilding CXX object CMakeFiles/visualization_msgs__rosidl_typesupport_c.dir/rosidl_typesupport_c/visualization_msgs/msg/image_marker__type_support.cpp.o[0m
[135.346s] [ 62%] [32mBuilding CXX object CMakeFiles/visualization_msgs__rosidl_typesupport_c.dir/rosidl_typesupport_c/visualization_msgs/msg/interactive_marker_control__type_support.cpp.o[0m
[135.552s] [ 63%] [32mBuilding CXX object CMakeFiles/visualization_msgs__rosidl_typesupport_c.dir/rosidl_typesupport_c/visualization_msgs/msg/interactive_marker_feedback__type_support.cpp.o[0m
[135.750s] [ 64%] [32mBuilding CXX object CMakeFiles/visualization_msgs__rosidl_typesupport_c.dir/rosidl_typesupport_c/visualization_msgs/msg/interactive_marker_init__type_support.cpp.o[0m
[135.958s] [ 64%] [32mBuilding CXX object CMakeFiles/visualization_msgs__rosidl_typesupport_c.dir/rosidl_typesupport_c/visualization_msgs/msg/interactive_marker_pose__type_support.cpp.o[0m
[136.150s] [ 65%] [32mBuilding CXX object CMakeFiles/visualization_msgs__rosidl_typesupport_c.dir/rosidl_typesupport_c/visualization_msgs/msg/interactive_marker_update__type_support.cpp.o[0m
[136.352s] [ 66%] [32mBuilding CXX object CMakeFiles/visualization_msgs__rosidl_typesupport_c.dir/rosidl_typesupport_c/visualization_msgs/msg/marker__type_support.cpp.o[0m
[136.551s] [ 67%] [32mBuilding CXX object CMakeFiles/visualization_msgs__rosidl_typesupport_c.dir/rosidl_typesupport_c/visualization_msgs/msg/marker_array__type_support.cpp.o[0m
[136.753s] [ 68%] [32mBuilding CXX object CMakeFiles/visualization_msgs__rosidl_typesupport_c.dir/rosidl_typesupport_c/visualization_msgs/msg/menu_entry__type_support.cpp.o[0m
[136.947s] [ 68%] [32mBuilding CXX object CMakeFiles/visualization_msgs__rosidl_typesupport_c.dir/rosidl_typesupport_c/visualization_msgs/msg/mesh_file__type_support.cpp.o[0m
[137.134s] [ 69%] [32mBuilding CXX object CMakeFiles/visualization_msgs__rosidl_typesupport_c.dir/rosidl_typesupport_c/visualization_msgs/msg/uv_coordinate__type_support.cpp.o[0m
[137.322s] [ 70%] [32mBuilding CXX object CMakeFiles/visualization_msgs__rosidl_typesupport_c.dir/rosidl_typesupport_c/visualization_msgs/srv/get_interactive_markers__type_support.cpp.o[0m
[137.535s] [ 71%] [32mBuilding CXX object CMakeFiles/visualization_msgs__rosidl_typesupport_c.dir/rosidl_typesupport_c/visualization_msgs/msg/interactive_marker__type_support.cpp.o[0m
[137.775s] [ 72%] [32m[1mLinking CXX shared library libvisualization_msgs__rosidl_typesupport_c.so[0m
[138.007s] [ 72%] Built target visualization_msgs__rosidl_typesupport_c
[138.074s] [ 73%] [34m[1mGenerating C introspection for ROS interfaces[0m
[145.967s] [ 74%] [32mBuilding C object CMakeFiles/visualization_msgs__rosidl_typesupport_introspection_c.dir/rosidl_typesupport_introspection_c/visualization_msgs/msg/detail/image_marker__type_support.c.o[0m
[145.969s] [ 75%] [32mBuilding C object CMakeFiles/visualization_msgs__rosidl_typesupport_introspection_c.dir/rosidl_typesupport_introspection_c/visualization_msgs/msg/detail/interactive_marker__type_support.c.o[0m
[145.971s] [ 75%] [32mBuilding C object CMakeFiles/visualization_msgs__rosidl_typesupport_introspection_c.dir/rosidl_typesupport_introspection_c/visualization_msgs/msg/detail/interactive_marker_control__type_support.c.o[0m
[146.261s] [ 76%] [32mBuilding C object CMakeFiles/visualization_msgs__rosidl_typesupport_introspection_c.dir/rosidl_typesupport_introspection_c/visualization_msgs/msg/detail/interactive_marker_feedback__type_support.c.o[0m
[146.283s] [ 77%] [32mBuilding C object CMakeFiles/visualization_msgs__rosidl_typesupport_introspection_c.dir/rosidl_typesupport_introspection_c/visualization_msgs/msg/detail/interactive_marker_pose__type_support.c.o[0m
[146.287s] [ 78%] [32mBuilding C object CMakeFiles/visualization_msgs__rosidl_typesupport_introspection_c.dir/rosidl_typesupport_introspection_c/visualization_msgs/msg/detail/interactive_marker_init__type_support.c.o[0m
[146.537s] [ 79%] [32mBuilding C object CMakeFiles/visualization_msgs__rosidl_typesupport_introspection_c.dir/rosidl_typesupport_introspection_c/visualization_msgs/msg/detail/interactive_marker_update__type_support.c.o[0m
[146.548s] [ 79%] [32mBuilding C object CMakeFiles/visualization_msgs__rosidl_typesupport_introspection_c.dir/rosidl_typesupport_introspection_c/visualization_msgs/msg/detail/marker__type_support.c.o[0m
[146.592s] [ 80%] [32mBuilding C object CMakeFiles/visualization_msgs__rosidl_typesupport_introspection_c.dir/rosidl_typesupport_introspection_c/visualization_msgs/msg/detail/marker_array__type_support.c.o[0m
[146.615s] [ 81%] [32mBuilding C object CMakeFiles/visualization_msgs__rosidl_typesupport_introspection_c.dir/rosidl_typesupport_introspection_c/visualization_msgs/msg/detail/menu_entry__type_support.c.o[0m
[146.872s] [ 82%] [32mBuilding C object CMakeFiles/visualization_msgs__rosidl_typesupport_introspection_c.dir/rosidl_typesupport_introspection_c/visualization_msgs/msg/detail/mesh_file__type_support.c.o[0m
[146.897s] [ 83%] [32mBuilding C object CMakeFiles/visualization_msgs__rosidl_typesupport_introspection_c.dir/rosidl_typesupport_introspection_c/visualization_msgs/msg/detail/uv_coordinate__type_support.c.o[0m
[146.917s] [ 83%] [32mBuilding C object CMakeFiles/visualization_msgs__rosidl_typesupport_introspection_c.dir/rosidl_typesupport_introspection_c/visualization_msgs/srv/detail/get_interactive_markers__type_support.c.o[0m
[147.199s] [ 84%] [32m[1mLinking C shared library libvisualization_msgs__rosidl_typesupport_introspection_c.so[0m
[147.463s] [ 84%] Built target visualization_msgs__rosidl_typesupport_introspection_c
[147.590s] [ 84%] Built target visualization_msgs
[147.720s] [ 85%] [34m[1mGenerating Python code for ROS interfaces[0m
[163.186s] [ 85%] Built target visualization_msgs__py
[163.318s] [ 86%] [32mBuilding C object CMakeFiles/visualization_msgs__rosidl_generator_py.dir/rosidl_generator_py/visualization_msgs/msg/_interactive_marker_s.c.o[0m
[163.319s] [ 86%] [32mBuilding C object CMakeFiles/visualization_msgs__rosidl_generator_py.dir/rosidl_generator_py/visualization_msgs/msg/_image_marker_s.c.o[0m
[163.330s] [ 87%] [32mBuilding C object CMakeFiles/visualization_msgs__rosidl_generator_py.dir/rosidl_generator_py/visualization_msgs/msg/_interactive_marker_control_s.c.o[0m
[163.339s] [ 88%] [32mBuilding C object CMakeFiles/visualization_msgs__rosidl_generator_py.dir/rosidl_generator_py/visualization_msgs/msg/_interactive_marker_feedback_s.c.o[0m
[164.033s] [ 89%] [32mBuilding C object CMakeFiles/visualization_msgs__rosidl_generator_py.dir/rosidl_generator_py/visualization_msgs/msg/_interactive_marker_init_s.c.o[0m
[164.067s] [ 90%] [32mBuilding C object CMakeFiles/visualization_msgs__rosidl_generator_py.dir/rosidl_generator_py/visualization_msgs/msg/_interactive_marker_pose_s.c.o[0m
[164.134s] [ 90%] [32mBuilding C object CMakeFiles/visualization_msgs__rosidl_generator_py.dir/rosidl_generator_py/visualization_msgs/msg/_interactive_marker_update_s.c.o[0m
[164.194s] [ 91%] [32mBuilding C object CMakeFiles/visualization_msgs__rosidl_generator_py.dir/rosidl_generator_py/visualization_msgs/msg/_marker_s.c.o[0m
[164.704s] [ 92%] [32mBuilding C object CMakeFiles/visualization_msgs__rosidl_generator_py.dir/rosidl_generator_py/visualization_msgs/msg/_marker_array_s.c.o[0m
[164.912s] [ 93%] [32mBuilding C object CMakeFiles/visualization_msgs__rosidl_generator_py.dir/rosidl_generator_py/visualization_msgs/msg/_menu_entry_s.c.o[0m
[165.015s] [ 94%] [32mBuilding C object CMakeFiles/visualization_msgs__rosidl_generator_py.dir/rosidl_generator_py/visualization_msgs/msg/_mesh_file_s.c.o[0m
[165.097s] [ 94%] [32mBuilding C object CMakeFiles/visualization_msgs__rosidl_generator_py.dir/rosidl_generator_py/visualization_msgs/msg/_uv_coordinate_s.c.o[0m
[165.420s] [ 95%] [32mBuilding C object CMakeFiles/visualization_msgs__rosidl_generator_py.dir/rosidl_generator_py/visualization_msgs/srv/_get_interactive_markers_s.c.o[0m
[166.056s] [ 96%] [32m[1mLinking C shared library rosidl_generator_py/visualization_msgs/libvisualization_msgs__rosidl_generator_py.so[0m
[166.334s] [ 96%] Built target visualization_msgs__rosidl_generator_py
[166.463s] [ 97%] [32mBuilding C object CMakeFiles/visualization_msgs__rosidl_typesupport_introspection_c__pyext.dir/rosidl_generator_py/visualization_msgs/_visualization_msgs_s.ep.rosidl_typesupport_introspection_c.c.o[0m
[166.466s] [ 98%] [32mBuilding C object CMakeFiles/visualization_msgs__rosidl_typesupport_c__pyext.dir/rosidl_generator_py/visualization_msgs/_visualization_msgs_s.ep.rosidl_typesupport_c.c.o[0m
[166.478s] [ 99%] [32mBuilding C object CMakeFiles/visualization_msgs__rosidl_typesupport_fastrtps_c__pyext.dir/rosidl_generator_py/visualization_msgs/_visualization_msgs_s.ep.rosidl_typesupport_fastrtps_c.c.o[0m
[167.329s] [ 99%] [32m[1mLinking C shared library rosidl_generator_py/visualization_msgs/visualization_msgs_s__rosidl_typesupport_c.cpython-310-aarch64-linux-gnu.so[0m
[167.353s] [ 99%] [32m[1mLinking C shared library rosidl_generator_py/visualization_msgs/visualization_msgs_s__rosidl_typesupport_fastrtps_c.cpython-310-aarch64-linux-gnu.so[0m
[167.389s] [100%] [32m[1mLinking C shared library rosidl_generator_py/visualization_msgs/visualization_msgs_s__rosidl_typesupport_introspection_c.cpython-310-aarch64-linux-gnu.so[0m
[167.741s] [100%] Built target visualization_msgs__rosidl_typesupport_c__pyext
[167.775s] [100%] Built target visualization_msgs__rosidl_typesupport_fastrtps_c__pyext
[167.807s] [100%] Built target visualization_msgs__rosidl_typesupport_introspection_c__pyext
[167.873s] Invoked command in '/home/teng/ros2_ws/build/visualization_msgs' returned '0': CMAKE_PREFIX_PATH=/home/teng/ros2_ws/install/sensor_msgs:/home/teng/ros2_ws/install/geometry_msgs:/home/teng/ros2_ws/install/std_msgs:/home/teng/ros2_ws/install/common_interfaces:/home/teng/ros2_ws/install/visualization_msgs:/home/teng/ros2_ws/install/trajectory_msgs:/home/teng/ros2_ws/install/stereo_msgs:/home/teng/ros2_ws/install/std_srvs:/home/teng/ros2_ws/install/shape_msgs:/home/teng/ros2_ws/install/nav_msgs:/home/teng/ros2_ws/install/diagnostic_msgs:/home/teng/ros2_ws/install/actionlib_msgs:/home/teng/ros2_ws/install/exp_1_bringup:/home/teng/ros2_ws/install/simple_interfaces:/home/teng/ros2_ws/install/sensor_msgs_py:/home/teng/ros2_ws/install/experiment1:/opt/ros/humble LD_LIBRARY_PATH=/home/teng/ros2_ws/install/sensor_msgs/lib:/home/teng/ros2_ws/install/geometry_msgs/lib:/home/teng/ros2_ws/install/std_msgs/lib:/home/teng/ros2_ws/install/visualization_msgs/lib:/home/teng/ros2_ws/install/trajectory_msgs/lib:/home/teng/ros2_ws/install/stereo_msgs/lib:/home/teng/ros2_ws/install/std_srvs/lib:/home/teng/ros2_ws/install/shape_msgs/lib:/home/teng/ros2_ws/install/nav_msgs/lib:/home/teng/ros2_ws/install/diagnostic_msgs/lib:/home/teng/ros2_ws/install/actionlib_msgs/lib:/home/teng/ros2_ws/install/simple_interfaces/lib:/opt/ros/humble/lib/aarch64-linux-gnu:/opt/ros/humble/lib /usr/bin/cmake --build /home/teng/ros2_ws/build/visualization_msgs -- -j4 -l4
[170.422s] Invoking command in '/home/teng/ros2_ws/build/visualization_msgs': CMAKE_PREFIX_PATH=/home/teng/ros2_ws/install/sensor_msgs:/home/teng/ros2_ws/install/geometry_msgs:/home/teng/ros2_ws/install/std_msgs:/home/teng/ros2_ws/install/common_interfaces:/home/teng/ros2_ws/install/visualization_msgs:/home/teng/ros2_ws/install/trajectory_msgs:/home/teng/ros2_ws/install/stereo_msgs:/home/teng/ros2_ws/install/std_srvs:/home/teng/ros2_ws/install/shape_msgs:/home/teng/ros2_ws/install/nav_msgs:/home/teng/ros2_ws/install/diagnostic_msgs:/home/teng/ros2_ws/install/actionlib_msgs:/home/teng/ros2_ws/install/exp_1_bringup:/home/teng/ros2_ws/install/simple_interfaces:/home/teng/ros2_ws/install/sensor_msgs_py:/home/teng/ros2_ws/install/experiment1:/opt/ros/humble LD_LIBRARY_PATH=/home/teng/ros2_ws/install/sensor_msgs/lib:/home/teng/ros2_ws/install/geometry_msgs/lib:/home/teng/ros2_ws/install/std_msgs/lib:/home/teng/ros2_ws/install/visualization_msgs/lib:/home/teng/ros2_ws/install/trajectory_msgs/lib:/home/teng/ros2_ws/install/stereo_msgs/lib:/home/teng/ros2_ws/install/std_srvs/lib:/home/teng/ros2_ws/install/shape_msgs/lib:/home/teng/ros2_ws/install/nav_msgs/lib:/home/teng/ros2_ws/install/diagnostic_msgs/lib:/home/teng/ros2_ws/install/actionlib_msgs/lib:/home/teng/ros2_ws/install/simple_interfaces/lib:/opt/ros/humble/lib/aarch64-linux-gnu:/opt/ros/humble/lib /usr/bin/cmake --install /home/teng/ros2_ws/build/visualization_msgs
[170.462s] -- Install configuration: ""
[170.465s] -- Execute custom install script
[170.467s] -- Symlinking: /home/teng/ros2_ws/install/visualization_msgs/share/ament_index/resource_index/rosidl_interfaces/visualization_msgs
[170.519s] -- Symlinking: /home/teng/ros2_ws/install/visualization_msgs/include/visualization_msgs/visualization_msgs/msg/detail/image_marker__functions.h
[170.574s] -- Symlinking: /home/teng/ros2_ws/install/visualization_msgs/include/visualization_msgs/visualization_msgs/msg/detail/image_marker__struct.h
[170.618s] -- Symlinking: /home/teng/ros2_ws/install/visualization_msgs/include/visualization_msgs/visualization_msgs/msg/detail/image_marker__type_support.h
[170.661s] -- Symlinking: /home/teng/ros2_ws/install/visualization_msgs/include/visualization_msgs/visualization_msgs/msg/detail/interactive_marker__functions.h
[170.706s] -- Symlinking: /home/teng/ros2_ws/install/visualization_msgs/include/visualization_msgs/visualization_msgs/msg/detail/interactive_marker__struct.h
[170.750s] -- Symlinking: /home/teng/ros2_ws/install/visualization_msgs/include/visualization_msgs/visualization_msgs/msg/detail/interactive_marker__type_support.h
[170.797s] -- Symlinking: /home/teng/ros2_ws/install/visualization_msgs/include/visualization_msgs/visualization_msgs/msg/detail/interactive_marker_control__functions.h
[170.841s] -- Symlinking: /home/teng/ros2_ws/install/visualization_msgs/include/visualization_msgs/visualization_msgs/msg/detail/interactive_marker_control__struct.h
[170.886s] -- Symlinking: /home/teng/ros2_ws/install/visualization_msgs/include/visualization_msgs/visualization_msgs/msg/detail/interactive_marker_control__type_support.h
[170.931s] -- Symlinking: /home/teng/ros2_ws/install/visualization_msgs/include/visualization_msgs/visualization_msgs/msg/detail/interactive_marker_feedback__functions.h
[170.977s] -- Symlinking: /home/teng/ros2_ws/install/visualization_msgs/include/visualization_msgs/visualization_msgs/msg/detail/interactive_marker_feedback__struct.h
[171.023s] -- Symlinking: /home/teng/ros2_ws/install/visualization_msgs/include/visualization_msgs/visualization_msgs/msg/detail/interactive_marker_feedback__type_support.h
[171.067s] -- Symlinking: /home/teng/ros2_ws/install/visualization_msgs/include/visualization_msgs/visualization_msgs/msg/detail/interactive_marker_init__functions.h
[171.114s] -- Symlinking: /home/teng/ros2_ws/install/visualization_msgs/include/visualization_msgs/visualization_msgs/msg/detail/interactive_marker_init__struct.h
[171.161s] -- Symlinking: /home/teng/ros2_ws/install/visualization_msgs/include/visualization_msgs/visualization_msgs/msg/detail/interactive_marker_init__type_support.h
[171.209s] -- Symlinking: /home/teng/ros2_ws/install/visualization_msgs/include/visualization_msgs/visualization_msgs/msg/detail/interactive_marker_pose__functions.h
[171.253s] -- Symlinking: /home/teng/ros2_ws/install/visualization_msgs/include/visualization_msgs/visualization_msgs/msg/detail/interactive_marker_pose__struct.h
[171.298s] -- Symlinking: /home/teng/ros2_ws/install/visualization_msgs/include/visualization_msgs/visualization_msgs/msg/detail/interactive_marker_pose__type_support.h
[171.343s] -- Symlinking: /home/teng/ros2_ws/install/visualization_msgs/include/visualization_msgs/visualization_msgs/msg/detail/interactive_marker_update__functions.h
[171.391s] -- Symlinking: /home/teng/ros2_ws/install/visualization_msgs/include/visualization_msgs/visualization_msgs/msg/detail/interactive_marker_update__struct.h
[171.436s] -- Symlinking: /home/teng/ros2_ws/install/visualization_msgs/include/visualization_msgs/visualization_msgs/msg/detail/interactive_marker_update__type_support.h
[171.482s] -- Symlinking: /home/teng/ros2_ws/install/visualization_msgs/include/visualization_msgs/visualization_msgs/msg/detail/marker__functions.h
[171.526s] -- Symlinking: /home/teng/ros2_ws/install/visualization_msgs/include/visualization_msgs/visualization_msgs/msg/detail/marker__struct.h
[171.572s] -- Symlinking: /home/teng/ros2_ws/install/visualization_msgs/include/visualization_msgs/visualization_msgs/msg/detail/marker__type_support.h
[171.617s] -- Symlinking: /home/teng/ros2_ws/install/visualization_msgs/include/visualization_msgs/visualization_msgs/msg/detail/marker_array__functions.h
[171.663s] -- Symlinking: /home/teng/ros2_ws/install/visualization_msgs/include/visualization_msgs/visualization_msgs/msg/detail/marker_array__struct.h
[171.709s] -- Symlinking: /home/teng/ros2_ws/install/visualization_msgs/include/visualization_msgs/visualization_msgs/msg/detail/marker_array__type_support.h
[171.754s] -- Symlinking: /home/teng/ros2_ws/install/visualization_msgs/include/visualization_msgs/visualization_msgs/msg/detail/menu_entry__functions.h
[171.799s] -- Symlinking: /home/teng/ros2_ws/install/visualization_msgs/include/visualization_msgs/visualization_msgs/msg/detail/menu_entry__struct.h
[171.846s] -- Symlinking: /home/teng/ros2_ws/install/visualization_msgs/include/visualization_msgs/visualization_msgs/msg/detail/menu_entry__type_support.h
[171.892s] -- Symlinking: /home/teng/ros2_ws/install/visualization_msgs/include/visualization_msgs/visualization_msgs/msg/detail/mesh_file__functions.h
[171.937s] -- Symlinking: /home/teng/ros2_ws/install/visualization_msgs/include/visualization_msgs/visualization_msgs/msg/detail/mesh_file__struct.h
[171.983s] -- Symlinking: /home/teng/ros2_ws/install/visualization_msgs/include/visualization_msgs/visualization_msgs/msg/detail/mesh_file__type_support.h
[172.026s] -- Symlinking: /home/teng/ros2_ws/install/visualization_msgs/include/visualization_msgs/visualization_msgs/msg/detail/uv_coordinate__functions.h
[172.074s] -- Symlinking: /home/teng/ros2_ws/install/visualization_msgs/include/visualization_msgs/visualization_msgs/msg/detail/uv_coordinate__struct.h
[172.118s] -- Symlinking: /home/teng/ros2_ws/install/visualization_msgs/include/visualization_msgs/visualization_msgs/msg/detail/uv_coordinate__type_support.h
[172.163s] -- Symlinking: /home/teng/ros2_ws/install/visualization_msgs/include/visualization_msgs/visualization_msgs/msg/image_marker.h
[172.210s] -- Symlinking: /home/teng/ros2_ws/install/visualization_msgs/include/visualization_msgs/visualization_msgs/msg/interactive_marker.h
[172.257s] -- Symlinking: /home/teng/ros2_ws/install/visualization_msgs/include/visualization_msgs/visualization_msgs/msg/interactive_marker_control.h
[172.301s] -- Symlinking: /home/teng/ros2_ws/install/visualization_msgs/include/visualization_msgs/visualization_msgs/msg/interactive_marker_feedback.h
[172.346s] -- Symlinking: /home/teng/ros2_ws/install/visualization_msgs/include/visualization_msgs/visualization_msgs/msg/interactive_marker_init.h
[172.391s] -- Symlinking: /home/teng/ros2_ws/install/visualization_msgs/include/visualization_msgs/visualization_msgs/msg/interactive_marker_pose.h
[172.436s] -- Symlinking: /home/teng/ros2_ws/install/visualization_msgs/include/visualization_msgs/visualization_msgs/msg/interactive_marker_update.h
[172.483s] -- Symlinking: /home/teng/ros2_ws/install/visualization_msgs/include/visualization_msgs/visualization_msgs/msg/marker.h
[172.528s] -- Symlinking: /home/teng/ros2_ws/install/visualization_msgs/include/visualization_msgs/visualization_msgs/msg/marker_array.h
[172.573s] -- Symlinking: /home/teng/ros2_ws/install/visualization_msgs/include/visualization_msgs/visualization_msgs/msg/menu_entry.h
[172.678s] -- Symlinking: /home/teng/ros2_ws/install/visualization_msgs/include/visualization_msgs/visualization_msgs/msg/mesh_file.h
[172.724s] -- Symlinking: /home/teng/ros2_ws/install/visualization_msgs/include/visualization_msgs/visualization_msgs/msg/rosidl_generator_c__visibility_control.h
[172.770s] -- Symlinking: /home/teng/ros2_ws/install/visualization_msgs/include/visualization_msgs/visualization_msgs/msg/uv_coordinate.h
[172.814s] -- Symlinking: /home/teng/ros2_ws/install/visualization_msgs/include/visualization_msgs/visualization_msgs/srv/detail/get_interactive_markers__functions.h
[172.860s] -- Symlinking: /home/teng/ros2_ws/install/visualization_msgs/include/visualization_msgs/visualization_msgs/srv/detail/get_interactive_markers__struct.h
[172.907s] -- Symlinking: /home/teng/ros2_ws/install/visualization_msgs/include/visualization_msgs/visualization_msgs/srv/detail/get_interactive_markers__type_support.h
[172.954s] -- Symlinking: /home/teng/ros2_ws/install/visualization_msgs/include/visualization_msgs/visualization_msgs/srv/get_interactive_markers.h
[173.000s] -- Symlinking: /home/teng/ros2_ws/install/visualization_msgs/share/visualization_msgs/environment/library_path.sh
[173.046s] -- Symlinking: /home/teng/ros2_ws/install/visualization_msgs/share/visualization_msgs/environment/library_path.dsv
[173.098s] -- Symlinking: /home/teng/ros2_ws/install/visualization_msgs/include/visualization_msgs/visualization_msgs/msg/detail/image_marker__rosidl_typesupport_fastrtps_c.h
[173.143s] -- Symlinking: /home/teng/ros2_ws/install/visualization_msgs/include/visualization_msgs/visualization_msgs/msg/detail/interactive_marker__rosidl_typesupport_fastrtps_c.h
[173.188s] -- Symlinking: /home/teng/ros2_ws/install/visualization_msgs/include/visualization_msgs/visualization_msgs/msg/detail/interactive_marker_control__rosidl_typesupport_fastrtps_c.h
[173.233s] -- Symlinking: /home/teng/ros2_ws/install/visualization_msgs/include/visualization_msgs/visualization_msgs/msg/detail/interactive_marker_feedback__rosidl_typesupport_fastrtps_c.h
[173.278s] -- Symlinking: /home/teng/ros2_ws/install/visualization_msgs/include/visualization_msgs/visualization_msgs/msg/detail/interactive_marker_init__rosidl_typesupport_fastrtps_c.h
[173.323s] -- Symlinking: /home/teng/ros2_ws/install/visualization_msgs/include/visualization_msgs/visualization_msgs/msg/detail/interactive_marker_pose__rosidl_typesupport_fastrtps_c.h
[173.369s] -- Symlinking: /home/teng/ros2_ws/install/visualization_msgs/include/visualization_msgs/visualization_msgs/msg/detail/interactive_marker_update__rosidl_typesupport_fastrtps_c.h
[173.414s] -- Symlinking: /home/teng/ros2_ws/install/visualization_msgs/include/visualization_msgs/visualization_msgs/msg/detail/marker__rosidl_typesupport_fastrtps_c.h
[173.458s] -- Symlinking: /home/teng/ros2_ws/install/visualization_msgs/include/visualization_msgs/visualization_msgs/msg/detail/marker_array__rosidl_typesupport_fastrtps_c.h
[173.502s] -- Symlinking: /home/teng/ros2_ws/install/visualization_msgs/include/visualization_msgs/visualization_msgs/msg/detail/menu_entry__rosidl_typesupport_fastrtps_c.h
[173.550s] -- Symlinking: /home/teng/ros2_ws/install/visualization_msgs/include/visualization_msgs/visualization_msgs/msg/detail/mesh_file__rosidl_typesupport_fastrtps_c.h
[173.596s] -- Symlinking: /home/teng/ros2_ws/install/visualization_msgs/include/visualization_msgs/visualization_msgs/msg/detail/uv_coordinate__rosidl_typesupport_fastrtps_c.h
[173.640s] -- Symlinking: /home/teng/ros2_ws/install/visualization_msgs/include/visualization_msgs/visualization_msgs/msg/rosidl_typesupport_fastrtps_c__visibility_control.h
[173.687s] -- Symlinking: /home/teng/ros2_ws/install/visualization_msgs/include/visualization_msgs/visualization_msgs/srv/detail/get_interactive_markers__rosidl_typesupport_fastrtps_c.h
[173.739s] -- Symlinking: /home/teng/ros2_ws/install/visualization_msgs/include/visualization_msgs/visualization_msgs/msg/detail/image_marker__builder.hpp
[173.786s] -- Symlinking: /home/teng/ros2_ws/install/visualization_msgs/include/visualization_msgs/visualization_msgs/msg/detail/image_marker__struct.hpp
[173.830s] -- Symlinking: /home/teng/ros2_ws/install/visualization_msgs/include/visualization_msgs/visualization_msgs/msg/detail/image_marker__traits.hpp
[173.877s] -- Symlinking: /home/teng/ros2_ws/install/visualization_msgs/include/visualization_msgs/visualization_msgs/msg/detail/interactive_marker__builder.hpp
[173.922s] -- Symlinking: /home/teng/ros2_ws/install/visualization_msgs/include/visualization_msgs/visualization_msgs/msg/detail/interactive_marker__struct.hpp
[173.969s] -- Symlinking: /home/teng/ros2_ws/install/visualization_msgs/include/visualization_msgs/visualization_msgs/msg/detail/interactive_marker__traits.hpp
[174.015s] -- Symlinking: /home/teng/ros2_ws/install/visualization_msgs/include/visualization_msgs/visualization_msgs/msg/detail/interactive_marker_control__builder.hpp
[174.060s] -- Symlinking: /home/teng/ros2_ws/install/visualization_msgs/include/visualization_msgs/visualization_msgs/msg/detail/interactive_marker_control__struct.hpp
[174.107s] -- Symlinking: /home/teng/ros2_ws/install/visualization_msgs/include/visualization_msgs/visualization_msgs/msg/detail/interactive_marker_control__traits.hpp
[174.157s] -- Symlinking: /home/teng/ros2_ws/install/visualization_msgs/include/visualization_msgs/visualization_msgs/msg/detail/interactive_marker_feedback__builder.hpp
[174.205s] -- Symlinking: /home/teng/ros2_ws/install/visualization_msgs/include/visualization_msgs/visualization_msgs/msg/detail/interactive_marker_feedback__struct.hpp
[174.249s] -- Symlinking: /home/teng/ros2_ws/install/visualization_msgs/include/visualization_msgs/visualization_msgs/msg/detail/interactive_marker_feedback__traits.hpp
[174.294s] -- Symlinking: /home/teng/ros2_ws/install/visualization_msgs/include/visualization_msgs/visualization_msgs/msg/detail/interactive_marker_init__builder.hpp
[174.339s] -- Symlinking: /home/teng/ros2_ws/install/visualization_msgs/include/visualization_msgs/visualization_msgs/msg/detail/interactive_marker_init__struct.hpp
[174.386s] -- Symlinking: /home/teng/ros2_ws/install/visualization_msgs/include/visualization_msgs/visualization_msgs/msg/detail/interactive_marker_init__traits.hpp
[174.431s] -- Symlinking: /home/teng/ros2_ws/install/visualization_msgs/include/visualization_msgs/visualization_msgs/msg/detail/interactive_marker_pose__builder.hpp
[174.476s] -- Symlinking: /home/teng/ros2_ws/install/visualization_msgs/include/visualization_msgs/visualization_msgs/msg/detail/interactive_marker_pose__struct.hpp
[174.521s] -- Symlinking: /home/teng/ros2_ws/install/visualization_msgs/include/visualization_msgs/visualization_msgs/msg/detail/interactive_marker_pose__traits.hpp
[174.567s] -- Symlinking: /home/teng/ros2_ws/install/visualization_msgs/include/visualization_msgs/visualization_msgs/msg/detail/interactive_marker_update__builder.hpp
[174.614s] -- Symlinking: /home/teng/ros2_ws/install/visualization_msgs/include/visualization_msgs/visualization_msgs/msg/detail/interactive_marker_update__struct.hpp
[174.659s] -- Symlinking: /home/teng/ros2_ws/install/visualization_msgs/include/visualization_msgs/visualization_msgs/msg/detail/interactive_marker_update__traits.hpp
[174.705s] -- Symlinking: /home/teng/ros2_ws/install/visualization_msgs/include/visualization_msgs/visualization_msgs/msg/detail/marker__builder.hpp
[174.749s] -- Symlinking: /home/teng/ros2_ws/install/visualization_msgs/include/visualization_msgs/visualization_msgs/msg/detail/marker__struct.hpp
[174.795s] -- Symlinking: /home/teng/ros2_ws/install/visualization_msgs/include/visualization_msgs/visualization_msgs/msg/detail/marker__traits.hpp
[174.840s] -- Symlinking: /home/teng/ros2_ws/install/visualization_msgs/include/visualization_msgs/visualization_msgs/msg/detail/marker_array__builder.hpp
[174.886s] -- Symlinking: /home/teng/ros2_ws/install/visualization_msgs/include/visualization_msgs/visualization_msgs/msg/detail/marker_array__struct.hpp
[174.932s] -- Symlinking: /home/teng/ros2_ws/install/visualization_msgs/include/visualization_msgs/visualization_msgs/msg/detail/marker_array__traits.hpp
[174.980s] -- Symlinking: /home/teng/ros2_ws/install/visualization_msgs/include/visualization_msgs/visualization_msgs/msg/detail/menu_entry__builder.hpp
[175.027s] -- Symlinking: /home/teng/ros2_ws/install/visualization_msgs/include/visualization_msgs/visualization_msgs/msg/detail/menu_entry__struct.hpp
[175.070s] -- Symlinking: /home/teng/ros2_ws/install/visualization_msgs/include/visualization_msgs/visualization_msgs/msg/detail/menu_entry__traits.hpp
[175.115s] -- Symlinking: /home/teng/ros2_ws/install/visualization_msgs/include/visualization_msgs/visualization_msgs/msg/detail/mesh_file__builder.hpp
[175.159s] -- Symlinking: /home/teng/ros2_ws/install/visualization_msgs/include/visualization_msgs/visualization_msgs/msg/detail/mesh_file__struct.hpp
[175.204s] -- Symlinking: /home/teng/ros2_ws/install/visualization_msgs/include/visualization_msgs/visualization_msgs/msg/detail/mesh_file__traits.hpp
[175.253s] -- Symlinking: /home/teng/ros2_ws/install/visualization_msgs/include/visualization_msgs/visualization_msgs/msg/detail/uv_coordinate__builder.hpp
[175.297s] -- Symlinking: /home/teng/ros2_ws/install/visualization_msgs/include/visualization_msgs/visualization_msgs/msg/detail/uv_coordinate__struct.hpp
[175.342s] -- Symlinking: /home/teng/ros2_ws/install/visualization_msgs/include/visualization_msgs/visualization_msgs/msg/detail/uv_coordinate__traits.hpp
[175.389s] -- Symlinking: /home/teng/ros2_ws/install/visualization_msgs/include/visualization_msgs/visualization_msgs/msg/image_marker.hpp
[175.435s] -- Symlinking: /home/teng/ros2_ws/install/visualization_msgs/include/visualization_msgs/visualization_msgs/msg/interactive_marker.hpp
[175.479s] -- Symlinking: /home/teng/ros2_ws/install/visualization_msgs/include/visualization_msgs/visualization_msgs/msg/interactive_marker_control.hpp
[175.525s] -- Symlinking: /home/teng/ros2_ws/install/visualization_msgs/include/visualization_msgs/visualization_msgs/msg/interactive_marker_feedback.hpp
[175.569s] -- Symlinking: /home/teng/ros2_ws/install/visualization_msgs/include/visualization_msgs/visualization_msgs/msg/interactive_marker_init.hpp
[175.613s] -- Symlinking: /home/teng/ros2_ws/install/visualization_msgs/include/visualization_msgs/visualization_msgs/msg/interactive_marker_pose.hpp
[175.660s] -- Symlinking: /home/teng/ros2_ws/install/visualization_msgs/include/visualization_msgs/visualization_msgs/msg/interactive_marker_update.hpp
[175.705s] -- Symlinking: /home/teng/ros2_ws/install/visualization_msgs/include/visualization_msgs/visualization_msgs/msg/marker.hpp
[175.748s] -- Symlinking: /home/teng/ros2_ws/install/visualization_msgs/include/visualization_msgs/visualization_msgs/msg/marker_array.hpp
[175.793s] -- Symlinking: /home/teng/ros2_ws/install/visualization_msgs/include/visualization_msgs/visualization_msgs/msg/menu_entry.hpp
[175.841s] -- Symlinking: /home/teng/ros2_ws/install/visualization_msgs/include/visualization_msgs/visualization_msgs/msg/mesh_file.hpp
[175.887s] -- Symlinking: /home/teng/ros2_ws/install/visualization_msgs/include/visualization_msgs/visualization_msgs/msg/uv_coordinate.hpp
[175.931s] -- Symlinking: /home/teng/ros2_ws/install/visualization_msgs/include/visualization_msgs/visualization_msgs/srv/detail/get_interactive_markers__builder.hpp
[175.989s] -- Symlinking: /home/teng/ros2_ws/install/visualization_msgs/include/visualization_msgs/visualization_msgs/srv/detail/get_interactive_markers__struct.hpp
[176.038s] -- Symlinking: /home/teng/ros2_ws/install/visualization_msgs/include/visualization_msgs/visualization_msgs/srv/detail/get_interactive_markers__traits.hpp
[176.085s] -- Symlinking: /home/teng/ros2_ws/install/visualization_msgs/include/visualization_msgs/visualization_msgs/srv/get_interactive_markers.hpp
[176.136s] -- Symlinking: /home/teng/ros2_ws/install/visualization_msgs/include/visualization_msgs/visualization_msgs/msg/detail/image_marker__rosidl_typesupport_fastrtps_cpp.hpp
[176.183s] -- Symlinking: /home/teng/ros2_ws/install/visualization_msgs/include/visualization_msgs/visualization_msgs/msg/detail/interactive_marker__rosidl_typesupport_fastrtps_cpp.hpp
[176.228s] -- Symlinking: /home/teng/ros2_ws/install/visualization_msgs/include/visualization_msgs/visualization_msgs/msg/detail/interactive_marker_control__rosidl_typesupport_fastrtps_cpp.hpp
[176.273s] -- Symlinking: /home/teng/ros2_ws/install/visualization_msgs/include/visualization_msgs/visualization_msgs/msg/detail/interactive_marker_feedback__rosidl_typesupport_fastrtps_cpp.hpp
[176.318s] -- Symlinking: /home/teng/ros2_ws/install/visualization_msgs/include/visualization_msgs/visualization_msgs/msg/detail/interactive_marker_init__rosidl_typesupport_fastrtps_cpp.hpp
[176.363s] -- Symlinking: /home/teng/ros2_ws/install/visualization_msgs/include/visualization_msgs/visualization_msgs/msg/detail/interactive_marker_pose__rosidl_typesupport_fastrtps_cpp.hpp
[176.409s] -- Symlinking: /home/teng/ros2_ws/install/visualization_msgs/include/visualization_msgs/visualization_msgs/msg/detail/interactive_marker_update__rosidl_typesupport_fastrtps_cpp.hpp
[176.457s] -- Symlinking: /home/teng/ros2_ws/install/visualization_msgs/include/visualization_msgs/visualization_msgs/msg/detail/marker__rosidl_typesupport_fastrtps_cpp.hpp
[176.504s] -- Symlinking: /home/teng/ros2_ws/install/visualization_msgs/include/visualization_msgs/visualization_msgs/msg/detail/marker_array__rosidl_typesupport_fastrtps_cpp.hpp
[176.548s] -- Symlinking: /home/teng/ros2_ws/install/visualization_msgs/include/visualization_msgs/visualization_msgs/msg/detail/menu_entry__rosidl_typesupport_fastrtps_cpp.hpp
[176.593s] -- Symlinking: /home/teng/ros2_ws/install/visualization_msgs/include/visualization_msgs/visualization_msgs/msg/detail/mesh_file__rosidl_typesupport_fastrtps_cpp.hpp
[176.640s] -- Symlinking: /home/teng/ros2_ws/install/visualization_msgs/include/visualization_msgs/visualization_msgs/msg/detail/uv_coordinate__rosidl_typesupport_fastrtps_cpp.hpp
[176.687s] -- Symlinking: /home/teng/ros2_ws/install/visualization_msgs/include/visualization_msgs/visualization_msgs/msg/rosidl_typesupport_fastrtps_cpp__visibility_control.h
[176.733s] -- Symlinking: /home/teng/ros2_ws/install/visualization_msgs/include/visualization_msgs/visualization_msgs/srv/detail/get_interactive_markers__rosidl_typesupport_fastrtps_cpp.hpp
[176.781s] -- Symlinking: /home/teng/ros2_ws/install/visualization_msgs/include/visualization_msgs/visualization_msgs/msg/detail/image_marker__rosidl_typesupport_introspection_c.h
[176.826s] -- Symlinking: /home/teng/ros2_ws/install/visualization_msgs/include/visualization_msgs/visualization_msgs/msg/detail/interactive_marker__rosidl_typesupport_introspection_c.h
[176.873s] -- Symlinking: /home/teng/ros2_ws/install/visualization_msgs/include/visualization_msgs/visualization_msgs/msg/detail/interactive_marker_control__rosidl_typesupport_introspection_c.h
[176.920s] -- Symlinking: /home/teng/ros2_ws/install/visualization_msgs/include/visualization_msgs/visualization_msgs/msg/detail/interactive_marker_feedback__rosidl_typesupport_introspection_c.h
[176.963s] -- Symlinking: /home/teng/ros2_ws/install/visualization_msgs/include/visualization_msgs/visualization_msgs/msg/detail/interactive_marker_init__rosidl_typesupport_introspection_c.h
[177.011s] -- Symlinking: /home/teng/ros2_ws/install/visualization_msgs/include/visualization_msgs/visualization_msgs/msg/detail/interactive_marker_pose__rosidl_typesupport_introspection_c.h
[177.056s] -- Symlinking: /home/teng/ros2_ws/install/visualization_msgs/include/visualization_msgs/visualization_msgs/msg/detail/interactive_marker_update__rosidl_typesupport_introspection_c.h
[177.101s] -- Symlinking: /home/teng/ros2_ws/install/visualization_msgs/include/visualization_msgs/visualization_msgs/msg/detail/marker__rosidl_typesupport_introspection_c.h
[177.147s] -- Symlinking: /home/teng/ros2_ws/install/visualization_msgs/include/visualization_msgs/visualization_msgs/msg/detail/marker_array__rosidl_typesupport_introspection_c.h
[177.192s] -- Symlinking: /home/teng/ros2_ws/install/visualization_msgs/include/visualization_msgs/visualization_msgs/msg/detail/menu_entry__rosidl_typesupport_introspection_c.h
[177.237s] -- Symlinking: /home/teng/ros2_ws/install/visualization_msgs/include/visualization_msgs/visualization_msgs/msg/detail/mesh_file__rosidl_typesupport_introspection_c.h
[177.282s] -- Symlinking: /home/teng/ros2_ws/install/visualization_msgs/include/visualization_msgs/visualization_msgs/msg/detail/uv_coordinate__rosidl_typesupport_introspection_c.h
[177.328s] -- Symlinking: /home/teng/ros2_ws/install/visualization_msgs/include/visualization_msgs/visualization_msgs/msg/rosidl_typesupport_introspection_c__visibility_control.h
[177.374s] -- Symlinking: /home/teng/ros2_ws/install/visualization_msgs/include/visualization_msgs/visualization_msgs/srv/detail/get_interactive_markers__rosidl_typesupport_introspection_c.h
[177.422s] -- Symlinking: /home/teng/ros2_ws/install/visualization_msgs/include/visualization_msgs/visualization_msgs/msg/detail/image_marker__rosidl_typesupport_introspection_cpp.hpp
[177.466s] -- Symlinking: /home/teng/ros2_ws/install/visualization_msgs/include/visualization_msgs/visualization_msgs/msg/detail/interactive_marker__rosidl_typesupport_introspection_cpp.hpp
[177.510s] -- Symlinking: /home/teng/ros2_ws/install/visualization_msgs/include/visualization_msgs/visualization_msgs/msg/detail/interactive_marker_control__rosidl_typesupport_introspection_cpp.hpp
[177.559s] -- Symlinking: /home/teng/ros2_ws/install/visualization_msgs/include/visualization_msgs/visualization_msgs/msg/detail/interactive_marker_feedback__rosidl_typesupport_introspection_cpp.hpp
[177.605s] -- Symlinking: /home/teng/ros2_ws/install/visualization_msgs/include/visualization_msgs/visualization_msgs/msg/detail/interactive_marker_init__rosidl_typesupport_introspection_cpp.hpp
[177.650s] -- Symlinking: /home/teng/ros2_ws/install/visualization_msgs/include/visualization_msgs/visualization_msgs/msg/detail/interactive_marker_pose__rosidl_typesupport_introspection_cpp.hpp
[177.695s] -- Symlinking: /home/teng/ros2_ws/install/visualization_msgs/include/visualization_msgs/visualization_msgs/msg/detail/interactive_marker_update__rosidl_typesupport_introspection_cpp.hpp
[177.742s] -- Symlinking: /home/teng/ros2_ws/install/visualization_msgs/include/visualization_msgs/visualization_msgs/msg/detail/marker__rosidl_typesupport_introspection_cpp.hpp
[177.786s] -- Symlinking: /home/teng/ros2_ws/install/visualization_msgs/include/visualization_msgs/visualization_msgs/msg/detail/marker_array__rosidl_typesupport_introspection_cpp.hpp
[177.830s] -- Symlinking: /home/teng/ros2_ws/install/visualization_msgs/include/visualization_msgs/visualization_msgs/msg/detail/menu_entry__rosidl_typesupport_introspection_cpp.hpp
[177.873s] -- Symlinking: /home/teng/ros2_ws/install/visualization_msgs/include/visualization_msgs/visualization_msgs/msg/detail/mesh_file__rosidl_typesupport_introspection_cpp.hpp
[177.919s] -- Symlinking: /home/teng/ros2_ws/install/visualization_msgs/include/visualization_msgs/visualization_msgs/msg/detail/uv_coordinate__rosidl_typesupport_introspection_cpp.hpp
[177.967s] -- Symlinking: /home/teng/ros2_ws/install/visualization_msgs/include/visualization_msgs/visualization_msgs/srv/detail/get_interactive_markers__rosidl_typesupport_introspection_cpp.hpp
[178.012s] -- Symlinking: /home/teng/ros2_ws/install/visualization_msgs/share/visualization_msgs/environment/pythonpath.sh
[178.058s] -- Symlinking: /home/teng/ros2_ws/install/visualization_msgs/share/visualization_msgs/environment/pythonpath.dsv
[178.105s] -- Symlinking: /home/teng/ros2_ws/install/visualization_msgs/local/lib/python3.10/dist-packages/visualization_msgs-5.2.0-py3.10.egg-info/PKG-INFO
[178.151s] -- Symlinking: /home/teng/ros2_ws/install/visualization_msgs/local/lib/python3.10/dist-packages/visualization_msgs-5.2.0-py3.10.egg-info/SOURCES.txt
[178.198s] -- Symlinking: /home/teng/ros2_ws/install/visualization_msgs/local/lib/python3.10/dist-packages/visualization_msgs-5.2.0-py3.10.egg-info/dependency_links.txt
[178.242s] -- Symlinking: /home/teng/ros2_ws/install/visualization_msgs/local/lib/python3.10/dist-packages/visualization_msgs-5.2.0-py3.10.egg-info/top_level.txt
[178.300s] -- Symlinking: /home/teng/ros2_ws/install/visualization_msgs/local/lib/python3.10/dist-packages/visualization_msgs/__init__.py
[178.347s] -- Symlinking: /home/teng/ros2_ws/install/visualization_msgs/local/lib/python3.10/dist-packages/visualization_msgs/_visualization_msgs_s.ep.rosidl_typesupport_c.c
[178.394s] -- Symlinking: /home/teng/ros2_ws/install/visualization_msgs/local/lib/python3.10/dist-packages/visualization_msgs/_visualization_msgs_s.ep.rosidl_typesupport_fastrtps_c.c
[178.438s] -- Symlinking: /home/teng/ros2_ws/install/visualization_msgs/local/lib/python3.10/dist-packages/visualization_msgs/_visualization_msgs_s.ep.rosidl_typesupport_introspection_c.c
[178.485s] -- Symlinking: /home/teng/ros2_ws/install/visualization_msgs/local/lib/python3.10/dist-packages/visualization_msgs/libvisualization_msgs__rosidl_generator_py.so
[178.530s] -- Symlinking: /home/teng/ros2_ws/install/visualization_msgs/local/lib/python3.10/dist-packages/visualization_msgs/msg/__init__.py
[178.576s] -- Symlinking: /home/teng/ros2_ws/install/visualization_msgs/local/lib/python3.10/dist-packages/visualization_msgs/msg/_image_marker.py
[178.624s] -- Symlinking: /home/teng/ros2_ws/install/visualization_msgs/local/lib/python3.10/dist-packages/visualization_msgs/msg/_image_marker_s.c
[178.670s] -- Symlinking: /home/teng/ros2_ws/install/visualization_msgs/local/lib/python3.10/dist-packages/visualization_msgs/msg/_interactive_marker.py
[178.715s] -- Symlinking: /home/teng/ros2_ws/install/visualization_msgs/local/lib/python3.10/dist-packages/visualization_msgs/msg/_interactive_marker_control.py
[178.761s] -- Symlinking: /home/teng/ros2_ws/install/visualization_msgs/local/lib/python3.10/dist-packages/visualization_msgs/msg/_interactive_marker_control_s.c
[178.812s] -- Symlinking: /home/teng/ros2_ws/install/visualization_msgs/local/lib/python3.10/dist-packages/visualization_msgs/msg/_interactive_marker_feedback.py
[178.856s] -- Symlinking: /home/teng/ros2_ws/install/visualization_msgs/local/lib/python3.10/dist-packages/visualization_msgs/msg/_interactive_marker_feedback_s.c
[178.901s] -- Symlinking: /home/teng/ros2_ws/install/visualization_msgs/local/lib/python3.10/dist-packages/visualization_msgs/msg/_interactive_marker_init.py
[178.947s] -- Symlinking: /home/teng/ros2_ws/install/visualization_msgs/local/lib/python3.10/dist-packages/visualization_msgs/msg/_interactive_marker_init_s.c
[178.993s] -- Symlinking: /home/teng/ros2_ws/install/visualization_msgs/local/lib/python3.10/dist-packages/visualization_msgs/msg/_interactive_marker_pose.py
[179.039s] -- Symlinking: /home/teng/ros2_ws/install/visualization_msgs/local/lib/python3.10/dist-packages/visualization_msgs/msg/_interactive_marker_pose_s.c
[179.085s] -- Symlinking: /home/teng/ros2_ws/install/visualization_msgs/local/lib/python3.10/dist-packages/visualization_msgs/msg/_interactive_marker_s.c
[179.136s] -- Symlinking: /home/teng/ros2_ws/install/visualization_msgs/local/lib/python3.10/dist-packages/visualization_msgs/msg/_interactive_marker_update.py
[179.182s] -- Symlinking: /home/teng/ros2_ws/install/visualization_msgs/local/lib/python3.10/dist-packages/visualization_msgs/msg/_interactive_marker_update_s.c
[179.234s] -- Symlinking: /home/teng/ros2_ws/install/visualization_msgs/local/lib/python3.10/dist-packages/visualization_msgs/msg/_marker.py
[179.278s] -- Symlinking: /home/teng/ros2_ws/install/visualization_msgs/local/lib/python3.10/dist-packages/visualization_msgs/msg/_marker_array.py
[179.326s] -- Symlinking: /home/teng/ros2_ws/install/visualization_msgs/local/lib/python3.10/dist-packages/visualization_msgs/msg/_marker_array_s.c
[179.370s] -- Symlinking: /home/teng/ros2_ws/install/visualization_msgs/local/lib/python3.10/dist-packages/visualization_msgs/msg/_marker_s.c
[179.419s] -- Symlinking: /home/teng/ros2_ws/install/visualization_msgs/local/lib/python3.10/dist-packages/visualization_msgs/msg/_menu_entry.py
[179.465s] -- Symlinking: /home/teng/ros2_ws/install/visualization_msgs/local/lib/python3.10/dist-packages/visualization_msgs/msg/_menu_entry_s.c
[179.510s] -- Symlinking: /home/teng/ros2_ws/install/visualization_msgs/local/lib/python3.10/dist-packages/visualization_msgs/msg/_mesh_file.py
[179.555s] -- Symlinking: /home/teng/ros2_ws/install/visualization_msgs/local/lib/python3.10/dist-packages/visualization_msgs/msg/_mesh_file_s.c
[179.601s] -- Symlinking: /home/teng/ros2_ws/install/visualization_msgs/local/lib/python3.10/dist-packages/visualization_msgs/msg/_uv_coordinate.py
[179.648s] -- Symlinking: /home/teng/ros2_ws/install/visualization_msgs/local/lib/python3.10/dist-packages/visualization_msgs/msg/_uv_coordinate_s.c
[179.695s] -- Symlinking: /home/teng/ros2_ws/install/visualization_msgs/local/lib/python3.10/dist-packages/visualization_msgs/srv/__init__.py
[179.739s] -- Symlinking: /home/teng/ros2_ws/install/visualization_msgs/local/lib/python3.10/dist-packages/visualization_msgs/srv/_get_interactive_markers.py
[179.785s] -- Symlinking: /home/teng/ros2_ws/install/visualization_msgs/local/lib/python3.10/dist-packages/visualization_msgs/srv/_get_interactive_markers_s.c
[179.832s] -- Symlinking: /home/teng/ros2_ws/install/visualization_msgs/local/lib/python3.10/dist-packages/visualization_msgs/visualization_msgs_s__rosidl_typesupport_c.cpython-310-aarch64-linux-gnu.so
[179.880s] -- Symlinking: /home/teng/ros2_ws/install/visualization_msgs/local/lib/python3.10/dist-packages/visualization_msgs/visualization_msgs_s__rosidl_typesupport_fastrtps_c.cpython-310-aarch64-linux-gnu.so
[179.924s] -- Symlinking: /home/teng/ros2_ws/install/visualization_msgs/local/lib/python3.10/dist-packages/visualization_msgs/visualization_msgs_s__rosidl_typesupport_introspection_c.cpython-310-aarch64-linux-gnu.so
[179.970s] -- Up-to-date symlink: /home/teng/ros2_ws/install/visualization_msgs/local/lib/python3.10/dist-packages/visualization_msgs/visualization_msgs_s__rosidl_typesupport_fastrtps_c.cpython-310-aarch64-linux-gnu.so
[179.971s] -- Up-to-date symlink: /home/teng/ros2_ws/install/visualization_msgs/local/lib/python3.10/dist-packages/visualization_msgs/visualization_msgs_s__rosidl_typesupport_introspection_c.cpython-310-aarch64-linux-gnu.so
[179.973s] -- Up-to-date symlink: /home/teng/ros2_ws/install/visualization_msgs/local/lib/python3.10/dist-packages/visualization_msgs/visualization_msgs_s__rosidl_typesupport_c.cpython-310-aarch64-linux-gnu.so
[179.974s] -- Symlinking: /home/teng/ros2_ws/install/visualization_msgs/share/visualization_msgs/msg/ImageMarker.idl
[180.021s] -- Symlinking: /home/teng/ros2_ws/install/visualization_msgs/share/visualization_msgs/msg/InteractiveMarker.idl
[180.068s] -- Symlinking: /home/teng/ros2_ws/install/visualization_msgs/share/visualization_msgs/msg/InteractiveMarkerControl.idl
[180.113s] -- Symlinking: /home/teng/ros2_ws/install/visualization_msgs/share/visualization_msgs/msg/InteractiveMarkerFeedback.idl
[180.158s] -- Symlinking: /home/teng/ros2_ws/install/visualization_msgs/share/visualization_msgs/msg/InteractiveMarkerInit.idl
[180.205s] -- Symlinking: /home/teng/ros2_ws/install/visualization_msgs/share/visualization_msgs/msg/InteractiveMarkerPose.idl
[180.252s] -- Symlinking: /home/teng/ros2_ws/install/visualization_msgs/share/visualization_msgs/msg/InteractiveMarkerUpdate.idl
[180.299s] -- Symlinking: /home/teng/ros2_ws/install/visualization_msgs/share/visualization_msgs/msg/Marker.idl
[180.344s] -- Symlinking: /home/teng/ros2_ws/install/visualization_msgs/share/visualization_msgs/msg/MarkerArray.idl
[180.389s] -- Symlinking: /home/teng/ros2_ws/install/visualization_msgs/share/visualization_msgs/msg/MenuEntry.idl
[180.434s] -- Symlinking: /home/teng/ros2_ws/install/visualization_msgs/share/visualization_msgs/msg/MeshFile.idl
[180.481s] -- Symlinking: /home/teng/ros2_ws/install/visualization_msgs/share/visualization_msgs/msg/UVCoordinate.idl
[180.528s] -- Symlinking: /home/teng/ros2_ws/install/visualization_msgs/share/visualization_msgs/srv/GetInteractiveMarkers.idl
[180.573s] -- Symlinking: /home/teng/ros2_ws/install/visualization_msgs/share/visualization_msgs/msg/ImageMarker.msg
[180.618s] -- Symlinking: /home/teng/ros2_ws/install/visualization_msgs/share/visualization_msgs/msg/InteractiveMarker.msg
[180.662s] -- Symlinking: /home/teng/ros2_ws/install/visualization_msgs/share/visualization_msgs/msg/InteractiveMarkerControl.msg
[180.713s] -- Symlinking: /home/teng/ros2_ws/install/visualization_msgs/share/visualization_msgs/msg/InteractiveMarkerFeedback.msg
[180.758s] -- Symlinking: /home/teng/ros2_ws/install/visualization_msgs/share/visualization_msgs/msg/InteractiveMarkerInit.msg
[180.804s] -- Symlinking: /home/teng/ros2_ws/install/visualization_msgs/share/visualization_msgs/msg/InteractiveMarkerPose.msg
[180.850s] -- Symlinking: /home/teng/ros2_ws/install/visualization_msgs/share/visualization_msgs/msg/InteractiveMarkerUpdate.msg
[180.894s] -- Symlinking: /home/teng/ros2_ws/install/visualization_msgs/share/visualization_msgs/msg/Marker.msg
[180.946s] -- Symlinking: /home/teng/ros2_ws/install/visualization_msgs/share/visualization_msgs/msg/MarkerArray.msg
[181.013s] -- Symlinking: /home/teng/ros2_ws/install/visualization_msgs/share/visualization_msgs/msg/MenuEntry.msg
[181.062s] -- Symlinking: /home/teng/ros2_ws/install/visualization_msgs/share/visualization_msgs/msg/MeshFile.msg
[181.106s] -- Symlinking: /home/teng/ros2_ws/install/visualization_msgs/share/visualization_msgs/msg/UVCoordinate.msg
[181.153s] -- Symlinking: /home/teng/ros2_ws/install/visualization_msgs/share/visualization_msgs/srv/GetInteractiveMarkers.srv
[181.200s] -- Symlinking: /home/teng/ros2_ws/install/visualization_msgs/share/visualization_msgs/srv/GetInteractiveMarkers_Request.msg
[181.245s] -- Symlinking: /home/teng/ros2_ws/install/visualization_msgs/share/visualization_msgs/srv/GetInteractiveMarkers_Response.msg
[181.290s] -- Symlinking: /home/teng/ros2_ws/install/visualization_msgs/share/ament_index/resource_index/package_run_dependencies/visualization_msgs
[181.336s] -- Symlinking: /home/teng/ros2_ws/install/visualization_msgs/share/ament_index/resource_index/parent_prefix_path/visualization_msgs
[181.382s] -- Symlinking: /home/teng/ros2_ws/install/visualization_msgs/share/visualization_msgs/environment/ament_prefix_path.sh
[181.426s] -- Symlinking: /home/teng/ros2_ws/install/visualization_msgs/share/visualization_msgs/environment/ament_prefix_path.dsv
[181.473s] -- Symlinking: /home/teng/ros2_ws/install/visualization_msgs/share/visualization_msgs/environment/path.sh
[181.518s] -- Symlinking: /home/teng/ros2_ws/install/visualization_msgs/share/visualization_msgs/environment/path.dsv
[181.565s] -- Symlinking: /home/teng/ros2_ws/install/visualization_msgs/share/visualization_msgs/local_setup.bash
[181.612s] -- Symlinking: /home/teng/ros2_ws/install/visualization_msgs/share/visualization_msgs/local_setup.sh
[181.656s] -- Symlinking: /home/teng/ros2_ws/install/visualization_msgs/share/visualization_msgs/local_setup.zsh
[181.701s] -- Symlinking: /home/teng/ros2_ws/install/visualization_msgs/share/visualization_msgs/local_setup.dsv
[181.745s] -- Symlinking: /home/teng/ros2_ws/install/visualization_msgs/share/visualization_msgs/package.dsv
[181.792s] -- Symlinking: /home/teng/ros2_ws/install/visualization_msgs/share/ament_index/resource_index/packages/visualization_msgs
[181.838s] -- Symlinking: /home/teng/ros2_ws/install/visualization_msgs/share/visualization_msgs/cmake/rosidl_cmake-extras.cmake
[181.887s] -- Symlinking: /home/teng/ros2_ws/install/visualization_msgs/share/visualization_msgs/cmake/ament_cmake_export_dependencies-extras.cmake
[181.935s] -- Symlinking: /home/teng/ros2_ws/install/visualization_msgs/share/visualization_msgs/cmake/ament_cmake_export_include_directories-extras.cmake
[181.983s] -- Symlinking: /home/teng/ros2_ws/install/visualization_msgs/share/visualization_msgs/cmake/ament_cmake_export_libraries-extras.cmake
[182.029s] -- Symlinking: /home/teng/ros2_ws/install/visualization_msgs/share/visualization_msgs/cmake/ament_cmake_export_targets-extras.cmake
[182.075s] -- Symlinking: /home/teng/ros2_ws/install/visualization_msgs/share/visualization_msgs/cmake/rosidl_cmake_export_typesupport_targets-extras.cmake
[182.124s] -- Symlinking: /home/teng/ros2_ws/install/visualization_msgs/share/visualization_msgs/cmake/rosidl_cmake_export_typesupport_libraries-extras.cmake
[182.168s] -- Symlinking: /home/teng/ros2_ws/install/visualization_msgs/share/visualization_msgs/cmake/visualization_msgsConfig.cmake
[182.212s] -- Symlinking: /home/teng/ros2_ws/install/visualization_msgs/share/visualization_msgs/cmake/visualization_msgsConfig-version.cmake
[182.255s] -- Symlinking: /home/teng/ros2_ws/install/visualization_msgs/share/visualization_msgs/package.xml
[182.303s] -- Installing: /home/teng/ros2_ws/install/visualization_msgs/lib/libvisualization_msgs__rosidl_generator_c.so
[182.307s] -- Set runtime path of "/home/teng/ros2_ws/install/visualization_msgs/lib/libvisualization_msgs__rosidl_generator_c.so" to ""
[182.308s] -- Installing: /home/teng/ros2_ws/install/visualization_msgs/lib/libvisualization_msgs__rosidl_typesupport_fastrtps_c.so
[182.312s] -- Set runtime path of "/home/teng/ros2_ws/install/visualization_msgs/lib/libvisualization_msgs__rosidl_typesupport_fastrtps_c.so" to ""
[182.313s] -- Installing: /home/teng/ros2_ws/install/visualization_msgs/lib/libvisualization_msgs__rosidl_typesupport_fastrtps_cpp.so
[182.321s] -- Set runtime path of "/home/teng/ros2_ws/install/visualization_msgs/lib/libvisualization_msgs__rosidl_typesupport_fastrtps_cpp.so" to ""
[182.322s] -- Installing: /home/teng/ros2_ws/install/visualization_msgs/lib/libvisualization_msgs__rosidl_typesupport_introspection_c.so
[182.325s] -- Set runtime path of "/home/teng/ros2_ws/install/visualization_msgs/lib/libvisualization_msgs__rosidl_typesupport_introspection_c.so" to ""
[182.326s] -- Installing: /home/teng/ros2_ws/install/visualization_msgs/lib/libvisualization_msgs__rosidl_typesupport_c.so
[182.328s] -- Set runtime path of "/home/teng/ros2_ws/install/visualization_msgs/lib/libvisualization_msgs__rosidl_typesupport_c.so" to ""
[182.329s] -- Installing: /home/teng/ros2_ws/install/visualization_msgs/lib/libvisualization_msgs__rosidl_typesupport_introspection_cpp.so
[182.337s] -- Set runtime path of "/home/teng/ros2_ws/install/visualization_msgs/lib/libvisualization_msgs__rosidl_typesupport_introspection_cpp.so" to ""
[182.337s] -- Installing: /home/teng/ros2_ws/install/visualization_msgs/lib/libvisualization_msgs__rosidl_typesupport_cpp.so
[182.340s] -- Set runtime path of "/home/teng/ros2_ws/install/visualization_msgs/lib/libvisualization_msgs__rosidl_typesupport_cpp.so" to ""
[182.633s] Listing '/home/teng/ros2_ws/install/visualization_msgs/local/lib/python3.10/dist-packages/visualization_msgs'...
[182.634s] Compiling '/home/teng/ros2_ws/install/visualization_msgs/local/lib/python3.10/dist-packages/visualization_msgs/__init__.py'...
[182.636s] Listing '/home/teng/ros2_ws/install/visualization_msgs/local/lib/python3.10/dist-packages/visualization_msgs/msg'...
[182.637s] Compiling '/home/teng/ros2_ws/install/visualization_msgs/local/lib/python3.10/dist-packages/visualization_msgs/msg/__init__.py'...
[182.639s] Compiling '/home/teng/ros2_ws/install/visualization_msgs/local/lib/python3.10/dist-packages/visualization_msgs/msg/_image_marker.py'...
[182.640s] Compiling '/home/teng/ros2_ws/install/visualization_msgs/local/lib/python3.10/dist-packages/visualization_msgs/msg/_interactive_marker.py'...
[182.641s] Compiling '/home/teng/ros2_ws/install/visualization_msgs/local/lib/python3.10/dist-packages/visualization_msgs/msg/_interactive_marker_control.py'...
[182.642s] Compiling '/home/teng/ros2_ws/install/visualization_msgs/local/lib/python3.10/dist-packages/visualization_msgs/msg/_interactive_marker_feedback.py'...
[182.643s] Compiling '/home/teng/ros2_ws/install/visualization_msgs/local/lib/python3.10/dist-packages/visualization_msgs/msg/_interactive_marker_init.py'...
[182.645s] Compiling '/home/teng/ros2_ws/install/visualization_msgs/local/lib/python3.10/dist-packages/visualization_msgs/msg/_interactive_marker_pose.py'...
[182.646s] Compiling '/home/teng/ros2_ws/install/visualization_msgs/local/lib/python3.10/dist-packages/visualization_msgs/msg/_interactive_marker_update.py'...
[182.647s] Compiling '/home/teng/ros2_ws/install/visualization_msgs/local/lib/python3.10/dist-packages/visualization_msgs/msg/_marker.py'...
[182.648s] Compiling '/home/teng/ros2_ws/install/visualization_msgs/local/lib/python3.10/dist-packages/visualization_msgs/msg/_marker_array.py'...
[182.648s] Compiling '/home/teng/ros2_ws/install/visualization_msgs/local/lib/python3.10/dist-packages/visualization_msgs/msg/_menu_entry.py'...
[182.649s] Compiling '/home/teng/ros2_ws/install/visualization_msgs/local/lib/python3.10/dist-packages/visualization_msgs/msg/_mesh_file.py'...
[182.649s] Compiling '/home/teng/ros2_ws/install/visualization_msgs/local/lib/python3.10/dist-packages/visualization_msgs/msg/_uv_coordinate.py'...
[182.650s] Listing '/home/teng/ros2_ws/install/visualization_msgs/local/lib/python3.10/dist-packages/visualization_msgs/srv'...
[182.650s] Compiling '/home/teng/ros2_ws/install/visualization_msgs/local/lib/python3.10/dist-packages/visualization_msgs/srv/__init__.py'...
[182.651s] Compiling '/home/teng/ros2_ws/install/visualization_msgs/local/lib/python3.10/dist-packages/visualization_msgs/srv/_get_interactive_markers.py'...
[182.662s] -- Installing: /home/teng/ros2_ws/install/visualization_msgs/lib/libvisualization_msgs__rosidl_generator_py.so
[182.666s] -- Set runtime path of "/home/teng/ros2_ws/install/visualization_msgs/lib/libvisualization_msgs__rosidl_generator_py.so" to ""
[182.666s] -- Installing: /home/teng/ros2_ws/install/visualization_msgs/share/visualization_msgs/cmake/export_visualization_msgs__rosidl_generator_cExport.cmake
[182.668s] -- Installing: /home/teng/ros2_ws/install/visualization_msgs/share/visualization_msgs/cmake/export_visualization_msgs__rosidl_generator_cExport-noconfig.cmake
[182.670s] -- Installing: /home/teng/ros2_ws/install/visualization_msgs/share/visualization_msgs/cmake/export_visualization_msgs__rosidl_typesupport_fastrtps_cExport.cmake
[182.671s] -- Installing: /home/teng/ros2_ws/install/visualization_msgs/share/visualization_msgs/cmake/export_visualization_msgs__rosidl_typesupport_fastrtps_cExport-noconfig.cmake
[182.673s] -- Installing: /home/teng/ros2_ws/install/visualization_msgs/share/visualization_msgs/cmake/export_visualization_msgs__rosidl_generator_cppExport.cmake
[182.674s] -- Installing: /home/teng/ros2_ws/install/visualization_msgs/share/visualization_msgs/cmake/export_visualization_msgs__rosidl_typesupport_fastrtps_cppExport.cmake
[182.676s] -- Installing: /home/teng/ros2_ws/install/visualization_msgs/share/visualization_msgs/cmake/export_visualization_msgs__rosidl_typesupport_fastrtps_cppExport-noconfig.cmake
[182.678s] -- Installing: /home/teng/ros2_ws/install/visualization_msgs/share/visualization_msgs/cmake/visualization_msgs__rosidl_typesupport_introspection_cExport.cmake
[182.679s] -- Installing: /home/teng/ros2_ws/install/visualization_msgs/share/visualization_msgs/cmake/visualization_msgs__rosidl_typesupport_introspection_cExport-noconfig.cmake
[182.681s] -- Installing: /home/teng/ros2_ws/install/visualization_msgs/share/visualization_msgs/cmake/visualization_msgs__rosidl_typesupport_cExport.cmake
[182.682s] -- Installing: /home/teng/ros2_ws/install/visualization_msgs/share/visualization_msgs/cmake/visualization_msgs__rosidl_typesupport_cExport-noconfig.cmake
[182.684s] -- Installing: /home/teng/ros2_ws/install/visualization_msgs/share/visualization_msgs/cmake/visualization_msgs__rosidl_typesupport_introspection_cppExport.cmake
[182.686s] -- Installing: /home/teng/ros2_ws/install/visualization_msgs/share/visualization_msgs/cmake/visualization_msgs__rosidl_typesupport_introspection_cppExport-noconfig.cmake
[182.687s] -- Installing: /home/teng/ros2_ws/install/visualization_msgs/share/visualization_msgs/cmake/visualization_msgs__rosidl_typesupport_cppExport.cmake
[182.688s] -- Installing: /home/teng/ros2_ws/install/visualization_msgs/share/visualization_msgs/cmake/visualization_msgs__rosidl_typesupport_cppExport-noconfig.cmake
[182.690s] -- Installing: /home/teng/ros2_ws/install/visualization_msgs/share/visualization_msgs/cmake/export_visualization_msgs__rosidl_generator_pyExport.cmake
[182.691s] -- Installing: /home/teng/ros2_ws/install/visualization_msgs/share/visualization_msgs/cmake/export_visualization_msgs__rosidl_generator_pyExport-noconfig.cmake
[182.700s] Invoked command in '/home/teng/ros2_ws/build/visualization_msgs' returned '0': CMAKE_PREFIX_PATH=/home/teng/ros2_ws/install/sensor_msgs:/home/teng/ros2_ws/install/geometry_msgs:/home/teng/ros2_ws/install/std_msgs:/home/teng/ros2_ws/install/common_interfaces:/home/teng/ros2_ws/install/visualization_msgs:/home/teng/ros2_ws/install/trajectory_msgs:/home/teng/ros2_ws/install/stereo_msgs:/home/teng/ros2_ws/install/std_srvs:/home/teng/ros2_ws/install/shape_msgs:/home/teng/ros2_ws/install/nav_msgs:/home/teng/ros2_ws/install/diagnostic_msgs:/home/teng/ros2_ws/install/actionlib_msgs:/home/teng/ros2_ws/install/exp_1_bringup:/home/teng/ros2_ws/install/simple_interfaces:/home/teng/ros2_ws/install/sensor_msgs_py:/home/teng/ros2_ws/install/experiment1:/opt/ros/humble LD_LIBRARY_PATH=/home/teng/ros2_ws/install/sensor_msgs/lib:/home/teng/ros2_ws/install/geometry_msgs/lib:/home/teng/ros2_ws/install/std_msgs/lib:/home/teng/ros2_ws/install/visualization_msgs/lib:/home/teng/ros2_ws/install/trajectory_msgs/lib:/home/teng/ros2_ws/install/stereo_msgs/lib:/home/teng/ros2_ws/install/std_srvs/lib:/home/teng/ros2_ws/install/shape_msgs/lib:/home/teng/ros2_ws/install/nav_msgs/lib:/home/teng/ros2_ws/install/diagnostic_msgs/lib:/home/teng/ros2_ws/install/actionlib_msgs/lib:/home/teng/ros2_ws/install/simple_interfaces/lib:/opt/ros/humble/lib/aarch64-linux-gnu:/opt/ros/humble/lib /usr/bin/cmake --install /home/teng/ros2_ws/build/visualization_msgs
