[0.315s] Invoking command in '/home/teng/ros2_ws/build/actionlib_msgs': CMAKE_PREFIX_PATH=/home/teng/ros2_ws/install/std_msgs:/home/teng/ros2_ws/install/common_interfaces:/home/teng/ros2_ws/install/visualization_msgs:/home/teng/ros2_ws/install/trajectory_msgs:/home/teng/ros2_ws/install/stereo_msgs:/home/teng/ros2_ws/install/std_srvs:/home/teng/ros2_ws/install/shape_msgs:/home/teng/ros2_ws/install/sensor_msgs:/home/teng/ros2_ws/install/nav_msgs:/home/teng/ros2_ws/install/diagnostic_msgs:/home/teng/ros2_ws/install/geometry_msgs:/home/teng/ros2_ws/install/actionlib_msgs:/home/teng/ros2_ws/install/exp_1_bringup:/home/teng/ros2_ws/install/simple_interfaces:/home/teng/ros2_ws/install/sensor_msgs_py:/home/teng/ros2_ws/install/experiment1:/opt/ros/humble LD_LIBRARY_PATH=/home/teng/ros2_ws/install/std_msgs/lib:/home/teng/ros2_ws/install/visualization_msgs/lib:/home/teng/ros2_ws/install/trajectory_msgs/lib:/home/teng/ros2_ws/install/stereo_msgs/lib:/home/teng/ros2_ws/install/std_srvs/lib:/home/teng/ros2_ws/install/shape_msgs/lib:/home/teng/ros2_ws/install/sensor_msgs/lib:/home/teng/ros2_ws/install/nav_msgs/lib:/home/teng/ros2_ws/install/diagnostic_msgs/lib:/home/teng/ros2_ws/install/geometry_msgs/lib:/home/teng/ros2_ws/install/actionlib_msgs/lib:/home/teng/ros2_ws/install/simple_interfaces/lib:/opt/ros/humble/lib/aarch64-linux-gnu:/opt/ros/humble/lib /usr/bin/cmake /home/teng/ros2_ws/src/ros2_common_interfaces/actionlib_msgs -DAMENT_CMAKE_SYMLINK_INSTALL=1 -DCMAKE_INSTALL_PREFIX=/home/teng/ros2_ws/install/actionlib_msgs
[0.650s] -- The C compiler identification is GNU 11.4.0
[1.008s] -- The CXX compiler identification is GNU 11.4.0
[1.041s] -- Detecting C compiler ABI info
[2.060s] -- Detecting C compiler ABI info - done
[2.088s] -- Check for working C compiler: /usr/bin/cc - skipped
[2.089s] -- Detecting C compile features
[2.091s] -- Detecting C compile features - done
[2.103s] -- Detecting CXX compiler ABI info
[2.566s] -- Detecting CXX compiler ABI info - done
[2.603s] -- Check for working CXX compiler: /usr/bin/c++ - skipped
[2.604s] -- Detecting CXX compile features
[2.604s] -- Detecting CXX compile features - done
[2.634s] -- Found ament_cmake: 1.3.5 (/opt/ros/humble/share/ament_cmake/cmake)
[4.380s] -- Found Python3: /usr/bin/python3.10 (found version "3.10.12") found components: Interpreter 
[4.778s] -- Override CMake install command with custom implementation using symlinks instead of copying resources
[5.097s] -- Found builtin_interfaces: 1.2.1 (/opt/ros/humble/share/builtin_interfaces/cmake)
[5.366s] -- Found rosidl_generator_c: 3.1.5 (/opt/ros/humble/share/rosidl_generator_c/cmake)
[5.413s] -- Found rosidl_adapter: 3.1.5 (/opt/ros/humble/share/rosidl_adapter/cmake)
[5.473s] -- Found rosidl_generator_cpp: 3.1.5 (/opt/ros/humble/share/rosidl_generator_cpp/cmake)
[5.557s] -- Using all available rosidl_typesupport_c: rosidl_typesupport_fastrtps_c;rosidl_typesupport_introspection_c
[5.681s] -- Using all available rosidl_typesupport_cpp: rosidl_typesupport_fastrtps_cpp;rosidl_typesupport_introspection_cpp
[5.800s] -- Found rosidl_default_generators: 1.2.0 (/opt/ros/humble/share/rosidl_default_generators/cmake)
[5.855s] -- Found std_msgs: 5.2.0 (/home/teng/ros2_ws/install/std_msgs/share/std_msgs/cmake)
[7.627s] -- Found ament_cmake_cppcheck: 0.12.8 (/opt/ros/humble/share/ament_cmake_cppcheck/cmake)
[7.652s] -- Found ament_cmake_cpplint: 0.12.8 (/opt/ros/humble/share/ament_cmake_cpplint/cmake)
[7.678s] -- Found ament_cmake_uncrustify: 0.12.8 (/opt/ros/humble/share/ament_cmake_uncrustify/cmake)
[7.705s] -- Found ament_cmake_ros: 0.10.0 (/opt/ros/humble/share/ament_cmake_ros/cmake)
[9.987s] -- Using all available rosidl_typesupport_c: rosidl_typesupport_fastrtps_c;rosidl_typesupport_introspection_c
[10.887s] -- Using all available rosidl_typesupport_cpp: rosidl_typesupport_fastrtps_cpp;rosidl_typesupport_introspection_cpp
[11.042s] -- Found PythonInterp: /usr/bin/python3 (found suitable version "3.10.12", minimum required is "3.6") 
[11.063s] -- Found python_cmake_module: 0.10.0 (/opt/ros/humble/share/python_cmake_module/cmake)
[11.224s] -- Found PythonLibs: /usr/lib/aarch64-linux-gnu/libpython3.10.so (found suitable version "3.10.12", minimum required is "3.5") 
[11.225s] -- Using PYTHON_EXECUTABLE: /usr/bin/python3
[11.226s] -- Using PYTHON_INCLUDE_DIRS: /usr/include/python3.10
[11.226s] -- Using PYTHON_LIBRARIES: /usr/lib/aarch64-linux-gnu/libpython3.10.so
[11.362s] -- Found PythonExtra: .so  
[11.715s] -- Found ament_cmake_flake8: 0.12.8 (/opt/ros/humble/share/ament_cmake_flake8/cmake)
[11.740s] -- Found ament_cmake_pep257: 0.12.8 (/opt/ros/humble/share/ament_cmake_pep257/cmake)
[11.829s] -- Configuring done
[12.081s] -- Generating done
[12.098s] -- Build files have been written to: /home/teng/ros2_ws/build/actionlib_msgs
[12.129s] Invoked command in '/home/teng/ros2_ws/build/actionlib_msgs' returned '0': CMAKE_PREFIX_PATH=/home/teng/ros2_ws/install/std_msgs:/home/teng/ros2_ws/install/common_interfaces:/home/teng/ros2_ws/install/visualization_msgs:/home/teng/ros2_ws/install/trajectory_msgs:/home/teng/ros2_ws/install/stereo_msgs:/home/teng/ros2_ws/install/std_srvs:/home/teng/ros2_ws/install/shape_msgs:/home/teng/ros2_ws/install/sensor_msgs:/home/teng/ros2_ws/install/nav_msgs:/home/teng/ros2_ws/install/diagnostic_msgs:/home/teng/ros2_ws/install/geometry_msgs:/home/teng/ros2_ws/install/actionlib_msgs:/home/teng/ros2_ws/install/exp_1_bringup:/home/teng/ros2_ws/install/simple_interfaces:/home/teng/ros2_ws/install/sensor_msgs_py:/home/teng/ros2_ws/install/experiment1:/opt/ros/humble LD_LIBRARY_PATH=/home/teng/ros2_ws/install/std_msgs/lib:/home/teng/ros2_ws/install/visualization_msgs/lib:/home/teng/ros2_ws/install/trajectory_msgs/lib:/home/teng/ros2_ws/install/stereo_msgs/lib:/home/teng/ros2_ws/install/std_srvs/lib:/home/teng/ros2_ws/install/shape_msgs/lib:/home/teng/ros2_ws/install/sensor_msgs/lib:/home/teng/ros2_ws/install/nav_msgs/lib:/home/teng/ros2_ws/install/diagnostic_msgs/lib:/home/teng/ros2_ws/install/geometry_msgs/lib:/home/teng/ros2_ws/install/actionlib_msgs/lib:/home/teng/ros2_ws/install/simple_interfaces/lib:/opt/ros/humble/lib/aarch64-linux-gnu:/opt/ros/humble/lib /usr/bin/cmake /home/teng/ros2_ws/src/ros2_common_interfaces/actionlib_msgs -DAMENT_CMAKE_SYMLINK_INSTALL=1 -DCMAKE_INSTALL_PREFIX=/home/teng/ros2_ws/install/actionlib_msgs
[12.141s] Invoking command in '/home/teng/ros2_ws/build/actionlib_msgs': CMAKE_PREFIX_PATH=/home/teng/ros2_ws/install/std_msgs:/home/teng/ros2_ws/install/common_interfaces:/home/teng/ros2_ws/install/visualization_msgs:/home/teng/ros2_ws/install/trajectory_msgs:/home/teng/ros2_ws/install/stereo_msgs:/home/teng/ros2_ws/install/std_srvs:/home/teng/ros2_ws/install/shape_msgs:/home/teng/ros2_ws/install/sensor_msgs:/home/teng/ros2_ws/install/nav_msgs:/home/teng/ros2_ws/install/diagnostic_msgs:/home/teng/ros2_ws/install/geometry_msgs:/home/teng/ros2_ws/install/actionlib_msgs:/home/teng/ros2_ws/install/exp_1_bringup:/home/teng/ros2_ws/install/simple_interfaces:/home/teng/ros2_ws/install/sensor_msgs_py:/home/teng/ros2_ws/install/experiment1:/opt/ros/humble LD_LIBRARY_PATH=/home/teng/ros2_ws/install/std_msgs/lib:/home/teng/ros2_ws/install/visualization_msgs/lib:/home/teng/ros2_ws/install/trajectory_msgs/lib:/home/teng/ros2_ws/install/stereo_msgs/lib:/home/teng/ros2_ws/install/std_srvs/lib:/home/teng/ros2_ws/install/shape_msgs/lib:/home/teng/ros2_ws/install/sensor_msgs/lib:/home/teng/ros2_ws/install/nav_msgs/lib:/home/teng/ros2_ws/install/diagnostic_msgs/lib:/home/teng/ros2_ws/install/geometry_msgs/lib:/home/teng/ros2_ws/install/actionlib_msgs/lib:/home/teng/ros2_ws/install/simple_interfaces/lib:/opt/ros/humble/lib/aarch64-linux-gnu:/opt/ros/humble/lib /usr/bin/cmake --build /home/teng/ros2_ws/build/actionlib_msgs -- -j4 -l4
[12.409s] [  2%] [34m[1mGenerating C code for ROS interfaces[0m
[12.503s] [  4%] [34m[1mGenerating C++ code for ROS interfaces[0m
[12.657s] [  4%] Built target ament_cmake_python_symlink_actionlib_msgs
[15.597s] running egg_info
[15.603s] creating actionlib_msgs.egg-info
[15.604s] writing actionlib_msgs.egg-info/PKG-INFO
[15.606s] writing dependency_links to actionlib_msgs.egg-info/dependency_links.txt
[15.607s] writing top-level names to actionlib_msgs.egg-info/top_level.txt
[15.608s] writing manifest file 'actionlib_msgs.egg-info/SOURCES.txt'
[15.620s] reading manifest file 'actionlib_msgs.egg-info/SOURCES.txt'
[15.625s] writing manifest file 'actionlib_msgs.egg-info/SOURCES.txt'
[15.903s] [  4%] Built target ament_cmake_python_build_actionlib_msgs_egg
[17.247s] [  4%] Built target actionlib_msgs__cpp
[17.409s] [  8%] [34m[1mGenerating C++ type support for eProsima Fast-RTPS[0m
[17.416s] [  8%] [34m[1mGenerating C++ type support dispatch for ROS interfaces[0m
[17.456s] [ 10%] [34m[1mGenerating C++ introspection for ROS interfaces[0m
[19.043s] [ 12%] [32mBuilding C object CMakeFiles/actionlib_msgs__rosidl_generator_c.dir/rosidl_generator_c/actionlib_msgs/msg/detail/goal_id__functions.c.o[0m
[19.812s] [ 14%] [32mBuilding C object CMakeFiles/actionlib_msgs__rosidl_generator_c.dir/rosidl_generator_c/actionlib_msgs/msg/detail/goal_status__functions.c.o[0m
[20.512s] [ 17%] [32mBuilding C object CMakeFiles/actionlib_msgs__rosidl_generator_c.dir/rosidl_generator_c/actionlib_msgs/msg/detail/goal_status_array__functions.c.o[0m
[20.814s] [ 19%] [32mBuilding CXX object CMakeFiles/actionlib_msgs__rosidl_typesupport_cpp.dir/rosidl_typesupport_cpp/actionlib_msgs/msg/goal_id__type_support.cpp.o[0m
[21.300s] [ 21%] [32m[1mLinking C shared library libactionlib_msgs__rosidl_generator_c.so[0m
[22.048s] [ 21%] Built target actionlib_msgs__rosidl_generator_c
[22.135s] [ 23%] [34m[1mGenerating C type support for eProsima Fast-RTPS[0m
[22.458s] [ 25%] [32mBuilding CXX object CMakeFiles/actionlib_msgs__rosidl_typesupport_fastrtps_cpp.dir/rosidl_typesupport_fastrtps_cpp/actionlib_msgs/msg/detail/dds_fastrtps/goal_id__type_support.cpp.o[0m
[22.483s] [ 27%] [32mBuilding CXX object CMakeFiles/actionlib_msgs__rosidl_typesupport_introspection_cpp.dir/rosidl_typesupport_introspection_cpp/actionlib_msgs/msg/detail/goal_id__type_support.cpp.o[0m
[24.232s] [ 29%] [32mBuilding CXX object CMakeFiles/actionlib_msgs__rosidl_typesupport_cpp.dir/rosidl_typesupport_cpp/actionlib_msgs/msg/goal_status__type_support.cpp.o[0m
[26.825s] [ 31%] [32mBuilding CXX object CMakeFiles/actionlib_msgs__rosidl_typesupport_fastrtps_cpp.dir/rosidl_typesupport_fastrtps_cpp/actionlib_msgs/msg/detail/dds_fastrtps/goal_status__type_support.cpp.o[0m
[26.989s] [ 34%] [32mBuilding CXX object CMakeFiles/actionlib_msgs__rosidl_typesupport_fastrtps_c.dir/rosidl_typesupport_fastrtps_c/actionlib_msgs/msg/detail/goal_id__type_support_c.cpp.o[0m
[27.660s] [ 36%] [32mBuilding CXX object CMakeFiles/actionlib_msgs__rosidl_typesupport_cpp.dir/rosidl_typesupport_cpp/actionlib_msgs/msg/goal_status_array__type_support.cpp.o[0m
[27.703s] [ 38%] [32mBuilding CXX object CMakeFiles/actionlib_msgs__rosidl_typesupport_introspection_cpp.dir/rosidl_typesupport_introspection_cpp/actionlib_msgs/msg/detail/goal_status__type_support.cpp.o[0m
[30.126s] [ 40%] [32mBuilding CXX object CMakeFiles/actionlib_msgs__rosidl_typesupport_fastrtps_cpp.dir/rosidl_typesupport_fastrtps_cpp/actionlib_msgs/msg/detail/dds_fastrtps/goal_status_array__type_support.cpp.o[0m
[30.409s] [ 42%] [32mBuilding CXX object CMakeFiles/actionlib_msgs__rosidl_typesupport_fastrtps_c.dir/rosidl_typesupport_fastrtps_c/actionlib_msgs/msg/detail/goal_status__type_support_c.cpp.o[0m
[31.615s] [ 44%] [32m[1mLinking CXX shared library libactionlib_msgs__rosidl_typesupport_cpp.so[0m
[32.245s] [ 44%] Built target actionlib_msgs__rosidl_typesupport_cpp
[32.657s] [ 46%] [32mBuilding CXX object CMakeFiles/actionlib_msgs__rosidl_typesupport_introspection_cpp.dir/rosidl_typesupport_introspection_cpp/actionlib_msgs/msg/detail/goal_status_array__type_support.cpp.o[0m
[33.788s] [ 48%] [32mBuilding CXX object CMakeFiles/actionlib_msgs__rosidl_typesupport_fastrtps_c.dir/rosidl_typesupport_fastrtps_c/actionlib_msgs/msg/detail/goal_status_array__type_support_c.cpp.o[0m
[35.257s] [ 51%] [32m[1mLinking CXX shared library libactionlib_msgs__rosidl_typesupport_fastrtps_cpp.so[0m
[36.021s] [ 51%] Built target actionlib_msgs__rosidl_typesupport_fastrtps_cpp
[36.711s] [ 53%] [32m[1mLinking CXX shared library libactionlib_msgs__rosidl_typesupport_introspection_cpp.so[0m
[36.935s] [ 55%] [32m[1mLinking CXX shared library libactionlib_msgs__rosidl_typesupport_fastrtps_c.so[0m
[37.235s] [ 55%] Built target actionlib_msgs__rosidl_typesupport_introspection_cpp
[37.444s] [ 55%] Built target actionlib_msgs__rosidl_typesupport_fastrtps_c
[37.508s] [ 57%] [34m[1mGenerating C type support dispatch for ROS interfaces[0m
[39.736s] [ 59%] [32mBuilding CXX object CMakeFiles/actionlib_msgs__rosidl_typesupport_c.dir/rosidl_typesupport_c/actionlib_msgs/msg/goal_id__type_support.cpp.o[0m
[39.935s] [ 61%] [32mBuilding CXX object CMakeFiles/actionlib_msgs__rosidl_typesupport_c.dir/rosidl_typesupport_c/actionlib_msgs/msg/goal_status_array__type_support.cpp.o[0m
[40.118s] [ 63%] [32mBuilding CXX object CMakeFiles/actionlib_msgs__rosidl_typesupport_c.dir/rosidl_typesupport_c/actionlib_msgs/msg/goal_status__type_support.cpp.o[0m
[40.300s] [ 65%] [32m[1mLinking CXX shared library libactionlib_msgs__rosidl_typesupport_c.so[0m
[40.505s] [ 65%] Built target actionlib_msgs__rosidl_typesupport_c
[40.561s] [ 68%] [34m[1mGenerating C introspection for ROS interfaces[0m
[42.939s] [ 70%] [32mBuilding C object CMakeFiles/actionlib_msgs__rosidl_typesupport_introspection_c.dir/rosidl_typesupport_introspection_c/actionlib_msgs/msg/detail/goal_id__type_support.c.o[0m
[43.402s] [ 72%] [32mBuilding C object CMakeFiles/actionlib_msgs__rosidl_typesupport_introspection_c.dir/rosidl_typesupport_introspection_c/actionlib_msgs/msg/detail/goal_status_array__type_support.c.o[0m
[43.628s] [ 74%] [32mBuilding C object CMakeFiles/actionlib_msgs__rosidl_typesupport_introspection_c.dir/rosidl_typesupport_introspection_c/actionlib_msgs/msg/detail/goal_status__type_support.c.o[0m
[43.837s] [ 76%] [32m[1mLinking C shared library libactionlib_msgs__rosidl_typesupport_introspection_c.so[0m
[44.004s] [ 76%] Built target actionlib_msgs__rosidl_typesupport_introspection_c
[44.129s] [ 76%] Built target actionlib_msgs
[44.251s] [ 78%] [34m[1mGenerating Python code for ROS interfaces[0m
[48.276s] [ 78%] Built target actionlib_msgs__py
[48.381s] [ 80%] [32mBuilding C object CMakeFiles/actionlib_msgs__rosidl_generator_py.dir/rosidl_generator_py/actionlib_msgs/msg/_goal_id_s.c.o[0m
[48.917s] [ 82%] [32mBuilding C object CMakeFiles/actionlib_msgs__rosidl_generator_py.dir/rosidl_generator_py/actionlib_msgs/msg/_goal_status_array_s.c.o[0m
[49.458s] [ 85%] [32mBuilding C object CMakeFiles/actionlib_msgs__rosidl_generator_py.dir/rosidl_generator_py/actionlib_msgs/msg/_goal_status_s.c.o[0m
[50.024s] [ 87%] [32m[1mLinking C shared library rosidl_generator_py/actionlib_msgs/libactionlib_msgs__rosidl_generator_py.so[0m
[50.263s] [ 87%] Built target actionlib_msgs__rosidl_generator_py
[50.376s] [ 89%] [32mBuilding C object CMakeFiles/actionlib_msgs__rosidl_typesupport_fastrtps_c__pyext.dir/rosidl_generator_py/actionlib_msgs/_actionlib_msgs_s.ep.rosidl_typesupport_fastrtps_c.c.o[0m
[51.009s] [ 91%] [32m[1mLinking C shared library rosidl_generator_py/actionlib_msgs/actionlib_msgs_s__rosidl_typesupport_fastrtps_c.cpython-310-aarch64-linux-gnu.so[0m
[51.278s] [ 91%] Built target actionlib_msgs__rosidl_typesupport_fastrtps_c__pyext
[51.385s] [ 93%] [32mBuilding C object CMakeFiles/actionlib_msgs__rosidl_typesupport_c__pyext.dir/rosidl_generator_py/actionlib_msgs/_actionlib_msgs_s.ep.rosidl_typesupport_c.c.o[0m
[51.973s] [ 95%] [32m[1mLinking C shared library rosidl_generator_py/actionlib_msgs/actionlib_msgs_s__rosidl_typesupport_c.cpython-310-aarch64-linux-gnu.so[0m
[52.202s] [ 95%] Built target actionlib_msgs__rosidl_typesupport_c__pyext
[52.317s] [ 97%] [32mBuilding C object CMakeFiles/actionlib_msgs__rosidl_typesupport_introspection_c__pyext.dir/rosidl_generator_py/actionlib_msgs/_actionlib_msgs_s.ep.rosidl_typesupport_introspection_c.c.o[0m
[52.905s] [100%] [32m[1mLinking C shared library rosidl_generator_py/actionlib_msgs/actionlib_msgs_s__rosidl_typesupport_introspection_c.cpython-310-aarch64-linux-gnu.so[0m
[53.130s] [100%] Built target actionlib_msgs__rosidl_typesupport_introspection_c__pyext
[53.192s] Invoked command in '/home/teng/ros2_ws/build/actionlib_msgs' returned '0': CMAKE_PREFIX_PATH=/home/teng/ros2_ws/install/std_msgs:/home/teng/ros2_ws/install/common_interfaces:/home/teng/ros2_ws/install/visualization_msgs:/home/teng/ros2_ws/install/trajectory_msgs:/home/teng/ros2_ws/install/stereo_msgs:/home/teng/ros2_ws/install/std_srvs:/home/teng/ros2_ws/install/shape_msgs:/home/teng/ros2_ws/install/sensor_msgs:/home/teng/ros2_ws/install/nav_msgs:/home/teng/ros2_ws/install/diagnostic_msgs:/home/teng/ros2_ws/install/geometry_msgs:/home/teng/ros2_ws/install/actionlib_msgs:/home/teng/ros2_ws/install/exp_1_bringup:/home/teng/ros2_ws/install/simple_interfaces:/home/teng/ros2_ws/install/sensor_msgs_py:/home/teng/ros2_ws/install/experiment1:/opt/ros/humble LD_LIBRARY_PATH=/home/teng/ros2_ws/install/std_msgs/lib:/home/teng/ros2_ws/install/visualization_msgs/lib:/home/teng/ros2_ws/install/trajectory_msgs/lib:/home/teng/ros2_ws/install/stereo_msgs/lib:/home/teng/ros2_ws/install/std_srvs/lib:/home/teng/ros2_ws/install/shape_msgs/lib:/home/teng/ros2_ws/install/sensor_msgs/lib:/home/teng/ros2_ws/install/nav_msgs/lib:/home/teng/ros2_ws/install/diagnostic_msgs/lib:/home/teng/ros2_ws/install/geometry_msgs/lib:/home/teng/ros2_ws/install/actionlib_msgs/lib:/home/teng/ros2_ws/install/simple_interfaces/lib:/opt/ros/humble/lib/aarch64-linux-gnu:/opt/ros/humble/lib /usr/bin/cmake --build /home/teng/ros2_ws/build/actionlib_msgs -- -j4 -l4
[54.044s] Invoking command in '/home/teng/ros2_ws/build/actionlib_msgs': CMAKE_PREFIX_PATH=/home/teng/ros2_ws/install/std_msgs:/home/teng/ros2_ws/install/common_interfaces:/home/teng/ros2_ws/install/visualization_msgs:/home/teng/ros2_ws/install/trajectory_msgs:/home/teng/ros2_ws/install/stereo_msgs:/home/teng/ros2_ws/install/std_srvs:/home/teng/ros2_ws/install/shape_msgs:/home/teng/ros2_ws/install/sensor_msgs:/home/teng/ros2_ws/install/nav_msgs:/home/teng/ros2_ws/install/diagnostic_msgs:/home/teng/ros2_ws/install/geometry_msgs:/home/teng/ros2_ws/install/actionlib_msgs:/home/teng/ros2_ws/install/exp_1_bringup:/home/teng/ros2_ws/install/simple_interfaces:/home/teng/ros2_ws/install/sensor_msgs_py:/home/teng/ros2_ws/install/experiment1:/opt/ros/humble LD_LIBRARY_PATH=/home/teng/ros2_ws/install/std_msgs/lib:/home/teng/ros2_ws/install/visualization_msgs/lib:/home/teng/ros2_ws/install/trajectory_msgs/lib:/home/teng/ros2_ws/install/stereo_msgs/lib:/home/teng/ros2_ws/install/std_srvs/lib:/home/teng/ros2_ws/install/shape_msgs/lib:/home/teng/ros2_ws/install/sensor_msgs/lib:/home/teng/ros2_ws/install/nav_msgs/lib:/home/teng/ros2_ws/install/diagnostic_msgs/lib:/home/teng/ros2_ws/install/geometry_msgs/lib:/home/teng/ros2_ws/install/actionlib_msgs/lib:/home/teng/ros2_ws/install/simple_interfaces/lib:/opt/ros/humble/lib/aarch64-linux-gnu:/opt/ros/humble/lib /usr/bin/cmake --install /home/teng/ros2_ws/build/actionlib_msgs
[54.079s] -- Install configuration: ""
[54.081s] -- Execute custom install script
[54.083s] -- Symlinking: /home/teng/ros2_ws/install/actionlib_msgs/share/ament_index/resource_index/rosidl_interfaces/actionlib_msgs
[54.126s] -- Symlinking: /home/teng/ros2_ws/install/actionlib_msgs/include/actionlib_msgs/actionlib_msgs/msg/detail/goal_id__functions.h
[54.165s] -- Symlinking: /home/teng/ros2_ws/install/actionlib_msgs/include/actionlib_msgs/actionlib_msgs/msg/detail/goal_id__struct.h
[54.204s] -- Symlinking: /home/teng/ros2_ws/install/actionlib_msgs/include/actionlib_msgs/actionlib_msgs/msg/detail/goal_id__type_support.h
[54.248s] -- Symlinking: /home/teng/ros2_ws/install/actionlib_msgs/include/actionlib_msgs/actionlib_msgs/msg/detail/goal_status__functions.h
[54.288s] -- Symlinking: /home/teng/ros2_ws/install/actionlib_msgs/include/actionlib_msgs/actionlib_msgs/msg/detail/goal_status__struct.h
[54.326s] -- Symlinking: /home/teng/ros2_ws/install/actionlib_msgs/include/actionlib_msgs/actionlib_msgs/msg/detail/goal_status__type_support.h
[54.365s] -- Symlinking: /home/teng/ros2_ws/install/actionlib_msgs/include/actionlib_msgs/actionlib_msgs/msg/detail/goal_status_array__functions.h
[54.403s] -- Symlinking: /home/teng/ros2_ws/install/actionlib_msgs/include/actionlib_msgs/actionlib_msgs/msg/detail/goal_status_array__struct.h
[54.443s] -- Symlinking: /home/teng/ros2_ws/install/actionlib_msgs/include/actionlib_msgs/actionlib_msgs/msg/detail/goal_status_array__type_support.h
[54.481s] -- Symlinking: /home/teng/ros2_ws/install/actionlib_msgs/include/actionlib_msgs/actionlib_msgs/msg/goal_id.h
[54.520s] -- Symlinking: /home/teng/ros2_ws/install/actionlib_msgs/include/actionlib_msgs/actionlib_msgs/msg/goal_status.h
[54.557s] -- Symlinking: /home/teng/ros2_ws/install/actionlib_msgs/include/actionlib_msgs/actionlib_msgs/msg/goal_status_array.h
[54.595s] -- Symlinking: /home/teng/ros2_ws/install/actionlib_msgs/include/actionlib_msgs/actionlib_msgs/msg/rosidl_generator_c__visibility_control.h
[54.633s] -- Symlinking: /home/teng/ros2_ws/install/actionlib_msgs/share/actionlib_msgs/environment/library_path.sh
[54.675s] -- Symlinking: /home/teng/ros2_ws/install/actionlib_msgs/share/actionlib_msgs/environment/library_path.dsv
[54.717s] -- Symlinking: /home/teng/ros2_ws/install/actionlib_msgs/include/actionlib_msgs/actionlib_msgs/msg/detail/goal_id__rosidl_typesupport_fastrtps_c.h
[54.762s] -- Symlinking: /home/teng/ros2_ws/install/actionlib_msgs/include/actionlib_msgs/actionlib_msgs/msg/detail/goal_status__rosidl_typesupport_fastrtps_c.h
[54.806s] -- Symlinking: /home/teng/ros2_ws/install/actionlib_msgs/include/actionlib_msgs/actionlib_msgs/msg/detail/goal_status_array__rosidl_typesupport_fastrtps_c.h
[54.849s] -- Symlinking: /home/teng/ros2_ws/install/actionlib_msgs/include/actionlib_msgs/actionlib_msgs/msg/rosidl_typesupport_fastrtps_c__visibility_control.h
[54.894s] -- Symlinking: /home/teng/ros2_ws/install/actionlib_msgs/include/actionlib_msgs/actionlib_msgs/msg/detail/goal_id__builder.hpp
[54.933s] -- Symlinking: /home/teng/ros2_ws/install/actionlib_msgs/include/actionlib_msgs/actionlib_msgs/msg/detail/goal_id__struct.hpp
[54.970s] -- Symlinking: /home/teng/ros2_ws/install/actionlib_msgs/include/actionlib_msgs/actionlib_msgs/msg/detail/goal_id__traits.hpp
[55.008s] -- Symlinking: /home/teng/ros2_ws/install/actionlib_msgs/include/actionlib_msgs/actionlib_msgs/msg/detail/goal_status__builder.hpp
[55.046s] -- Symlinking: /home/teng/ros2_ws/install/actionlib_msgs/include/actionlib_msgs/actionlib_msgs/msg/detail/goal_status__struct.hpp
[55.084s] -- Symlinking: /home/teng/ros2_ws/install/actionlib_msgs/include/actionlib_msgs/actionlib_msgs/msg/detail/goal_status__traits.hpp
[55.123s] -- Symlinking: /home/teng/ros2_ws/install/actionlib_msgs/include/actionlib_msgs/actionlib_msgs/msg/detail/goal_status_array__builder.hpp
[55.160s] -- Symlinking: /home/teng/ros2_ws/install/actionlib_msgs/include/actionlib_msgs/actionlib_msgs/msg/detail/goal_status_array__struct.hpp
[55.202s] -- Symlinking: /home/teng/ros2_ws/install/actionlib_msgs/include/actionlib_msgs/actionlib_msgs/msg/detail/goal_status_array__traits.hpp
[55.238s] -- Symlinking: /home/teng/ros2_ws/install/actionlib_msgs/include/actionlib_msgs/actionlib_msgs/msg/goal_id.hpp
[55.277s] -- Symlinking: /home/teng/ros2_ws/install/actionlib_msgs/include/actionlib_msgs/actionlib_msgs/msg/goal_status.hpp
[55.324s] -- Symlinking: /home/teng/ros2_ws/install/actionlib_msgs/include/actionlib_msgs/actionlib_msgs/msg/goal_status_array.hpp
[55.369s] -- Symlinking: /home/teng/ros2_ws/install/actionlib_msgs/include/actionlib_msgs/actionlib_msgs/msg/detail/goal_id__rosidl_typesupport_fastrtps_cpp.hpp
[55.405s] -- Symlinking: /home/teng/ros2_ws/install/actionlib_msgs/include/actionlib_msgs/actionlib_msgs/msg/detail/goal_status__rosidl_typesupport_fastrtps_cpp.hpp
[55.445s] -- Symlinking: /home/teng/ros2_ws/install/actionlib_msgs/include/actionlib_msgs/actionlib_msgs/msg/detail/goal_status_array__rosidl_typesupport_fastrtps_cpp.hpp
[55.483s] -- Symlinking: /home/teng/ros2_ws/install/actionlib_msgs/include/actionlib_msgs/actionlib_msgs/msg/rosidl_typesupport_fastrtps_cpp__visibility_control.h
[55.528s] -- Symlinking: /home/teng/ros2_ws/install/actionlib_msgs/include/actionlib_msgs/actionlib_msgs/msg/detail/goal_id__rosidl_typesupport_introspection_c.h
[55.567s] -- Symlinking: /home/teng/ros2_ws/install/actionlib_msgs/include/actionlib_msgs/actionlib_msgs/msg/detail/goal_status__rosidl_typesupport_introspection_c.h
[55.604s] -- Symlinking: /home/teng/ros2_ws/install/actionlib_msgs/include/actionlib_msgs/actionlib_msgs/msg/detail/goal_status_array__rosidl_typesupport_introspection_c.h
[55.643s] -- Symlinking: /home/teng/ros2_ws/install/actionlib_msgs/include/actionlib_msgs/actionlib_msgs/msg/rosidl_typesupport_introspection_c__visibility_control.h
[55.684s] -- Symlinking: /home/teng/ros2_ws/install/actionlib_msgs/include/actionlib_msgs/actionlib_msgs/msg/detail/goal_id__rosidl_typesupport_introspection_cpp.hpp
[55.732s] -- Symlinking: /home/teng/ros2_ws/install/actionlib_msgs/include/actionlib_msgs/actionlib_msgs/msg/detail/goal_status__rosidl_typesupport_introspection_cpp.hpp
[55.764s] -- Symlinking: /home/teng/ros2_ws/install/actionlib_msgs/include/actionlib_msgs/actionlib_msgs/msg/detail/goal_status_array__rosidl_typesupport_introspection_cpp.hpp
[55.802s] -- Symlinking: /home/teng/ros2_ws/install/actionlib_msgs/share/actionlib_msgs/environment/pythonpath.sh
[55.840s] -- Symlinking: /home/teng/ros2_ws/install/actionlib_msgs/share/actionlib_msgs/environment/pythonpath.dsv
[55.880s] -- Symlinking: /home/teng/ros2_ws/install/actionlib_msgs/local/lib/python3.10/dist-packages/actionlib_msgs-5.2.0-py3.10.egg-info/PKG-INFO
[55.922s] -- Symlinking: /home/teng/ros2_ws/install/actionlib_msgs/local/lib/python3.10/dist-packages/actionlib_msgs-5.2.0-py3.10.egg-info/SOURCES.txt
[55.968s] -- Symlinking: /home/teng/ros2_ws/install/actionlib_msgs/local/lib/python3.10/dist-packages/actionlib_msgs-5.2.0-py3.10.egg-info/dependency_links.txt
[56.005s] -- Symlinking: /home/teng/ros2_ws/install/actionlib_msgs/local/lib/python3.10/dist-packages/actionlib_msgs-5.2.0-py3.10.egg-info/top_level.txt
[56.048s] -- Symlinking: /home/teng/ros2_ws/install/actionlib_msgs/local/lib/python3.10/dist-packages/actionlib_msgs/__init__.py
[56.086s] -- Symlinking: /home/teng/ros2_ws/install/actionlib_msgs/local/lib/python3.10/dist-packages/actionlib_msgs/_actionlib_msgs_s.ep.rosidl_typesupport_c.c
[56.125s] -- Symlinking: /home/teng/ros2_ws/install/actionlib_msgs/local/lib/python3.10/dist-packages/actionlib_msgs/_actionlib_msgs_s.ep.rosidl_typesupport_fastrtps_c.c
[56.163s] -- Symlinking: /home/teng/ros2_ws/install/actionlib_msgs/local/lib/python3.10/dist-packages/actionlib_msgs/_actionlib_msgs_s.ep.rosidl_typesupport_introspection_c.c
[56.202s] -- Symlinking: /home/teng/ros2_ws/install/actionlib_msgs/local/lib/python3.10/dist-packages/actionlib_msgs/actionlib_msgs_s__rosidl_typesupport_c.cpython-310-aarch64-linux-gnu.so
[56.240s] -- Symlinking: /home/teng/ros2_ws/install/actionlib_msgs/local/lib/python3.10/dist-packages/actionlib_msgs/actionlib_msgs_s__rosidl_typesupport_fastrtps_c.cpython-310-aarch64-linux-gnu.so
[56.279s] -- Symlinking: /home/teng/ros2_ws/install/actionlib_msgs/local/lib/python3.10/dist-packages/actionlib_msgs/actionlib_msgs_s__rosidl_typesupport_introspection_c.cpython-310-aarch64-linux-gnu.so
[56.318s] -- Symlinking: /home/teng/ros2_ws/install/actionlib_msgs/local/lib/python3.10/dist-packages/actionlib_msgs/libactionlib_msgs__rosidl_generator_py.so
[56.356s] -- Symlinking: /home/teng/ros2_ws/install/actionlib_msgs/local/lib/python3.10/dist-packages/actionlib_msgs/msg/__init__.py
[56.398s] -- Symlinking: /home/teng/ros2_ws/install/actionlib_msgs/local/lib/python3.10/dist-packages/actionlib_msgs/msg/_goal_id.py
[56.436s] -- Symlinking: /home/teng/ros2_ws/install/actionlib_msgs/local/lib/python3.10/dist-packages/actionlib_msgs/msg/_goal_id_s.c
[56.474s] -- Symlinking: /home/teng/ros2_ws/install/actionlib_msgs/local/lib/python3.10/dist-packages/actionlib_msgs/msg/_goal_status.py
[56.514s] -- Symlinking: /home/teng/ros2_ws/install/actionlib_msgs/local/lib/python3.10/dist-packages/actionlib_msgs/msg/_goal_status_array.py
[56.552s] -- Symlinking: /home/teng/ros2_ws/install/actionlib_msgs/local/lib/python3.10/dist-packages/actionlib_msgs/msg/_goal_status_array_s.c
[56.594s] -- Symlinking: /home/teng/ros2_ws/install/actionlib_msgs/local/lib/python3.10/dist-packages/actionlib_msgs/msg/_goal_status_s.c
[56.634s] -- Up-to-date symlink: /home/teng/ros2_ws/install/actionlib_msgs/local/lib/python3.10/dist-packages/actionlib_msgs/actionlib_msgs_s__rosidl_typesupport_fastrtps_c.cpython-310-aarch64-linux-gnu.so
[56.638s] -- Up-to-date symlink: /home/teng/ros2_ws/install/actionlib_msgs/local/lib/python3.10/dist-packages/actionlib_msgs/actionlib_msgs_s__rosidl_typesupport_introspection_c.cpython-310-aarch64-linux-gnu.so
[56.640s] -- Up-to-date symlink: /home/teng/ros2_ws/install/actionlib_msgs/local/lib/python3.10/dist-packages/actionlib_msgs/actionlib_msgs_s__rosidl_typesupport_c.cpython-310-aarch64-linux-gnu.so
[56.641s] -- Symlinking: /home/teng/ros2_ws/install/actionlib_msgs/share/actionlib_msgs/msg/GoalID.idl
[56.680s] -- Symlinking: /home/teng/ros2_ws/install/actionlib_msgs/share/actionlib_msgs/msg/GoalStatus.idl
[56.721s] -- Symlinking: /home/teng/ros2_ws/install/actionlib_msgs/share/actionlib_msgs/msg/GoalStatusArray.idl
[56.764s] -- Symlinking: /home/teng/ros2_ws/install/actionlib_msgs/share/actionlib_msgs/msg/GoalID.msg
[56.816s] -- Symlinking: /home/teng/ros2_ws/install/actionlib_msgs/share/actionlib_msgs/msg/GoalStatus.msg
[56.863s] -- Symlinking: /home/teng/ros2_ws/install/actionlib_msgs/share/actionlib_msgs/msg/GoalStatusArray.msg
[56.905s] -- Symlinking: /home/teng/ros2_ws/install/actionlib_msgs/share/ament_index/resource_index/package_run_dependencies/actionlib_msgs
[56.963s] -- Symlinking: /home/teng/ros2_ws/install/actionlib_msgs/share/ament_index/resource_index/parent_prefix_path/actionlib_msgs
[57.015s] -- Symlinking: /home/teng/ros2_ws/install/actionlib_msgs/share/actionlib_msgs/environment/ament_prefix_path.sh
[57.057s] -- Symlinking: /home/teng/ros2_ws/install/actionlib_msgs/share/actionlib_msgs/environment/ament_prefix_path.dsv
[57.097s] -- Symlinking: /home/teng/ros2_ws/install/actionlib_msgs/share/actionlib_msgs/environment/path.sh
[57.137s] -- Symlinking: /home/teng/ros2_ws/install/actionlib_msgs/share/actionlib_msgs/environment/path.dsv
[57.176s] -- Symlinking: /home/teng/ros2_ws/install/actionlib_msgs/share/actionlib_msgs/local_setup.bash
[57.215s] -- Symlinking: /home/teng/ros2_ws/install/actionlib_msgs/share/actionlib_msgs/local_setup.sh
[57.255s] -- Symlinking: /home/teng/ros2_ws/install/actionlib_msgs/share/actionlib_msgs/local_setup.zsh
[57.296s] -- Symlinking: /home/teng/ros2_ws/install/actionlib_msgs/share/actionlib_msgs/local_setup.dsv
[57.337s] -- Symlinking: /home/teng/ros2_ws/install/actionlib_msgs/share/actionlib_msgs/package.dsv
[57.378s] -- Symlinking: /home/teng/ros2_ws/install/actionlib_msgs/share/ament_index/resource_index/packages/actionlib_msgs
[57.417s] -- Symlinking: /home/teng/ros2_ws/install/actionlib_msgs/share/actionlib_msgs/cmake/rosidl_cmake-extras.cmake
[57.456s] -- Symlinking: /home/teng/ros2_ws/install/actionlib_msgs/share/actionlib_msgs/cmake/ament_cmake_export_dependencies-extras.cmake
[57.497s] -- Symlinking: /home/teng/ros2_ws/install/actionlib_msgs/share/actionlib_msgs/cmake/ament_cmake_export_include_directories-extras.cmake
[57.542s] -- Symlinking: /home/teng/ros2_ws/install/actionlib_msgs/share/actionlib_msgs/cmake/ament_cmake_export_libraries-extras.cmake
[57.588s] -- Symlinking: /home/teng/ros2_ws/install/actionlib_msgs/share/actionlib_msgs/cmake/ament_cmake_export_targets-extras.cmake
[57.640s] -- Symlinking: /home/teng/ros2_ws/install/actionlib_msgs/share/actionlib_msgs/cmake/rosidl_cmake_export_typesupport_targets-extras.cmake
[57.687s] -- Symlinking: /home/teng/ros2_ws/install/actionlib_msgs/share/actionlib_msgs/cmake/rosidl_cmake_export_typesupport_libraries-extras.cmake
[57.735s] -- Symlinking: /home/teng/ros2_ws/install/actionlib_msgs/share/actionlib_msgs/cmake/actionlib_msgsConfig.cmake
[57.785s] -- Symlinking: /home/teng/ros2_ws/install/actionlib_msgs/share/actionlib_msgs/cmake/actionlib_msgsConfig-version.cmake
[57.830s] -- Symlinking: /home/teng/ros2_ws/install/actionlib_msgs/share/actionlib_msgs/package.xml
[57.871s] -- Installing: /home/teng/ros2_ws/install/actionlib_msgs/lib/libactionlib_msgs__rosidl_generator_c.so
[57.874s] -- Set runtime path of "/home/teng/ros2_ws/install/actionlib_msgs/lib/libactionlib_msgs__rosidl_generator_c.so" to ""
[57.875s] -- Installing: /home/teng/ros2_ws/install/actionlib_msgs/lib/libactionlib_msgs__rosidl_typesupport_fastrtps_c.so
[57.881s] -- Set runtime path of "/home/teng/ros2_ws/install/actionlib_msgs/lib/libactionlib_msgs__rosidl_typesupport_fastrtps_c.so" to ""
[57.882s] -- Installing: /home/teng/ros2_ws/install/actionlib_msgs/lib/libactionlib_msgs__rosidl_typesupport_fastrtps_cpp.so
[57.885s] -- Set runtime path of "/home/teng/ros2_ws/install/actionlib_msgs/lib/libactionlib_msgs__rosidl_typesupport_fastrtps_cpp.so" to ""
[57.887s] -- Installing: /home/teng/ros2_ws/install/actionlib_msgs/lib/libactionlib_msgs__rosidl_typesupport_introspection_c.so
[57.892s] -- Set runtime path of "/home/teng/ros2_ws/install/actionlib_msgs/lib/libactionlib_msgs__rosidl_typesupport_introspection_c.so" to ""
[57.892s] -- Installing: /home/teng/ros2_ws/install/actionlib_msgs/lib/libactionlib_msgs__rosidl_typesupport_c.so
[57.896s] -- Set runtime path of "/home/teng/ros2_ws/install/actionlib_msgs/lib/libactionlib_msgs__rosidl_typesupport_c.so" to ""
[57.896s] -- Installing: /home/teng/ros2_ws/install/actionlib_msgs/lib/libactionlib_msgs__rosidl_typesupport_introspection_cpp.so
[57.900s] -- Set runtime path of "/home/teng/ros2_ws/install/actionlib_msgs/lib/libactionlib_msgs__rosidl_typesupport_introspection_cpp.so" to ""
[57.901s] -- Installing: /home/teng/ros2_ws/install/actionlib_msgs/lib/libactionlib_msgs__rosidl_typesupport_cpp.so
[57.908s] -- Set runtime path of "/home/teng/ros2_ws/install/actionlib_msgs/lib/libactionlib_msgs__rosidl_typesupport_cpp.so" to ""
[58.150s] Listing '/home/teng/ros2_ws/install/actionlib_msgs/local/lib/python3.10/dist-packages/actionlib_msgs'...
[58.151s] Compiling '/home/teng/ros2_ws/install/actionlib_msgs/local/lib/python3.10/dist-packages/actionlib_msgs/__init__.py'...
[58.153s] Listing '/home/teng/ros2_ws/install/actionlib_msgs/local/lib/python3.10/dist-packages/actionlib_msgs/msg'...
[58.154s] Compiling '/home/teng/ros2_ws/install/actionlib_msgs/local/lib/python3.10/dist-packages/actionlib_msgs/msg/__init__.py'...
[58.156s] Compiling '/home/teng/ros2_ws/install/actionlib_msgs/local/lib/python3.10/dist-packages/actionlib_msgs/msg/_goal_id.py'...
[58.158s] Compiling '/home/teng/ros2_ws/install/actionlib_msgs/local/lib/python3.10/dist-packages/actionlib_msgs/msg/_goal_status.py'...
[58.159s] Compiling '/home/teng/ros2_ws/install/actionlib_msgs/local/lib/python3.10/dist-packages/actionlib_msgs/msg/_goal_status_array.py'...
[58.188s] -- Installing: /home/teng/ros2_ws/install/actionlib_msgs/lib/libactionlib_msgs__rosidl_generator_py.so
[58.194s] -- Set runtime path of "/home/teng/ros2_ws/install/actionlib_msgs/lib/libactionlib_msgs__rosidl_generator_py.so" to ""
[58.196s] -- Installing: /home/teng/ros2_ws/install/actionlib_msgs/share/actionlib_msgs/cmake/export_actionlib_msgs__rosidl_generator_cExport.cmake
[58.199s] -- Installing: /home/teng/ros2_ws/install/actionlib_msgs/share/actionlib_msgs/cmake/export_actionlib_msgs__rosidl_generator_cExport-noconfig.cmake
[58.202s] -- Installing: /home/teng/ros2_ws/install/actionlib_msgs/share/actionlib_msgs/cmake/export_actionlib_msgs__rosidl_typesupport_fastrtps_cExport.cmake
[58.205s] -- Installing: /home/teng/ros2_ws/install/actionlib_msgs/share/actionlib_msgs/cmake/export_actionlib_msgs__rosidl_typesupport_fastrtps_cExport-noconfig.cmake
[58.208s] -- Installing: /home/teng/ros2_ws/install/actionlib_msgs/share/actionlib_msgs/cmake/export_actionlib_msgs__rosidl_generator_cppExport.cmake
[58.211s] -- Installing: /home/teng/ros2_ws/install/actionlib_msgs/share/actionlib_msgs/cmake/export_actionlib_msgs__rosidl_typesupport_fastrtps_cppExport.cmake
[58.215s] -- Installing: /home/teng/ros2_ws/install/actionlib_msgs/share/actionlib_msgs/cmake/export_actionlib_msgs__rosidl_typesupport_fastrtps_cppExport-noconfig.cmake
[58.220s] -- Installing: /home/teng/ros2_ws/install/actionlib_msgs/share/actionlib_msgs/cmake/actionlib_msgs__rosidl_typesupport_introspection_cExport.cmake
[58.224s] -- Installing: /home/teng/ros2_ws/install/actionlib_msgs/share/actionlib_msgs/cmake/actionlib_msgs__rosidl_typesupport_introspection_cExport-noconfig.cmake
[58.227s] -- Installing: /home/teng/ros2_ws/install/actionlib_msgs/share/actionlib_msgs/cmake/actionlib_msgs__rosidl_typesupport_cExport.cmake
[58.232s] -- Installing: /home/teng/ros2_ws/install/actionlib_msgs/share/actionlib_msgs/cmake/actionlib_msgs__rosidl_typesupport_cExport-noconfig.cmake
[58.234s] -- Installing: /home/teng/ros2_ws/install/actionlib_msgs/share/actionlib_msgs/cmake/actionlib_msgs__rosidl_typesupport_introspection_cppExport.cmake
[58.236s] -- Installing: /home/teng/ros2_ws/install/actionlib_msgs/share/actionlib_msgs/cmake/actionlib_msgs__rosidl_typesupport_introspection_cppExport-noconfig.cmake
[58.237s] -- Installing: /home/teng/ros2_ws/install/actionlib_msgs/share/actionlib_msgs/cmake/actionlib_msgs__rosidl_typesupport_cppExport.cmake
[58.239s] -- Installing: /home/teng/ros2_ws/install/actionlib_msgs/share/actionlib_msgs/cmake/actionlib_msgs__rosidl_typesupport_cppExport-noconfig.cmake
[58.241s] -- Installing: /home/teng/ros2_ws/install/actionlib_msgs/share/actionlib_msgs/cmake/export_actionlib_msgs__rosidl_generator_pyExport.cmake
[58.242s] -- Installing: /home/teng/ros2_ws/install/actionlib_msgs/share/actionlib_msgs/cmake/export_actionlib_msgs__rosidl_generator_pyExport-noconfig.cmake
[58.253s] Invoked command in '/home/teng/ros2_ws/build/actionlib_msgs' returned '0': CMAKE_PREFIX_PATH=/home/teng/ros2_ws/install/std_msgs:/home/teng/ros2_ws/install/common_interfaces:/home/teng/ros2_ws/install/visualization_msgs:/home/teng/ros2_ws/install/trajectory_msgs:/home/teng/ros2_ws/install/stereo_msgs:/home/teng/ros2_ws/install/std_srvs:/home/teng/ros2_ws/install/shape_msgs:/home/teng/ros2_ws/install/sensor_msgs:/home/teng/ros2_ws/install/nav_msgs:/home/teng/ros2_ws/install/diagnostic_msgs:/home/teng/ros2_ws/install/geometry_msgs:/home/teng/ros2_ws/install/actionlib_msgs:/home/teng/ros2_ws/install/exp_1_bringup:/home/teng/ros2_ws/install/simple_interfaces:/home/teng/ros2_ws/install/sensor_msgs_py:/home/teng/ros2_ws/install/experiment1:/opt/ros/humble LD_LIBRARY_PATH=/home/teng/ros2_ws/install/std_msgs/lib:/home/teng/ros2_ws/install/visualization_msgs/lib:/home/teng/ros2_ws/install/trajectory_msgs/lib:/home/teng/ros2_ws/install/stereo_msgs/lib:/home/teng/ros2_ws/install/std_srvs/lib:/home/teng/ros2_ws/install/shape_msgs/lib:/home/teng/ros2_ws/install/sensor_msgs/lib:/home/teng/ros2_ws/install/nav_msgs/lib:/home/teng/ros2_ws/install/diagnostic_msgs/lib:/home/teng/ros2_ws/install/geometry_msgs/lib:/home/teng/ros2_ws/install/actionlib_msgs/lib:/home/teng/ros2_ws/install/simple_interfaces/lib:/opt/ros/humble/lib/aarch64-linux-gnu:/opt/ros/humble/lib /usr/bin/cmake --install /home/teng/ros2_ws/build/actionlib_msgs
