-- The C compiler identification is GNU 11.4.0
-- The CXX compiler identification is GNU 11.4.0
-- Detecting C compiler ABI info
-- Detecting C compiler ABI info - done
-- Check for working C compiler: /usr/bin/cc - skipped
-- Detecting C compile features
-- Detecting C compile features - done
-- Detecting CXX compiler ABI info
-- Detecting CXX compiler ABI info - done
-- Check for working CXX compiler: /usr/bin/c++ - skipped
-- Detecting CXX compile features
-- Detecting CXX compile features - done
-- Found ament_cmake: 1.3.5 (/opt/ros/humble/share/ament_cmake/cmake)
-- Found Python3: /usr/bin/python3.10 (found version "3.10.12") found components: Interpreter 
-- Override CMake install command with custom implementation using symlinks instead of copying resources
-- Configuring done
-- Generating done
-- Build files have been written to: /home/teng/ros2_ws/build/exp_1_bringup
-- Install configuration: ""
-- Execute custom install script
-- Symlinking: /home/teng/ros2_ws/install/exp_1_bringup/share/exp_1_bringup/launch/backbone_experiment.launch.py
-- Symlinking: /home/teng/ros2_ws/install/exp_1_bringup/share/exp_1_bringup/launch/rosbridge_websocket_launch.xml
-- Symlinking: /home/teng/ros2_ws/install/exp_1_bringup/share/exp_1_bringup/launch/start_rosbridge.launch.py
-- Symlinking: /home/teng/ros2_ws/install/exp_1_bringup/share/ament_index/resource_index/package_run_dependencies/exp_1_bringup
-- Symlinking: /home/teng/ros2_ws/install/exp_1_bringup/share/ament_index/resource_index/parent_prefix_path/exp_1_bringup
-- Symlinking: /home/teng/ros2_ws/install/exp_1_bringup/share/exp_1_bringup/environment/ament_prefix_path.sh
-- Symlinking: /home/teng/ros2_ws/install/exp_1_bringup/share/exp_1_bringup/environment/ament_prefix_path.dsv
-- Symlinking: /home/teng/ros2_ws/install/exp_1_bringup/share/exp_1_bringup/environment/path.sh
-- Symlinking: /home/teng/ros2_ws/install/exp_1_bringup/share/exp_1_bringup/environment/path.dsv
-- Symlinking: /home/teng/ros2_ws/install/exp_1_bringup/share/exp_1_bringup/local_setup.bash
-- Symlinking: /home/teng/ros2_ws/install/exp_1_bringup/share/exp_1_bringup/local_setup.sh
-- Symlinking: /home/teng/ros2_ws/install/exp_1_bringup/share/exp_1_bringup/local_setup.zsh
-- Symlinking: /home/teng/ros2_ws/install/exp_1_bringup/share/exp_1_bringup/local_setup.dsv
-- Symlinking: /home/teng/ros2_ws/install/exp_1_bringup/share/exp_1_bringup/package.dsv
-- Symlinking: /home/teng/ros2_ws/install/exp_1_bringup/share/ament_index/resource_index/packages/exp_1_bringup
-- Symlinking: /home/teng/ros2_ws/install/exp_1_bringup/share/exp_1_bringup/cmake/exp_1_bringupConfig.cmake
-- Symlinking: /home/teng/ros2_ws/install/exp_1_bringup/share/exp_1_bringup/cmake/exp_1_bringupConfig-version.cmake
-- Symlinking: /home/teng/ros2_ws/install/exp_1_bringup/share/exp_1_bringup/package.xml
