-- The C compiler identification is GNU 11.4.0
-- The CXX compiler identification is GNU 11.4.0
-- Detecting C compiler ABI info
-- Detecting C compiler ABI info - done
-- Check for working C compiler: /usr/bin/cc - skipped
-- Detecting C compile features
-- Detecting C compile features - done
-- Detecting CXX compiler ABI info
-- Detecting CXX compiler ABI info - done
-- Check for working CXX compiler: /usr/bin/c++ - skipped
-- Detecting CXX compile features
-- Detecting CXX compile features - done
-- Found ament_cmake: 1.3.5 (/opt/ros/humble/share/ament_cmake/cmake)
-- Found Python3: /usr/bin/python3.10 (found version "3.10.12") found components: Interpreter 
-- Override CMake install command with custom implementation using symlinks instead of copying resources
-- Found builtin_interfaces: 1.2.1 (/opt/ros/humble/share/builtin_interfaces/cmake)
-- Found rosidl_generator_c: 3.1.5 (/opt/ros/humble/share/rosidl_generator_c/cmake)
-- Found rosidl_adapter: 3.1.5 (/opt/ros/humble/share/rosidl_adapter/cmake)
-- Found rosidl_generator_cpp: 3.1.5 (/opt/ros/humble/share/rosidl_generator_cpp/cmake)
-- Using all available rosidl_typesupport_c: rosidl_typesupport_fastrtps_c;rosidl_typesupport_introspection_c
-- Using all available rosidl_typesupport_cpp: rosidl_typesupport_fastrtps_cpp;rosidl_typesupport_introspection_cpp
-- Found geometry_msgs: 5.2.0 (/home/teng/ros2_ws/install/geometry_msgs/share/geometry_msgs/cmake)
-- Found rosidl_default_generators: 1.2.0 (/opt/ros/humble/share/rosidl_default_generators/cmake)
-- Found ament_cmake_cppcheck: 0.12.8 (/opt/ros/humble/share/ament_cmake_cppcheck/cmake)
-- Found ament_cmake_cpplint: 0.12.8 (/opt/ros/humble/share/ament_cmake_cpplint/cmake)
-- Found ament_cmake_uncrustify: 0.12.8 (/opt/ros/humble/share/ament_cmake_uncrustify/cmake)
-- Found ament_cmake_ros: 0.10.0 (/opt/ros/humble/share/ament_cmake_ros/cmake)
-- Using all available rosidl_typesupport_c: rosidl_typesupport_fastrtps_c;rosidl_typesupport_introspection_c
-- Using all available rosidl_typesupport_cpp: rosidl_typesupport_fastrtps_cpp;rosidl_typesupport_introspection_cpp
-- Found PythonInterp: /usr/bin/python3 (found suitable version "3.10.12", minimum required is "3.6") 
-- Found python_cmake_module: 0.10.0 (/opt/ros/humble/share/python_cmake_module/cmake)
-- Found PythonLibs: /usr/lib/aarch64-linux-gnu/libpython3.10.so (found suitable version "3.10.12", minimum required is "3.5") 
-- Using PYTHON_EXECUTABLE: /usr/bin/python3
-- Using PYTHON_INCLUDE_DIRS: /usr/include/python3.10
-- Using PYTHON_LIBRARIES: /usr/lib/aarch64-linux-gnu/libpython3.10.so
-- Found PythonExtra: .so  
-- Found ament_cmake_flake8: 0.12.8 (/opt/ros/humble/share/ament_cmake_flake8/cmake)
-- Found ament_cmake_pep257: 0.12.8 (/opt/ros/humble/share/ament_cmake_pep257/cmake)
-- Configuring done
-- Generating done
-- Build files have been written to: /home/teng/ros2_ws/build/nav_msgs
[  1%] [34m[1mGenerating C code for ROS interfaces[0m
[  2%] [34m[1mGenerating C++ code for ROS interfaces[0m
[  3%] [32mBuilding C object CMakeFiles/nav_msgs__rosidl_generator_c.dir/rosidl_generator_c/nav_msgs/msg/detail/grid_cells__functions.c.o[0m
[  4%] [32mBuilding C object CMakeFiles/nav_msgs__rosidl_generator_c.dir/rosidl_generator_c/nav_msgs/msg/detail/map_meta_data__functions.c.o[0m
[  5%] [32mBuilding C object CMakeFiles/nav_msgs__rosidl_generator_c.dir/rosidl_generator_c/nav_msgs/msg/detail/occupancy_grid__functions.c.o[0m
[  5%] Built target nav_msgs__cpp
[  6%] [32mBuilding C object CMakeFiles/nav_msgs__rosidl_generator_c.dir/rosidl_generator_c/nav_msgs/msg/detail/odometry__functions.c.o[0m
[  7%] [32mBuilding C object CMakeFiles/nav_msgs__rosidl_generator_c.dir/rosidl_generator_c/nav_msgs/msg/detail/path__functions.c.o[0m
[  8%] [32mBuilding C object CMakeFiles/nav_msgs__rosidl_generator_c.dir/rosidl_generator_c/nav_msgs/srv/detail/get_map__functions.c.o[0m
[  9%] [32mBuilding C object CMakeFiles/nav_msgs__rosidl_generator_c.dir/rosidl_generator_c/nav_msgs/srv/detail/get_plan__functions.c.o[0m
[ 10%] [32mBuilding C object CMakeFiles/nav_msgs__rosidl_generator_c.dir/rosidl_generator_c/nav_msgs/srv/detail/load_map__functions.c.o[0m
[ 11%] [32mBuilding C object CMakeFiles/nav_msgs__rosidl_generator_c.dir/rosidl_generator_c/nav_msgs/srv/detail/set_map__functions.c.o[0m
[ 12%] [32m[1mLinking C shared library libnav_msgs__rosidl_generator_c.so[0m
[ 12%] Built target nav_msgs__rosidl_generator_c
[ 13%] [34m[1mGenerating C++ type support for eProsima Fast-RTPS[0m
[ 14%] [32mBuilding CXX object CMakeFiles/nav_msgs__rosidl_typesupport_fastrtps_cpp.dir/rosidl_typesupport_fastrtps_cpp/nav_msgs/msg/detail/dds_fastrtps/grid_cells__type_support.cpp.o[0m
[ 15%] [32mBuilding CXX object CMakeFiles/nav_msgs__rosidl_typesupport_fastrtps_cpp.dir/rosidl_typesupport_fastrtps_cpp/nav_msgs/msg/detail/dds_fastrtps/map_meta_data__type_support.cpp.o[0m
[ 16%] [32mBuilding CXX object CMakeFiles/nav_msgs__rosidl_typesupport_fastrtps_cpp.dir/rosidl_typesupport_fastrtps_cpp/nav_msgs/msg/detail/dds_fastrtps/occupancy_grid__type_support.cpp.o[0m
[ 17%] [32mBuilding CXX object CMakeFiles/nav_msgs__rosidl_typesupport_fastrtps_cpp.dir/rosidl_typesupport_fastrtps_cpp/nav_msgs/msg/detail/dds_fastrtps/odometry__type_support.cpp.o[0m
[ 18%] [32mBuilding CXX object CMakeFiles/nav_msgs__rosidl_typesupport_fastrtps_cpp.dir/rosidl_typesupport_fastrtps_cpp/nav_msgs/msg/detail/dds_fastrtps/path__type_support.cpp.o[0m
[ 20%] [32mBuilding CXX object CMakeFiles/nav_msgs__rosidl_typesupport_fastrtps_cpp.dir/rosidl_typesupport_fastrtps_cpp/nav_msgs/srv/detail/dds_fastrtps/get_map__type_support.cpp.o[0m
[ 21%] [32mBuilding CXX object CMakeFiles/nav_msgs__rosidl_typesupport_fastrtps_cpp.dir/rosidl_typesupport_fastrtps_cpp/nav_msgs/srv/detail/dds_fastrtps/get_plan__type_support.cpp.o[0m
[ 22%] [32mBuilding CXX object CMakeFiles/nav_msgs__rosidl_typesupport_fastrtps_cpp.dir/rosidl_typesupport_fastrtps_cpp/nav_msgs/srv/detail/dds_fastrtps/load_map__type_support.cpp.o[0m
[ 23%] [32mBuilding CXX object CMakeFiles/nav_msgs__rosidl_typesupport_fastrtps_cpp.dir/rosidl_typesupport_fastrtps_cpp/nav_msgs/srv/detail/dds_fastrtps/set_map__type_support.cpp.o[0m
[ 24%] [32m[1mLinking CXX shared library libnav_msgs__rosidl_typesupport_fastrtps_cpp.so[0m
[ 24%] Built target nav_msgs__rosidl_typesupport_fastrtps_cpp
[ 25%] [34m[1mGenerating C++ introspection for ROS interfaces[0m
[ 26%] [32mBuilding CXX object CMakeFiles/nav_msgs__rosidl_typesupport_introspection_cpp.dir/rosidl_typesupport_introspection_cpp/nav_msgs/msg/detail/grid_cells__type_support.cpp.o[0m
[ 27%] [32mBuilding CXX object CMakeFiles/nav_msgs__rosidl_typesupport_introspection_cpp.dir/rosidl_typesupport_introspection_cpp/nav_msgs/msg/detail/map_meta_data__type_support.cpp.o[0m
[ 28%] [32mBuilding CXX object CMakeFiles/nav_msgs__rosidl_typesupport_introspection_cpp.dir/rosidl_typesupport_introspection_cpp/nav_msgs/msg/detail/occupancy_grid__type_support.cpp.o[0m
[ 29%] [32mBuilding CXX object CMakeFiles/nav_msgs__rosidl_typesupport_introspection_cpp.dir/rosidl_typesupport_introspection_cpp/nav_msgs/msg/detail/odometry__type_support.cpp.o[0m
[ 30%] [32mBuilding CXX object CMakeFiles/nav_msgs__rosidl_typesupport_introspection_cpp.dir/rosidl_typesupport_introspection_cpp/nav_msgs/msg/detail/path__type_support.cpp.o[0m
[ 31%] [32mBuilding CXX object CMakeFiles/nav_msgs__rosidl_typesupport_introspection_cpp.dir/rosidl_typesupport_introspection_cpp/nav_msgs/srv/detail/get_map__type_support.cpp.o[0m
[ 32%] [32mBuilding CXX object CMakeFiles/nav_msgs__rosidl_typesupport_introspection_cpp.dir/rosidl_typesupport_introspection_cpp/nav_msgs/srv/detail/get_plan__type_support.cpp.o[0m
[ 33%] [32mBuilding CXX object CMakeFiles/nav_msgs__rosidl_typesupport_introspection_cpp.dir/rosidl_typesupport_introspection_cpp/nav_msgs/srv/detail/load_map__type_support.cpp.o[0m
[ 34%] [32mBuilding CXX object CMakeFiles/nav_msgs__rosidl_typesupport_introspection_cpp.dir/rosidl_typesupport_introspection_cpp/nav_msgs/srv/detail/set_map__type_support.cpp.o[0m
[ 35%] [32m[1mLinking CXX shared library libnav_msgs__rosidl_typesupport_introspection_cpp.so[0m
[ 35%] Built target nav_msgs__rosidl_typesupport_introspection_cpp
[ 36%] [34m[1mGenerating C type support for eProsima Fast-RTPS[0m
[ 37%] [32mBuilding CXX object CMakeFiles/nav_msgs__rosidl_typesupport_fastrtps_c.dir/rosidl_typesupport_fastrtps_c/nav_msgs/msg/detail/grid_cells__type_support_c.cpp.o[0m
[ 38%] [32mBuilding CXX object CMakeFiles/nav_msgs__rosidl_typesupport_fastrtps_c.dir/rosidl_typesupport_fastrtps_c/nav_msgs/msg/detail/map_meta_data__type_support_c.cpp.o[0m
[ 40%] [32mBuilding CXX object CMakeFiles/nav_msgs__rosidl_typesupport_fastrtps_c.dir/rosidl_typesupport_fastrtps_c/nav_msgs/msg/detail/occupancy_grid__type_support_c.cpp.o[0m
[ 41%] [32mBuilding CXX object CMakeFiles/nav_msgs__rosidl_typesupport_fastrtps_c.dir/rosidl_typesupport_fastrtps_c/nav_msgs/msg/detail/odometry__type_support_c.cpp.o[0m
[ 42%] [32mBuilding CXX object CMakeFiles/nav_msgs__rosidl_typesupport_fastrtps_c.dir/rosidl_typesupport_fastrtps_c/nav_msgs/msg/detail/path__type_support_c.cpp.o[0m
[ 43%] [32mBuilding CXX object CMakeFiles/nav_msgs__rosidl_typesupport_fastrtps_c.dir/rosidl_typesupport_fastrtps_c/nav_msgs/srv/detail/get_map__type_support_c.cpp.o[0m
[ 44%] [32mBuilding CXX object CMakeFiles/nav_msgs__rosidl_typesupport_fastrtps_c.dir/rosidl_typesupport_fastrtps_c/nav_msgs/srv/detail/get_plan__type_support_c.cpp.o[0m
[ 45%] [32mBuilding CXX object CMakeFiles/nav_msgs__rosidl_typesupport_fastrtps_c.dir/rosidl_typesupport_fastrtps_c/nav_msgs/srv/detail/load_map__type_support_c.cpp.o[0m
[ 46%] [32mBuilding CXX object CMakeFiles/nav_msgs__rosidl_typesupport_fastrtps_c.dir/rosidl_typesupport_fastrtps_c/nav_msgs/srv/detail/set_map__type_support_c.cpp.o[0m
[ 47%] [32m[1mLinking CXX shared library libnav_msgs__rosidl_typesupport_fastrtps_c.so[0m
[ 47%] Built target nav_msgs__rosidl_typesupport_fastrtps_c
[ 48%] [34m[1mGenerating C introspection for ROS interfaces[0m
[ 49%] [32mBuilding C object CMakeFiles/nav_msgs__rosidl_typesupport_introspection_c.dir/rosidl_typesupport_introspection_c/nav_msgs/msg/detail/grid_cells__type_support.c.o[0m
[ 50%] [32mBuilding C object CMakeFiles/nav_msgs__rosidl_typesupport_introspection_c.dir/rosidl_typesupport_introspection_c/nav_msgs/msg/detail/map_meta_data__type_support.c.o[0m
[ 51%] [32mBuilding C object CMakeFiles/nav_msgs__rosidl_typesupport_introspection_c.dir/rosidl_typesupport_introspection_c/nav_msgs/msg/detail/occupancy_grid__type_support.c.o[0m
[ 52%] [32mBuilding C object CMakeFiles/nav_msgs__rosidl_typesupport_introspection_c.dir/rosidl_typesupport_introspection_c/nav_msgs/msg/detail/odometry__type_support.c.o[0m
[ 53%] [32mBuilding C object CMakeFiles/nav_msgs__rosidl_typesupport_introspection_c.dir/rosidl_typesupport_introspection_c/nav_msgs/msg/detail/path__type_support.c.o[0m
[ 54%] [32mBuilding C object CMakeFiles/nav_msgs__rosidl_typesupport_introspection_c.dir/rosidl_typesupport_introspection_c/nav_msgs/srv/detail/get_map__type_support.c.o[0m
[ 55%] [32mBuilding C object CMakeFiles/nav_msgs__rosidl_typesupport_introspection_c.dir/rosidl_typesupport_introspection_c/nav_msgs/srv/detail/get_plan__type_support.c.o[0m
[ 56%] [32mBuilding C object CMakeFiles/nav_msgs__rosidl_typesupport_introspection_c.dir/rosidl_typesupport_introspection_c/nav_msgs/srv/detail/load_map__type_support.c.o[0m
[ 57%] [32mBuilding C object CMakeFiles/nav_msgs__rosidl_typesupport_introspection_c.dir/rosidl_typesupport_introspection_c/nav_msgs/srv/detail/set_map__type_support.c.o[0m
[ 58%] [32m[1mLinking C shared library libnav_msgs__rosidl_typesupport_introspection_c.so[0m
[ 58%] Built target nav_msgs__rosidl_typesupport_introspection_c
[ 60%] [34m[1mGenerating C type support dispatch for ROS interfaces[0m
[ 61%] [32mBuilding CXX object CMakeFiles/nav_msgs__rosidl_typesupport_c.dir/rosidl_typesupport_c/nav_msgs/msg/grid_cells__type_support.cpp.o[0m
[ 62%] [32mBuilding CXX object CMakeFiles/nav_msgs__rosidl_typesupport_c.dir/rosidl_typesupport_c/nav_msgs/msg/map_meta_data__type_support.cpp.o[0m
[ 63%] [32mBuilding CXX object CMakeFiles/nav_msgs__rosidl_typesupport_c.dir/rosidl_typesupport_c/nav_msgs/msg/occupancy_grid__type_support.cpp.o[0m
[ 64%] [32mBuilding CXX object CMakeFiles/nav_msgs__rosidl_typesupport_c.dir/rosidl_typesupport_c/nav_msgs/msg/odometry__type_support.cpp.o[0m
[ 65%] [32mBuilding CXX object CMakeFiles/nav_msgs__rosidl_typesupport_c.dir/rosidl_typesupport_c/nav_msgs/msg/path__type_support.cpp.o[0m
[ 66%] [32mBuilding CXX object CMakeFiles/nav_msgs__rosidl_typesupport_c.dir/rosidl_typesupport_c/nav_msgs/srv/get_map__type_support.cpp.o[0m
[ 67%] [32mBuilding CXX object CMakeFiles/nav_msgs__rosidl_typesupport_c.dir/rosidl_typesupport_c/nav_msgs/srv/get_plan__type_support.cpp.o[0m
[ 68%] [32mBuilding CXX object CMakeFiles/nav_msgs__rosidl_typesupport_c.dir/rosidl_typesupport_c/nav_msgs/srv/load_map__type_support.cpp.o[0m
[ 69%] [32mBuilding CXX object CMakeFiles/nav_msgs__rosidl_typesupport_c.dir/rosidl_typesupport_c/nav_msgs/srv/set_map__type_support.cpp.o[0m
[ 70%] [32m[1mLinking CXX shared library libnav_msgs__rosidl_typesupport_c.so[0m
[ 70%] Built target nav_msgs__rosidl_typesupport_c
[ 71%] [34m[1mGenerating C++ type support dispatch for ROS interfaces[0m
[ 72%] [32mBuilding CXX object CMakeFiles/nav_msgs__rosidl_typesupport_cpp.dir/rosidl_typesupport_cpp/nav_msgs/msg/grid_cells__type_support.cpp.o[0m
[ 73%] [32mBuilding CXX object CMakeFiles/nav_msgs__rosidl_typesupport_cpp.dir/rosidl_typesupport_cpp/nav_msgs/msg/occupancy_grid__type_support.cpp.o[0m
[ 74%] [32mBuilding CXX object CMakeFiles/nav_msgs__rosidl_typesupport_cpp.dir/rosidl_typesupport_cpp/nav_msgs/msg/odometry__type_support.cpp.o[0m
[ 75%] [32mBuilding CXX object CMakeFiles/nav_msgs__rosidl_typesupport_cpp.dir/rosidl_typesupport_cpp/nav_msgs/msg/path__type_support.cpp.o[0m
[ 76%] [32mBuilding CXX object CMakeFiles/nav_msgs__rosidl_typesupport_cpp.dir/rosidl_typesupport_cpp/nav_msgs/srv/get_map__type_support.cpp.o[0m
[ 77%] [32mBuilding CXX object CMakeFiles/nav_msgs__rosidl_typesupport_cpp.dir/rosidl_typesupport_cpp/nav_msgs/srv/get_plan__type_support.cpp.o[0m
[ 78%] [32mBuilding CXX object CMakeFiles/nav_msgs__rosidl_typesupport_cpp.dir/rosidl_typesupport_cpp/nav_msgs/srv/load_map__type_support.cpp.o[0m
[ 80%] [32mBuilding CXX object CMakeFiles/nav_msgs__rosidl_typesupport_cpp.dir/rosidl_typesupport_cpp/nav_msgs/srv/set_map__type_support.cpp.o[0m
[ 81%] [32mBuilding CXX object CMakeFiles/nav_msgs__rosidl_typesupport_cpp.dir/rosidl_typesupport_cpp/nav_msgs/msg/map_meta_data__type_support.cpp.o[0m
[ 82%] [32m[1mLinking CXX shared library libnav_msgs__rosidl_typesupport_cpp.so[0m
[ 82%] Built target nav_msgs__rosidl_typesupport_cpp
[ 82%] Built target ament_cmake_python_symlink_nav_msgs
[ 82%] Built target nav_msgs
running egg_info
creating nav_msgs.egg-info
writing nav_msgs.egg-info/PKG-INFO
writing dependency_links to nav_msgs.egg-info/dependency_links.txt
writing top-level names to nav_msgs.egg-info/top_level.txt
writing manifest file 'nav_msgs.egg-info/SOURCES.txt'
reading manifest file 'nav_msgs.egg-info/SOURCES.txt'
writing manifest file 'nav_msgs.egg-info/SOURCES.txt'
[ 82%] Built target ament_cmake_python_build_nav_msgs_egg
[ 83%] [34m[1mGenerating Python code for ROS interfaces[0m
[ 83%] Built target nav_msgs__py
[ 84%] [32mBuilding C object CMakeFiles/nav_msgs__rosidl_generator_py.dir/rosidl_generator_py/nav_msgs/msg/_grid_cells_s.c.o[0m
[ 85%] [32mBuilding C object CMakeFiles/nav_msgs__rosidl_generator_py.dir/rosidl_generator_py/nav_msgs/msg/_odometry_s.c.o[0m
[ 86%] [32mBuilding C object CMakeFiles/nav_msgs__rosidl_generator_py.dir/rosidl_generator_py/nav_msgs/msg/_path_s.c.o[0m
[ 87%] [32mBuilding C object CMakeFiles/nav_msgs__rosidl_generator_py.dir/rosidl_generator_py/nav_msgs/srv/_get_map_s.c.o[0m
[ 88%] [32mBuilding C object CMakeFiles/nav_msgs__rosidl_generator_py.dir/rosidl_generator_py/nav_msgs/srv/_get_plan_s.c.o[0m
[ 89%] [32mBuilding C object CMakeFiles/nav_msgs__rosidl_generator_py.dir/rosidl_generator_py/nav_msgs/srv/_load_map_s.c.o[0m
[ 90%] [32mBuilding C object CMakeFiles/nav_msgs__rosidl_generator_py.dir/rosidl_generator_py/nav_msgs/srv/_set_map_s.c.o[0m
[ 91%] [32mBuilding C object CMakeFiles/nav_msgs__rosidl_generator_py.dir/rosidl_generator_py/nav_msgs/msg/_occupancy_grid_s.c.o[0m
[ 92%] [32mBuilding C object CMakeFiles/nav_msgs__rosidl_generator_py.dir/rosidl_generator_py/nav_msgs/msg/_map_meta_data_s.c.o[0m
[ 93%] [32m[1mLinking C shared library rosidl_generator_py/nav_msgs/libnav_msgs__rosidl_generator_py.so[0m
[ 93%] Built target nav_msgs__rosidl_generator_py
[ 94%] [32mBuilding C object CMakeFiles/nav_msgs__rosidl_typesupport_fastrtps_c__pyext.dir/rosidl_generator_py/nav_msgs/_nav_msgs_s.ep.rosidl_typesupport_fastrtps_c.c.o[0m
[ 95%] [32m[1mLinking C shared library rosidl_generator_py/nav_msgs/nav_msgs_s__rosidl_typesupport_fastrtps_c.cpython-310-aarch64-linux-gnu.so[0m
[ 95%] Built target nav_msgs__rosidl_typesupport_fastrtps_c__pyext
[ 96%] [32mBuilding C object CMakeFiles/nav_msgs__rosidl_typesupport_c__pyext.dir/rosidl_generator_py/nav_msgs/_nav_msgs_s.ep.rosidl_typesupport_c.c.o[0m
[ 97%] [32m[1mLinking C shared library rosidl_generator_py/nav_msgs/nav_msgs_s__rosidl_typesupport_c.cpython-310-aarch64-linux-gnu.so[0m
[ 97%] Built target nav_msgs__rosidl_typesupport_c__pyext
[ 98%] [32mBuilding C object CMakeFiles/nav_msgs__rosidl_typesupport_introspection_c__pyext.dir/rosidl_generator_py/nav_msgs/_nav_msgs_s.ep.rosidl_typesupport_introspection_c.c.o[0m
[100%] [32m[1mLinking C shared library rosidl_generator_py/nav_msgs/nav_msgs_s__rosidl_typesupport_introspection_c.cpython-310-aarch64-linux-gnu.so[0m
[100%] Built target nav_msgs__rosidl_typesupport_introspection_c__pyext
-- Install configuration: ""
-- Execute custom install script
-- Symlinking: /home/teng/ros2_ws/install/nav_msgs/share/ament_index/resource_index/rosidl_interfaces/nav_msgs
-- Symlinking: /home/teng/ros2_ws/install/nav_msgs/include/nav_msgs/nav_msgs/msg/detail/grid_cells__functions.h
-- Symlinking: /home/teng/ros2_ws/install/nav_msgs/include/nav_msgs/nav_msgs/msg/detail/grid_cells__struct.h
-- Symlinking: /home/teng/ros2_ws/install/nav_msgs/include/nav_msgs/nav_msgs/msg/detail/grid_cells__type_support.h
-- Symlinking: /home/teng/ros2_ws/install/nav_msgs/include/nav_msgs/nav_msgs/msg/detail/map_meta_data__functions.h
-- Symlinking: /home/teng/ros2_ws/install/nav_msgs/include/nav_msgs/nav_msgs/msg/detail/map_meta_data__struct.h
-- Symlinking: /home/teng/ros2_ws/install/nav_msgs/include/nav_msgs/nav_msgs/msg/detail/map_meta_data__type_support.h
-- Symlinking: /home/teng/ros2_ws/install/nav_msgs/include/nav_msgs/nav_msgs/msg/detail/occupancy_grid__functions.h
-- Symlinking: /home/teng/ros2_ws/install/nav_msgs/include/nav_msgs/nav_msgs/msg/detail/occupancy_grid__struct.h
-- Symlinking: /home/teng/ros2_ws/install/nav_msgs/include/nav_msgs/nav_msgs/msg/detail/occupancy_grid__type_support.h
-- Symlinking: /home/teng/ros2_ws/install/nav_msgs/include/nav_msgs/nav_msgs/msg/detail/odometry__functions.h
-- Symlinking: /home/teng/ros2_ws/install/nav_msgs/include/nav_msgs/nav_msgs/msg/detail/odometry__struct.h
-- Symlinking: /home/teng/ros2_ws/install/nav_msgs/include/nav_msgs/nav_msgs/msg/detail/odometry__type_support.h
-- Symlinking: /home/teng/ros2_ws/install/nav_msgs/include/nav_msgs/nav_msgs/msg/detail/path__functions.h
-- Symlinking: /home/teng/ros2_ws/install/nav_msgs/include/nav_msgs/nav_msgs/msg/detail/path__struct.h
-- Symlinking: /home/teng/ros2_ws/install/nav_msgs/include/nav_msgs/nav_msgs/msg/detail/path__type_support.h
-- Symlinking: /home/teng/ros2_ws/install/nav_msgs/include/nav_msgs/nav_msgs/msg/grid_cells.h
-- Symlinking: /home/teng/ros2_ws/install/nav_msgs/include/nav_msgs/nav_msgs/msg/map_meta_data.h
-- Symlinking: /home/teng/ros2_ws/install/nav_msgs/include/nav_msgs/nav_msgs/msg/occupancy_grid.h
-- Symlinking: /home/teng/ros2_ws/install/nav_msgs/include/nav_msgs/nav_msgs/msg/odometry.h
-- Symlinking: /home/teng/ros2_ws/install/nav_msgs/include/nav_msgs/nav_msgs/msg/path.h
-- Symlinking: /home/teng/ros2_ws/install/nav_msgs/include/nav_msgs/nav_msgs/msg/rosidl_generator_c__visibility_control.h
-- Symlinking: /home/teng/ros2_ws/install/nav_msgs/include/nav_msgs/nav_msgs/srv/detail/get_map__functions.h
-- Symlinking: /home/teng/ros2_ws/install/nav_msgs/include/nav_msgs/nav_msgs/srv/detail/get_map__struct.h
-- Symlinking: /home/teng/ros2_ws/install/nav_msgs/include/nav_msgs/nav_msgs/srv/detail/get_map__type_support.h
-- Symlinking: /home/teng/ros2_ws/install/nav_msgs/include/nav_msgs/nav_msgs/srv/detail/get_plan__functions.h
-- Symlinking: /home/teng/ros2_ws/install/nav_msgs/include/nav_msgs/nav_msgs/srv/detail/get_plan__struct.h
-- Symlinking: /home/teng/ros2_ws/install/nav_msgs/include/nav_msgs/nav_msgs/srv/detail/get_plan__type_support.h
-- Symlinking: /home/teng/ros2_ws/install/nav_msgs/include/nav_msgs/nav_msgs/srv/detail/load_map__functions.h
-- Symlinking: /home/teng/ros2_ws/install/nav_msgs/include/nav_msgs/nav_msgs/srv/detail/load_map__struct.h
-- Symlinking: /home/teng/ros2_ws/install/nav_msgs/include/nav_msgs/nav_msgs/srv/detail/load_map__type_support.h
-- Symlinking: /home/teng/ros2_ws/install/nav_msgs/include/nav_msgs/nav_msgs/srv/detail/set_map__functions.h
-- Symlinking: /home/teng/ros2_ws/install/nav_msgs/include/nav_msgs/nav_msgs/srv/detail/set_map__struct.h
-- Symlinking: /home/teng/ros2_ws/install/nav_msgs/include/nav_msgs/nav_msgs/srv/detail/set_map__type_support.h
-- Symlinking: /home/teng/ros2_ws/install/nav_msgs/include/nav_msgs/nav_msgs/srv/get_map.h
-- Symlinking: /home/teng/ros2_ws/install/nav_msgs/include/nav_msgs/nav_msgs/srv/get_plan.h
-- Symlinking: /home/teng/ros2_ws/install/nav_msgs/include/nav_msgs/nav_msgs/srv/load_map.h
-- Symlinking: /home/teng/ros2_ws/install/nav_msgs/include/nav_msgs/nav_msgs/srv/set_map.h
-- Symlinking: /home/teng/ros2_ws/install/nav_msgs/share/nav_msgs/environment/library_path.sh
-- Symlinking: /home/teng/ros2_ws/install/nav_msgs/share/nav_msgs/environment/library_path.dsv
-- Symlinking: /home/teng/ros2_ws/install/nav_msgs/include/nav_msgs/nav_msgs/msg/detail/grid_cells__rosidl_typesupport_fastrtps_c.h
-- Symlinking: /home/teng/ros2_ws/install/nav_msgs/include/nav_msgs/nav_msgs/msg/detail/map_meta_data__rosidl_typesupport_fastrtps_c.h
-- Symlinking: /home/teng/ros2_ws/install/nav_msgs/include/nav_msgs/nav_msgs/msg/detail/occupancy_grid__rosidl_typesupport_fastrtps_c.h
-- Symlinking: /home/teng/ros2_ws/install/nav_msgs/include/nav_msgs/nav_msgs/msg/detail/odometry__rosidl_typesupport_fastrtps_c.h
-- Symlinking: /home/teng/ros2_ws/install/nav_msgs/include/nav_msgs/nav_msgs/msg/detail/path__rosidl_typesupport_fastrtps_c.h
-- Symlinking: /home/teng/ros2_ws/install/nav_msgs/include/nav_msgs/nav_msgs/msg/rosidl_typesupport_fastrtps_c__visibility_control.h
-- Symlinking: /home/teng/ros2_ws/install/nav_msgs/include/nav_msgs/nav_msgs/srv/detail/get_map__rosidl_typesupport_fastrtps_c.h
-- Symlinking: /home/teng/ros2_ws/install/nav_msgs/include/nav_msgs/nav_msgs/srv/detail/get_plan__rosidl_typesupport_fastrtps_c.h
-- Symlinking: /home/teng/ros2_ws/install/nav_msgs/include/nav_msgs/nav_msgs/srv/detail/load_map__rosidl_typesupport_fastrtps_c.h
-- Symlinking: /home/teng/ros2_ws/install/nav_msgs/include/nav_msgs/nav_msgs/srv/detail/set_map__rosidl_typesupport_fastrtps_c.h
-- Symlinking: /home/teng/ros2_ws/install/nav_msgs/include/nav_msgs/nav_msgs/msg/detail/grid_cells__builder.hpp
-- Symlinking: /home/teng/ros2_ws/install/nav_msgs/include/nav_msgs/nav_msgs/msg/detail/grid_cells__struct.hpp
-- Symlinking: /home/teng/ros2_ws/install/nav_msgs/include/nav_msgs/nav_msgs/msg/detail/grid_cells__traits.hpp
-- Symlinking: /home/teng/ros2_ws/install/nav_msgs/include/nav_msgs/nav_msgs/msg/detail/map_meta_data__builder.hpp
-- Symlinking: /home/teng/ros2_ws/install/nav_msgs/include/nav_msgs/nav_msgs/msg/detail/map_meta_data__struct.hpp
-- Symlinking: /home/teng/ros2_ws/install/nav_msgs/include/nav_msgs/nav_msgs/msg/detail/map_meta_data__traits.hpp
-- Symlinking: /home/teng/ros2_ws/install/nav_msgs/include/nav_msgs/nav_msgs/msg/detail/occupancy_grid__builder.hpp
-- Symlinking: /home/teng/ros2_ws/install/nav_msgs/include/nav_msgs/nav_msgs/msg/detail/occupancy_grid__struct.hpp
-- Symlinking: /home/teng/ros2_ws/install/nav_msgs/include/nav_msgs/nav_msgs/msg/detail/occupancy_grid__traits.hpp
-- Symlinking: /home/teng/ros2_ws/install/nav_msgs/include/nav_msgs/nav_msgs/msg/detail/odometry__builder.hpp
-- Symlinking: /home/teng/ros2_ws/install/nav_msgs/include/nav_msgs/nav_msgs/msg/detail/odometry__struct.hpp
-- Symlinking: /home/teng/ros2_ws/install/nav_msgs/include/nav_msgs/nav_msgs/msg/detail/odometry__traits.hpp
-- Symlinking: /home/teng/ros2_ws/install/nav_msgs/include/nav_msgs/nav_msgs/msg/detail/path__builder.hpp
-- Symlinking: /home/teng/ros2_ws/install/nav_msgs/include/nav_msgs/nav_msgs/msg/detail/path__struct.hpp
-- Symlinking: /home/teng/ros2_ws/install/nav_msgs/include/nav_msgs/nav_msgs/msg/detail/path__traits.hpp
-- Symlinking: /home/teng/ros2_ws/install/nav_msgs/include/nav_msgs/nav_msgs/msg/grid_cells.hpp
-- Symlinking: /home/teng/ros2_ws/install/nav_msgs/include/nav_msgs/nav_msgs/msg/map_meta_data.hpp
-- Symlinking: /home/teng/ros2_ws/install/nav_msgs/include/nav_msgs/nav_msgs/msg/occupancy_grid.hpp
-- Symlinking: /home/teng/ros2_ws/install/nav_msgs/include/nav_msgs/nav_msgs/msg/odometry.hpp
-- Symlinking: /home/teng/ros2_ws/install/nav_msgs/include/nav_msgs/nav_msgs/msg/path.hpp
-- Symlinking: /home/teng/ros2_ws/install/nav_msgs/include/nav_msgs/nav_msgs/srv/detail/get_map__builder.hpp
-- Symlinking: /home/teng/ros2_ws/install/nav_msgs/include/nav_msgs/nav_msgs/srv/detail/get_map__struct.hpp
-- Symlinking: /home/teng/ros2_ws/install/nav_msgs/include/nav_msgs/nav_msgs/srv/detail/get_map__traits.hpp
-- Symlinking: /home/teng/ros2_ws/install/nav_msgs/include/nav_msgs/nav_msgs/srv/detail/get_plan__builder.hpp
-- Symlinking: /home/teng/ros2_ws/install/nav_msgs/include/nav_msgs/nav_msgs/srv/detail/get_plan__struct.hpp
-- Symlinking: /home/teng/ros2_ws/install/nav_msgs/include/nav_msgs/nav_msgs/srv/detail/get_plan__traits.hpp
-- Symlinking: /home/teng/ros2_ws/install/nav_msgs/include/nav_msgs/nav_msgs/srv/detail/load_map__builder.hpp
-- Symlinking: /home/teng/ros2_ws/install/nav_msgs/include/nav_msgs/nav_msgs/srv/detail/load_map__struct.hpp
-- Symlinking: /home/teng/ros2_ws/install/nav_msgs/include/nav_msgs/nav_msgs/srv/detail/load_map__traits.hpp
-- Symlinking: /home/teng/ros2_ws/install/nav_msgs/include/nav_msgs/nav_msgs/srv/detail/set_map__builder.hpp
-- Symlinking: /home/teng/ros2_ws/install/nav_msgs/include/nav_msgs/nav_msgs/srv/detail/set_map__struct.hpp
-- Symlinking: /home/teng/ros2_ws/install/nav_msgs/include/nav_msgs/nav_msgs/srv/detail/set_map__traits.hpp
-- Symlinking: /home/teng/ros2_ws/install/nav_msgs/include/nav_msgs/nav_msgs/srv/get_map.hpp
-- Symlinking: /home/teng/ros2_ws/install/nav_msgs/include/nav_msgs/nav_msgs/srv/get_plan.hpp
-- Symlinking: /home/teng/ros2_ws/install/nav_msgs/include/nav_msgs/nav_msgs/srv/load_map.hpp
-- Symlinking: /home/teng/ros2_ws/install/nav_msgs/include/nav_msgs/nav_msgs/srv/set_map.hpp
-- Symlinking: /home/teng/ros2_ws/install/nav_msgs/include/nav_msgs/nav_msgs/msg/detail/grid_cells__rosidl_typesupport_fastrtps_cpp.hpp
-- Symlinking: /home/teng/ros2_ws/install/nav_msgs/include/nav_msgs/nav_msgs/msg/detail/map_meta_data__rosidl_typesupport_fastrtps_cpp.hpp
-- Symlinking: /home/teng/ros2_ws/install/nav_msgs/include/nav_msgs/nav_msgs/msg/detail/occupancy_grid__rosidl_typesupport_fastrtps_cpp.hpp
-- Symlinking: /home/teng/ros2_ws/install/nav_msgs/include/nav_msgs/nav_msgs/msg/detail/odometry__rosidl_typesupport_fastrtps_cpp.hpp
-- Symlinking: /home/teng/ros2_ws/install/nav_msgs/include/nav_msgs/nav_msgs/msg/detail/path__rosidl_typesupport_fastrtps_cpp.hpp
-- Symlinking: /home/teng/ros2_ws/install/nav_msgs/include/nav_msgs/nav_msgs/msg/rosidl_typesupport_fastrtps_cpp__visibility_control.h
-- Symlinking: /home/teng/ros2_ws/install/nav_msgs/include/nav_msgs/nav_msgs/srv/detail/get_map__rosidl_typesupport_fastrtps_cpp.hpp
-- Symlinking: /home/teng/ros2_ws/install/nav_msgs/include/nav_msgs/nav_msgs/srv/detail/get_plan__rosidl_typesupport_fastrtps_cpp.hpp
-- Symlinking: /home/teng/ros2_ws/install/nav_msgs/include/nav_msgs/nav_msgs/srv/detail/load_map__rosidl_typesupport_fastrtps_cpp.hpp
-- Symlinking: /home/teng/ros2_ws/install/nav_msgs/include/nav_msgs/nav_msgs/srv/detail/set_map__rosidl_typesupport_fastrtps_cpp.hpp
-- Symlinking: /home/teng/ros2_ws/install/nav_msgs/include/nav_msgs/nav_msgs/msg/detail/grid_cells__rosidl_typesupport_introspection_c.h
-- Symlinking: /home/teng/ros2_ws/install/nav_msgs/include/nav_msgs/nav_msgs/msg/detail/map_meta_data__rosidl_typesupport_introspection_c.h
-- Symlinking: /home/teng/ros2_ws/install/nav_msgs/include/nav_msgs/nav_msgs/msg/detail/occupancy_grid__rosidl_typesupport_introspection_c.h
-- Symlinking: /home/teng/ros2_ws/install/nav_msgs/include/nav_msgs/nav_msgs/msg/detail/odometry__rosidl_typesupport_introspection_c.h
-- Symlinking: /home/teng/ros2_ws/install/nav_msgs/include/nav_msgs/nav_msgs/msg/detail/path__rosidl_typesupport_introspection_c.h
-- Symlinking: /home/teng/ros2_ws/install/nav_msgs/include/nav_msgs/nav_msgs/msg/rosidl_typesupport_introspection_c__visibility_control.h
-- Symlinking: /home/teng/ros2_ws/install/nav_msgs/include/nav_msgs/nav_msgs/srv/detail/get_map__rosidl_typesupport_introspection_c.h
-- Symlinking: /home/teng/ros2_ws/install/nav_msgs/include/nav_msgs/nav_msgs/srv/detail/get_plan__rosidl_typesupport_introspection_c.h
-- Symlinking: /home/teng/ros2_ws/install/nav_msgs/include/nav_msgs/nav_msgs/srv/detail/load_map__rosidl_typesupport_introspection_c.h
-- Symlinking: /home/teng/ros2_ws/install/nav_msgs/include/nav_msgs/nav_msgs/srv/detail/set_map__rosidl_typesupport_introspection_c.h
-- Symlinking: /home/teng/ros2_ws/install/nav_msgs/include/nav_msgs/nav_msgs/msg/detail/grid_cells__rosidl_typesupport_introspection_cpp.hpp
-- Symlinking: /home/teng/ros2_ws/install/nav_msgs/include/nav_msgs/nav_msgs/msg/detail/map_meta_data__rosidl_typesupport_introspection_cpp.hpp
-- Symlinking: /home/teng/ros2_ws/install/nav_msgs/include/nav_msgs/nav_msgs/msg/detail/occupancy_grid__rosidl_typesupport_introspection_cpp.hpp
-- Symlinking: /home/teng/ros2_ws/install/nav_msgs/include/nav_msgs/nav_msgs/msg/detail/odometry__rosidl_typesupport_introspection_cpp.hpp
-- Symlinking: /home/teng/ros2_ws/install/nav_msgs/include/nav_msgs/nav_msgs/msg/detail/path__rosidl_typesupport_introspection_cpp.hpp
-- Symlinking: /home/teng/ros2_ws/install/nav_msgs/include/nav_msgs/nav_msgs/srv/detail/get_map__rosidl_typesupport_introspection_cpp.hpp
-- Symlinking: /home/teng/ros2_ws/install/nav_msgs/include/nav_msgs/nav_msgs/srv/detail/get_plan__rosidl_typesupport_introspection_cpp.hpp
-- Symlinking: /home/teng/ros2_ws/install/nav_msgs/include/nav_msgs/nav_msgs/srv/detail/load_map__rosidl_typesupport_introspection_cpp.hpp
-- Symlinking: /home/teng/ros2_ws/install/nav_msgs/include/nav_msgs/nav_msgs/srv/detail/set_map__rosidl_typesupport_introspection_cpp.hpp
-- Symlinking: /home/teng/ros2_ws/install/nav_msgs/share/nav_msgs/environment/pythonpath.sh
-- Symlinking: /home/teng/ros2_ws/install/nav_msgs/share/nav_msgs/environment/pythonpath.dsv
-- Symlinking: /home/teng/ros2_ws/install/nav_msgs/local/lib/python3.10/dist-packages/nav_msgs-5.2.0-py3.10.egg-info/PKG-INFO
-- Symlinking: /home/teng/ros2_ws/install/nav_msgs/local/lib/python3.10/dist-packages/nav_msgs-5.2.0-py3.10.egg-info/SOURCES.txt
-- Symlinking: /home/teng/ros2_ws/install/nav_msgs/local/lib/python3.10/dist-packages/nav_msgs-5.2.0-py3.10.egg-info/dependency_links.txt
-- Symlinking: /home/teng/ros2_ws/install/nav_msgs/local/lib/python3.10/dist-packages/nav_msgs-5.2.0-py3.10.egg-info/top_level.txt
-- Symlinking: /home/teng/ros2_ws/install/nav_msgs/local/lib/python3.10/dist-packages/nav_msgs/__init__.py
-- Symlinking: /home/teng/ros2_ws/install/nav_msgs/local/lib/python3.10/dist-packages/nav_msgs/_nav_msgs_s.ep.rosidl_typesupport_c.c
-- Symlinking: /home/teng/ros2_ws/install/nav_msgs/local/lib/python3.10/dist-packages/nav_msgs/_nav_msgs_s.ep.rosidl_typesupport_fastrtps_c.c
-- Symlinking: /home/teng/ros2_ws/install/nav_msgs/local/lib/python3.10/dist-packages/nav_msgs/_nav_msgs_s.ep.rosidl_typesupport_introspection_c.c
-- Symlinking: /home/teng/ros2_ws/install/nav_msgs/local/lib/python3.10/dist-packages/nav_msgs/libnav_msgs__rosidl_generator_py.so
-- Symlinking: /home/teng/ros2_ws/install/nav_msgs/local/lib/python3.10/dist-packages/nav_msgs/msg/__init__.py
-- Symlinking: /home/teng/ros2_ws/install/nav_msgs/local/lib/python3.10/dist-packages/nav_msgs/msg/_grid_cells.py
-- Symlinking: /home/teng/ros2_ws/install/nav_msgs/local/lib/python3.10/dist-packages/nav_msgs/msg/_grid_cells_s.c
-- Symlinking: /home/teng/ros2_ws/install/nav_msgs/local/lib/python3.10/dist-packages/nav_msgs/msg/_map_meta_data.py
-- Symlinking: /home/teng/ros2_ws/install/nav_msgs/local/lib/python3.10/dist-packages/nav_msgs/msg/_map_meta_data_s.c
-- Symlinking: /home/teng/ros2_ws/install/nav_msgs/local/lib/python3.10/dist-packages/nav_msgs/msg/_occupancy_grid.py
-- Symlinking: /home/teng/ros2_ws/install/nav_msgs/local/lib/python3.10/dist-packages/nav_msgs/msg/_occupancy_grid_s.c
-- Symlinking: /home/teng/ros2_ws/install/nav_msgs/local/lib/python3.10/dist-packages/nav_msgs/msg/_odometry.py
-- Symlinking: /home/teng/ros2_ws/install/nav_msgs/local/lib/python3.10/dist-packages/nav_msgs/msg/_odometry_s.c
-- Symlinking: /home/teng/ros2_ws/install/nav_msgs/local/lib/python3.10/dist-packages/nav_msgs/msg/_path.py
-- Symlinking: /home/teng/ros2_ws/install/nav_msgs/local/lib/python3.10/dist-packages/nav_msgs/msg/_path_s.c
-- Symlinking: /home/teng/ros2_ws/install/nav_msgs/local/lib/python3.10/dist-packages/nav_msgs/nav_msgs_s__rosidl_typesupport_c.cpython-310-aarch64-linux-gnu.so
-- Symlinking: /home/teng/ros2_ws/install/nav_msgs/local/lib/python3.10/dist-packages/nav_msgs/nav_msgs_s__rosidl_typesupport_fastrtps_c.cpython-310-aarch64-linux-gnu.so
-- Symlinking: /home/teng/ros2_ws/install/nav_msgs/local/lib/python3.10/dist-packages/nav_msgs/nav_msgs_s__rosidl_typesupport_introspection_c.cpython-310-aarch64-linux-gnu.so
-- Symlinking: /home/teng/ros2_ws/install/nav_msgs/local/lib/python3.10/dist-packages/nav_msgs/srv/__init__.py
-- Symlinking: /home/teng/ros2_ws/install/nav_msgs/local/lib/python3.10/dist-packages/nav_msgs/srv/_get_map.py
-- Symlinking: /home/teng/ros2_ws/install/nav_msgs/local/lib/python3.10/dist-packages/nav_msgs/srv/_get_map_s.c
-- Symlinking: /home/teng/ros2_ws/install/nav_msgs/local/lib/python3.10/dist-packages/nav_msgs/srv/_get_plan.py
-- Symlinking: /home/teng/ros2_ws/install/nav_msgs/local/lib/python3.10/dist-packages/nav_msgs/srv/_get_plan_s.c
-- Symlinking: /home/teng/ros2_ws/install/nav_msgs/local/lib/python3.10/dist-packages/nav_msgs/srv/_load_map.py
-- Symlinking: /home/teng/ros2_ws/install/nav_msgs/local/lib/python3.10/dist-packages/nav_msgs/srv/_load_map_s.c
-- Symlinking: /home/teng/ros2_ws/install/nav_msgs/local/lib/python3.10/dist-packages/nav_msgs/srv/_set_map.py
-- Symlinking: /home/teng/ros2_ws/install/nav_msgs/local/lib/python3.10/dist-packages/nav_msgs/srv/_set_map_s.c
-- Up-to-date symlink: /home/teng/ros2_ws/install/nav_msgs/local/lib/python3.10/dist-packages/nav_msgs/nav_msgs_s__rosidl_typesupport_fastrtps_c.cpython-310-aarch64-linux-gnu.so
-- Up-to-date symlink: /home/teng/ros2_ws/install/nav_msgs/local/lib/python3.10/dist-packages/nav_msgs/nav_msgs_s__rosidl_typesupport_introspection_c.cpython-310-aarch64-linux-gnu.so
-- Up-to-date symlink: /home/teng/ros2_ws/install/nav_msgs/local/lib/python3.10/dist-packages/nav_msgs/nav_msgs_s__rosidl_typesupport_c.cpython-310-aarch64-linux-gnu.so
-- Symlinking: /home/teng/ros2_ws/install/nav_msgs/share/nav_msgs/msg/GridCells.idl
-- Symlinking: /home/teng/ros2_ws/install/nav_msgs/share/nav_msgs/msg/MapMetaData.idl
-- Symlinking: /home/teng/ros2_ws/install/nav_msgs/share/nav_msgs/msg/OccupancyGrid.idl
-- Symlinking: /home/teng/ros2_ws/install/nav_msgs/share/nav_msgs/msg/Odometry.idl
-- Symlinking: /home/teng/ros2_ws/install/nav_msgs/share/nav_msgs/msg/Path.idl
-- Symlinking: /home/teng/ros2_ws/install/nav_msgs/share/nav_msgs/srv/GetMap.idl
-- Symlinking: /home/teng/ros2_ws/install/nav_msgs/share/nav_msgs/srv/GetPlan.idl
-- Symlinking: /home/teng/ros2_ws/install/nav_msgs/share/nav_msgs/srv/LoadMap.idl
-- Symlinking: /home/teng/ros2_ws/install/nav_msgs/share/nav_msgs/srv/SetMap.idl
-- Symlinking: /home/teng/ros2_ws/install/nav_msgs/share/nav_msgs/msg/GridCells.msg
-- Symlinking: /home/teng/ros2_ws/install/nav_msgs/share/nav_msgs/msg/MapMetaData.msg
-- Symlinking: /home/teng/ros2_ws/install/nav_msgs/share/nav_msgs/msg/OccupancyGrid.msg
-- Symlinking: /home/teng/ros2_ws/install/nav_msgs/share/nav_msgs/msg/Odometry.msg
-- Symlinking: /home/teng/ros2_ws/install/nav_msgs/share/nav_msgs/msg/Path.msg
-- Symlinking: /home/teng/ros2_ws/install/nav_msgs/share/nav_msgs/srv/GetMap.srv
-- Symlinking: /home/teng/ros2_ws/install/nav_msgs/share/nav_msgs/srv/GetMap_Request.msg
-- Symlinking: /home/teng/ros2_ws/install/nav_msgs/share/nav_msgs/srv/GetMap_Response.msg
-- Symlinking: /home/teng/ros2_ws/install/nav_msgs/share/nav_msgs/srv/GetPlan.srv
-- Symlinking: /home/teng/ros2_ws/install/nav_msgs/share/nav_msgs/srv/GetPlan_Request.msg
-- Symlinking: /home/teng/ros2_ws/install/nav_msgs/share/nav_msgs/srv/GetPlan_Response.msg
-- Symlinking: /home/teng/ros2_ws/install/nav_msgs/share/nav_msgs/srv/LoadMap.srv
-- Symlinking: /home/teng/ros2_ws/install/nav_msgs/share/nav_msgs/srv/LoadMap_Request.msg
-- Symlinking: /home/teng/ros2_ws/install/nav_msgs/share/nav_msgs/srv/LoadMap_Response.msg
-- Symlinking: /home/teng/ros2_ws/install/nav_msgs/share/nav_msgs/srv/SetMap.srv
-- Symlinking: /home/teng/ros2_ws/install/nav_msgs/share/nav_msgs/srv/SetMap_Request.msg
-- Symlinking: /home/teng/ros2_ws/install/nav_msgs/share/nav_msgs/srv/SetMap_Response.msg
-- Symlinking: /home/teng/ros2_ws/install/nav_msgs/share/ament_index/resource_index/package_run_dependencies/nav_msgs
-- Symlinking: /home/teng/ros2_ws/install/nav_msgs/share/ament_index/resource_index/parent_prefix_path/nav_msgs
-- Symlinking: /home/teng/ros2_ws/install/nav_msgs/share/nav_msgs/environment/ament_prefix_path.sh
-- Symlinking: /home/teng/ros2_ws/install/nav_msgs/share/nav_msgs/environment/ament_prefix_path.dsv
-- Symlinking: /home/teng/ros2_ws/install/nav_msgs/share/nav_msgs/environment/path.sh
-- Symlinking: /home/teng/ros2_ws/install/nav_msgs/share/nav_msgs/environment/path.dsv
-- Symlinking: /home/teng/ros2_ws/install/nav_msgs/share/nav_msgs/local_setup.bash
-- Symlinking: /home/teng/ros2_ws/install/nav_msgs/share/nav_msgs/local_setup.sh
-- Symlinking: /home/teng/ros2_ws/install/nav_msgs/share/nav_msgs/local_setup.zsh
-- Symlinking: /home/teng/ros2_ws/install/nav_msgs/share/nav_msgs/local_setup.dsv
-- Symlinking: /home/teng/ros2_ws/install/nav_msgs/share/nav_msgs/package.dsv
-- Symlinking: /home/teng/ros2_ws/install/nav_msgs/share/ament_index/resource_index/packages/nav_msgs
-- Symlinking: /home/teng/ros2_ws/install/nav_msgs/share/nav_msgs/cmake/rosidl_cmake-extras.cmake
-- Symlinking: /home/teng/ros2_ws/install/nav_msgs/share/nav_msgs/cmake/ament_cmake_export_dependencies-extras.cmake
-- Symlinking: /home/teng/ros2_ws/install/nav_msgs/share/nav_msgs/cmake/ament_cmake_export_include_directories-extras.cmake
-- Symlinking: /home/teng/ros2_ws/install/nav_msgs/share/nav_msgs/cmake/ament_cmake_export_libraries-extras.cmake
-- Symlinking: /home/teng/ros2_ws/install/nav_msgs/share/nav_msgs/cmake/ament_cmake_export_targets-extras.cmake
-- Symlinking: /home/teng/ros2_ws/install/nav_msgs/share/nav_msgs/cmake/rosidl_cmake_export_typesupport_targets-extras.cmake
-- Symlinking: /home/teng/ros2_ws/install/nav_msgs/share/nav_msgs/cmake/rosidl_cmake_export_typesupport_libraries-extras.cmake
-- Symlinking: /home/teng/ros2_ws/install/nav_msgs/share/nav_msgs/cmake/nav_msgsConfig.cmake
-- Symlinking: /home/teng/ros2_ws/install/nav_msgs/share/nav_msgs/cmake/nav_msgsConfig-version.cmake
-- Symlinking: /home/teng/ros2_ws/install/nav_msgs/share/nav_msgs/package.xml
-- Installing: /home/teng/ros2_ws/install/nav_msgs/lib/libnav_msgs__rosidl_generator_c.so
-- Set runtime path of "/home/teng/ros2_ws/install/nav_msgs/lib/libnav_msgs__rosidl_generator_c.so" to ""
-- Installing: /home/teng/ros2_ws/install/nav_msgs/lib/libnav_msgs__rosidl_typesupport_fastrtps_c.so
-- Set runtime path of "/home/teng/ros2_ws/install/nav_msgs/lib/libnav_msgs__rosidl_typesupport_fastrtps_c.so" to ""
-- Installing: /home/teng/ros2_ws/install/nav_msgs/lib/libnav_msgs__rosidl_typesupport_fastrtps_cpp.so
-- Set runtime path of "/home/teng/ros2_ws/install/nav_msgs/lib/libnav_msgs__rosidl_typesupport_fastrtps_cpp.so" to ""
-- Installing: /home/teng/ros2_ws/install/nav_msgs/lib/libnav_msgs__rosidl_typesupport_introspection_c.so
-- Set runtime path of "/home/teng/ros2_ws/install/nav_msgs/lib/libnav_msgs__rosidl_typesupport_introspection_c.so" to ""
-- Installing: /home/teng/ros2_ws/install/nav_msgs/lib/libnav_msgs__rosidl_typesupport_c.so
-- Set runtime path of "/home/teng/ros2_ws/install/nav_msgs/lib/libnav_msgs__rosidl_typesupport_c.so" to ""
-- Installing: /home/teng/ros2_ws/install/nav_msgs/lib/libnav_msgs__rosidl_typesupport_introspection_cpp.so
-- Set runtime path of "/home/teng/ros2_ws/install/nav_msgs/lib/libnav_msgs__rosidl_typesupport_introspection_cpp.so" to ""
-- Installing: /home/teng/ros2_ws/install/nav_msgs/lib/libnav_msgs__rosidl_typesupport_cpp.so
-- Set runtime path of "/home/teng/ros2_ws/install/nav_msgs/lib/libnav_msgs__rosidl_typesupport_cpp.so" to ""
Listing '/home/teng/ros2_ws/install/nav_msgs/local/lib/python3.10/dist-packages/nav_msgs'...
Compiling '/home/teng/ros2_ws/install/nav_msgs/local/lib/python3.10/dist-packages/nav_msgs/__init__.py'...
Listing '/home/teng/ros2_ws/install/nav_msgs/local/lib/python3.10/dist-packages/nav_msgs/msg'...
Compiling '/home/teng/ros2_ws/install/nav_msgs/local/lib/python3.10/dist-packages/nav_msgs/msg/__init__.py'...
Compiling '/home/teng/ros2_ws/install/nav_msgs/local/lib/python3.10/dist-packages/nav_msgs/msg/_grid_cells.py'...
Compiling '/home/teng/ros2_ws/install/nav_msgs/local/lib/python3.10/dist-packages/nav_msgs/msg/_map_meta_data.py'...
Compiling '/home/teng/ros2_ws/install/nav_msgs/local/lib/python3.10/dist-packages/nav_msgs/msg/_occupancy_grid.py'...
Compiling '/home/teng/ros2_ws/install/nav_msgs/local/lib/python3.10/dist-packages/nav_msgs/msg/_odometry.py'...
Compiling '/home/teng/ros2_ws/install/nav_msgs/local/lib/python3.10/dist-packages/nav_msgs/msg/_path.py'...
Listing '/home/teng/ros2_ws/install/nav_msgs/local/lib/python3.10/dist-packages/nav_msgs/srv'...
Compiling '/home/teng/ros2_ws/install/nav_msgs/local/lib/python3.10/dist-packages/nav_msgs/srv/__init__.py'...
Compiling '/home/teng/ros2_ws/install/nav_msgs/local/lib/python3.10/dist-packages/nav_msgs/srv/_get_map.py'...
Compiling '/home/teng/ros2_ws/install/nav_msgs/local/lib/python3.10/dist-packages/nav_msgs/srv/_get_plan.py'...
Compiling '/home/teng/ros2_ws/install/nav_msgs/local/lib/python3.10/dist-packages/nav_msgs/srv/_load_map.py'...
Compiling '/home/teng/ros2_ws/install/nav_msgs/local/lib/python3.10/dist-packages/nav_msgs/srv/_set_map.py'...
-- Installing: /home/teng/ros2_ws/install/nav_msgs/lib/libnav_msgs__rosidl_generator_py.so
-- Set runtime path of "/home/teng/ros2_ws/install/nav_msgs/lib/libnav_msgs__rosidl_generator_py.so" to ""
-- Installing: /home/teng/ros2_ws/install/nav_msgs/share/nav_msgs/cmake/export_nav_msgs__rosidl_generator_cExport.cmake
-- Installing: /home/teng/ros2_ws/install/nav_msgs/share/nav_msgs/cmake/export_nav_msgs__rosidl_generator_cExport-noconfig.cmake
-- Installing: /home/teng/ros2_ws/install/nav_msgs/share/nav_msgs/cmake/export_nav_msgs__rosidl_typesupport_fastrtps_cExport.cmake
-- Installing: /home/teng/ros2_ws/install/nav_msgs/share/nav_msgs/cmake/export_nav_msgs__rosidl_typesupport_fastrtps_cExport-noconfig.cmake
-- Installing: /home/teng/ros2_ws/install/nav_msgs/share/nav_msgs/cmake/export_nav_msgs__rosidl_generator_cppExport.cmake
-- Installing: /home/teng/ros2_ws/install/nav_msgs/share/nav_msgs/cmake/export_nav_msgs__rosidl_typesupport_fastrtps_cppExport.cmake
-- Installing: /home/teng/ros2_ws/install/nav_msgs/share/nav_msgs/cmake/export_nav_msgs__rosidl_typesupport_fastrtps_cppExport-noconfig.cmake
-- Installing: /home/teng/ros2_ws/install/nav_msgs/share/nav_msgs/cmake/nav_msgs__rosidl_typesupport_introspection_cExport.cmake
-- Installing: /home/teng/ros2_ws/install/nav_msgs/share/nav_msgs/cmake/nav_msgs__rosidl_typesupport_introspection_cExport-noconfig.cmake
-- Installing: /home/teng/ros2_ws/install/nav_msgs/share/nav_msgs/cmake/nav_msgs__rosidl_typesupport_cExport.cmake
-- Installing: /home/teng/ros2_ws/install/nav_msgs/share/nav_msgs/cmake/nav_msgs__rosidl_typesupport_cExport-noconfig.cmake
-- Installing: /home/teng/ros2_ws/install/nav_msgs/share/nav_msgs/cmake/nav_msgs__rosidl_typesupport_introspection_cppExport.cmake
-- Installing: /home/teng/ros2_ws/install/nav_msgs/share/nav_msgs/cmake/nav_msgs__rosidl_typesupport_introspection_cppExport-noconfig.cmake
-- Installing: /home/teng/ros2_ws/install/nav_msgs/share/nav_msgs/cmake/nav_msgs__rosidl_typesupport_cppExport.cmake
-- Installing: /home/teng/ros2_ws/install/nav_msgs/share/nav_msgs/cmake/nav_msgs__rosidl_typesupport_cppExport-noconfig.cmake
-- Installing: /home/teng/ros2_ws/install/nav_msgs/share/nav_msgs/cmake/export_nav_msgs__rosidl_generator_pyExport.cmake
-- Installing: /home/teng/ros2_ws/install/nav_msgs/share/nav_msgs/cmake/export_nav_msgs__rosidl_generator_pyExport-noconfig.cmake
