[0.610s] Invoking command in '/home/teng/ros2_ws/build/nav_msgs': CMAKE_PREFIX_PATH=/home/teng/ros2_ws/install/geometry_msgs:/home/teng/ros2_ws/install/std_msgs:/home/teng/ros2_ws/install/common_interfaces:/home/teng/ros2_ws/install/visualization_msgs:/home/teng/ros2_ws/install/trajectory_msgs:/home/teng/ros2_ws/install/stereo_msgs:/home/teng/ros2_ws/install/std_srvs:/home/teng/ros2_ws/install/shape_msgs:/home/teng/ros2_ws/install/sensor_msgs:/home/teng/ros2_ws/install/nav_msgs:/home/teng/ros2_ws/install/diagnostic_msgs:/home/teng/ros2_ws/install/actionlib_msgs:/home/teng/ros2_ws/install/exp_1_bringup:/home/teng/ros2_ws/install/simple_interfaces:/home/teng/ros2_ws/install/sensor_msgs_py:/home/teng/ros2_ws/install/experiment1:/opt/ros/humble LD_LIBRARY_PATH=/home/teng/ros2_ws/install/geometry_msgs/lib:/home/teng/ros2_ws/install/std_msgs/lib:/home/teng/ros2_ws/install/visualization_msgs/lib:/home/teng/ros2_ws/install/trajectory_msgs/lib:/home/teng/ros2_ws/install/stereo_msgs/lib:/home/teng/ros2_ws/install/std_srvs/lib:/home/teng/ros2_ws/install/shape_msgs/lib:/home/teng/ros2_ws/install/sensor_msgs/lib:/home/teng/ros2_ws/install/nav_msgs/lib:/home/teng/ros2_ws/install/diagnostic_msgs/lib:/home/teng/ros2_ws/install/actionlib_msgs/lib:/home/teng/ros2_ws/install/simple_interfaces/lib:/opt/ros/humble/lib/aarch64-linux-gnu:/opt/ros/humble/lib /usr/bin/cmake /home/teng/ros2_ws/src/ros2_common_interfaces/nav_msgs -DAMENT_CMAKE_SYMLINK_INSTALL=1 -DCMAKE_INSTALL_PREFIX=/home/teng/ros2_ws/install/nav_msgs
[1.129s] -- The C compiler identification is GNU 11.4.0
[1.736s] -- The CXX compiler identification is GNU 11.4.0
[1.792s] -- Detecting C compiler ABI info
[2.385s] -- Detecting C compiler ABI info - done
[2.464s] -- Check for working C compiler: /usr/bin/cc - skipped
[2.464s] -- Detecting C compile features
[2.465s] -- Detecting C compile features - done
[2.483s] -- Detecting CXX compiler ABI info
[3.174s] -- Detecting CXX compiler ABI info - done
[3.263s] -- Check for working CXX compiler: /usr/bin/c++ - skipped
[3.264s] -- Detecting CXX compile features
[3.267s] -- Detecting CXX compile features - done
[3.344s] -- Found ament_cmake: 1.3.5 (/opt/ros/humble/share/ament_cmake/cmake)
[4.981s] -- Found Python3: /usr/bin/python3.10 (found version "3.10.12") found components: Interpreter 
[5.597s] -- Override CMake install command with custom implementation using symlinks instead of copying resources
[6.071s] -- Found builtin_interfaces: 1.2.1 (/opt/ros/humble/share/builtin_interfaces/cmake)
[6.423s] -- Found rosidl_generator_c: 3.1.5 (/opt/ros/humble/share/rosidl_generator_c/cmake)
[6.504s] -- Found rosidl_adapter: 3.1.5 (/opt/ros/humble/share/rosidl_adapter/cmake)
[6.583s] -- Found rosidl_generator_cpp: 3.1.5 (/opt/ros/humble/share/rosidl_generator_cpp/cmake)
[6.700s] -- Using all available rosidl_typesupport_c: rosidl_typesupport_fastrtps_c;rosidl_typesupport_introspection_c
[6.867s] -- Using all available rosidl_typesupport_cpp: rosidl_typesupport_fastrtps_cpp;rosidl_typesupport_introspection_cpp
[6.999s] -- Found geometry_msgs: 5.2.0 (/home/teng/ros2_ws/install/geometry_msgs/share/geometry_msgs/cmake)
[7.537s] -- Found rosidl_default_generators: 1.2.0 (/opt/ros/humble/share/rosidl_default_generators/cmake)
[10.482s] -- Found ament_cmake_cppcheck: 0.12.8 (/opt/ros/humble/share/ament_cmake_cppcheck/cmake)
[10.527s] -- Found ament_cmake_cpplint: 0.12.8 (/opt/ros/humble/share/ament_cmake_cpplint/cmake)
[10.558s] -- Found ament_cmake_uncrustify: 0.12.8 (/opt/ros/humble/share/ament_cmake_uncrustify/cmake)
[10.592s] -- Found ament_cmake_ros: 0.10.0 (/opt/ros/humble/share/ament_cmake_ros/cmake)
[14.357s] -- Using all available rosidl_typesupport_c: rosidl_typesupport_fastrtps_c;rosidl_typesupport_introspection_c
[16.128s] -- Using all available rosidl_typesupport_cpp: rosidl_typesupport_fastrtps_cpp;rosidl_typesupport_introspection_cpp
[16.427s] -- Found PythonInterp: /usr/bin/python3 (found suitable version "3.10.12", minimum required is "3.6") 
[16.475s] -- Found python_cmake_module: 0.10.0 (/opt/ros/humble/share/python_cmake_module/cmake)
[16.741s] -- Found PythonLibs: /usr/lib/aarch64-linux-gnu/libpython3.10.so (found suitable version "3.10.12", minimum required is "3.5") 
[16.751s] -- Using PYTHON_EXECUTABLE: /usr/bin/python3
[16.751s] -- Using PYTHON_INCLUDE_DIRS: /usr/include/python3.10
[16.752s] -- Using PYTHON_LIBRARIES: /usr/lib/aarch64-linux-gnu/libpython3.10.so
[17.092s] -- Found PythonExtra: .so  
[18.227s] -- Found ament_cmake_flake8: 0.12.8 (/opt/ros/humble/share/ament_cmake_flake8/cmake)
[18.349s] -- Found ament_cmake_pep257: 0.12.8 (/opt/ros/humble/share/ament_cmake_pep257/cmake)
[18.846s] -- Configuring done
[19.623s] -- Generating done
[19.660s] -- Build files have been written to: /home/teng/ros2_ws/build/nav_msgs
[19.778s] Invoked command in '/home/teng/ros2_ws/build/nav_msgs' returned '0': CMAKE_PREFIX_PATH=/home/teng/ros2_ws/install/geometry_msgs:/home/teng/ros2_ws/install/std_msgs:/home/teng/ros2_ws/install/common_interfaces:/home/teng/ros2_ws/install/visualization_msgs:/home/teng/ros2_ws/install/trajectory_msgs:/home/teng/ros2_ws/install/stereo_msgs:/home/teng/ros2_ws/install/std_srvs:/home/teng/ros2_ws/install/shape_msgs:/home/teng/ros2_ws/install/sensor_msgs:/home/teng/ros2_ws/install/nav_msgs:/home/teng/ros2_ws/install/diagnostic_msgs:/home/teng/ros2_ws/install/actionlib_msgs:/home/teng/ros2_ws/install/exp_1_bringup:/home/teng/ros2_ws/install/simple_interfaces:/home/teng/ros2_ws/install/sensor_msgs_py:/home/teng/ros2_ws/install/experiment1:/opt/ros/humble LD_LIBRARY_PATH=/home/teng/ros2_ws/install/geometry_msgs/lib:/home/teng/ros2_ws/install/std_msgs/lib:/home/teng/ros2_ws/install/visualization_msgs/lib:/home/teng/ros2_ws/install/trajectory_msgs/lib:/home/teng/ros2_ws/install/stereo_msgs/lib:/home/teng/ros2_ws/install/std_srvs/lib:/home/teng/ros2_ws/install/shape_msgs/lib:/home/teng/ros2_ws/install/sensor_msgs/lib:/home/teng/ros2_ws/install/nav_msgs/lib:/home/teng/ros2_ws/install/diagnostic_msgs/lib:/home/teng/ros2_ws/install/actionlib_msgs/lib:/home/teng/ros2_ws/install/simple_interfaces/lib:/opt/ros/humble/lib/aarch64-linux-gnu:/opt/ros/humble/lib /usr/bin/cmake /home/teng/ros2_ws/src/ros2_common_interfaces/nav_msgs -DAMENT_CMAKE_SYMLINK_INSTALL=1 -DCMAKE_INSTALL_PREFIX=/home/teng/ros2_ws/install/nav_msgs
[19.794s] Invoking command in '/home/teng/ros2_ws/build/nav_msgs': CMAKE_PREFIX_PATH=/home/teng/ros2_ws/install/geometry_msgs:/home/teng/ros2_ws/install/std_msgs:/home/teng/ros2_ws/install/common_interfaces:/home/teng/ros2_ws/install/visualization_msgs:/home/teng/ros2_ws/install/trajectory_msgs:/home/teng/ros2_ws/install/stereo_msgs:/home/teng/ros2_ws/install/std_srvs:/home/teng/ros2_ws/install/shape_msgs:/home/teng/ros2_ws/install/sensor_msgs:/home/teng/ros2_ws/install/nav_msgs:/home/teng/ros2_ws/install/diagnostic_msgs:/home/teng/ros2_ws/install/actionlib_msgs:/home/teng/ros2_ws/install/exp_1_bringup:/home/teng/ros2_ws/install/simple_interfaces:/home/teng/ros2_ws/install/sensor_msgs_py:/home/teng/ros2_ws/install/experiment1:/opt/ros/humble LD_LIBRARY_PATH=/home/teng/ros2_ws/install/geometry_msgs/lib:/home/teng/ros2_ws/install/std_msgs/lib:/home/teng/ros2_ws/install/visualization_msgs/lib:/home/teng/ros2_ws/install/trajectory_msgs/lib:/home/teng/ros2_ws/install/stereo_msgs/lib:/home/teng/ros2_ws/install/std_srvs/lib:/home/teng/ros2_ws/install/shape_msgs/lib:/home/teng/ros2_ws/install/sensor_msgs/lib:/home/teng/ros2_ws/install/nav_msgs/lib:/home/teng/ros2_ws/install/diagnostic_msgs/lib:/home/teng/ros2_ws/install/actionlib_msgs/lib:/home/teng/ros2_ws/install/simple_interfaces/lib:/opt/ros/humble/lib/aarch64-linux-gnu:/opt/ros/humble/lib /usr/bin/cmake --build /home/teng/ros2_ws/build/nav_msgs -- -j4 -l4
[20.576s] [  1%] [34m[1mGenerating C code for ROS interfaces[0m
[20.657s] [  2%] [34m[1mGenerating C++ code for ROS interfaces[0m
[36.422s] [  3%] [32mBuilding C object CMakeFiles/nav_msgs__rosidl_generator_c.dir/rosidl_generator_c/nav_msgs/msg/detail/grid_cells__functions.c.o[0m
[37.363s] [  4%] [32mBuilding C object CMakeFiles/nav_msgs__rosidl_generator_c.dir/rosidl_generator_c/nav_msgs/msg/detail/map_meta_data__functions.c.o[0m
[38.076s] [  5%] [32mBuilding C object CMakeFiles/nav_msgs__rosidl_generator_c.dir/rosidl_generator_c/nav_msgs/msg/detail/occupancy_grid__functions.c.o[0m
[38.425s] [  5%] Built target nav_msgs__cpp
[38.689s] [  6%] [32mBuilding C object CMakeFiles/nav_msgs__rosidl_generator_c.dir/rosidl_generator_c/nav_msgs/msg/detail/odometry__functions.c.o[0m
[39.251s] [  7%] [32mBuilding C object CMakeFiles/nav_msgs__rosidl_generator_c.dir/rosidl_generator_c/nav_msgs/msg/detail/path__functions.c.o[0m
[39.863s] [  8%] [32mBuilding C object CMakeFiles/nav_msgs__rosidl_generator_c.dir/rosidl_generator_c/nav_msgs/srv/detail/get_map__functions.c.o[0m
[40.369s] [  9%] [32mBuilding C object CMakeFiles/nav_msgs__rosidl_generator_c.dir/rosidl_generator_c/nav_msgs/srv/detail/get_plan__functions.c.o[0m
[41.134s] [ 10%] [32mBuilding C object CMakeFiles/nav_msgs__rosidl_generator_c.dir/rosidl_generator_c/nav_msgs/srv/detail/load_map__functions.c.o[0m
[41.972s] [ 11%] [32mBuilding C object CMakeFiles/nav_msgs__rosidl_generator_c.dir/rosidl_generator_c/nav_msgs/srv/detail/set_map__functions.c.o[0m
[42.681s] [ 12%] [32m[1mLinking C shared library libnav_msgs__rosidl_generator_c.so[0m
[43.268s] [ 12%] Built target nav_msgs__rosidl_generator_c
[43.477s] [ 13%] [34m[1mGenerating C++ type support for eProsima Fast-RTPS[0m
[54.313s] [ 14%] [32mBuilding CXX object CMakeFiles/nav_msgs__rosidl_typesupport_fastrtps_cpp.dir/rosidl_typesupport_fastrtps_cpp/nav_msgs/msg/detail/dds_fastrtps/grid_cells__type_support.cpp.o[0m
[59.021s] [ 15%] [32mBuilding CXX object CMakeFiles/nav_msgs__rosidl_typesupport_fastrtps_cpp.dir/rosidl_typesupport_fastrtps_cpp/nav_msgs/msg/detail/dds_fastrtps/map_meta_data__type_support.cpp.o[0m
[63.852s] [ 16%] [32mBuilding CXX object CMakeFiles/nav_msgs__rosidl_typesupport_fastrtps_cpp.dir/rosidl_typesupport_fastrtps_cpp/nav_msgs/msg/detail/dds_fastrtps/occupancy_grid__type_support.cpp.o[0m
[68.206s] [ 17%] [32mBuilding CXX object CMakeFiles/nav_msgs__rosidl_typesupport_fastrtps_cpp.dir/rosidl_typesupport_fastrtps_cpp/nav_msgs/msg/detail/dds_fastrtps/odometry__type_support.cpp.o[0m
[72.709s] [ 18%] [32mBuilding CXX object CMakeFiles/nav_msgs__rosidl_typesupport_fastrtps_cpp.dir/rosidl_typesupport_fastrtps_cpp/nav_msgs/msg/detail/dds_fastrtps/path__type_support.cpp.o[0m
[77.898s] [ 20%] [32mBuilding CXX object CMakeFiles/nav_msgs__rosidl_typesupport_fastrtps_cpp.dir/rosidl_typesupport_fastrtps_cpp/nav_msgs/srv/detail/dds_fastrtps/get_map__type_support.cpp.o[0m
[81.805s] [ 21%] [32mBuilding CXX object CMakeFiles/nav_msgs__rosidl_typesupport_fastrtps_cpp.dir/rosidl_typesupport_fastrtps_cpp/nav_msgs/srv/detail/dds_fastrtps/get_plan__type_support.cpp.o[0m
[84.638s] [ 22%] [32mBuilding CXX object CMakeFiles/nav_msgs__rosidl_typesupport_fastrtps_cpp.dir/rosidl_typesupport_fastrtps_cpp/nav_msgs/srv/detail/dds_fastrtps/load_map__type_support.cpp.o[0m
[89.003s] [ 23%] [32mBuilding CXX object CMakeFiles/nav_msgs__rosidl_typesupport_fastrtps_cpp.dir/rosidl_typesupport_fastrtps_cpp/nav_msgs/srv/detail/dds_fastrtps/set_map__type_support.cpp.o[0m
[92.654s] [ 24%] [32m[1mLinking CXX shared library libnav_msgs__rosidl_typesupport_fastrtps_cpp.so[0m
[93.349s] [ 24%] Built target nav_msgs__rosidl_typesupport_fastrtps_cpp
[93.425s] [ 25%] [34m[1mGenerating C++ introspection for ROS interfaces[0m
[101.429s] [ 26%] [32mBuilding CXX object CMakeFiles/nav_msgs__rosidl_typesupport_introspection_cpp.dir/rosidl_typesupport_introspection_cpp/nav_msgs/msg/detail/grid_cells__type_support.cpp.o[0m
[105.110s] [ 27%] [32mBuilding CXX object CMakeFiles/nav_msgs__rosidl_typesupport_introspection_cpp.dir/rosidl_typesupport_introspection_cpp/nav_msgs/msg/detail/map_meta_data__type_support.cpp.o[0m
[108.240s] [ 28%] [32mBuilding CXX object CMakeFiles/nav_msgs__rosidl_typesupport_introspection_cpp.dir/rosidl_typesupport_introspection_cpp/nav_msgs/msg/detail/occupancy_grid__type_support.cpp.o[0m
[112.041s] [ 29%] [32mBuilding CXX object CMakeFiles/nav_msgs__rosidl_typesupport_introspection_cpp.dir/rosidl_typesupport_introspection_cpp/nav_msgs/msg/detail/odometry__type_support.cpp.o[0m
[115.127s] [ 30%] [32mBuilding CXX object CMakeFiles/nav_msgs__rosidl_typesupport_introspection_cpp.dir/rosidl_typesupport_introspection_cpp/nav_msgs/msg/detail/path__type_support.cpp.o[0m
[118.404s] [ 31%] [32mBuilding CXX object CMakeFiles/nav_msgs__rosidl_typesupport_introspection_cpp.dir/rosidl_typesupport_introspection_cpp/nav_msgs/srv/detail/get_map__type_support.cpp.o[0m
[121.343s] [ 32%] [32mBuilding CXX object CMakeFiles/nav_msgs__rosidl_typesupport_introspection_cpp.dir/rosidl_typesupport_introspection_cpp/nav_msgs/srv/detail/get_plan__type_support.cpp.o[0m
[124.501s] [ 33%] [32mBuilding CXX object CMakeFiles/nav_msgs__rosidl_typesupport_introspection_cpp.dir/rosidl_typesupport_introspection_cpp/nav_msgs/srv/detail/load_map__type_support.cpp.o[0m
[127.682s] [ 34%] [32mBuilding CXX object CMakeFiles/nav_msgs__rosidl_typesupport_introspection_cpp.dir/rosidl_typesupport_introspection_cpp/nav_msgs/srv/detail/set_map__type_support.cpp.o[0m
[130.666s] [ 35%] [32m[1mLinking CXX shared library libnav_msgs__rosidl_typesupport_introspection_cpp.so[0m
[131.367s] [ 35%] Built target nav_msgs__rosidl_typesupport_introspection_cpp
[131.505s] [ 36%] [34m[1mGenerating C type support for eProsima Fast-RTPS[0m
[141.163s] [ 37%] [32mBuilding CXX object CMakeFiles/nav_msgs__rosidl_typesupport_fastrtps_c.dir/rosidl_typesupport_fastrtps_c/nav_msgs/msg/detail/grid_cells__type_support_c.cpp.o[0m
[144.447s] [ 38%] [32mBuilding CXX object CMakeFiles/nav_msgs__rosidl_typesupport_fastrtps_c.dir/rosidl_typesupport_fastrtps_c/nav_msgs/msg/detail/map_meta_data__type_support_c.cpp.o[0m
[148.047s] [ 40%] [32mBuilding CXX object CMakeFiles/nav_msgs__rosidl_typesupport_fastrtps_c.dir/rosidl_typesupport_fastrtps_c/nav_msgs/msg/detail/occupancy_grid__type_support_c.cpp.o[0m
[151.475s] [ 41%] [32mBuilding CXX object CMakeFiles/nav_msgs__rosidl_typesupport_fastrtps_c.dir/rosidl_typesupport_fastrtps_c/nav_msgs/msg/detail/odometry__type_support_c.cpp.o[0m
[154.848s] [ 42%] [32mBuilding CXX object CMakeFiles/nav_msgs__rosidl_typesupport_fastrtps_c.dir/rosidl_typesupport_fastrtps_c/nav_msgs/msg/detail/path__type_support_c.cpp.o[0m
[157.782s] [ 43%] [32mBuilding CXX object CMakeFiles/nav_msgs__rosidl_typesupport_fastrtps_c.dir/rosidl_typesupport_fastrtps_c/nav_msgs/srv/detail/get_map__type_support_c.cpp.o[0m
[160.393s] [ 44%] [32mBuilding CXX object CMakeFiles/nav_msgs__rosidl_typesupport_fastrtps_c.dir/rosidl_typesupport_fastrtps_c/nav_msgs/srv/detail/get_plan__type_support_c.cpp.o[0m
[163.643s] [ 45%] [32mBuilding CXX object CMakeFiles/nav_msgs__rosidl_typesupport_fastrtps_c.dir/rosidl_typesupport_fastrtps_c/nav_msgs/srv/detail/load_map__type_support_c.cpp.o[0m
[167.198s] [ 46%] [32mBuilding CXX object CMakeFiles/nav_msgs__rosidl_typesupport_fastrtps_c.dir/rosidl_typesupport_fastrtps_c/nav_msgs/srv/detail/set_map__type_support_c.cpp.o[0m
[170.213s] [ 47%] [32m[1mLinking CXX shared library libnav_msgs__rosidl_typesupport_fastrtps_c.so[0m
[171.295s] [ 47%] Built target nav_msgs__rosidl_typesupport_fastrtps_c
[171.473s] [ 48%] [34m[1mGenerating C introspection for ROS interfaces[0m
[183.920s] [ 49%] [32mBuilding C object CMakeFiles/nav_msgs__rosidl_typesupport_introspection_c.dir/rosidl_typesupport_introspection_c/nav_msgs/msg/detail/grid_cells__type_support.c.o[0m
[184.469s] [ 50%] [32mBuilding C object CMakeFiles/nav_msgs__rosidl_typesupport_introspection_c.dir/rosidl_typesupport_introspection_c/nav_msgs/msg/detail/map_meta_data__type_support.c.o[0m
[184.931s] [ 51%] [32mBuilding C object CMakeFiles/nav_msgs__rosidl_typesupport_introspection_c.dir/rosidl_typesupport_introspection_c/nav_msgs/msg/detail/occupancy_grid__type_support.c.o[0m
[185.471s] [ 52%] [32mBuilding C object CMakeFiles/nav_msgs__rosidl_typesupport_introspection_c.dir/rosidl_typesupport_introspection_c/nav_msgs/msg/detail/odometry__type_support.c.o[0m
[186.116s] [ 53%] [32mBuilding C object CMakeFiles/nav_msgs__rosidl_typesupport_introspection_c.dir/rosidl_typesupport_introspection_c/nav_msgs/msg/detail/path__type_support.c.o[0m
[186.673s] [ 54%] [32mBuilding C object CMakeFiles/nav_msgs__rosidl_typesupport_introspection_c.dir/rosidl_typesupport_introspection_c/nav_msgs/srv/detail/get_map__type_support.c.o[0m
[187.200s] [ 55%] [32mBuilding C object CMakeFiles/nav_msgs__rosidl_typesupport_introspection_c.dir/rosidl_typesupport_introspection_c/nav_msgs/srv/detail/get_plan__type_support.c.o[0m
[188.227s] [ 56%] [32mBuilding C object CMakeFiles/nav_msgs__rosidl_typesupport_introspection_c.dir/rosidl_typesupport_introspection_c/nav_msgs/srv/detail/load_map__type_support.c.o[0m
[188.839s] [ 57%] [32mBuilding C object CMakeFiles/nav_msgs__rosidl_typesupport_introspection_c.dir/rosidl_typesupport_introspection_c/nav_msgs/srv/detail/set_map__type_support.c.o[0m
[189.423s] [ 58%] [32m[1mLinking C shared library libnav_msgs__rosidl_typesupport_introspection_c.so[0m
[189.818s] [ 58%] Built target nav_msgs__rosidl_typesupport_introspection_c
[189.939s] [ 60%] [34m[1mGenerating C type support dispatch for ROS interfaces[0m
[197.381s] [ 61%] [32mBuilding CXX object CMakeFiles/nav_msgs__rosidl_typesupport_c.dir/rosidl_typesupport_c/nav_msgs/msg/grid_cells__type_support.cpp.o[0m
[197.643s] [ 62%] [32mBuilding CXX object CMakeFiles/nav_msgs__rosidl_typesupport_c.dir/rosidl_typesupport_c/nav_msgs/msg/map_meta_data__type_support.cpp.o[0m
[197.948s] [ 63%] [32mBuilding CXX object CMakeFiles/nav_msgs__rosidl_typesupport_c.dir/rosidl_typesupport_c/nav_msgs/msg/occupancy_grid__type_support.cpp.o[0m
[198.326s] [ 64%] [32mBuilding CXX object CMakeFiles/nav_msgs__rosidl_typesupport_c.dir/rosidl_typesupport_c/nav_msgs/msg/odometry__type_support.cpp.o[0m
[198.604s] [ 65%] [32mBuilding CXX object CMakeFiles/nav_msgs__rosidl_typesupport_c.dir/rosidl_typesupport_c/nav_msgs/msg/path__type_support.cpp.o[0m
[198.872s] [ 66%] [32mBuilding CXX object CMakeFiles/nav_msgs__rosidl_typesupport_c.dir/rosidl_typesupport_c/nav_msgs/srv/get_map__type_support.cpp.o[0m
[199.270s] [ 67%] [32mBuilding CXX object CMakeFiles/nav_msgs__rosidl_typesupport_c.dir/rosidl_typesupport_c/nav_msgs/srv/get_plan__type_support.cpp.o[0m
[199.724s] [ 68%] [32mBuilding CXX object CMakeFiles/nav_msgs__rosidl_typesupport_c.dir/rosidl_typesupport_c/nav_msgs/srv/load_map__type_support.cpp.o[0m
[199.992s] [ 69%] [32mBuilding CXX object CMakeFiles/nav_msgs__rosidl_typesupport_c.dir/rosidl_typesupport_c/nav_msgs/srv/set_map__type_support.cpp.o[0m
[200.335s] [ 70%] [32m[1mLinking CXX shared library libnav_msgs__rosidl_typesupport_c.so[0m
[200.898s] [ 70%] Built target nav_msgs__rosidl_typesupport_c
[201.016s] [ 71%] [34m[1mGenerating C++ type support dispatch for ROS interfaces[0m
[207.265s] [ 72%] [32mBuilding CXX object CMakeFiles/nav_msgs__rosidl_typesupport_cpp.dir/rosidl_typesupport_cpp/nav_msgs/msg/grid_cells__type_support.cpp.o[0m
[209.475s] [ 73%] [32mBuilding CXX object CMakeFiles/nav_msgs__rosidl_typesupport_cpp.dir/rosidl_typesupport_cpp/nav_msgs/msg/occupancy_grid__type_support.cpp.o[0m
[211.826s] [ 74%] [32mBuilding CXX object CMakeFiles/nav_msgs__rosidl_typesupport_cpp.dir/rosidl_typesupport_cpp/nav_msgs/msg/odometry__type_support.cpp.o[0m
[214.124s] [ 75%] [32mBuilding CXX object CMakeFiles/nav_msgs__rosidl_typesupport_cpp.dir/rosidl_typesupport_cpp/nav_msgs/msg/path__type_support.cpp.o[0m
[216.416s] [ 76%] [32mBuilding CXX object CMakeFiles/nav_msgs__rosidl_typesupport_cpp.dir/rosidl_typesupport_cpp/nav_msgs/srv/get_map__type_support.cpp.o[0m
[218.610s] [ 77%] [32mBuilding CXX object CMakeFiles/nav_msgs__rosidl_typesupport_cpp.dir/rosidl_typesupport_cpp/nav_msgs/srv/get_plan__type_support.cpp.o[0m
[220.912s] [ 78%] [32mBuilding CXX object CMakeFiles/nav_msgs__rosidl_typesupport_cpp.dir/rosidl_typesupport_cpp/nav_msgs/srv/load_map__type_support.cpp.o[0m
[223.176s] [ 80%] [32mBuilding CXX object CMakeFiles/nav_msgs__rosidl_typesupport_cpp.dir/rosidl_typesupport_cpp/nav_msgs/srv/set_map__type_support.cpp.o[0m
[226.522s] [ 81%] [32mBuilding CXX object CMakeFiles/nav_msgs__rosidl_typesupport_cpp.dir/rosidl_typesupport_cpp/nav_msgs/msg/map_meta_data__type_support.cpp.o[0m
[228.906s] [ 82%] [32m[1mLinking CXX shared library libnav_msgs__rosidl_typesupport_cpp.so[0m
[229.191s] [ 82%] Built target nav_msgs__rosidl_typesupport_cpp
[229.389s] [ 82%] Built target ament_cmake_python_symlink_nav_msgs
[229.542s] [ 82%] Built target nav_msgs
[231.708s] running egg_info
[231.712s] creating nav_msgs.egg-info
[231.713s] writing nav_msgs.egg-info/PKG-INFO
[231.715s] writing dependency_links to nav_msgs.egg-info/dependency_links.txt
[231.716s] writing top-level names to nav_msgs.egg-info/top_level.txt
[231.717s] writing manifest file 'nav_msgs.egg-info/SOURCES.txt'
[231.729s] reading manifest file 'nav_msgs.egg-info/SOURCES.txt'
[231.733s] writing manifest file 'nav_msgs.egg-info/SOURCES.txt'
[231.947s] [ 82%] Built target ament_cmake_python_build_nav_msgs_egg
[232.126s] [ 83%] [34m[1mGenerating Python code for ROS interfaces[0m
[244.611s] [ 83%] Built target nav_msgs__py
[244.749s] [ 84%] [32mBuilding C object CMakeFiles/nav_msgs__rosidl_generator_py.dir/rosidl_generator_py/nav_msgs/msg/_grid_cells_s.c.o[0m
[245.375s] [ 85%] [32mBuilding C object CMakeFiles/nav_msgs__rosidl_generator_py.dir/rosidl_generator_py/nav_msgs/msg/_odometry_s.c.o[0m
[246.076s] [ 86%] [32mBuilding C object CMakeFiles/nav_msgs__rosidl_generator_py.dir/rosidl_generator_py/nav_msgs/msg/_path_s.c.o[0m
[246.813s] [ 87%] [32mBuilding C object CMakeFiles/nav_msgs__rosidl_generator_py.dir/rosidl_generator_py/nav_msgs/srv/_get_map_s.c.o[0m
[247.485s] [ 88%] [32mBuilding C object CMakeFiles/nav_msgs__rosidl_generator_py.dir/rosidl_generator_py/nav_msgs/srv/_get_plan_s.c.o[0m
[248.287s] [ 89%] [32mBuilding C object CMakeFiles/nav_msgs__rosidl_generator_py.dir/rosidl_generator_py/nav_msgs/srv/_load_map_s.c.o[0m
[249.012s] [ 90%] [32mBuilding C object CMakeFiles/nav_msgs__rosidl_generator_py.dir/rosidl_generator_py/nav_msgs/srv/_set_map_s.c.o[0m
[249.717s] [ 91%] [32mBuilding C object CMakeFiles/nav_msgs__rosidl_generator_py.dir/rosidl_generator_py/nav_msgs/msg/_occupancy_grid_s.c.o[0m
[250.374s] [ 92%] [32mBuilding C object CMakeFiles/nav_msgs__rosidl_generator_py.dir/rosidl_generator_py/nav_msgs/msg/_map_meta_data_s.c.o[0m
[250.977s] [ 93%] [32m[1mLinking C shared library rosidl_generator_py/nav_msgs/libnav_msgs__rosidl_generator_py.so[0m
[251.358s] [ 93%] Built target nav_msgs__rosidl_generator_py
[251.949s] [ 94%] [32mBuilding C object CMakeFiles/nav_msgs__rosidl_typesupport_fastrtps_c__pyext.dir/rosidl_generator_py/nav_msgs/_nav_msgs_s.ep.rosidl_typesupport_fastrtps_c.c.o[0m
[252.923s] [ 95%] [32m[1mLinking C shared library rosidl_generator_py/nav_msgs/nav_msgs_s__rosidl_typesupport_fastrtps_c.cpython-310-aarch64-linux-gnu.so[0m
[253.200s] [ 95%] Built target nav_msgs__rosidl_typesupport_fastrtps_c__pyext
[253.335s] [ 96%] [32mBuilding C object CMakeFiles/nav_msgs__rosidl_typesupport_c__pyext.dir/rosidl_generator_py/nav_msgs/_nav_msgs_s.ep.rosidl_typesupport_c.c.o[0m
[254.264s] [ 97%] [32m[1mLinking C shared library rosidl_generator_py/nav_msgs/nav_msgs_s__rosidl_typesupport_c.cpython-310-aarch64-linux-gnu.so[0m
[254.576s] [ 97%] Built target nav_msgs__rosidl_typesupport_c__pyext
[254.747s] [ 98%] [32mBuilding C object CMakeFiles/nav_msgs__rosidl_typesupport_introspection_c__pyext.dir/rosidl_generator_py/nav_msgs/_nav_msgs_s.ep.rosidl_typesupport_introspection_c.c.o[0m
[255.607s] [100%] [32m[1mLinking C shared library rosidl_generator_py/nav_msgs/nav_msgs_s__rosidl_typesupport_introspection_c.cpython-310-aarch64-linux-gnu.so[0m
[255.939s] [100%] Built target nav_msgs__rosidl_typesupport_introspection_c__pyext
[256.032s] Invoked command in '/home/teng/ros2_ws/build/nav_msgs' returned '0': CMAKE_PREFIX_PATH=/home/teng/ros2_ws/install/geometry_msgs:/home/teng/ros2_ws/install/std_msgs:/home/teng/ros2_ws/install/common_interfaces:/home/teng/ros2_ws/install/visualization_msgs:/home/teng/ros2_ws/install/trajectory_msgs:/home/teng/ros2_ws/install/stereo_msgs:/home/teng/ros2_ws/install/std_srvs:/home/teng/ros2_ws/install/shape_msgs:/home/teng/ros2_ws/install/sensor_msgs:/home/teng/ros2_ws/install/nav_msgs:/home/teng/ros2_ws/install/diagnostic_msgs:/home/teng/ros2_ws/install/actionlib_msgs:/home/teng/ros2_ws/install/exp_1_bringup:/home/teng/ros2_ws/install/simple_interfaces:/home/teng/ros2_ws/install/sensor_msgs_py:/home/teng/ros2_ws/install/experiment1:/opt/ros/humble LD_LIBRARY_PATH=/home/teng/ros2_ws/install/geometry_msgs/lib:/home/teng/ros2_ws/install/std_msgs/lib:/home/teng/ros2_ws/install/visualization_msgs/lib:/home/teng/ros2_ws/install/trajectory_msgs/lib:/home/teng/ros2_ws/install/stereo_msgs/lib:/home/teng/ros2_ws/install/std_srvs/lib:/home/teng/ros2_ws/install/shape_msgs/lib:/home/teng/ros2_ws/install/sensor_msgs/lib:/home/teng/ros2_ws/install/nav_msgs/lib:/home/teng/ros2_ws/install/diagnostic_msgs/lib:/home/teng/ros2_ws/install/actionlib_msgs/lib:/home/teng/ros2_ws/install/simple_interfaces/lib:/opt/ros/humble/lib/aarch64-linux-gnu:/opt/ros/humble/lib /usr/bin/cmake --build /home/teng/ros2_ws/build/nav_msgs -- -j4 -l4
[258.410s] Invoking command in '/home/teng/ros2_ws/build/nav_msgs': CMAKE_PREFIX_PATH=/home/teng/ros2_ws/install/geometry_msgs:/home/teng/ros2_ws/install/std_msgs:/home/teng/ros2_ws/install/common_interfaces:/home/teng/ros2_ws/install/visualization_msgs:/home/teng/ros2_ws/install/trajectory_msgs:/home/teng/ros2_ws/install/stereo_msgs:/home/teng/ros2_ws/install/std_srvs:/home/teng/ros2_ws/install/shape_msgs:/home/teng/ros2_ws/install/sensor_msgs:/home/teng/ros2_ws/install/nav_msgs:/home/teng/ros2_ws/install/diagnostic_msgs:/home/teng/ros2_ws/install/actionlib_msgs:/home/teng/ros2_ws/install/exp_1_bringup:/home/teng/ros2_ws/install/simple_interfaces:/home/teng/ros2_ws/install/sensor_msgs_py:/home/teng/ros2_ws/install/experiment1:/opt/ros/humble LD_LIBRARY_PATH=/home/teng/ros2_ws/install/geometry_msgs/lib:/home/teng/ros2_ws/install/std_msgs/lib:/home/teng/ros2_ws/install/visualization_msgs/lib:/home/teng/ros2_ws/install/trajectory_msgs/lib:/home/teng/ros2_ws/install/stereo_msgs/lib:/home/teng/ros2_ws/install/std_srvs/lib:/home/teng/ros2_ws/install/shape_msgs/lib:/home/teng/ros2_ws/install/sensor_msgs/lib:/home/teng/ros2_ws/install/nav_msgs/lib:/home/teng/ros2_ws/install/diagnostic_msgs/lib:/home/teng/ros2_ws/install/actionlib_msgs/lib:/home/teng/ros2_ws/install/simple_interfaces/lib:/opt/ros/humble/lib/aarch64-linux-gnu:/opt/ros/humble/lib /usr/bin/cmake --install /home/teng/ros2_ws/build/nav_msgs
[258.455s] -- Install configuration: ""
[258.459s] -- Execute custom install script
[258.465s] -- Symlinking: /home/teng/ros2_ws/install/nav_msgs/share/ament_index/resource_index/rosidl_interfaces/nav_msgs
[258.543s] -- Symlinking: /home/teng/ros2_ws/install/nav_msgs/include/nav_msgs/nav_msgs/msg/detail/grid_cells__functions.h
[258.595s] -- Symlinking: /home/teng/ros2_ws/install/nav_msgs/include/nav_msgs/nav_msgs/msg/detail/grid_cells__struct.h
[258.659s] -- Symlinking: /home/teng/ros2_ws/install/nav_msgs/include/nav_msgs/nav_msgs/msg/detail/grid_cells__type_support.h
[258.720s] -- Symlinking: /home/teng/ros2_ws/install/nav_msgs/include/nav_msgs/nav_msgs/msg/detail/map_meta_data__functions.h
[258.786s] -- Symlinking: /home/teng/ros2_ws/install/nav_msgs/include/nav_msgs/nav_msgs/msg/detail/map_meta_data__struct.h
[258.882s] -- Symlinking: /home/teng/ros2_ws/install/nav_msgs/include/nav_msgs/nav_msgs/msg/detail/map_meta_data__type_support.h
[258.968s] -- Symlinking: /home/teng/ros2_ws/install/nav_msgs/include/nav_msgs/nav_msgs/msg/detail/occupancy_grid__functions.h
[259.057s] -- Symlinking: /home/teng/ros2_ws/install/nav_msgs/include/nav_msgs/nav_msgs/msg/detail/occupancy_grid__struct.h
[259.174s] -- Symlinking: /home/teng/ros2_ws/install/nav_msgs/include/nav_msgs/nav_msgs/msg/detail/occupancy_grid__type_support.h
[259.292s] -- Symlinking: /home/teng/ros2_ws/install/nav_msgs/include/nav_msgs/nav_msgs/msg/detail/odometry__functions.h
[259.374s] -- Symlinking: /home/teng/ros2_ws/install/nav_msgs/include/nav_msgs/nav_msgs/msg/detail/odometry__struct.h
[259.446s] -- Symlinking: /home/teng/ros2_ws/install/nav_msgs/include/nav_msgs/nav_msgs/msg/detail/odometry__type_support.h
[259.521s] -- Symlinking: /home/teng/ros2_ws/install/nav_msgs/include/nav_msgs/nav_msgs/msg/detail/path__functions.h
[259.593s] -- Symlinking: /home/teng/ros2_ws/install/nav_msgs/include/nav_msgs/nav_msgs/msg/detail/path__struct.h
[259.673s] -- Symlinking: /home/teng/ros2_ws/install/nav_msgs/include/nav_msgs/nav_msgs/msg/detail/path__type_support.h
[259.741s] -- Symlinking: /home/teng/ros2_ws/install/nav_msgs/include/nav_msgs/nav_msgs/msg/grid_cells.h
[259.809s] -- Symlinking: /home/teng/ros2_ws/install/nav_msgs/include/nav_msgs/nav_msgs/msg/map_meta_data.h
[259.877s] -- Symlinking: /home/teng/ros2_ws/install/nav_msgs/include/nav_msgs/nav_msgs/msg/occupancy_grid.h
[259.955s] -- Symlinking: /home/teng/ros2_ws/install/nav_msgs/include/nav_msgs/nav_msgs/msg/odometry.h
[260.023s] -- Symlinking: /home/teng/ros2_ws/install/nav_msgs/include/nav_msgs/nav_msgs/msg/path.h
[260.107s] -- Symlinking: /home/teng/ros2_ws/install/nav_msgs/include/nav_msgs/nav_msgs/msg/rosidl_generator_c__visibility_control.h
[260.195s] -- Symlinking: /home/teng/ros2_ws/install/nav_msgs/include/nav_msgs/nav_msgs/srv/detail/get_map__functions.h
[260.281s] -- Symlinking: /home/teng/ros2_ws/install/nav_msgs/include/nav_msgs/nav_msgs/srv/detail/get_map__struct.h
[260.377s] -- Symlinking: /home/teng/ros2_ws/install/nav_msgs/include/nav_msgs/nav_msgs/srv/detail/get_map__type_support.h
[260.450s] -- Symlinking: /home/teng/ros2_ws/install/nav_msgs/include/nav_msgs/nav_msgs/srv/detail/get_plan__functions.h
[260.533s] -- Symlinking: /home/teng/ros2_ws/install/nav_msgs/include/nav_msgs/nav_msgs/srv/detail/get_plan__struct.h
[260.638s] -- Symlinking: /home/teng/ros2_ws/install/nav_msgs/include/nav_msgs/nav_msgs/srv/detail/get_plan__type_support.h
[260.715s] -- Symlinking: /home/teng/ros2_ws/install/nav_msgs/include/nav_msgs/nav_msgs/srv/detail/load_map__functions.h
[260.796s] -- Symlinking: /home/teng/ros2_ws/install/nav_msgs/include/nav_msgs/nav_msgs/srv/detail/load_map__struct.h
[260.874s] -- Symlinking: /home/teng/ros2_ws/install/nav_msgs/include/nav_msgs/nav_msgs/srv/detail/load_map__type_support.h
[260.969s] -- Symlinking: /home/teng/ros2_ws/install/nav_msgs/include/nav_msgs/nav_msgs/srv/detail/set_map__functions.h
[261.049s] -- Symlinking: /home/teng/ros2_ws/install/nav_msgs/include/nav_msgs/nav_msgs/srv/detail/set_map__struct.h
[261.120s] -- Symlinking: /home/teng/ros2_ws/install/nav_msgs/include/nav_msgs/nav_msgs/srv/detail/set_map__type_support.h
[261.193s] -- Symlinking: /home/teng/ros2_ws/install/nav_msgs/include/nav_msgs/nav_msgs/srv/get_map.h
[261.260s] -- Symlinking: /home/teng/ros2_ws/install/nav_msgs/include/nav_msgs/nav_msgs/srv/get_plan.h
[261.330s] -- Symlinking: /home/teng/ros2_ws/install/nav_msgs/include/nav_msgs/nav_msgs/srv/load_map.h
[261.448s] -- Symlinking: /home/teng/ros2_ws/install/nav_msgs/include/nav_msgs/nav_msgs/srv/set_map.h
[261.571s] -- Symlinking: /home/teng/ros2_ws/install/nav_msgs/share/nav_msgs/environment/library_path.sh
[261.669s] -- Symlinking: /home/teng/ros2_ws/install/nav_msgs/share/nav_msgs/environment/library_path.dsv
[261.761s] -- Symlinking: /home/teng/ros2_ws/install/nav_msgs/include/nav_msgs/nav_msgs/msg/detail/grid_cells__rosidl_typesupport_fastrtps_c.h
[261.840s] -- Symlinking: /home/teng/ros2_ws/install/nav_msgs/include/nav_msgs/nav_msgs/msg/detail/map_meta_data__rosidl_typesupport_fastrtps_c.h
[261.915s] -- Symlinking: /home/teng/ros2_ws/install/nav_msgs/include/nav_msgs/nav_msgs/msg/detail/occupancy_grid__rosidl_typesupport_fastrtps_c.h
[262.994s] -- Symlinking: /home/teng/ros2_ws/install/nav_msgs/include/nav_msgs/nav_msgs/msg/detail/odometry__rosidl_typesupport_fastrtps_c.h
[263.072s] -- Symlinking: /home/teng/ros2_ws/install/nav_msgs/include/nav_msgs/nav_msgs/msg/detail/path__rosidl_typesupport_fastrtps_c.h
[263.145s] -- Symlinking: /home/teng/ros2_ws/install/nav_msgs/include/nav_msgs/nav_msgs/msg/rosidl_typesupport_fastrtps_c__visibility_control.h
[263.203s] -- Symlinking: /home/teng/ros2_ws/install/nav_msgs/include/nav_msgs/nav_msgs/srv/detail/get_map__rosidl_typesupport_fastrtps_c.h
[263.263s] -- Symlinking: /home/teng/ros2_ws/install/nav_msgs/include/nav_msgs/nav_msgs/srv/detail/get_plan__rosidl_typesupport_fastrtps_c.h
[263.320s] -- Symlinking: /home/teng/ros2_ws/install/nav_msgs/include/nav_msgs/nav_msgs/srv/detail/load_map__rosidl_typesupport_fastrtps_c.h
[263.371s] -- Symlinking: /home/teng/ros2_ws/install/nav_msgs/include/nav_msgs/nav_msgs/srv/detail/set_map__rosidl_typesupport_fastrtps_c.h
[263.435s] -- Symlinking: /home/teng/ros2_ws/install/nav_msgs/include/nav_msgs/nav_msgs/msg/detail/grid_cells__builder.hpp
[263.490s] -- Symlinking: /home/teng/ros2_ws/install/nav_msgs/include/nav_msgs/nav_msgs/msg/detail/grid_cells__struct.hpp
[263.554s] -- Symlinking: /home/teng/ros2_ws/install/nav_msgs/include/nav_msgs/nav_msgs/msg/detail/grid_cells__traits.hpp
[263.620s] -- Symlinking: /home/teng/ros2_ws/install/nav_msgs/include/nav_msgs/nav_msgs/msg/detail/map_meta_data__builder.hpp
[263.682s] -- Symlinking: /home/teng/ros2_ws/install/nav_msgs/include/nav_msgs/nav_msgs/msg/detail/map_meta_data__struct.hpp
[263.789s] -- Symlinking: /home/teng/ros2_ws/install/nav_msgs/include/nav_msgs/nav_msgs/msg/detail/map_meta_data__traits.hpp
[263.941s] -- Symlinking: /home/teng/ros2_ws/install/nav_msgs/include/nav_msgs/nav_msgs/msg/detail/occupancy_grid__builder.hpp
[264.031s] -- Symlinking: /home/teng/ros2_ws/install/nav_msgs/include/nav_msgs/nav_msgs/msg/detail/occupancy_grid__struct.hpp
[264.091s] -- Symlinking: /home/teng/ros2_ws/install/nav_msgs/include/nav_msgs/nav_msgs/msg/detail/occupancy_grid__traits.hpp
[264.155s] -- Symlinking: /home/teng/ros2_ws/install/nav_msgs/include/nav_msgs/nav_msgs/msg/detail/odometry__builder.hpp
[264.231s] -- Symlinking: /home/teng/ros2_ws/install/nav_msgs/include/nav_msgs/nav_msgs/msg/detail/odometry__struct.hpp
[264.294s] -- Symlinking: /home/teng/ros2_ws/install/nav_msgs/include/nav_msgs/nav_msgs/msg/detail/odometry__traits.hpp
[264.359s] -- Symlinking: /home/teng/ros2_ws/install/nav_msgs/include/nav_msgs/nav_msgs/msg/detail/path__builder.hpp
[264.421s] -- Symlinking: /home/teng/ros2_ws/install/nav_msgs/include/nav_msgs/nav_msgs/msg/detail/path__struct.hpp
[264.485s] -- Symlinking: /home/teng/ros2_ws/install/nav_msgs/include/nav_msgs/nav_msgs/msg/detail/path__traits.hpp
[264.544s] -- Symlinking: /home/teng/ros2_ws/install/nav_msgs/include/nav_msgs/nav_msgs/msg/grid_cells.hpp
[264.599s] -- Symlinking: /home/teng/ros2_ws/install/nav_msgs/include/nav_msgs/nav_msgs/msg/map_meta_data.hpp
[264.665s] -- Symlinking: /home/teng/ros2_ws/install/nav_msgs/include/nav_msgs/nav_msgs/msg/occupancy_grid.hpp
[264.722s] -- Symlinking: /home/teng/ros2_ws/install/nav_msgs/include/nav_msgs/nav_msgs/msg/odometry.hpp
[264.777s] -- Symlinking: /home/teng/ros2_ws/install/nav_msgs/include/nav_msgs/nav_msgs/msg/path.hpp
[264.837s] -- Symlinking: /home/teng/ros2_ws/install/nav_msgs/include/nav_msgs/nav_msgs/srv/detail/get_map__builder.hpp
[264.900s] -- Symlinking: /home/teng/ros2_ws/install/nav_msgs/include/nav_msgs/nav_msgs/srv/detail/get_map__struct.hpp
[264.965s] -- Symlinking: /home/teng/ros2_ws/install/nav_msgs/include/nav_msgs/nav_msgs/srv/detail/get_map__traits.hpp
[265.041s] -- Symlinking: /home/teng/ros2_ws/install/nav_msgs/include/nav_msgs/nav_msgs/srv/detail/get_plan__builder.hpp
[265.131s] -- Symlinking: /home/teng/ros2_ws/install/nav_msgs/include/nav_msgs/nav_msgs/srv/detail/get_plan__struct.hpp
[265.205s] -- Symlinking: /home/teng/ros2_ws/install/nav_msgs/include/nav_msgs/nav_msgs/srv/detail/get_plan__traits.hpp
[265.283s] -- Symlinking: /home/teng/ros2_ws/install/nav_msgs/include/nav_msgs/nav_msgs/srv/detail/load_map__builder.hpp
[265.370s] -- Symlinking: /home/teng/ros2_ws/install/nav_msgs/include/nav_msgs/nav_msgs/srv/detail/load_map__struct.hpp
[265.445s] -- Symlinking: /home/teng/ros2_ws/install/nav_msgs/include/nav_msgs/nav_msgs/srv/detail/load_map__traits.hpp
[265.523s] -- Symlinking: /home/teng/ros2_ws/install/nav_msgs/include/nav_msgs/nav_msgs/srv/detail/set_map__builder.hpp
[265.615s] -- Symlinking: /home/teng/ros2_ws/install/nav_msgs/include/nav_msgs/nav_msgs/srv/detail/set_map__struct.hpp
[265.687s] -- Symlinking: /home/teng/ros2_ws/install/nav_msgs/include/nav_msgs/nav_msgs/srv/detail/set_map__traits.hpp
[265.780s] -- Symlinking: /home/teng/ros2_ws/install/nav_msgs/include/nav_msgs/nav_msgs/srv/get_map.hpp
[265.852s] -- Symlinking: /home/teng/ros2_ws/install/nav_msgs/include/nav_msgs/nav_msgs/srv/get_plan.hpp
[265.913s] -- Symlinking: /home/teng/ros2_ws/install/nav_msgs/include/nav_msgs/nav_msgs/srv/load_map.hpp
[266.023s] -- Symlinking: /home/teng/ros2_ws/install/nav_msgs/include/nav_msgs/nav_msgs/srv/set_map.hpp
[266.103s] -- Symlinking: /home/teng/ros2_ws/install/nav_msgs/include/nav_msgs/nav_msgs/msg/detail/grid_cells__rosidl_typesupport_fastrtps_cpp.hpp
[266.216s] -- Symlinking: /home/teng/ros2_ws/install/nav_msgs/include/nav_msgs/nav_msgs/msg/detail/map_meta_data__rosidl_typesupport_fastrtps_cpp.hpp
[266.295s] -- Symlinking: /home/teng/ros2_ws/install/nav_msgs/include/nav_msgs/nav_msgs/msg/detail/occupancy_grid__rosidl_typesupport_fastrtps_cpp.hpp
[266.384s] -- Symlinking: /home/teng/ros2_ws/install/nav_msgs/include/nav_msgs/nav_msgs/msg/detail/odometry__rosidl_typesupport_fastrtps_cpp.hpp
[266.540s] -- Symlinking: /home/teng/ros2_ws/install/nav_msgs/include/nav_msgs/nav_msgs/msg/detail/path__rosidl_typesupport_fastrtps_cpp.hpp
[266.623s] -- Symlinking: /home/teng/ros2_ws/install/nav_msgs/include/nav_msgs/nav_msgs/msg/rosidl_typesupport_fastrtps_cpp__visibility_control.h
[266.699s] -- Symlinking: /home/teng/ros2_ws/install/nav_msgs/include/nav_msgs/nav_msgs/srv/detail/get_map__rosidl_typesupport_fastrtps_cpp.hpp
[266.760s] -- Symlinking: /home/teng/ros2_ws/install/nav_msgs/include/nav_msgs/nav_msgs/srv/detail/get_plan__rosidl_typesupport_fastrtps_cpp.hpp
[266.878s] -- Symlinking: /home/teng/ros2_ws/install/nav_msgs/include/nav_msgs/nav_msgs/srv/detail/load_map__rosidl_typesupport_fastrtps_cpp.hpp
[267.006s] -- Symlinking: /home/teng/ros2_ws/install/nav_msgs/include/nav_msgs/nav_msgs/srv/detail/set_map__rosidl_typesupport_fastrtps_cpp.hpp
[267.077s] -- Symlinking: /home/teng/ros2_ws/install/nav_msgs/include/nav_msgs/nav_msgs/msg/detail/grid_cells__rosidl_typesupport_introspection_c.h
[267.137s] -- Symlinking: /home/teng/ros2_ws/install/nav_msgs/include/nav_msgs/nav_msgs/msg/detail/map_meta_data__rosidl_typesupport_introspection_c.h
[267.196s] -- Symlinking: /home/teng/ros2_ws/install/nav_msgs/include/nav_msgs/nav_msgs/msg/detail/occupancy_grid__rosidl_typesupport_introspection_c.h
[267.253s] -- Symlinking: /home/teng/ros2_ws/install/nav_msgs/include/nav_msgs/nav_msgs/msg/detail/odometry__rosidl_typesupport_introspection_c.h
[267.314s] -- Symlinking: /home/teng/ros2_ws/install/nav_msgs/include/nav_msgs/nav_msgs/msg/detail/path__rosidl_typesupport_introspection_c.h
[267.371s] -- Symlinking: /home/teng/ros2_ws/install/nav_msgs/include/nav_msgs/nav_msgs/msg/rosidl_typesupport_introspection_c__visibility_control.h
[267.434s] -- Symlinking: /home/teng/ros2_ws/install/nav_msgs/include/nav_msgs/nav_msgs/srv/detail/get_map__rosidl_typesupport_introspection_c.h
[267.501s] -- Symlinking: /home/teng/ros2_ws/install/nav_msgs/include/nav_msgs/nav_msgs/srv/detail/get_plan__rosidl_typesupport_introspection_c.h
[267.566s] -- Symlinking: /home/teng/ros2_ws/install/nav_msgs/include/nav_msgs/nav_msgs/srv/detail/load_map__rosidl_typesupport_introspection_c.h
[267.632s] -- Symlinking: /home/teng/ros2_ws/install/nav_msgs/include/nav_msgs/nav_msgs/srv/detail/set_map__rosidl_typesupport_introspection_c.h
[267.730s] -- Symlinking: /home/teng/ros2_ws/install/nav_msgs/include/nav_msgs/nav_msgs/msg/detail/grid_cells__rosidl_typesupport_introspection_cpp.hpp
[267.842s] -- Symlinking: /home/teng/ros2_ws/install/nav_msgs/include/nav_msgs/nav_msgs/msg/detail/map_meta_data__rosidl_typesupport_introspection_cpp.hpp
[267.905s] -- Symlinking: /home/teng/ros2_ws/install/nav_msgs/include/nav_msgs/nav_msgs/msg/detail/occupancy_grid__rosidl_typesupport_introspection_cpp.hpp
[267.963s] -- Symlinking: /home/teng/ros2_ws/install/nav_msgs/include/nav_msgs/nav_msgs/msg/detail/odometry__rosidl_typesupport_introspection_cpp.hpp
[268.022s] -- Symlinking: /home/teng/ros2_ws/install/nav_msgs/include/nav_msgs/nav_msgs/msg/detail/path__rosidl_typesupport_introspection_cpp.hpp
[268.079s] -- Symlinking: /home/teng/ros2_ws/install/nav_msgs/include/nav_msgs/nav_msgs/srv/detail/get_map__rosidl_typesupport_introspection_cpp.hpp
[268.129s] -- Symlinking: /home/teng/ros2_ws/install/nav_msgs/include/nav_msgs/nav_msgs/srv/detail/get_plan__rosidl_typesupport_introspection_cpp.hpp
[268.177s] -- Symlinking: /home/teng/ros2_ws/install/nav_msgs/include/nav_msgs/nav_msgs/srv/detail/load_map__rosidl_typesupport_introspection_cpp.hpp
[268.233s] -- Symlinking: /home/teng/ros2_ws/install/nav_msgs/include/nav_msgs/nav_msgs/srv/detail/set_map__rosidl_typesupport_introspection_cpp.hpp
[268.289s] -- Symlinking: /home/teng/ros2_ws/install/nav_msgs/share/nav_msgs/environment/pythonpath.sh
[268.344s] -- Symlinking: /home/teng/ros2_ws/install/nav_msgs/share/nav_msgs/environment/pythonpath.dsv
[268.405s] -- Symlinking: /home/teng/ros2_ws/install/nav_msgs/local/lib/python3.10/dist-packages/nav_msgs-5.2.0-py3.10.egg-info/PKG-INFO
[268.457s] -- Symlinking: /home/teng/ros2_ws/install/nav_msgs/local/lib/python3.10/dist-packages/nav_msgs-5.2.0-py3.10.egg-info/SOURCES.txt
[268.519s] -- Symlinking: /home/teng/ros2_ws/install/nav_msgs/local/lib/python3.10/dist-packages/nav_msgs-5.2.0-py3.10.egg-info/dependency_links.txt
[268.578s] -- Symlinking: /home/teng/ros2_ws/install/nav_msgs/local/lib/python3.10/dist-packages/nav_msgs-5.2.0-py3.10.egg-info/top_level.txt
[268.655s] -- Symlinking: /home/teng/ros2_ws/install/nav_msgs/local/lib/python3.10/dist-packages/nav_msgs/__init__.py
[268.719s] -- Symlinking: /home/teng/ros2_ws/install/nav_msgs/local/lib/python3.10/dist-packages/nav_msgs/_nav_msgs_s.ep.rosidl_typesupport_c.c
[268.777s] -- Symlinking: /home/teng/ros2_ws/install/nav_msgs/local/lib/python3.10/dist-packages/nav_msgs/_nav_msgs_s.ep.rosidl_typesupport_fastrtps_c.c
[268.847s] -- Symlinking: /home/teng/ros2_ws/install/nav_msgs/local/lib/python3.10/dist-packages/nav_msgs/_nav_msgs_s.ep.rosidl_typesupport_introspection_c.c
[268.919s] -- Symlinking: /home/teng/ros2_ws/install/nav_msgs/local/lib/python3.10/dist-packages/nav_msgs/libnav_msgs__rosidl_generator_py.so
[268.980s] -- Symlinking: /home/teng/ros2_ws/install/nav_msgs/local/lib/python3.10/dist-packages/nav_msgs/msg/__init__.py
[269.049s] -- Symlinking: /home/teng/ros2_ws/install/nav_msgs/local/lib/python3.10/dist-packages/nav_msgs/msg/_grid_cells.py
[269.114s] -- Symlinking: /home/teng/ros2_ws/install/nav_msgs/local/lib/python3.10/dist-packages/nav_msgs/msg/_grid_cells_s.c
[269.176s] -- Symlinking: /home/teng/ros2_ws/install/nav_msgs/local/lib/python3.10/dist-packages/nav_msgs/msg/_map_meta_data.py
[269.242s] -- Symlinking: /home/teng/ros2_ws/install/nav_msgs/local/lib/python3.10/dist-packages/nav_msgs/msg/_map_meta_data_s.c
[269.314s] -- Symlinking: /home/teng/ros2_ws/install/nav_msgs/local/lib/python3.10/dist-packages/nav_msgs/msg/_occupancy_grid.py
[269.374s] -- Symlinking: /home/teng/ros2_ws/install/nav_msgs/local/lib/python3.10/dist-packages/nav_msgs/msg/_occupancy_grid_s.c
[269.443s] -- Symlinking: /home/teng/ros2_ws/install/nav_msgs/local/lib/python3.10/dist-packages/nav_msgs/msg/_odometry.py
[269.597s] -- Symlinking: /home/teng/ros2_ws/install/nav_msgs/local/lib/python3.10/dist-packages/nav_msgs/msg/_odometry_s.c
[269.753s] -- Symlinking: /home/teng/ros2_ws/install/nav_msgs/local/lib/python3.10/dist-packages/nav_msgs/msg/_path.py
[269.868s] -- Symlinking: /home/teng/ros2_ws/install/nav_msgs/local/lib/python3.10/dist-packages/nav_msgs/msg/_path_s.c
[269.964s] -- Symlinking: /home/teng/ros2_ws/install/nav_msgs/local/lib/python3.10/dist-packages/nav_msgs/nav_msgs_s__rosidl_typesupport_c.cpython-310-aarch64-linux-gnu.so
[270.057s] -- Symlinking: /home/teng/ros2_ws/install/nav_msgs/local/lib/python3.10/dist-packages/nav_msgs/nav_msgs_s__rosidl_typesupport_fastrtps_c.cpython-310-aarch64-linux-gnu.so
[270.123s] -- Symlinking: /home/teng/ros2_ws/install/nav_msgs/local/lib/python3.10/dist-packages/nav_msgs/nav_msgs_s__rosidl_typesupport_introspection_c.cpython-310-aarch64-linux-gnu.so
[270.196s] -- Symlinking: /home/teng/ros2_ws/install/nav_msgs/local/lib/python3.10/dist-packages/nav_msgs/srv/__init__.py
[270.282s] -- Symlinking: /home/teng/ros2_ws/install/nav_msgs/local/lib/python3.10/dist-packages/nav_msgs/srv/_get_map.py
[270.377s] -- Symlinking: /home/teng/ros2_ws/install/nav_msgs/local/lib/python3.10/dist-packages/nav_msgs/srv/_get_map_s.c
[270.516s] -- Symlinking: /home/teng/ros2_ws/install/nav_msgs/local/lib/python3.10/dist-packages/nav_msgs/srv/_get_plan.py
[270.608s] -- Symlinking: /home/teng/ros2_ws/install/nav_msgs/local/lib/python3.10/dist-packages/nav_msgs/srv/_get_plan_s.c
[270.675s] -- Symlinking: /home/teng/ros2_ws/install/nav_msgs/local/lib/python3.10/dist-packages/nav_msgs/srv/_load_map.py
[270.740s] -- Symlinking: /home/teng/ros2_ws/install/nav_msgs/local/lib/python3.10/dist-packages/nav_msgs/srv/_load_map_s.c
[270.857s] -- Symlinking: /home/teng/ros2_ws/install/nav_msgs/local/lib/python3.10/dist-packages/nav_msgs/srv/_set_map.py
[270.951s] -- Symlinking: /home/teng/ros2_ws/install/nav_msgs/local/lib/python3.10/dist-packages/nav_msgs/srv/_set_map_s.c
[271.047s] -- Up-to-date symlink: /home/teng/ros2_ws/install/nav_msgs/local/lib/python3.10/dist-packages/nav_msgs/nav_msgs_s__rosidl_typesupport_fastrtps_c.cpython-310-aarch64-linux-gnu.so
[271.051s] -- Up-to-date symlink: /home/teng/ros2_ws/install/nav_msgs/local/lib/python3.10/dist-packages/nav_msgs/nav_msgs_s__rosidl_typesupport_introspection_c.cpython-310-aarch64-linux-gnu.so
[271.056s] -- Up-to-date symlink: /home/teng/ros2_ws/install/nav_msgs/local/lib/python3.10/dist-packages/nav_msgs/nav_msgs_s__rosidl_typesupport_c.cpython-310-aarch64-linux-gnu.so
[271.061s] -- Symlinking: /home/teng/ros2_ws/install/nav_msgs/share/nav_msgs/msg/GridCells.idl
[271.138s] -- Symlinking: /home/teng/ros2_ws/install/nav_msgs/share/nav_msgs/msg/MapMetaData.idl
[271.186s] -- Symlinking: /home/teng/ros2_ws/install/nav_msgs/share/nav_msgs/msg/OccupancyGrid.idl
[271.277s] -- Symlinking: /home/teng/ros2_ws/install/nav_msgs/share/nav_msgs/msg/Odometry.idl
[271.386s] -- Symlinking: /home/teng/ros2_ws/install/nav_msgs/share/nav_msgs/msg/Path.idl
[271.518s] -- Symlinking: /home/teng/ros2_ws/install/nav_msgs/share/nav_msgs/srv/GetMap.idl
[271.603s] -- Symlinking: /home/teng/ros2_ws/install/nav_msgs/share/nav_msgs/srv/GetPlan.idl
[271.682s] -- Symlinking: /home/teng/ros2_ws/install/nav_msgs/share/nav_msgs/srv/LoadMap.idl
[271.763s] -- Symlinking: /home/teng/ros2_ws/install/nav_msgs/share/nav_msgs/srv/SetMap.idl
[271.877s] -- Symlinking: /home/teng/ros2_ws/install/nav_msgs/share/nav_msgs/msg/GridCells.msg
[272.030s] -- Symlinking: /home/teng/ros2_ws/install/nav_msgs/share/nav_msgs/msg/MapMetaData.msg
[272.149s] -- Symlinking: /home/teng/ros2_ws/install/nav_msgs/share/nav_msgs/msg/OccupancyGrid.msg
[272.266s] -- Symlinking: /home/teng/ros2_ws/install/nav_msgs/share/nav_msgs/msg/Odometry.msg
[272.385s] -- Symlinking: /home/teng/ros2_ws/install/nav_msgs/share/nav_msgs/msg/Path.msg
[272.506s] -- Symlinking: /home/teng/ros2_ws/install/nav_msgs/share/nav_msgs/srv/GetMap.srv
[272.641s] -- Symlinking: /home/teng/ros2_ws/install/nav_msgs/share/nav_msgs/srv/GetMap_Request.msg
[272.777s] -- Symlinking: /home/teng/ros2_ws/install/nav_msgs/share/nav_msgs/srv/GetMap_Response.msg
[272.931s] -- Symlinking: /home/teng/ros2_ws/install/nav_msgs/share/nav_msgs/srv/GetPlan.srv
[273.047s] -- Symlinking: /home/teng/ros2_ws/install/nav_msgs/share/nav_msgs/srv/GetPlan_Request.msg
[273.166s] -- Symlinking: /home/teng/ros2_ws/install/nav_msgs/share/nav_msgs/srv/GetPlan_Response.msg
[273.287s] -- Symlinking: /home/teng/ros2_ws/install/nav_msgs/share/nav_msgs/srv/LoadMap.srv
[273.397s] -- Symlinking: /home/teng/ros2_ws/install/nav_msgs/share/nav_msgs/srv/LoadMap_Request.msg
[273.505s] -- Symlinking: /home/teng/ros2_ws/install/nav_msgs/share/nav_msgs/srv/LoadMap_Response.msg
[273.631s] -- Symlinking: /home/teng/ros2_ws/install/nav_msgs/share/nav_msgs/srv/SetMap.srv
[273.709s] -- Symlinking: /home/teng/ros2_ws/install/nav_msgs/share/nav_msgs/srv/SetMap_Request.msg
[273.765s] -- Symlinking: /home/teng/ros2_ws/install/nav_msgs/share/nav_msgs/srv/SetMap_Response.msg
[273.864s] -- Symlinking: /home/teng/ros2_ws/install/nav_msgs/share/ament_index/resource_index/package_run_dependencies/nav_msgs
[273.984s] -- Symlinking: /home/teng/ros2_ws/install/nav_msgs/share/ament_index/resource_index/parent_prefix_path/nav_msgs
[274.109s] -- Symlinking: /home/teng/ros2_ws/install/nav_msgs/share/nav_msgs/environment/ament_prefix_path.sh
[274.188s] -- Symlinking: /home/teng/ros2_ws/install/nav_msgs/share/nav_msgs/environment/ament_prefix_path.dsv
[274.260s] -- Symlinking: /home/teng/ros2_ws/install/nav_msgs/share/nav_msgs/environment/path.sh
[274.330s] -- Symlinking: /home/teng/ros2_ws/install/nav_msgs/share/nav_msgs/environment/path.dsv
[274.418s] -- Symlinking: /home/teng/ros2_ws/install/nav_msgs/share/nav_msgs/local_setup.bash
[274.537s] -- Symlinking: /home/teng/ros2_ws/install/nav_msgs/share/nav_msgs/local_setup.sh
[274.651s] -- Symlinking: /home/teng/ros2_ws/install/nav_msgs/share/nav_msgs/local_setup.zsh
[274.759s] -- Symlinking: /home/teng/ros2_ws/install/nav_msgs/share/nav_msgs/local_setup.dsv
[274.847s] -- Symlinking: /home/teng/ros2_ws/install/nav_msgs/share/nav_msgs/package.dsv
[274.933s] -- Symlinking: /home/teng/ros2_ws/install/nav_msgs/share/ament_index/resource_index/packages/nav_msgs
[275.037s] -- Symlinking: /home/teng/ros2_ws/install/nav_msgs/share/nav_msgs/cmake/rosidl_cmake-extras.cmake
[275.172s] -- Symlinking: /home/teng/ros2_ws/install/nav_msgs/share/nav_msgs/cmake/ament_cmake_export_dependencies-extras.cmake
[275.284s] -- Symlinking: /home/teng/ros2_ws/install/nav_msgs/share/nav_msgs/cmake/ament_cmake_export_include_directories-extras.cmake
[275.394s] -- Symlinking: /home/teng/ros2_ws/install/nav_msgs/share/nav_msgs/cmake/ament_cmake_export_libraries-extras.cmake
[275.465s] -- Symlinking: /home/teng/ros2_ws/install/nav_msgs/share/nav_msgs/cmake/ament_cmake_export_targets-extras.cmake
[275.578s] -- Symlinking: /home/teng/ros2_ws/install/nav_msgs/share/nav_msgs/cmake/rosidl_cmake_export_typesupport_targets-extras.cmake
[275.633s] -- Symlinking: /home/teng/ros2_ws/install/nav_msgs/share/nav_msgs/cmake/rosidl_cmake_export_typesupport_libraries-extras.cmake
[275.690s] -- Symlinking: /home/teng/ros2_ws/install/nav_msgs/share/nav_msgs/cmake/nav_msgsConfig.cmake
[275.753s] -- Symlinking: /home/teng/ros2_ws/install/nav_msgs/share/nav_msgs/cmake/nav_msgsConfig-version.cmake
[275.834s] -- Symlinking: /home/teng/ros2_ws/install/nav_msgs/share/nav_msgs/package.xml
[275.896s] -- Installing: /home/teng/ros2_ws/install/nav_msgs/lib/libnav_msgs__rosidl_generator_c.so
[275.905s] -- Set runtime path of "/home/teng/ros2_ws/install/nav_msgs/lib/libnav_msgs__rosidl_generator_c.so" to ""
[275.908s] -- Installing: /home/teng/ros2_ws/install/nav_msgs/lib/libnav_msgs__rosidl_typesupport_fastrtps_c.so
[275.927s] -- Set runtime path of "/home/teng/ros2_ws/install/nav_msgs/lib/libnav_msgs__rosidl_typesupport_fastrtps_c.so" to ""
[275.929s] -- Installing: /home/teng/ros2_ws/install/nav_msgs/lib/libnav_msgs__rosidl_typesupport_fastrtps_cpp.so
[275.948s] -- Set runtime path of "/home/teng/ros2_ws/install/nav_msgs/lib/libnav_msgs__rosidl_typesupport_fastrtps_cpp.so" to ""
[275.950s] -- Installing: /home/teng/ros2_ws/install/nav_msgs/lib/libnav_msgs__rosidl_typesupport_introspection_c.so
[275.961s] -- Set runtime path of "/home/teng/ros2_ws/install/nav_msgs/lib/libnav_msgs__rosidl_typesupport_introspection_c.so" to ""
[275.965s] -- Installing: /home/teng/ros2_ws/install/nav_msgs/lib/libnav_msgs__rosidl_typesupport_c.so
[275.979s] -- Set runtime path of "/home/teng/ros2_ws/install/nav_msgs/lib/libnav_msgs__rosidl_typesupport_c.so" to ""
[275.983s] -- Installing: /home/teng/ros2_ws/install/nav_msgs/lib/libnav_msgs__rosidl_typesupport_introspection_cpp.so
[275.998s] -- Set runtime path of "/home/teng/ros2_ws/install/nav_msgs/lib/libnav_msgs__rosidl_typesupport_introspection_cpp.so" to ""
[276.001s] -- Installing: /home/teng/ros2_ws/install/nav_msgs/lib/libnav_msgs__rosidl_typesupport_cpp.so
[276.012s] -- Set runtime path of "/home/teng/ros2_ws/install/nav_msgs/lib/libnav_msgs__rosidl_typesupport_cpp.so" to ""
[276.523s] Listing '/home/teng/ros2_ws/install/nav_msgs/local/lib/python3.10/dist-packages/nav_msgs'...
[276.524s] Compiling '/home/teng/ros2_ws/install/nav_msgs/local/lib/python3.10/dist-packages/nav_msgs/__init__.py'...
[276.525s] Listing '/home/teng/ros2_ws/install/nav_msgs/local/lib/python3.10/dist-packages/nav_msgs/msg'...
[276.527s] Compiling '/home/teng/ros2_ws/install/nav_msgs/local/lib/python3.10/dist-packages/nav_msgs/msg/__init__.py'...
[276.528s] Compiling '/home/teng/ros2_ws/install/nav_msgs/local/lib/python3.10/dist-packages/nav_msgs/msg/_grid_cells.py'...
[276.529s] Compiling '/home/teng/ros2_ws/install/nav_msgs/local/lib/python3.10/dist-packages/nav_msgs/msg/_map_meta_data.py'...
[276.535s] Compiling '/home/teng/ros2_ws/install/nav_msgs/local/lib/python3.10/dist-packages/nav_msgs/msg/_occupancy_grid.py'...
[276.536s] Compiling '/home/teng/ros2_ws/install/nav_msgs/local/lib/python3.10/dist-packages/nav_msgs/msg/_odometry.py'...
[276.538s] Compiling '/home/teng/ros2_ws/install/nav_msgs/local/lib/python3.10/dist-packages/nav_msgs/msg/_path.py'...
[276.540s] Listing '/home/teng/ros2_ws/install/nav_msgs/local/lib/python3.10/dist-packages/nav_msgs/srv'...
[276.541s] Compiling '/home/teng/ros2_ws/install/nav_msgs/local/lib/python3.10/dist-packages/nav_msgs/srv/__init__.py'...
[276.542s] Compiling '/home/teng/ros2_ws/install/nav_msgs/local/lib/python3.10/dist-packages/nav_msgs/srv/_get_map.py'...
[276.569s] Compiling '/home/teng/ros2_ws/install/nav_msgs/local/lib/python3.10/dist-packages/nav_msgs/srv/_get_plan.py'...
[276.570s] Compiling '/home/teng/ros2_ws/install/nav_msgs/local/lib/python3.10/dist-packages/nav_msgs/srv/_load_map.py'...
[276.570s] Compiling '/home/teng/ros2_ws/install/nav_msgs/local/lib/python3.10/dist-packages/nav_msgs/srv/_set_map.py'...
[276.575s] -- Installing: /home/teng/ros2_ws/install/nav_msgs/lib/libnav_msgs__rosidl_generator_py.so
[276.576s] -- Set runtime path of "/home/teng/ros2_ws/install/nav_msgs/lib/libnav_msgs__rosidl_generator_py.so" to ""
[276.578s] -- Installing: /home/teng/ros2_ws/install/nav_msgs/share/nav_msgs/cmake/export_nav_msgs__rosidl_generator_cExport.cmake
[276.582s] -- Installing: /home/teng/ros2_ws/install/nav_msgs/share/nav_msgs/cmake/export_nav_msgs__rosidl_generator_cExport-noconfig.cmake
[276.585s] -- Installing: /home/teng/ros2_ws/install/nav_msgs/share/nav_msgs/cmake/export_nav_msgs__rosidl_typesupport_fastrtps_cExport.cmake
[276.588s] -- Installing: /home/teng/ros2_ws/install/nav_msgs/share/nav_msgs/cmake/export_nav_msgs__rosidl_typesupport_fastrtps_cExport-noconfig.cmake
[276.593s] -- Installing: /home/teng/ros2_ws/install/nav_msgs/share/nav_msgs/cmake/export_nav_msgs__rosidl_generator_cppExport.cmake
[276.596s] -- Installing: /home/teng/ros2_ws/install/nav_msgs/share/nav_msgs/cmake/export_nav_msgs__rosidl_typesupport_fastrtps_cppExport.cmake
[276.599s] -- Installing: /home/teng/ros2_ws/install/nav_msgs/share/nav_msgs/cmake/export_nav_msgs__rosidl_typesupport_fastrtps_cppExport-noconfig.cmake
[276.615s] -- Installing: /home/teng/ros2_ws/install/nav_msgs/share/nav_msgs/cmake/nav_msgs__rosidl_typesupport_introspection_cExport.cmake
[276.619s] -- Installing: /home/teng/ros2_ws/install/nav_msgs/share/nav_msgs/cmake/nav_msgs__rosidl_typesupport_introspection_cExport-noconfig.cmake
[276.622s] -- Installing: /home/teng/ros2_ws/install/nav_msgs/share/nav_msgs/cmake/nav_msgs__rosidl_typesupport_cExport.cmake
[276.625s] -- Installing: /home/teng/ros2_ws/install/nav_msgs/share/nav_msgs/cmake/nav_msgs__rosidl_typesupport_cExport-noconfig.cmake
[276.632s] -- Installing: /home/teng/ros2_ws/install/nav_msgs/share/nav_msgs/cmake/nav_msgs__rosidl_typesupport_introspection_cppExport.cmake
[276.636s] -- Installing: /home/teng/ros2_ws/install/nav_msgs/share/nav_msgs/cmake/nav_msgs__rosidl_typesupport_introspection_cppExport-noconfig.cmake
[276.639s] -- Installing: /home/teng/ros2_ws/install/nav_msgs/share/nav_msgs/cmake/nav_msgs__rosidl_typesupport_cppExport.cmake
[276.643s] -- Installing: /home/teng/ros2_ws/install/nav_msgs/share/nav_msgs/cmake/nav_msgs__rosidl_typesupport_cppExport-noconfig.cmake
[276.647s] -- Installing: /home/teng/ros2_ws/install/nav_msgs/share/nav_msgs/cmake/export_nav_msgs__rosidl_generator_pyExport.cmake
[276.649s] -- Installing: /home/teng/ros2_ws/install/nav_msgs/share/nav_msgs/cmake/export_nav_msgs__rosidl_generator_pyExport-noconfig.cmake
[276.677s] Invoked command in '/home/teng/ros2_ws/build/nav_msgs' returned '0': CMAKE_PREFIX_PATH=/home/teng/ros2_ws/install/geometry_msgs:/home/teng/ros2_ws/install/std_msgs:/home/teng/ros2_ws/install/common_interfaces:/home/teng/ros2_ws/install/visualization_msgs:/home/teng/ros2_ws/install/trajectory_msgs:/home/teng/ros2_ws/install/stereo_msgs:/home/teng/ros2_ws/install/std_srvs:/home/teng/ros2_ws/install/shape_msgs:/home/teng/ros2_ws/install/sensor_msgs:/home/teng/ros2_ws/install/nav_msgs:/home/teng/ros2_ws/install/diagnostic_msgs:/home/teng/ros2_ws/install/actionlib_msgs:/home/teng/ros2_ws/install/exp_1_bringup:/home/teng/ros2_ws/install/simple_interfaces:/home/teng/ros2_ws/install/sensor_msgs_py:/home/teng/ros2_ws/install/experiment1:/opt/ros/humble LD_LIBRARY_PATH=/home/teng/ros2_ws/install/geometry_msgs/lib:/home/teng/ros2_ws/install/std_msgs/lib:/home/teng/ros2_ws/install/visualization_msgs/lib:/home/teng/ros2_ws/install/trajectory_msgs/lib:/home/teng/ros2_ws/install/stereo_msgs/lib:/home/teng/ros2_ws/install/std_srvs/lib:/home/teng/ros2_ws/install/shape_msgs/lib:/home/teng/ros2_ws/install/sensor_msgs/lib:/home/teng/ros2_ws/install/nav_msgs/lib:/home/teng/ros2_ws/install/diagnostic_msgs/lib:/home/teng/ros2_ws/install/actionlib_msgs/lib:/home/teng/ros2_ws/install/simple_interfaces/lib:/opt/ros/humble/lib/aarch64-linux-gnu:/opt/ros/humble/lib /usr/bin/cmake --install /home/teng/ros2_ws/build/nav_msgs
