[4.299s] DEBUG:colcon:Command line arguments: ['/usr/bin/colcon', 'build', '--packages-select', 'simple_interfaces', '--symlink-install']
[4.300s] DEBUG:colcon:Parsed command line arguments: Namespace(log_base=None, log_level=None, verb_name='build', build_base='build', install_base='install', merge_install=False, symlink_install=True, test_result_base=None, continue_on_error=False, executor='parallel', parallel_workers=4, event_handlers=None, ignore_user_meta=False, metas=['./colcon.meta'], base_paths=['.'], packages_ignore=None, packages_ignore_regex=None, paths=None, packages_up_to=None, packages_up_to_regex=None, packages_above=None, packages_above_and_dependencies=None, packages_above_depth=None, packages_select_by_dep=None, packages_skip_by_dep=None, packages_skip_up_to=None, packages_select_build_failed=False, packages_skip_build_finished=False, packages_select_test_failures=False, packages_skip_test_passed=False, packages_select=['simple_interfaces'], packages_skip=None, packages_select_regex=None, packages_skip_regex=None, packages_start=None, packages_end=None, allow_overriding=[], cmake_args=None, cmake_target=None, cmake_target_skip_unavailable=False, cmake_clean_cache=False, cmake_clean_first=False, cmake_force_configure=False, ament_cmake_args=None, catkin_cmake_args=None, catkin_skip_building_tests=False, verb_parser=<colcon_defaults.argument_parser.defaults.DefaultArgumentsDecorator object at 0xffffb95caf80>, verb_extension=<colcon_core.verb.build.BuildVerb object at 0xffffb98b6d40>, main=<bound method BuildVerb.main of <colcon_core.verb.build.BuildVerb object at 0xffffb98b6d40>>)
[4.502s] Level 1:colcon.colcon_core.package_discovery:discover_packages(colcon_meta) check parameters
[4.502s] Level 1:colcon.colcon_core.package_discovery:discover_packages(recursive) check parameters
[4.502s] Level 1:colcon.colcon_core.package_discovery:discover_packages(ignore) check parameters
[4.503s] Level 1:colcon.colcon_core.package_discovery:discover_packages(path) check parameters
[4.503s] Level 1:colcon.colcon_core.package_discovery:discover_packages(colcon_meta) discover
[4.503s] Level 1:colcon.colcon_core.package_discovery:discover_packages(recursive) discover
[4.503s] INFO:colcon.colcon_core.package_discovery:Crawling recursively for packages in '/home/teng/ros2_ws'
[4.504s] Level 1:colcon.colcon_core.package_identification:_identify(.) by extensions ['ignore', 'ignore_ament_install']
[4.504s] Level 1:colcon.colcon_core.package_identification:_identify(.) by extension 'ignore'
[4.504s] Level 1:colcon.colcon_core.package_identification:_identify(.) by extension 'ignore_ament_install'
[4.505s] Level 1:colcon.colcon_core.package_identification:_identify(.) by extensions ['colcon_pkg']
[4.505s] Level 1:colcon.colcon_core.package_identification:_identify(.) by extension 'colcon_pkg'
[4.505s] Level 1:colcon.colcon_core.package_identification:_identify(.) by extensions ['colcon_meta']
[4.505s] Level 1:colcon.colcon_core.package_identification:_identify(.) by extension 'colcon_meta'
[4.505s] Level 1:colcon.colcon_core.package_identification:_identify(.) by extensions ['ros']
[4.506s] Level 1:colcon.colcon_core.package_identification:_identify(.) by extension 'ros'
[4.551s] Level 1:colcon.colcon_core.package_identification:_identify(.) by extensions ['cmake', 'python']
[4.551s] Level 1:colcon.colcon_core.package_identification:_identify(.) by extension 'cmake'
[4.551s] Level 1:colcon.colcon_core.package_identification:_identify(.) by extension 'python'
[4.552s] Level 1:colcon.colcon_core.package_identification:_identify(.) by extensions ['python_setup_py']
[4.552s] Level 1:colcon.colcon_core.package_identification:_identify(.) by extension 'python_setup_py'
[4.552s] Level 1:colcon.colcon_core.package_identification:_identify(build) by extensions ['ignore', 'ignore_ament_install']
[4.553s] Level 1:colcon.colcon_core.package_identification:_identify(build) by extension 'ignore'
[4.553s] Level 1:colcon.colcon_core.package_identification:_identify(build) ignored
[4.554s] Level 1:colcon.colcon_core.package_identification:_identify(install) by extensions ['ignore', 'ignore_ament_install']
[4.554s] Level 1:colcon.colcon_core.package_identification:_identify(install) by extension 'ignore'
[4.554s] Level 1:colcon.colcon_core.package_identification:_identify(install) ignored
[4.555s] Level 1:colcon.colcon_core.package_identification:_identify(log) by extensions ['ignore', 'ignore_ament_install']
[4.555s] Level 1:colcon.colcon_core.package_identification:_identify(log) by extension 'ignore'
[4.556s] Level 1:colcon.colcon_core.package_identification:_identify(log) ignored
[4.556s] Level 1:colcon.colcon_core.package_identification:_identify(src) by extensions ['ignore', 'ignore_ament_install']
[4.556s] Level 1:colcon.colcon_core.package_identification:_identify(src) by extension 'ignore'
[4.557s] Level 1:colcon.colcon_core.package_identification:_identify(src) by extension 'ignore_ament_install'
[4.557s] Level 1:colcon.colcon_core.package_identification:_identify(src) by extensions ['colcon_pkg']
[4.557s] Level 1:colcon.colcon_core.package_identification:_identify(src) by extension 'colcon_pkg'
[4.557s] Level 1:colcon.colcon_core.package_identification:_identify(src) by extensions ['colcon_meta']
[4.557s] Level 1:colcon.colcon_core.package_identification:_identify(src) by extension 'colcon_meta'
[4.557s] Level 1:colcon.colcon_core.package_identification:_identify(src) by extensions ['ros']
[4.558s] Level 1:colcon.colcon_core.package_identification:_identify(src) by extension 'ros'
[4.558s] Level 1:colcon.colcon_core.package_identification:_identify(src) by extensions ['cmake', 'python']
[4.558s] Level 1:colcon.colcon_core.package_identification:_identify(src) by extension 'cmake'
[4.559s] Level 1:colcon.colcon_core.package_identification:_identify(src) by extension 'python'
[4.559s] Level 1:colcon.colcon_core.package_identification:_identify(src) by extensions ['python_setup_py']
[4.559s] Level 1:colcon.colcon_core.package_identification:_identify(src) by extension 'python_setup_py'
[4.559s] Level 1:colcon.colcon_core.package_identification:_identify(src/exp_1_bringup) by extensions ['ignore', 'ignore_ament_install']
[4.560s] Level 1:colcon.colcon_core.package_identification:_identify(src/exp_1_bringup) by extension 'ignore'
[4.560s] Level 1:colcon.colcon_core.package_identification:_identify(src/exp_1_bringup) by extension 'ignore_ament_install'
[4.560s] Level 1:colcon.colcon_core.package_identification:_identify(src/exp_1_bringup) by extensions ['colcon_pkg']
[4.560s] Level 1:colcon.colcon_core.package_identification:_identify(src/exp_1_bringup) by extension 'colcon_pkg'
[4.561s] Level 1:colcon.colcon_core.package_identification:_identify(src/exp_1_bringup) by extensions ['colcon_meta']
[4.561s] Level 1:colcon.colcon_core.package_identification:_identify(src/exp_1_bringup) by extension 'colcon_meta'
[4.561s] Level 1:colcon.colcon_core.package_identification:_identify(src/exp_1_bringup) by extensions ['ros']
[4.561s] Level 1:colcon.colcon_core.package_identification:_identify(src/exp_1_bringup) by extension 'ros'
[4.571s] DEBUG:colcon.colcon_core.package_identification:Package 'src/exp_1_bringup' with type 'ros.ament_cmake' and name 'exp_1_bringup'
[4.572s] Level 1:colcon.colcon_core.package_identification:_identify(src/experiment1) by extensions ['ignore', 'ignore_ament_install']
[4.572s] Level 1:colcon.colcon_core.package_identification:_identify(src/experiment1) by extension 'ignore'
[4.573s] Level 1:colcon.colcon_core.package_identification:_identify(src/experiment1) by extension 'ignore_ament_install'
[4.573s] Level 1:colcon.colcon_core.package_identification:_identify(src/experiment1) by extensions ['colcon_pkg']
[4.573s] Level 1:colcon.colcon_core.package_identification:_identify(src/experiment1) by extension 'colcon_pkg'
[4.573s] Level 1:colcon.colcon_core.package_identification:_identify(src/experiment1) by extensions ['colcon_meta']
[4.574s] Level 1:colcon.colcon_core.package_identification:_identify(src/experiment1) by extension 'colcon_meta'
[4.574s] Level 1:colcon.colcon_core.package_identification:_identify(src/experiment1) by extensions ['ros']
[4.574s] Level 1:colcon.colcon_core.package_identification:_identify(src/experiment1) by extension 'ros'
[4.578s] DEBUG:colcon.colcon_core.package_identification:Package 'src/experiment1' with type 'ros.ament_python' and name 'experiment1'
[4.579s] Level 1:colcon.colcon_core.package_identification:_identify(src/ros2_common_interfaces) by extensions ['ignore', 'ignore_ament_install']
[4.579s] Level 1:colcon.colcon_core.package_identification:_identify(src/ros2_common_interfaces) by extension 'ignore'
[4.580s] Level 1:colcon.colcon_core.package_identification:_identify(src/ros2_common_interfaces) by extension 'ignore_ament_install'
[4.580s] Level 1:colcon.colcon_core.package_identification:_identify(src/ros2_common_interfaces) by extensions ['colcon_pkg']
[4.580s] Level 1:colcon.colcon_core.package_identification:_identify(src/ros2_common_interfaces) by extension 'colcon_pkg'
[4.581s] Level 1:colcon.colcon_core.package_identification:_identify(src/ros2_common_interfaces) by extensions ['colcon_meta']
[4.581s] Level 1:colcon.colcon_core.package_identification:_identify(src/ros2_common_interfaces) by extension 'colcon_meta'
[4.581s] Level 1:colcon.colcon_core.package_identification:_identify(src/ros2_common_interfaces) by extensions ['ros']
[4.581s] Level 1:colcon.colcon_core.package_identification:_identify(src/ros2_common_interfaces) by extension 'ros'
[4.582s] Level 1:colcon.colcon_core.package_identification:_identify(src/ros2_common_interfaces) by extensions ['cmake', 'python']
[4.582s] Level 1:colcon.colcon_core.package_identification:_identify(src/ros2_common_interfaces) by extension 'cmake'
[4.583s] Level 1:colcon.colcon_core.package_identification:_identify(src/ros2_common_interfaces) by extension 'python'
[4.583s] Level 1:colcon.colcon_core.package_identification:_identify(src/ros2_common_interfaces) by extensions ['python_setup_py']
[4.583s] Level 1:colcon.colcon_core.package_identification:_identify(src/ros2_common_interfaces) by extension 'python_setup_py'
[4.584s] Level 1:colcon.colcon_core.package_identification:_identify(src/ros2_common_interfaces/actionlib_msgs) by extensions ['ignore', 'ignore_ament_install']
[4.584s] Level 1:colcon.colcon_core.package_identification:_identify(src/ros2_common_interfaces/actionlib_msgs) by extension 'ignore'
[4.584s] Level 1:colcon.colcon_core.package_identification:_identify(src/ros2_common_interfaces/actionlib_msgs) by extension 'ignore_ament_install'
[4.585s] Level 1:colcon.colcon_core.package_identification:_identify(src/ros2_common_interfaces/actionlib_msgs) by extensions ['colcon_pkg']
[4.585s] Level 1:colcon.colcon_core.package_identification:_identify(src/ros2_common_interfaces/actionlib_msgs) by extension 'colcon_pkg'
[4.585s] Level 1:colcon.colcon_core.package_identification:_identify(src/ros2_common_interfaces/actionlib_msgs) by extensions ['colcon_meta']
[4.585s] Level 1:colcon.colcon_core.package_identification:_identify(src/ros2_common_interfaces/actionlib_msgs) by extension 'colcon_meta'
[4.585s] Level 1:colcon.colcon_core.package_identification:_identify(src/ros2_common_interfaces/actionlib_msgs) by extensions ['ros']
[4.586s] Level 1:colcon.colcon_core.package_identification:_identify(src/ros2_common_interfaces/actionlib_msgs) by extension 'ros'
[4.589s] DEBUG:colcon.colcon_core.package_identification:Package 'src/ros2_common_interfaces/actionlib_msgs' with type 'ros.ament_cmake' and name 'actionlib_msgs'
[4.590s] Level 1:colcon.colcon_core.package_identification:_identify(src/ros2_common_interfaces/common_interfaces) by extensions ['ignore', 'ignore_ament_install']
[4.591s] Level 1:colcon.colcon_core.package_identification:_identify(src/ros2_common_interfaces/common_interfaces) by extension 'ignore'
[4.591s] Level 1:colcon.colcon_core.package_identification:_identify(src/ros2_common_interfaces/common_interfaces) by extension 'ignore_ament_install'
[4.591s] Level 1:colcon.colcon_core.package_identification:_identify(src/ros2_common_interfaces/common_interfaces) by extensions ['colcon_pkg']
[4.591s] Level 1:colcon.colcon_core.package_identification:_identify(src/ros2_common_interfaces/common_interfaces) by extension 'colcon_pkg'
[4.592s] Level 1:colcon.colcon_core.package_identification:_identify(src/ros2_common_interfaces/common_interfaces) by extensions ['colcon_meta']
[4.592s] Level 1:colcon.colcon_core.package_identification:_identify(src/ros2_common_interfaces/common_interfaces) by extension 'colcon_meta'
[4.592s] Level 1:colcon.colcon_core.package_identification:_identify(src/ros2_common_interfaces/common_interfaces) by extensions ['ros']
[4.592s] Level 1:colcon.colcon_core.package_identification:_identify(src/ros2_common_interfaces/common_interfaces) by extension 'ros'
[4.596s] DEBUG:colcon.colcon_core.package_identification:Package 'src/ros2_common_interfaces/common_interfaces' with type 'ros.ament_cmake' and name 'common_interfaces'
[4.596s] Level 1:colcon.colcon_core.package_identification:_identify(src/ros2_common_interfaces/diagnostic_msgs) by extensions ['ignore', 'ignore_ament_install']
[4.597s] Level 1:colcon.colcon_core.package_identification:_identify(src/ros2_common_interfaces/diagnostic_msgs) by extension 'ignore'
[4.597s] Level 1:colcon.colcon_core.package_identification:_identify(src/ros2_common_interfaces/diagnostic_msgs) by extension 'ignore_ament_install'
[4.598s] Level 1:colcon.colcon_core.package_identification:_identify(src/ros2_common_interfaces/diagnostic_msgs) by extensions ['colcon_pkg']
[4.598s] Level 1:colcon.colcon_core.package_identification:_identify(src/ros2_common_interfaces/diagnostic_msgs) by extension 'colcon_pkg'
[4.598s] Level 1:colcon.colcon_core.package_identification:_identify(src/ros2_common_interfaces/diagnostic_msgs) by extensions ['colcon_meta']
[4.598s] Level 1:colcon.colcon_core.package_identification:_identify(src/ros2_common_interfaces/diagnostic_msgs) by extension 'colcon_meta'
[4.598s] Level 1:colcon.colcon_core.package_identification:_identify(src/ros2_common_interfaces/diagnostic_msgs) by extensions ['ros']
[4.598s] Level 1:colcon.colcon_core.package_identification:_identify(src/ros2_common_interfaces/diagnostic_msgs) by extension 'ros'
[4.603s] DEBUG:colcon.colcon_core.package_identification:Package 'src/ros2_common_interfaces/diagnostic_msgs' with type 'ros.ament_cmake' and name 'diagnostic_msgs'
[4.603s] Level 1:colcon.colcon_core.package_identification:_identify(src/ros2_common_interfaces/docs) by extensions ['ignore', 'ignore_ament_install']
[4.604s] Level 1:colcon.colcon_core.package_identification:_identify(src/ros2_common_interfaces/docs) by extension 'ignore'
[4.604s] Level 1:colcon.colcon_core.package_identification:_identify(src/ros2_common_interfaces/docs) by extension 'ignore_ament_install'
[4.604s] Level 1:colcon.colcon_core.package_identification:_identify(src/ros2_common_interfaces/docs) by extensions ['colcon_pkg']
[4.605s] Level 1:colcon.colcon_core.package_identification:_identify(src/ros2_common_interfaces/docs) by extension 'colcon_pkg'
[4.605s] Level 1:colcon.colcon_core.package_identification:_identify(src/ros2_common_interfaces/docs) by extensions ['colcon_meta']
[4.605s] Level 1:colcon.colcon_core.package_identification:_identify(src/ros2_common_interfaces/docs) by extension 'colcon_meta'
[4.605s] Level 1:colcon.colcon_core.package_identification:_identify(src/ros2_common_interfaces/docs) by extensions ['ros']
[4.605s] Level 1:colcon.colcon_core.package_identification:_identify(src/ros2_common_interfaces/docs) by extension 'ros'
[4.606s] Level 1:colcon.colcon_core.package_identification:_identify(src/ros2_common_interfaces/docs) by extensions ['cmake', 'python']
[4.606s] Level 1:colcon.colcon_core.package_identification:_identify(src/ros2_common_interfaces/docs) by extension 'cmake'
[4.606s] Level 1:colcon.colcon_core.package_identification:_identify(src/ros2_common_interfaces/docs) by extension 'python'
[4.606s] Level 1:colcon.colcon_core.package_identification:_identify(src/ros2_common_interfaces/docs) by extensions ['python_setup_py']
[4.607s] Level 1:colcon.colcon_core.package_identification:_identify(src/ros2_common_interfaces/docs) by extension 'python_setup_py'
[4.607s] Level 1:colcon.colcon_core.package_identification:_identify(src/ros2_common_interfaces/geometry_msgs) by extensions ['ignore', 'ignore_ament_install']
[4.608s] Level 1:colcon.colcon_core.package_identification:_identify(src/ros2_common_interfaces/geometry_msgs) by extension 'ignore'
[4.608s] Level 1:colcon.colcon_core.package_identification:_identify(src/ros2_common_interfaces/geometry_msgs) by extension 'ignore_ament_install'
[4.608s] Level 1:colcon.colcon_core.package_identification:_identify(src/ros2_common_interfaces/geometry_msgs) by extensions ['colcon_pkg']
[4.608s] Level 1:colcon.colcon_core.package_identification:_identify(src/ros2_common_interfaces/geometry_msgs) by extension 'colcon_pkg'
[4.609s] Level 1:colcon.colcon_core.package_identification:_identify(src/ros2_common_interfaces/geometry_msgs) by extensions ['colcon_meta']
[4.609s] Level 1:colcon.colcon_core.package_identification:_identify(src/ros2_common_interfaces/geometry_msgs) by extension 'colcon_meta'
[4.609s] Level 1:colcon.colcon_core.package_identification:_identify(src/ros2_common_interfaces/geometry_msgs) by extensions ['ros']
[4.609s] Level 1:colcon.colcon_core.package_identification:_identify(src/ros2_common_interfaces/geometry_msgs) by extension 'ros'
[4.612s] DEBUG:colcon.colcon_core.package_identification:Package 'src/ros2_common_interfaces/geometry_msgs' with type 'ros.ament_cmake' and name 'geometry_msgs'
[4.613s] Level 1:colcon.colcon_core.package_identification:_identify(src/ros2_common_interfaces/nav_msgs) by extensions ['ignore', 'ignore_ament_install']
[4.614s] Level 1:colcon.colcon_core.package_identification:_identify(src/ros2_common_interfaces/nav_msgs) by extension 'ignore'
[4.614s] Level 1:colcon.colcon_core.package_identification:_identify(src/ros2_common_interfaces/nav_msgs) by extension 'ignore_ament_install'
[4.614s] Level 1:colcon.colcon_core.package_identification:_identify(src/ros2_common_interfaces/nav_msgs) by extensions ['colcon_pkg']
[4.614s] Level 1:colcon.colcon_core.package_identification:_identify(src/ros2_common_interfaces/nav_msgs) by extension 'colcon_pkg'
[4.614s] Level 1:colcon.colcon_core.package_identification:_identify(src/ros2_common_interfaces/nav_msgs) by extensions ['colcon_meta']
[4.615s] Level 1:colcon.colcon_core.package_identification:_identify(src/ros2_common_interfaces/nav_msgs) by extension 'colcon_meta'
[4.615s] Level 1:colcon.colcon_core.package_identification:_identify(src/ros2_common_interfaces/nav_msgs) by extensions ['ros']
[4.615s] Level 1:colcon.colcon_core.package_identification:_identify(src/ros2_common_interfaces/nav_msgs) by extension 'ros'
[4.619s] DEBUG:colcon.colcon_core.package_identification:Package 'src/ros2_common_interfaces/nav_msgs' with type 'ros.ament_cmake' and name 'nav_msgs'
[4.620s] Level 1:colcon.colcon_core.package_identification:_identify(src/ros2_common_interfaces/sensor_msgs) by extensions ['ignore', 'ignore_ament_install']
[4.620s] Level 1:colcon.colcon_core.package_identification:_identify(src/ros2_common_interfaces/sensor_msgs) by extension 'ignore'
[4.620s] Level 1:colcon.colcon_core.package_identification:_identify(src/ros2_common_interfaces/sensor_msgs) by extension 'ignore_ament_install'
[4.621s] Level 1:colcon.colcon_core.package_identification:_identify(src/ros2_common_interfaces/sensor_msgs) by extensions ['colcon_pkg']
[4.621s] Level 1:colcon.colcon_core.package_identification:_identify(src/ros2_common_interfaces/sensor_msgs) by extension 'colcon_pkg'
[4.621s] Level 1:colcon.colcon_core.package_identification:_identify(src/ros2_common_interfaces/sensor_msgs) by extensions ['colcon_meta']
[4.621s] Level 1:colcon.colcon_core.package_identification:_identify(src/ros2_common_interfaces/sensor_msgs) by extension 'colcon_meta'
[4.622s] Level 1:colcon.colcon_core.package_identification:_identify(src/ros2_common_interfaces/sensor_msgs) by extensions ['ros']
[4.622s] Level 1:colcon.colcon_core.package_identification:_identify(src/ros2_common_interfaces/sensor_msgs) by extension 'ros'
[4.626s] DEBUG:colcon.colcon_core.package_identification:Package 'src/ros2_common_interfaces/sensor_msgs' with type 'ros.ament_cmake' and name 'sensor_msgs'
[4.627s] Level 1:colcon.colcon_core.package_identification:_identify(src/ros2_common_interfaces/sensor_msgs_py) by extensions ['ignore', 'ignore_ament_install']
[4.627s] Level 1:colcon.colcon_core.package_identification:_identify(src/ros2_common_interfaces/sensor_msgs_py) by extension 'ignore'
[4.627s] Level 1:colcon.colcon_core.package_identification:_identify(src/ros2_common_interfaces/sensor_msgs_py) by extension 'ignore_ament_install'
[4.628s] Level 1:colcon.colcon_core.package_identification:_identify(src/ros2_common_interfaces/sensor_msgs_py) by extensions ['colcon_pkg']
[4.628s] Level 1:colcon.colcon_core.package_identification:_identify(src/ros2_common_interfaces/sensor_msgs_py) by extension 'colcon_pkg'
[4.628s] Level 1:colcon.colcon_core.package_identification:_identify(src/ros2_common_interfaces/sensor_msgs_py) by extensions ['colcon_meta']
[4.628s] Level 1:colcon.colcon_core.package_identification:_identify(src/ros2_common_interfaces/sensor_msgs_py) by extension 'colcon_meta'
[4.628s] Level 1:colcon.colcon_core.package_identification:_identify(src/ros2_common_interfaces/sensor_msgs_py) by extensions ['ros']
[4.629s] Level 1:colcon.colcon_core.package_identification:_identify(src/ros2_common_interfaces/sensor_msgs_py) by extension 'ros'
[4.632s] DEBUG:colcon.colcon_core.package_identification:Package 'src/ros2_common_interfaces/sensor_msgs_py' with type 'ros.ament_python' and name 'sensor_msgs_py'
[4.633s] Level 1:colcon.colcon_core.package_identification:_identify(src/ros2_common_interfaces/shape_msgs) by extensions ['ignore', 'ignore_ament_install']
[4.633s] Level 1:colcon.colcon_core.package_identification:_identify(src/ros2_common_interfaces/shape_msgs) by extension 'ignore'
[4.634s] Level 1:colcon.colcon_core.package_identification:_identify(src/ros2_common_interfaces/shape_msgs) by extension 'ignore_ament_install'
[4.634s] Level 1:colcon.colcon_core.package_identification:_identify(src/ros2_common_interfaces/shape_msgs) by extensions ['colcon_pkg']
[4.634s] Level 1:colcon.colcon_core.package_identification:_identify(src/ros2_common_interfaces/shape_msgs) by extension 'colcon_pkg'
[4.634s] Level 1:colcon.colcon_core.package_identification:_identify(src/ros2_common_interfaces/shape_msgs) by extensions ['colcon_meta']
[4.634s] Level 1:colcon.colcon_core.package_identification:_identify(src/ros2_common_interfaces/shape_msgs) by extension 'colcon_meta'
[4.635s] Level 1:colcon.colcon_core.package_identification:_identify(src/ros2_common_interfaces/shape_msgs) by extensions ['ros']
[4.635s] Level 1:colcon.colcon_core.package_identification:_identify(src/ros2_common_interfaces/shape_msgs) by extension 'ros'
[4.638s] DEBUG:colcon.colcon_core.package_identification:Package 'src/ros2_common_interfaces/shape_msgs' with type 'ros.ament_cmake' and name 'shape_msgs'
[4.639s] Level 1:colcon.colcon_core.package_identification:_identify(src/ros2_common_interfaces/std_msgs) by extensions ['ignore', 'ignore_ament_install']
[4.639s] Level 1:colcon.colcon_core.package_identification:_identify(src/ros2_common_interfaces/std_msgs) by extension 'ignore'
[4.640s] Level 1:colcon.colcon_core.package_identification:_identify(src/ros2_common_interfaces/std_msgs) by extension 'ignore_ament_install'
[4.640s] Level 1:colcon.colcon_core.package_identification:_identify(src/ros2_common_interfaces/std_msgs) by extensions ['colcon_pkg']
[4.640s] Level 1:colcon.colcon_core.package_identification:_identify(src/ros2_common_interfaces/std_msgs) by extension 'colcon_pkg'
[4.640s] Level 1:colcon.colcon_core.package_identification:_identify(src/ros2_common_interfaces/std_msgs) by extensions ['colcon_meta']
[4.641s] Level 1:colcon.colcon_core.package_identification:_identify(src/ros2_common_interfaces/std_msgs) by extension 'colcon_meta'
[4.641s] Level 1:colcon.colcon_core.package_identification:_identify(src/ros2_common_interfaces/std_msgs) by extensions ['ros']
[4.641s] Level 1:colcon.colcon_core.package_identification:_identify(src/ros2_common_interfaces/std_msgs) by extension 'ros'
[4.644s] DEBUG:colcon.colcon_core.package_identification:Package 'src/ros2_common_interfaces/std_msgs' with type 'ros.ament_cmake' and name 'std_msgs'
[4.645s] Level 1:colcon.colcon_core.package_identification:_identify(src/ros2_common_interfaces/std_srvs) by extensions ['ignore', 'ignore_ament_install']
[4.646s] Level 1:colcon.colcon_core.package_identification:_identify(src/ros2_common_interfaces/std_srvs) by extension 'ignore'
[4.646s] Level 1:colcon.colcon_core.package_identification:_identify(src/ros2_common_interfaces/std_srvs) by extension 'ignore_ament_install'
[4.646s] Level 1:colcon.colcon_core.package_identification:_identify(src/ros2_common_interfaces/std_srvs) by extensions ['colcon_pkg']
[4.646s] Level 1:colcon.colcon_core.package_identification:_identify(src/ros2_common_interfaces/std_srvs) by extension 'colcon_pkg'
[4.647s] Level 1:colcon.colcon_core.package_identification:_identify(src/ros2_common_interfaces/std_srvs) by extensions ['colcon_meta']
[4.647s] Level 1:colcon.colcon_core.package_identification:_identify(src/ros2_common_interfaces/std_srvs) by extension 'colcon_meta'
[4.647s] Level 1:colcon.colcon_core.package_identification:_identify(src/ros2_common_interfaces/std_srvs) by extensions ['ros']
[4.647s] Level 1:colcon.colcon_core.package_identification:_identify(src/ros2_common_interfaces/std_srvs) by extension 'ros'
[4.650s] DEBUG:colcon.colcon_core.package_identification:Package 'src/ros2_common_interfaces/std_srvs' with type 'ros.ament_cmake' and name 'std_srvs'
[4.651s] Level 1:colcon.colcon_core.package_identification:_identify(src/ros2_common_interfaces/stereo_msgs) by extensions ['ignore', 'ignore_ament_install']
[4.651s] Level 1:colcon.colcon_core.package_identification:_identify(src/ros2_common_interfaces/stereo_msgs) by extension 'ignore'
[4.652s] Level 1:colcon.colcon_core.package_identification:_identify(src/ros2_common_interfaces/stereo_msgs) by extension 'ignore_ament_install'
[4.652s] Level 1:colcon.colcon_core.package_identification:_identify(src/ros2_common_interfaces/stereo_msgs) by extensions ['colcon_pkg']
[4.652s] Level 1:colcon.colcon_core.package_identification:_identify(src/ros2_common_interfaces/stereo_msgs) by extension 'colcon_pkg'
[4.652s] Level 1:colcon.colcon_core.package_identification:_identify(src/ros2_common_interfaces/stereo_msgs) by extensions ['colcon_meta']
[4.652s] Level 1:colcon.colcon_core.package_identification:_identify(src/ros2_common_interfaces/stereo_msgs) by extension 'colcon_meta'
[4.653s] Level 1:colcon.colcon_core.package_identification:_identify(src/ros2_common_interfaces/stereo_msgs) by extensions ['ros']
[4.653s] Level 1:colcon.colcon_core.package_identification:_identify(src/ros2_common_interfaces/stereo_msgs) by extension 'ros'
[4.656s] DEBUG:colcon.colcon_core.package_identification:Package 'src/ros2_common_interfaces/stereo_msgs' with type 'ros.ament_cmake' and name 'stereo_msgs'
[4.657s] Level 1:colcon.colcon_core.package_identification:_identify(src/ros2_common_interfaces/trajectory_msgs) by extensions ['ignore', 'ignore_ament_install']
[4.658s] Level 1:colcon.colcon_core.package_identification:_identify(src/ros2_common_interfaces/trajectory_msgs) by extension 'ignore'
[4.658s] Level 1:colcon.colcon_core.package_identification:_identify(src/ros2_common_interfaces/trajectory_msgs) by extension 'ignore_ament_install'
[4.658s] Level 1:colcon.colcon_core.package_identification:_identify(src/ros2_common_interfaces/trajectory_msgs) by extensions ['colcon_pkg']
[4.658s] Level 1:colcon.colcon_core.package_identification:_identify(src/ros2_common_interfaces/trajectory_msgs) by extension 'colcon_pkg'
[4.659s] Level 1:colcon.colcon_core.package_identification:_identify(src/ros2_common_interfaces/trajectory_msgs) by extensions ['colcon_meta']
[4.659s] Level 1:colcon.colcon_core.package_identification:_identify(src/ros2_common_interfaces/trajectory_msgs) by extension 'colcon_meta'
[4.659s] Level 1:colcon.colcon_core.package_identification:_identify(src/ros2_common_interfaces/trajectory_msgs) by extensions ['ros']
[4.659s] Level 1:colcon.colcon_core.package_identification:_identify(src/ros2_common_interfaces/trajectory_msgs) by extension 'ros'
[4.668s] DEBUG:colcon.colcon_core.package_identification:Package 'src/ros2_common_interfaces/trajectory_msgs' with type 'ros.ament_cmake' and name 'trajectory_msgs'
[4.669s] Level 1:colcon.colcon_core.package_identification:_identify(src/ros2_common_interfaces/visualization_msgs) by extensions ['ignore', 'ignore_ament_install']
[4.669s] Level 1:colcon.colcon_core.package_identification:_identify(src/ros2_common_interfaces/visualization_msgs) by extension 'ignore'
[4.670s] Level 1:colcon.colcon_core.package_identification:_identify(src/ros2_common_interfaces/visualization_msgs) by extension 'ignore_ament_install'
[4.670s] Level 1:colcon.colcon_core.package_identification:_identify(src/ros2_common_interfaces/visualization_msgs) by extensions ['colcon_pkg']
[4.671s] Level 1:colcon.colcon_core.package_identification:_identify(src/ros2_common_interfaces/visualization_msgs) by extension 'colcon_pkg'
[4.671s] Level 1:colcon.colcon_core.package_identification:_identify(src/ros2_common_interfaces/visualization_msgs) by extensions ['colcon_meta']
[4.671s] Level 1:colcon.colcon_core.package_identification:_identify(src/ros2_common_interfaces/visualization_msgs) by extension 'colcon_meta'
[4.671s] Level 1:colcon.colcon_core.package_identification:_identify(src/ros2_common_interfaces/visualization_msgs) by extensions ['ros']
[4.671s] Level 1:colcon.colcon_core.package_identification:_identify(src/ros2_common_interfaces/visualization_msgs) by extension 'ros'
[4.676s] DEBUG:colcon.colcon_core.package_identification:Package 'src/ros2_common_interfaces/visualization_msgs' with type 'ros.ament_cmake' and name 'visualization_msgs'
[4.676s] Level 1:colcon.colcon_core.package_identification:_identify(src/simple_interfaces) by extensions ['ignore', 'ignore_ament_install']
[4.677s] Level 1:colcon.colcon_core.package_identification:_identify(src/simple_interfaces) by extension 'ignore'
[4.677s] Level 1:colcon.colcon_core.package_identification:_identify(src/simple_interfaces) by extension 'ignore_ament_install'
[4.677s] Level 1:colcon.colcon_core.package_identification:_identify(src/simple_interfaces) by extensions ['colcon_pkg']
[4.677s] Level 1:colcon.colcon_core.package_identification:_identify(src/simple_interfaces) by extension 'colcon_pkg'
[4.678s] Level 1:colcon.colcon_core.package_identification:_identify(src/simple_interfaces) by extensions ['colcon_meta']
[4.678s] Level 1:colcon.colcon_core.package_identification:_identify(src/simple_interfaces) by extension 'colcon_meta'
[4.678s] Level 1:colcon.colcon_core.package_identification:_identify(src/simple_interfaces) by extensions ['ros']
[4.678s] Level 1:colcon.colcon_core.package_identification:_identify(src/simple_interfaces) by extension 'ros'
[4.680s] DEBUG:colcon.colcon_core.package_identification:Package 'src/simple_interfaces' with type 'ros.ament_cmake' and name 'simple_interfaces'
[4.680s] Level 1:colcon.colcon_core.package_discovery:discover_packages(recursive) using defaults
[4.681s] Level 1:colcon.colcon_core.package_discovery:discover_packages(ignore) discover
[4.681s] Level 1:colcon.colcon_core.package_discovery:discover_packages(ignore) using defaults
[4.681s] Level 1:colcon.colcon_core.package_discovery:discover_packages(path) discover
[4.681s] Level 1:colcon.colcon_core.package_discovery:discover_packages(path) using defaults
[4.969s] INFO:colcon.colcon_core.package_selection:Skipping not selected package 'std_msgs' in 'src/ros2_common_interfaces/std_msgs'
[4.970s] INFO:colcon.colcon_core.package_selection:Skipping not selected package 'std_srvs' in 'src/ros2_common_interfaces/std_srvs'
[4.970s] INFO:colcon.colcon_core.package_selection:Skipping not selected package 'actionlib_msgs' in 'src/ros2_common_interfaces/actionlib_msgs'
[4.970s] INFO:colcon.colcon_core.package_selection:Skipping not selected package 'experiment1' in 'src/experiment1'
[4.970s] INFO:colcon.colcon_core.package_selection:Skipping not selected package 'geometry_msgs' in 'src/ros2_common_interfaces/geometry_msgs'
[4.971s] INFO:colcon.colcon_core.package_selection:Skipping not selected package 'diagnostic_msgs' in 'src/ros2_common_interfaces/diagnostic_msgs'
[4.971s] INFO:colcon.colcon_core.package_selection:Skipping not selected package 'exp_1_bringup' in 'src/exp_1_bringup'
[4.971s] INFO:colcon.colcon_core.package_selection:Skipping not selected package 'nav_msgs' in 'src/ros2_common_interfaces/nav_msgs'
[4.971s] INFO:colcon.colcon_core.package_selection:Skipping not selected package 'sensor_msgs' in 'src/ros2_common_interfaces/sensor_msgs'
[4.971s] INFO:colcon.colcon_core.package_selection:Skipping not selected package 'shape_msgs' in 'src/ros2_common_interfaces/shape_msgs'
[4.971s] INFO:colcon.colcon_core.package_selection:Skipping not selected package 'trajectory_msgs' in 'src/ros2_common_interfaces/trajectory_msgs'
[4.972s] INFO:colcon.colcon_core.package_selection:Skipping not selected package 'sensor_msgs_py' in 'src/ros2_common_interfaces/sensor_msgs_py'
[4.972s] INFO:colcon.colcon_core.package_selection:Skipping not selected package 'stereo_msgs' in 'src/ros2_common_interfaces/stereo_msgs'
[4.972s] INFO:colcon.colcon_core.package_selection:Skipping not selected package 'visualization_msgs' in 'src/ros2_common_interfaces/visualization_msgs'
[4.972s] INFO:colcon.colcon_core.package_selection:Skipping not selected package 'common_interfaces' in 'src/ros2_common_interfaces/common_interfaces'
[5.088s] Level 1:colcon.colcon_core.package_discovery:discover_packages(prefix_path) check parameters
[5.088s] Level 1:colcon.colcon_core.package_discovery:discover_packages(prefix_path) discover
[5.219s] DEBUG:colcon.colcon_installed_package_information.package_discovery:Found 16 installed packages in /home/teng/ros2_ws/install
[5.281s] DEBUG:colcon.colcon_installed_package_information.package_discovery:Found 185 installed packages in /opt/ros/humble
[5.289s] Level 1:colcon.colcon_core.package_discovery:discover_packages(prefix_path) using defaults
[5.543s] WARNING:colcon.colcon_core.package_selection:Some selected packages are already built in one or more underlay workspaces:
	'simple_interfaces' is in: /home/teng/ros2_ws/install/simple_interfaces
If a package in a merged underlay workspace is overridden and it installs headers, then all packages in the overlay must sort their include directories by workspace order. Failure to do so may result in build failures or undefined behavior at run time.
If the overridden package is used by another package in any underlay, then the overriding package in the overlay must be API and ABI compatible or undefined behavior at run time may occur.

If you understand the risks and want to override a package anyways, add the following to the command line:
	--allow-overriding simple_interfaces

This may be promoted to an error in a future release of colcon-override-check.
[5.601s] Level 5:colcon.colcon_core.verb:set package 'simple_interfaces' build argument 'cmake_args' from command line to 'None'
[5.602s] Level 5:colcon.colcon_core.verb:set package 'simple_interfaces' build argument 'cmake_target' from command line to 'None'
[5.602s] Level 5:colcon.colcon_core.verb:set package 'simple_interfaces' build argument 'cmake_target_skip_unavailable' from command line to 'False'
[5.602s] Level 5:colcon.colcon_core.verb:set package 'simple_interfaces' build argument 'cmake_clean_cache' from command line to 'False'
[5.602s] Level 5:colcon.colcon_core.verb:set package 'simple_interfaces' build argument 'cmake_clean_first' from command line to 'False'
[5.602s] Level 5:colcon.colcon_core.verb:set package 'simple_interfaces' build argument 'cmake_force_configure' from command line to 'False'
[5.602s] Level 5:colcon.colcon_core.verb:set package 'simple_interfaces' build argument 'ament_cmake_args' from command line to 'None'
[5.602s] Level 5:colcon.colcon_core.verb:set package 'simple_interfaces' build argument 'catkin_cmake_args' from command line to 'None'
[5.602s] Level 5:colcon.colcon_core.verb:set package 'simple_interfaces' build argument 'catkin_skip_building_tests' from command line to 'False'
[5.603s] DEBUG:colcon.colcon_core.verb:Building package 'simple_interfaces' with the following arguments: {'ament_cmake_args': None, 'build_base': '/home/teng/ros2_ws/build/simple_interfaces', 'catkin_cmake_args': None, 'catkin_skip_building_tests': False, 'cmake_args': None, 'cmake_clean_cache': False, 'cmake_clean_first': False, 'cmake_force_configure': False, 'cmake_target': None, 'cmake_target_skip_unavailable': False, 'install_base': '/home/teng/ros2_ws/install/simple_interfaces', 'merge_install': False, 'path': '/home/teng/ros2_ws/src/simple_interfaces', 'symlink_install': True, 'test_result_base': None}
[5.659s] INFO:colcon.colcon_core.executor:Executing jobs using 'parallel' executor
[5.721s] DEBUG:colcon.colcon_parallel_executor.executor.parallel:run_until_complete
[5.722s] INFO:colcon.colcon_ros.task.ament_cmake.build:Building ROS package in '/home/teng/ros2_ws/src/simple_interfaces' with build type 'ament_cmake'
[5.723s] INFO:colcon.colcon_cmake.task.cmake.build:Building CMake package in '/home/teng/ros2_ws/src/simple_interfaces'
[5.802s] INFO:colcon.colcon_core.plugin_system:Skipping extension 'colcon_core.shell.bat': Not used on non-Windows systems
[5.804s] INFO:colcon.colcon_core.shell:Skip shell extension 'powershell' for command environment: Not usable outside of PowerShell
[5.804s] DEBUG:colcon.colcon_core.shell:Skip shell extension 'dsv' for command environment
[6.034s] DEBUG:colcon.colcon_core.event_handler.log_command:Invoking command in '/home/teng/ros2_ws/build/simple_interfaces': CMAKE_PREFIX_PATH=${CMAKE_PREFIX_PATH}:/home/teng/ros2_ws/install/sensor_msgs_py:/home/teng/ros2_ws/install/experiment1:/opt/ros/humble /usr/bin/cmake --build /home/teng/ros2_ws/build/simple_interfaces -- -j4 -l4
[80.125s] DEBUG:colcon.colcon_core.event_handler.log_command:Invoked command in '/home/teng/ros2_ws/build/simple_interfaces' returned '0': CMAKE_PREFIX_PATH=${CMAKE_PREFIX_PATH}:/home/teng/ros2_ws/install/sensor_msgs_py:/home/teng/ros2_ws/install/experiment1:/opt/ros/humble /usr/bin/cmake --build /home/teng/ros2_ws/build/simple_interfaces -- -j4 -l4
[81.894s] DEBUG:colcon.colcon_core.event_handler.log_command:Invoking command in '/home/teng/ros2_ws/build/simple_interfaces': CMAKE_PREFIX_PATH=${CMAKE_PREFIX_PATH}:/home/teng/ros2_ws/install/sensor_msgs_py:/home/teng/ros2_ws/install/experiment1:/opt/ros/humble /usr/bin/cmake --install /home/teng/ros2_ws/build/simple_interfaces
[82.646s] Level 1:colcon.colcon_core.environment:create_environment_scripts_only(simple_interfaces)
[82.648s] DEBUG:colcon.colcon_core.event_handler.log_command:Invoked command in '/home/teng/ros2_ws/build/simple_interfaces' returned '0': CMAKE_PREFIX_PATH=${CMAKE_PREFIX_PATH}:/home/teng/ros2_ws/install/sensor_msgs_py:/home/teng/ros2_ws/install/experiment1:/opt/ros/humble /usr/bin/cmake --install /home/teng/ros2_ws/build/simple_interfaces
[82.761s] Level 1:colcon.colcon_core.environment:checking '/home/teng/ros2_ws/install/simple_interfaces' for CMake module files
[82.766s] Level 1:colcon.colcon_core.environment:checking '/home/teng/ros2_ws/install/simple_interfaces' for CMake config files
[82.774s] Level 1:colcon.colcon_core.shell:create_environment_hook('simple_interfaces', 'cmake_prefix_path')
[82.866s] INFO:colcon.colcon_core.shell:Creating environment hook '/home/teng/ros2_ws/install/simple_interfaces/share/simple_interfaces/hook/cmake_prefix_path.ps1'
[82.870s] INFO:colcon.colcon_core.shell:Creating environment descriptor '/home/teng/ros2_ws/install/simple_interfaces/share/simple_interfaces/hook/cmake_prefix_path.dsv'
[82.875s] INFO:colcon.colcon_core.shell:Creating environment hook '/home/teng/ros2_ws/install/simple_interfaces/share/simple_interfaces/hook/cmake_prefix_path.sh'
[82.880s] Level 1:colcon.colcon_core.environment:checking '/home/teng/ros2_ws/install/simple_interfaces/lib'
[82.882s] Level 1:colcon.colcon_core.shell:create_environment_hook('simple_interfaces', 'ld_library_path_lib')
[82.973s] INFO:colcon.colcon_core.shell:Creating environment hook '/home/teng/ros2_ws/install/simple_interfaces/share/simple_interfaces/hook/ld_library_path_lib.ps1'
[82.976s] INFO:colcon.colcon_core.shell:Creating environment descriptor '/home/teng/ros2_ws/install/simple_interfaces/share/simple_interfaces/hook/ld_library_path_lib.dsv'
[82.979s] INFO:colcon.colcon_core.shell:Creating environment hook '/home/teng/ros2_ws/install/simple_interfaces/share/simple_interfaces/hook/ld_library_path_lib.sh'
[82.982s] Level 1:colcon.colcon_core.environment:checking '/home/teng/ros2_ws/install/simple_interfaces/bin'
[82.982s] Level 1:colcon.colcon_core.environment:checking '/home/teng/ros2_ws/install/simple_interfaces/lib/pkgconfig/simple_interfaces.pc'
[82.984s] Level 1:colcon.colcon_core.environment:checking '/home/teng/ros2_ws/install/simple_interfaces/lib/python3.10/site-packages'
[82.985s] Level 1:colcon.colcon_core.environment:checking '/home/teng/ros2_ws/install/simple_interfaces/bin'
[83.082s] INFO:colcon.colcon_core.shell:Creating package script '/home/teng/ros2_ws/install/simple_interfaces/share/simple_interfaces/package.ps1'
[83.088s] INFO:colcon.colcon_core.shell:Creating package descriptor '/home/teng/ros2_ws/install/simple_interfaces/share/simple_interfaces/package.dsv'
[83.100s] INFO:colcon.colcon_core.shell:Creating package script '/home/teng/ros2_ws/install/simple_interfaces/share/simple_interfaces/package.sh'
[83.105s] INFO:colcon.colcon_core.shell:Creating package script '/home/teng/ros2_ws/install/simple_interfaces/share/simple_interfaces/package.bash'
[83.111s] INFO:colcon.colcon_core.shell:Creating package script '/home/teng/ros2_ws/install/simple_interfaces/share/simple_interfaces/package.zsh'
[83.116s] Level 1:colcon.colcon_core.environment:create_file_with_runtime_dependencies(/home/teng/ros2_ws/install/simple_interfaces/share/colcon-core/packages/simple_interfaces)
[84.764s] Level 1:colcon.colcon_core.environment:create_environment_scripts_only(simple_interfaces)
[84.935s] Level 1:colcon.colcon_core.environment:checking '/home/teng/ros2_ws/install/simple_interfaces' for CMake module files
[84.941s] Level 1:colcon.colcon_core.environment:checking '/home/teng/ros2_ws/install/simple_interfaces' for CMake config files
[84.951s] Level 1:colcon.colcon_core.shell:create_environment_hook('simple_interfaces', 'cmake_prefix_path')
[85.045s] INFO:colcon.colcon_core.shell:Creating environment hook '/home/teng/ros2_ws/install/simple_interfaces/share/simple_interfaces/hook/cmake_prefix_path.ps1'
[85.048s] INFO:colcon.colcon_core.shell:Creating environment descriptor '/home/teng/ros2_ws/install/simple_interfaces/share/simple_interfaces/hook/cmake_prefix_path.dsv'
[85.050s] INFO:colcon.colcon_core.shell:Creating environment hook '/home/teng/ros2_ws/install/simple_interfaces/share/simple_interfaces/hook/cmake_prefix_path.sh'
[85.053s] Level 1:colcon.colcon_core.environment:checking '/home/teng/ros2_ws/install/simple_interfaces/lib'
[85.054s] Level 1:colcon.colcon_core.shell:create_environment_hook('simple_interfaces', 'ld_library_path_lib')
[85.138s] INFO:colcon.colcon_core.shell:Creating environment hook '/home/teng/ros2_ws/install/simple_interfaces/share/simple_interfaces/hook/ld_library_path_lib.ps1'
[85.141s] INFO:colcon.colcon_core.shell:Creating environment descriptor '/home/teng/ros2_ws/install/simple_interfaces/share/simple_interfaces/hook/ld_library_path_lib.dsv'
[85.143s] INFO:colcon.colcon_core.shell:Creating environment hook '/home/teng/ros2_ws/install/simple_interfaces/share/simple_interfaces/hook/ld_library_path_lib.sh'
[85.145s] Level 1:colcon.colcon_core.environment:checking '/home/teng/ros2_ws/install/simple_interfaces/bin'
[85.146s] Level 1:colcon.colcon_core.environment:checking '/home/teng/ros2_ws/install/simple_interfaces/lib/pkgconfig/simple_interfaces.pc'
[85.147s] Level 1:colcon.colcon_core.environment:checking '/home/teng/ros2_ws/install/simple_interfaces/lib/python3.10/site-packages'
[85.149s] Level 1:colcon.colcon_core.environment:checking '/home/teng/ros2_ws/install/simple_interfaces/bin'
[85.233s] INFO:colcon.colcon_core.shell:Creating package script '/home/teng/ros2_ws/install/simple_interfaces/share/simple_interfaces/package.ps1'
[85.236s] INFO:colcon.colcon_core.shell:Creating package descriptor '/home/teng/ros2_ws/install/simple_interfaces/share/simple_interfaces/package.dsv'
[85.240s] INFO:colcon.colcon_core.shell:Creating package script '/home/teng/ros2_ws/install/simple_interfaces/share/simple_interfaces/package.sh'
[85.242s] INFO:colcon.colcon_core.shell:Creating package script '/home/teng/ros2_ws/install/simple_interfaces/share/simple_interfaces/package.bash'
[85.245s] INFO:colcon.colcon_core.shell:Creating package script '/home/teng/ros2_ws/install/simple_interfaces/share/simple_interfaces/package.zsh'
[85.248s] Level 1:colcon.colcon_core.environment:create_file_with_runtime_dependencies(/home/teng/ros2_ws/install/simple_interfaces/share/colcon-core/packages/simple_interfaces)
[85.249s] DEBUG:colcon.colcon_parallel_executor.executor.parallel:closing loop
[85.251s] DEBUG:colcon.colcon_parallel_executor.executor.parallel:loop closed
[85.251s] DEBUG:colcon.colcon_parallel_executor.executor.parallel:run_until_complete finished with '0'
[85.252s] DEBUG:colcon.colcon_core.event_reactor:joining thread
[85.370s] INFO:colcon.colcon_core.plugin_system:Skipping extension 'colcon_notification.desktop_notification.terminal_notifier': Not used on non-Darwin systems
[85.370s] INFO:colcon.colcon_core.plugin_system:Skipping extension 'colcon_notification.desktop_notification.win32': Not used on non-Windows systems
[85.370s] INFO:colcon.colcon_notification.desktop_notification:Sending desktop notification using 'notify2'
[85.507s] DEBUG:colcon.colcon_core.event_reactor:joined thread
[85.644s] INFO:colcon.colcon_core.shell:Creating prefix script '/home/teng/ros2_ws/install/local_setup.ps1'
[85.651s] INFO:colcon.colcon_core.shell:Creating prefix util module '/home/teng/ros2_ws/install/_local_setup_util_ps1.py'
[85.667s] INFO:colcon.colcon_core.shell:Creating prefix chain script '/home/teng/ros2_ws/install/setup.ps1'
[85.823s] INFO:colcon.colcon_core.shell:Creating prefix script '/home/teng/ros2_ws/install/local_setup.sh'
[85.827s] INFO:colcon.colcon_core.shell:Creating prefix util module '/home/teng/ros2_ws/install/_local_setup_util_sh.py'
[85.830s] INFO:colcon.colcon_core.shell:Creating prefix chain script '/home/teng/ros2_ws/install/setup.sh'
[85.917s] INFO:colcon.colcon_core.shell:Creating prefix script '/home/teng/ros2_ws/install/local_setup.bash'
[85.921s] INFO:colcon.colcon_core.shell:Creating prefix chain script '/home/teng/ros2_ws/install/setup.bash'
[86.013s] INFO:colcon.colcon_core.shell:Creating prefix script '/home/teng/ros2_ws/install/local_setup.zsh'
[86.017s] INFO:colcon.colcon_core.shell:Creating prefix chain script '/home/teng/ros2_ws/install/setup.zsh'
