-- Found ament_cmake: 1.3.5 (/opt/ros/humble/share/ament_cmake/cmake)
-- Override CMake install command with custom implementation using symlinks instead of copying resources
-- Found rosidl_default_generators: 1.2.0 (/opt/ros/humble/share/rosidl_default_generators/cmake)
-- Using all available rosidl_typesupport_c: rosidl_typesupport_fastrtps_c;rosidl_typesupport_introspection_c
-- Found rosidl_adapter: 3.1.5 (/opt/ros/humble/share/rosidl_adapter/cmake)
-- Using all available rosidl_typesupport_cpp: rosidl_typesupport_fastrtps_cpp;rosidl_typesupport_introspection_cpp
-- Found ament_cmake_ros: 0.10.0 (/opt/ros/humble/share/ament_cmake_ros/cmake)
-- Using all available rosidl_typesupport_c: rosidl_typesupport_fastrtps_c;rosidl_typesupport_introspection_c
-- Using all available rosidl_typesupport_cpp: rosidl_typesupport_fastrtps_cpp;rosidl_typesupport_introspection_cpp
-- Found python_cmake_module: 0.10.0 (/opt/ros/humble/share/python_cmake_module/cmake)
-- Using PYTHON_EXECUTABLE: /usr/bin/python3
-- Using PYTHON_INCLUDE_DIRS: /usr/include/python3.10
-- Using PYTHON_LIBRARIES: /usr/lib/aarch64-linux-gnu/libpython3.10.so
-- Configuring done
-- Generating done
-- Build files have been written to: /home/teng/ros2_ws/build/simple_interfaces
[  1%] [34m[1mGenerating C code for ROS interfaces[0m
[  2%] [34m[1mGenerating C++ code for ROS interfaces[0m
[  2%] Built target ament_cmake_python_symlink_simple_interfaces
running egg_info
writing simple_interfaces.egg-info/PKG-INFO
writing dependency_links to simple_interfaces.egg-info/dependency_links.txt
writing top-level names to simple_interfaces.egg-info/top_level.txt
reading manifest file 'simple_interfaces.egg-info/SOURCES.txt'
writing manifest file 'simple_interfaces.egg-info/SOURCES.txt'
[  2%] Built target ament_cmake_python_build_simple_interfaces_egg
[  2%] Built target simple_interfaces__cpp
[  3%] [34m[1mGenerating C++ type support for eProsima Fast-RTPS[0m
[  5%] [34m[1mGenerating C++ introspection for ROS interfaces[0m
[  6%] [34m[1mGenerating C++ type support dispatch for ROS interfaces[0m
[35m[1mConsolidate compiler generated dependencies of target simple_interfaces__rosidl_generator_c[0m
[  7%] [32mBuilding C object CMakeFiles/simple_interfaces__rosidl_generator_c.dir/rosidl_generator_c/simple_interfaces/msg/detail/hardware_status__functions.c.o[0m
[  8%] [32mBuilding C object CMakeFiles/simple_interfaces__rosidl_generator_c.dir/rosidl_generator_c/simple_interfaces/msg/detail/led_state_array__functions.c.o[0m
[ 10%] [32mBuilding C object CMakeFiles/simple_interfaces__rosidl_generator_c.dir/rosidl_generator_c/simple_interfaces/msg/detail/button_state__functions.c.o[0m
[ 11%] [32mBuilding C object CMakeFiles/simple_interfaces__rosidl_generator_c.dir/rosidl_generator_c/simple_interfaces/msg/detail/joystick_scalar_value__functions.c.o[0m
[ 12%] [32mBuilding C object CMakeFiles/simple_interfaces__rosidl_generator_c.dir/rosidl_generator_c/simple_interfaces/srv/detail/ex_service__functions.c.o[0m
[ 13%] [32mBuilding C object CMakeFiles/simple_interfaces__rosidl_generator_c.dir/rosidl_generator_c/simple_interfaces/srv/detail/set_led__functions.c.o[0m
[ 15%] [32mBuilding C object CMakeFiles/simple_interfaces__rosidl_generator_c.dir/rosidl_generator_c/simple_interfaces/srv/detail/set_joystick_scalar__functions.c.o[0m
[ 16%] [32m[1mLinking C shared library libsimple_interfaces__rosidl_generator_c.so[0m
[35m[1mConsolidate compiler generated dependencies of target simple_interfaces__rosidl_typesupport_cpp[0m
[ 17%] [32mBuilding CXX object CMakeFiles/simple_interfaces__rosidl_typesupport_cpp.dir/rosidl_typesupport_cpp/simple_interfaces/msg/hardware_status__type_support.cpp.o[0m
[ 17%] Built target simple_interfaces__rosidl_generator_c
[ 18%] [34m[1mGenerating C type support for eProsima Fast-RTPS[0m
[35m[1mConsolidate compiler generated dependencies of target simple_interfaces__rosidl_typesupport_fastrtps_cpp[0m
[ 20%] [32mBuilding CXX object CMakeFiles/simple_interfaces__rosidl_typesupport_fastrtps_cpp.dir/rosidl_typesupport_fastrtps_cpp/simple_interfaces/msg/detail/dds_fastrtps/hardware_status__type_support.cpp.o[0m
[35m[1mConsolidate compiler generated dependencies of target simple_interfaces__rosidl_typesupport_introspection_cpp[0m
[ 21%] [32mBuilding CXX object CMakeFiles/simple_interfaces__rosidl_typesupport_introspection_cpp.dir/rosidl_typesupport_introspection_cpp/simple_interfaces/msg/detail/hardware_status__type_support.cpp.o[0m
[ 22%] [32mBuilding CXX object CMakeFiles/simple_interfaces__rosidl_typesupport_cpp.dir/rosidl_typesupport_cpp/simple_interfaces/msg/led_state_array__type_support.cpp.o[0m
[ 24%] [32mBuilding CXX object CMakeFiles/simple_interfaces__rosidl_typesupport_fastrtps_cpp.dir/rosidl_typesupport_fastrtps_cpp/simple_interfaces/msg/detail/dds_fastrtps/led_state_array__type_support.cpp.o[0m
[ 25%] [32mBuilding CXX object CMakeFiles/simple_interfaces__rosidl_typesupport_introspection_cpp.dir/rosidl_typesupport_introspection_cpp/simple_interfaces/msg/detail/led_state_array__type_support.cpp.o[0m
[ 26%] [32mBuilding CXX object CMakeFiles/simple_interfaces__rosidl_typesupport_cpp.dir/rosidl_typesupport_cpp/simple_interfaces/msg/button_state__type_support.cpp.o[0m
[35m[1mConsolidate compiler generated dependencies of target simple_interfaces__rosidl_typesupport_fastrtps_c[0m
[ 27%] [32mBuilding CXX object CMakeFiles/simple_interfaces__rosidl_typesupport_fastrtps_c.dir/rosidl_typesupport_fastrtps_c/simple_interfaces/msg/detail/hardware_status__type_support_c.cpp.o[0m
[ 29%] [32mBuilding CXX object CMakeFiles/simple_interfaces__rosidl_typesupport_introspection_cpp.dir/rosidl_typesupport_introspection_cpp/simple_interfaces/msg/detail/button_state__type_support.cpp.o[0m
[ 30%] [32mBuilding CXX object CMakeFiles/simple_interfaces__rosidl_typesupport_cpp.dir/rosidl_typesupport_cpp/simple_interfaces/msg/joystick_scalar_value__type_support.cpp.o[0m
[ 31%] [32mBuilding CXX object CMakeFiles/simple_interfaces__rosidl_typesupport_fastrtps_cpp.dir/rosidl_typesupport_fastrtps_cpp/simple_interfaces/msg/detail/dds_fastrtps/button_state__type_support.cpp.o[0m
[ 32%] [32mBuilding CXX object CMakeFiles/simple_interfaces__rosidl_typesupport_fastrtps_c.dir/rosidl_typesupport_fastrtps_c/simple_interfaces/msg/detail/led_state_array__type_support_c.cpp.o[0m
[ 34%] [32mBuilding CXX object CMakeFiles/simple_interfaces__rosidl_typesupport_cpp.dir/rosidl_typesupport_cpp/simple_interfaces/srv/ex_service__type_support.cpp.o[0m
[ 35%] [32mBuilding CXX object CMakeFiles/simple_interfaces__rosidl_typesupport_fastrtps_c.dir/rosidl_typesupport_fastrtps_c/simple_interfaces/msg/detail/button_state__type_support_c.cpp.o[0m
[ 36%] [32mBuilding CXX object CMakeFiles/simple_interfaces__rosidl_typesupport_cpp.dir/rosidl_typesupport_cpp/simple_interfaces/srv/set_led__type_support.cpp.o[0m
[ 37%] [32mBuilding CXX object CMakeFiles/simple_interfaces__rosidl_typesupport_introspection_cpp.dir/rosidl_typesupport_introspection_cpp/simple_interfaces/msg/detail/joystick_scalar_value__type_support.cpp.o[0m
[ 39%] [32mBuilding CXX object CMakeFiles/simple_interfaces__rosidl_typesupport_fastrtps_cpp.dir/rosidl_typesupport_fastrtps_cpp/simple_interfaces/msg/detail/dds_fastrtps/joystick_scalar_value__type_support.cpp.o[0m
[ 40%] [32mBuilding CXX object CMakeFiles/simple_interfaces__rosidl_typesupport_cpp.dir/rosidl_typesupport_cpp/simple_interfaces/srv/set_joystick_scalar__type_support.cpp.o[0m
[ 41%] [32mBuilding CXX object CMakeFiles/simple_interfaces__rosidl_typesupport_fastrtps_c.dir/rosidl_typesupport_fastrtps_c/simple_interfaces/msg/detail/joystick_scalar_value__type_support_c.cpp.o[0m
[ 43%] [32mBuilding CXX object CMakeFiles/simple_interfaces__rosidl_typesupport_fastrtps_cpp.dir/rosidl_typesupport_fastrtps_cpp/simple_interfaces/srv/detail/dds_fastrtps/ex_service__type_support.cpp.o[0m
[ 44%] [32mBuilding CXX object CMakeFiles/simple_interfaces__rosidl_typesupport_introspection_cpp.dir/rosidl_typesupport_introspection_cpp/simple_interfaces/srv/detail/ex_service__type_support.cpp.o[0m
[ 45%] [32m[1mLinking CXX shared library libsimple_interfaces__rosidl_typesupport_cpp.so[0m
[ 45%] Built target simple_interfaces__rosidl_typesupport_cpp
[ 46%] [32mBuilding CXX object CMakeFiles/simple_interfaces__rosidl_typesupport_fastrtps_cpp.dir/rosidl_typesupport_fastrtps_cpp/simple_interfaces/srv/detail/dds_fastrtps/set_led__type_support.cpp.o[0m
[ 48%] [32mBuilding CXX object CMakeFiles/simple_interfaces__rosidl_typesupport_fastrtps_c.dir/rosidl_typesupport_fastrtps_c/simple_interfaces/srv/detail/ex_service__type_support_c.cpp.o[0m
[ 49%] [32mBuilding CXX object CMakeFiles/simple_interfaces__rosidl_typesupport_introspection_cpp.dir/rosidl_typesupport_introspection_cpp/simple_interfaces/srv/detail/set_led__type_support.cpp.o[0m
[ 50%] [32mBuilding CXX object CMakeFiles/simple_interfaces__rosidl_typesupport_fastrtps_cpp.dir/rosidl_typesupport_fastrtps_cpp/simple_interfaces/srv/detail/dds_fastrtps/set_joystick_scalar__type_support.cpp.o[0m
[ 51%] [32mBuilding CXX object CMakeFiles/simple_interfaces__rosidl_typesupport_fastrtps_c.dir/rosidl_typesupport_fastrtps_c/simple_interfaces/srv/detail/set_led__type_support_c.cpp.o[0m
[ 53%] [32mBuilding CXX object CMakeFiles/simple_interfaces__rosidl_typesupport_introspection_cpp.dir/rosidl_typesupport_introspection_cpp/simple_interfaces/srv/detail/set_joystick_scalar__type_support.cpp.o[0m
[ 54%] [32m[1mLinking CXX shared library libsimple_interfaces__rosidl_typesupport_fastrtps_cpp.so[0m
[ 54%] Built target simple_interfaces__rosidl_typesupport_fastrtps_cpp
[ 55%] [32mBuilding CXX object CMakeFiles/simple_interfaces__rosidl_typesupport_fastrtps_c.dir/rosidl_typesupport_fastrtps_c/simple_interfaces/srv/detail/set_joystick_scalar__type_support_c.cpp.o[0m
[ 56%] [32m[1mLinking CXX shared library libsimple_interfaces__rosidl_typesupport_introspection_cpp.so[0m
[ 56%] Built target simple_interfaces__rosidl_typesupport_introspection_cpp
[ 58%] [32m[1mLinking CXX shared library libsimple_interfaces__rosidl_typesupport_fastrtps_c.so[0m
[ 58%] Built target simple_interfaces__rosidl_typesupport_fastrtps_c
[ 59%] [34m[1mGenerating C type support dispatch for ROS interfaces[0m
[35m[1mConsolidate compiler generated dependencies of target simple_interfaces__rosidl_typesupport_c[0m
[ 60%] [32mBuilding CXX object CMakeFiles/simple_interfaces__rosidl_typesupport_c.dir/rosidl_typesupport_c/simple_interfaces/msg/hardware_status__type_support.cpp.o[0m
[ 62%] [32mBuilding CXX object CMakeFiles/simple_interfaces__rosidl_typesupport_c.dir/rosidl_typesupport_c/simple_interfaces/msg/button_state__type_support.cpp.o[0m
[ 63%] [32mBuilding CXX object CMakeFiles/simple_interfaces__rosidl_typesupport_c.dir/rosidl_typesupport_c/simple_interfaces/msg/joystick_scalar_value__type_support.cpp.o[0m
[ 64%] [32mBuilding CXX object CMakeFiles/simple_interfaces__rosidl_typesupport_c.dir/rosidl_typesupport_c/simple_interfaces/srv/ex_service__type_support.cpp.o[0m
[ 65%] [32mBuilding CXX object CMakeFiles/simple_interfaces__rosidl_typesupport_c.dir/rosidl_typesupport_c/simple_interfaces/srv/set_led__type_support.cpp.o[0m
[ 67%] [32mBuilding CXX object CMakeFiles/simple_interfaces__rosidl_typesupport_c.dir/rosidl_typesupport_c/simple_interfaces/srv/set_joystick_scalar__type_support.cpp.o[0m
[ 68%] [32mBuilding CXX object CMakeFiles/simple_interfaces__rosidl_typesupport_c.dir/rosidl_typesupport_c/simple_interfaces/msg/led_state_array__type_support.cpp.o[0m
[ 69%] [32m[1mLinking CXX shared library libsimple_interfaces__rosidl_typesupport_c.so[0m
[ 69%] Built target simple_interfaces__rosidl_typesupport_c
[ 70%] [34m[1mGenerating C introspection for ROS interfaces[0m
[35m[1mConsolidate compiler generated dependencies of target simple_interfaces__rosidl_typesupport_introspection_c[0m
[ 72%] [32mBuilding C object CMakeFiles/simple_interfaces__rosidl_typesupport_introspection_c.dir/rosidl_typesupport_introspection_c/simple_interfaces/msg/detail/hardware_status__type_support.c.o[0m
[ 73%] [32mBuilding C object CMakeFiles/simple_interfaces__rosidl_typesupport_introspection_c.dir/rosidl_typesupport_introspection_c/simple_interfaces/msg/detail/joystick_scalar_value__type_support.c.o[0m
[ 74%] [32mBuilding C object CMakeFiles/simple_interfaces__rosidl_typesupport_introspection_c.dir/rosidl_typesupport_introspection_c/simple_interfaces/srv/detail/ex_service__type_support.c.o[0m
[ 75%] [32mBuilding C object CMakeFiles/simple_interfaces__rosidl_typesupport_introspection_c.dir/rosidl_typesupport_introspection_c/simple_interfaces/srv/detail/set_led__type_support.c.o[0m
[ 77%] [32mBuilding C object CMakeFiles/simple_interfaces__rosidl_typesupport_introspection_c.dir/rosidl_typesupport_introspection_c/simple_interfaces/srv/detail/set_joystick_scalar__type_support.c.o[0m
[ 78%] [32mBuilding C object CMakeFiles/simple_interfaces__rosidl_typesupport_introspection_c.dir/rosidl_typesupport_introspection_c/simple_interfaces/msg/detail/button_state__type_support.c.o[0m
[ 79%] [32mBuilding C object CMakeFiles/simple_interfaces__rosidl_typesupport_introspection_c.dir/rosidl_typesupport_introspection_c/simple_interfaces/msg/detail/led_state_array__type_support.c.o[0m
[ 81%] [32m[1mLinking C shared library libsimple_interfaces__rosidl_typesupport_introspection_c.so[0m
[ 81%] Built target simple_interfaces__rosidl_typesupport_introspection_c
[ 81%] Built target simple_interfaces
[ 82%] [34m[1mGenerating Python code for ROS interfaces[0m
[ 82%] Built target simple_interfaces__py
[35m[1mConsolidate compiler generated dependencies of target simple_interfaces__rosidl_generator_py[0m
[ 83%] [32mBuilding C object CMakeFiles/simple_interfaces__rosidl_generator_py.dir/rosidl_generator_py/simple_interfaces/msg/_hardware_status_s.c.o[0m
[ 84%] [32mBuilding C object CMakeFiles/simple_interfaces__rosidl_generator_py.dir/rosidl_generator_py/simple_interfaces/msg/_joystick_scalar_value_s.c.o[0m
[ 86%] [32mBuilding C object CMakeFiles/simple_interfaces__rosidl_generator_py.dir/rosidl_generator_py/simple_interfaces/srv/_ex_service_s.c.o[0m
[ 87%] [32mBuilding C object CMakeFiles/simple_interfaces__rosidl_generator_py.dir/rosidl_generator_py/simple_interfaces/srv/_set_led_s.c.o[0m
[ 88%] [32mBuilding C object CMakeFiles/simple_interfaces__rosidl_generator_py.dir/rosidl_generator_py/simple_interfaces/srv/_set_joystick_scalar_s.c.o[0m
[ 89%] [32mBuilding C object CMakeFiles/simple_interfaces__rosidl_generator_py.dir/rosidl_generator_py/simple_interfaces/msg/_button_state_s.c.o[0m
[ 91%] [32mBuilding C object CMakeFiles/simple_interfaces__rosidl_generator_py.dir/rosidl_generator_py/simple_interfaces/msg/_led_state_array_s.c.o[0m
[ 92%] [32m[1mLinking C shared library rosidl_generator_py/simple_interfaces/libsimple_interfaces__rosidl_generator_py.so[0m
[ 92%] Built target simple_interfaces__rosidl_generator_py
[35m[1mConsolidate compiler generated dependencies of target simple_interfaces__rosidl_typesupport_fastrtps_c__pyext[0m
[35m[1mConsolidate compiler generated dependencies of target simple_interfaces__rosidl_typesupport_introspection_c__pyext[0m
[ 93%] [32mBuilding C object CMakeFiles/simple_interfaces__rosidl_typesupport_fastrtps_c__pyext.dir/rosidl_generator_py/simple_interfaces/_simple_interfaces_s.ep.rosidl_typesupport_fastrtps_c.c.o[0m
[ 94%] [32mBuilding C object CMakeFiles/simple_interfaces__rosidl_typesupport_introspection_c__pyext.dir/rosidl_generator_py/simple_interfaces/_simple_interfaces_s.ep.rosidl_typesupport_introspection_c.c.o[0m
[ 96%] [32m[1mLinking C shared library rosidl_generator_py/simple_interfaces/simple_interfaces_s__rosidl_typesupport_introspection_c.cpython-310-aarch64-linux-gnu.so[0m
[ 97%] [32m[1mLinking C shared library rosidl_generator_py/simple_interfaces/simple_interfaces_s__rosidl_typesupport_fastrtps_c.cpython-310-aarch64-linux-gnu.so[0m
[ 97%] Built target simple_interfaces__rosidl_typesupport_introspection_c__pyext
[ 97%] Built target simple_interfaces__rosidl_typesupport_fastrtps_c__pyext
[35m[1mConsolidate compiler generated dependencies of target simple_interfaces__rosidl_typesupport_c__pyext[0m
[ 98%] [32mBuilding C object CMakeFiles/simple_interfaces__rosidl_typesupport_c__pyext.dir/rosidl_generator_py/simple_interfaces/_simple_interfaces_s.ep.rosidl_typesupport_c.c.o[0m
[100%] [32m[1mLinking C shared library rosidl_generator_py/simple_interfaces/simple_interfaces_s__rosidl_typesupport_c.cpython-310-aarch64-linux-gnu.so[0m
[100%] Built target simple_interfaces__rosidl_typesupport_c__pyext
-- Install configuration: ""
-- Execute custom install script
-- Up-to-date symlink: /home/teng/ros2_ws/install/simple_interfaces/share/ament_index/resource_index/rosidl_interfaces/simple_interfaces
-- Up-to-date symlink: /home/teng/ros2_ws/install/simple_interfaces/include/simple_interfaces/simple_interfaces/msg/button_state.h
-- Up-to-date symlink: /home/teng/ros2_ws/install/simple_interfaces/include/simple_interfaces/simple_interfaces/msg/detail/button_state__functions.h
-- Up-to-date symlink: /home/teng/ros2_ws/install/simple_interfaces/include/simple_interfaces/simple_interfaces/msg/detail/button_state__struct.h
-- Up-to-date symlink: /home/teng/ros2_ws/install/simple_interfaces/include/simple_interfaces/simple_interfaces/msg/detail/button_state__type_support.h
-- Up-to-date symlink: /home/teng/ros2_ws/install/simple_interfaces/include/simple_interfaces/simple_interfaces/msg/detail/hardware_status__functions.h
-- Up-to-date symlink: /home/teng/ros2_ws/install/simple_interfaces/include/simple_interfaces/simple_interfaces/msg/detail/hardware_status__struct.h
-- Up-to-date symlink: /home/teng/ros2_ws/install/simple_interfaces/include/simple_interfaces/simple_interfaces/msg/detail/hardware_status__type_support.h
-- Up-to-date symlink: /home/teng/ros2_ws/install/simple_interfaces/include/simple_interfaces/simple_interfaces/msg/detail/joystick_scalar_value__functions.h
-- Up-to-date symlink: /home/teng/ros2_ws/install/simple_interfaces/include/simple_interfaces/simple_interfaces/msg/detail/joystick_scalar_value__struct.h
-- Up-to-date symlink: /home/teng/ros2_ws/install/simple_interfaces/include/simple_interfaces/simple_interfaces/msg/detail/joystick_scalar_value__type_support.h
-- Up-to-date symlink: /home/teng/ros2_ws/install/simple_interfaces/include/simple_interfaces/simple_interfaces/msg/detail/led_state_array__functions.h
-- Up-to-date symlink: /home/teng/ros2_ws/install/simple_interfaces/include/simple_interfaces/simple_interfaces/msg/detail/led_state_array__struct.h
-- Up-to-date symlink: /home/teng/ros2_ws/install/simple_interfaces/include/simple_interfaces/simple_interfaces/msg/detail/led_state_array__type_support.h
-- Up-to-date symlink: /home/teng/ros2_ws/install/simple_interfaces/include/simple_interfaces/simple_interfaces/msg/hardware_status.h
-- Up-to-date symlink: /home/teng/ros2_ws/install/simple_interfaces/include/simple_interfaces/simple_interfaces/msg/joystick_scalar_value.h
-- Up-to-date symlink: /home/teng/ros2_ws/install/simple_interfaces/include/simple_interfaces/simple_interfaces/msg/led_state_array.h
-- Up-to-date symlink: /home/teng/ros2_ws/install/simple_interfaces/include/simple_interfaces/simple_interfaces/msg/rosidl_generator_c__visibility_control.h
-- Up-to-date symlink: /home/teng/ros2_ws/install/simple_interfaces/include/simple_interfaces/simple_interfaces/srv/detail/ex_service__functions.h
-- Up-to-date symlink: /home/teng/ros2_ws/install/simple_interfaces/include/simple_interfaces/simple_interfaces/srv/detail/ex_service__struct.h
-- Up-to-date symlink: /home/teng/ros2_ws/install/simple_interfaces/include/simple_interfaces/simple_interfaces/srv/detail/ex_service__type_support.h
-- Up-to-date symlink: /home/teng/ros2_ws/install/simple_interfaces/include/simple_interfaces/simple_interfaces/srv/detail/set_joystick_scalar__functions.h
-- Up-to-date symlink: /home/teng/ros2_ws/install/simple_interfaces/include/simple_interfaces/simple_interfaces/srv/detail/set_joystick_scalar__struct.h
-- Up-to-date symlink: /home/teng/ros2_ws/install/simple_interfaces/include/simple_interfaces/simple_interfaces/srv/detail/set_joystick_scalar__type_support.h
-- Up-to-date symlink: /home/teng/ros2_ws/install/simple_interfaces/include/simple_interfaces/simple_interfaces/srv/detail/set_led__functions.h
-- Up-to-date symlink: /home/teng/ros2_ws/install/simple_interfaces/include/simple_interfaces/simple_interfaces/srv/detail/set_led__struct.h
-- Up-to-date symlink: /home/teng/ros2_ws/install/simple_interfaces/include/simple_interfaces/simple_interfaces/srv/detail/set_led__type_support.h
-- Up-to-date symlink: /home/teng/ros2_ws/install/simple_interfaces/include/simple_interfaces/simple_interfaces/srv/ex_service.h
-- Up-to-date symlink: /home/teng/ros2_ws/install/simple_interfaces/include/simple_interfaces/simple_interfaces/srv/set_joystick_scalar.h
-- Up-to-date symlink: /home/teng/ros2_ws/install/simple_interfaces/include/simple_interfaces/simple_interfaces/srv/set_led.h
-- Up-to-date symlink: /home/teng/ros2_ws/install/simple_interfaces/share/simple_interfaces/environment/library_path.sh
-- Up-to-date symlink: /home/teng/ros2_ws/install/simple_interfaces/share/simple_interfaces/environment/library_path.dsv
-- Up-to-date symlink: /home/teng/ros2_ws/install/simple_interfaces/include/simple_interfaces/simple_interfaces/msg/detail/button_state__rosidl_typesupport_fastrtps_c.h
-- Up-to-date symlink: /home/teng/ros2_ws/install/simple_interfaces/include/simple_interfaces/simple_interfaces/msg/detail/hardware_status__rosidl_typesupport_fastrtps_c.h
-- Up-to-date symlink: /home/teng/ros2_ws/install/simple_interfaces/include/simple_interfaces/simple_interfaces/msg/detail/joystick_scalar_value__rosidl_typesupport_fastrtps_c.h
-- Up-to-date symlink: /home/teng/ros2_ws/install/simple_interfaces/include/simple_interfaces/simple_interfaces/msg/detail/led_state_array__rosidl_typesupport_fastrtps_c.h
-- Up-to-date symlink: /home/teng/ros2_ws/install/simple_interfaces/include/simple_interfaces/simple_interfaces/msg/rosidl_typesupport_fastrtps_c__visibility_control.h
-- Up-to-date symlink: /home/teng/ros2_ws/install/simple_interfaces/include/simple_interfaces/simple_interfaces/srv/detail/ex_service__rosidl_typesupport_fastrtps_c.h
-- Up-to-date symlink: /home/teng/ros2_ws/install/simple_interfaces/include/simple_interfaces/simple_interfaces/srv/detail/set_joystick_scalar__rosidl_typesupport_fastrtps_c.h
-- Up-to-date symlink: /home/teng/ros2_ws/install/simple_interfaces/include/simple_interfaces/simple_interfaces/srv/detail/set_led__rosidl_typesupport_fastrtps_c.h
-- Up-to-date symlink: /home/teng/ros2_ws/install/simple_interfaces/include/simple_interfaces/simple_interfaces/msg/detail/button_state__rosidl_typesupport_introspection_c.h
-- Up-to-date symlink: /home/teng/ros2_ws/install/simple_interfaces/include/simple_interfaces/simple_interfaces/msg/detail/hardware_status__rosidl_typesupport_introspection_c.h
-- Up-to-date symlink: /home/teng/ros2_ws/install/simple_interfaces/include/simple_interfaces/simple_interfaces/msg/detail/joystick_scalar_value__rosidl_typesupport_introspection_c.h
-- Up-to-date symlink: /home/teng/ros2_ws/install/simple_interfaces/include/simple_interfaces/simple_interfaces/msg/detail/led_state_array__rosidl_typesupport_introspection_c.h
-- Up-to-date symlink: /home/teng/ros2_ws/install/simple_interfaces/include/simple_interfaces/simple_interfaces/msg/rosidl_typesupport_introspection_c__visibility_control.h
-- Up-to-date symlink: /home/teng/ros2_ws/install/simple_interfaces/include/simple_interfaces/simple_interfaces/srv/detail/ex_service__rosidl_typesupport_introspection_c.h
-- Up-to-date symlink: /home/teng/ros2_ws/install/simple_interfaces/include/simple_interfaces/simple_interfaces/srv/detail/set_joystick_scalar__rosidl_typesupport_introspection_c.h
-- Up-to-date symlink: /home/teng/ros2_ws/install/simple_interfaces/include/simple_interfaces/simple_interfaces/srv/detail/set_led__rosidl_typesupport_introspection_c.h
-- Up-to-date symlink: /home/teng/ros2_ws/install/simple_interfaces/include/simple_interfaces/simple_interfaces/msg/button_state.hpp
-- Up-to-date symlink: /home/teng/ros2_ws/install/simple_interfaces/include/simple_interfaces/simple_interfaces/msg/detail/button_state__builder.hpp
-- Up-to-date symlink: /home/teng/ros2_ws/install/simple_interfaces/include/simple_interfaces/simple_interfaces/msg/detail/button_state__struct.hpp
-- Up-to-date symlink: /home/teng/ros2_ws/install/simple_interfaces/include/simple_interfaces/simple_interfaces/msg/detail/button_state__traits.hpp
-- Up-to-date symlink: /home/teng/ros2_ws/install/simple_interfaces/include/simple_interfaces/simple_interfaces/msg/detail/hardware_status__builder.hpp
-- Up-to-date symlink: /home/teng/ros2_ws/install/simple_interfaces/include/simple_interfaces/simple_interfaces/msg/detail/hardware_status__struct.hpp
-- Up-to-date symlink: /home/teng/ros2_ws/install/simple_interfaces/include/simple_interfaces/simple_interfaces/msg/detail/hardware_status__traits.hpp
-- Up-to-date symlink: /home/teng/ros2_ws/install/simple_interfaces/include/simple_interfaces/simple_interfaces/msg/detail/joystick_scalar_value__builder.hpp
-- Up-to-date symlink: /home/teng/ros2_ws/install/simple_interfaces/include/simple_interfaces/simple_interfaces/msg/detail/joystick_scalar_value__struct.hpp
-- Up-to-date symlink: /home/teng/ros2_ws/install/simple_interfaces/include/simple_interfaces/simple_interfaces/msg/detail/joystick_scalar_value__traits.hpp
-- Up-to-date symlink: /home/teng/ros2_ws/install/simple_interfaces/include/simple_interfaces/simple_interfaces/msg/detail/led_state_array__builder.hpp
-- Up-to-date symlink: /home/teng/ros2_ws/install/simple_interfaces/include/simple_interfaces/simple_interfaces/msg/detail/led_state_array__struct.hpp
-- Up-to-date symlink: /home/teng/ros2_ws/install/simple_interfaces/include/simple_interfaces/simple_interfaces/msg/detail/led_state_array__traits.hpp
-- Up-to-date symlink: /home/teng/ros2_ws/install/simple_interfaces/include/simple_interfaces/simple_interfaces/msg/hardware_status.hpp
-- Up-to-date symlink: /home/teng/ros2_ws/install/simple_interfaces/include/simple_interfaces/simple_interfaces/msg/joystick_scalar_value.hpp
-- Up-to-date symlink: /home/teng/ros2_ws/install/simple_interfaces/include/simple_interfaces/simple_interfaces/msg/led_state_array.hpp
-- Up-to-date symlink: /home/teng/ros2_ws/install/simple_interfaces/include/simple_interfaces/simple_interfaces/srv/detail/ex_service__builder.hpp
-- Up-to-date symlink: /home/teng/ros2_ws/install/simple_interfaces/include/simple_interfaces/simple_interfaces/srv/detail/ex_service__struct.hpp
-- Up-to-date symlink: /home/teng/ros2_ws/install/simple_interfaces/include/simple_interfaces/simple_interfaces/srv/detail/ex_service__traits.hpp
-- Up-to-date symlink: /home/teng/ros2_ws/install/simple_interfaces/include/simple_interfaces/simple_interfaces/srv/detail/set_joystick_scalar__builder.hpp
-- Up-to-date symlink: /home/teng/ros2_ws/install/simple_interfaces/include/simple_interfaces/simple_interfaces/srv/detail/set_joystick_scalar__struct.hpp
-- Up-to-date symlink: /home/teng/ros2_ws/install/simple_interfaces/include/simple_interfaces/simple_interfaces/srv/detail/set_joystick_scalar__traits.hpp
-- Up-to-date symlink: /home/teng/ros2_ws/install/simple_interfaces/include/simple_interfaces/simple_interfaces/srv/detail/set_led__builder.hpp
-- Up-to-date symlink: /home/teng/ros2_ws/install/simple_interfaces/include/simple_interfaces/simple_interfaces/srv/detail/set_led__struct.hpp
-- Up-to-date symlink: /home/teng/ros2_ws/install/simple_interfaces/include/simple_interfaces/simple_interfaces/srv/detail/set_led__traits.hpp
-- Up-to-date symlink: /home/teng/ros2_ws/install/simple_interfaces/include/simple_interfaces/simple_interfaces/srv/ex_service.hpp
-- Up-to-date symlink: /home/teng/ros2_ws/install/simple_interfaces/include/simple_interfaces/simple_interfaces/srv/set_joystick_scalar.hpp
-- Up-to-date symlink: /home/teng/ros2_ws/install/simple_interfaces/include/simple_interfaces/simple_interfaces/srv/set_led.hpp
-- Up-to-date symlink: /home/teng/ros2_ws/install/simple_interfaces/include/simple_interfaces/simple_interfaces/msg/detail/button_state__rosidl_typesupport_fastrtps_cpp.hpp
-- Up-to-date symlink: /home/teng/ros2_ws/install/simple_interfaces/include/simple_interfaces/simple_interfaces/msg/detail/hardware_status__rosidl_typesupport_fastrtps_cpp.hpp
-- Up-to-date symlink: /home/teng/ros2_ws/install/simple_interfaces/include/simple_interfaces/simple_interfaces/msg/detail/joystick_scalar_value__rosidl_typesupport_fastrtps_cpp.hpp
-- Up-to-date symlink: /home/teng/ros2_ws/install/simple_interfaces/include/simple_interfaces/simple_interfaces/msg/detail/led_state_array__rosidl_typesupport_fastrtps_cpp.hpp
-- Up-to-date symlink: /home/teng/ros2_ws/install/simple_interfaces/include/simple_interfaces/simple_interfaces/msg/rosidl_typesupport_fastrtps_cpp__visibility_control.h
-- Up-to-date symlink: /home/teng/ros2_ws/install/simple_interfaces/include/simple_interfaces/simple_interfaces/srv/detail/ex_service__rosidl_typesupport_fastrtps_cpp.hpp
-- Up-to-date symlink: /home/teng/ros2_ws/install/simple_interfaces/include/simple_interfaces/simple_interfaces/srv/detail/set_joystick_scalar__rosidl_typesupport_fastrtps_cpp.hpp
-- Up-to-date symlink: /home/teng/ros2_ws/install/simple_interfaces/include/simple_interfaces/simple_interfaces/srv/detail/set_led__rosidl_typesupport_fastrtps_cpp.hpp
-- Up-to-date symlink: /home/teng/ros2_ws/install/simple_interfaces/include/simple_interfaces/simple_interfaces/msg/detail/button_state__rosidl_typesupport_introspection_cpp.hpp
-- Up-to-date symlink: /home/teng/ros2_ws/install/simple_interfaces/include/simple_interfaces/simple_interfaces/msg/detail/hardware_status__rosidl_typesupport_introspection_cpp.hpp
-- Up-to-date symlink: /home/teng/ros2_ws/install/simple_interfaces/include/simple_interfaces/simple_interfaces/msg/detail/joystick_scalar_value__rosidl_typesupport_introspection_cpp.hpp
-- Up-to-date symlink: /home/teng/ros2_ws/install/simple_interfaces/include/simple_interfaces/simple_interfaces/msg/detail/led_state_array__rosidl_typesupport_introspection_cpp.hpp
-- Up-to-date symlink: /home/teng/ros2_ws/install/simple_interfaces/include/simple_interfaces/simple_interfaces/srv/detail/ex_service__rosidl_typesupport_introspection_cpp.hpp
-- Up-to-date symlink: /home/teng/ros2_ws/install/simple_interfaces/include/simple_interfaces/simple_interfaces/srv/detail/set_joystick_scalar__rosidl_typesupport_introspection_cpp.hpp
-- Up-to-date symlink: /home/teng/ros2_ws/install/simple_interfaces/include/simple_interfaces/simple_interfaces/srv/detail/set_led__rosidl_typesupport_introspection_cpp.hpp
-- Up-to-date symlink: /home/teng/ros2_ws/install/simple_interfaces/share/simple_interfaces/environment/pythonpath.sh
-- Up-to-date symlink: /home/teng/ros2_ws/install/simple_interfaces/share/simple_interfaces/environment/pythonpath.dsv
-- Up-to-date symlink: /home/teng/ros2_ws/install/simple_interfaces/local/lib/python3.10/dist-packages/simple_interfaces-0.0.0-py3.10.egg-info/PKG-INFO
-- Up-to-date symlink: /home/teng/ros2_ws/install/simple_interfaces/local/lib/python3.10/dist-packages/simple_interfaces-0.0.0-py3.10.egg-info/SOURCES.txt
-- Up-to-date symlink: /home/teng/ros2_ws/install/simple_interfaces/local/lib/python3.10/dist-packages/simple_interfaces-0.0.0-py3.10.egg-info/dependency_links.txt
-- Up-to-date symlink: /home/teng/ros2_ws/install/simple_interfaces/local/lib/python3.10/dist-packages/simple_interfaces-0.0.0-py3.10.egg-info/top_level.txt
-- Up-to-date symlink: /home/teng/ros2_ws/install/simple_interfaces/local/lib/python3.10/dist-packages/simple_interfaces/__init__.py
-- Up-to-date symlink: /home/teng/ros2_ws/install/simple_interfaces/local/lib/python3.10/dist-packages/simple_interfaces/_simple_interfaces_s.ep.rosidl_typesupport_c.c
-- Up-to-date symlink: /home/teng/ros2_ws/install/simple_interfaces/local/lib/python3.10/dist-packages/simple_interfaces/_simple_interfaces_s.ep.rosidl_typesupport_fastrtps_c.c
-- Up-to-date symlink: /home/teng/ros2_ws/install/simple_interfaces/local/lib/python3.10/dist-packages/simple_interfaces/_simple_interfaces_s.ep.rosidl_typesupport_introspection_c.c
-- Up-to-date symlink: /home/teng/ros2_ws/install/simple_interfaces/local/lib/python3.10/dist-packages/simple_interfaces/libsimple_interfaces__rosidl_generator_py.so
-- Up-to-date symlink: /home/teng/ros2_ws/install/simple_interfaces/local/lib/python3.10/dist-packages/simple_interfaces/msg/__init__.py
-- Up-to-date symlink: /home/teng/ros2_ws/install/simple_interfaces/local/lib/python3.10/dist-packages/simple_interfaces/msg/_button_state.py
-- Up-to-date symlink: /home/teng/ros2_ws/install/simple_interfaces/local/lib/python3.10/dist-packages/simple_interfaces/msg/_button_state_s.c
-- Up-to-date symlink: /home/teng/ros2_ws/install/simple_interfaces/local/lib/python3.10/dist-packages/simple_interfaces/msg/_hardware_status.py
-- Up-to-date symlink: /home/teng/ros2_ws/install/simple_interfaces/local/lib/python3.10/dist-packages/simple_interfaces/msg/_hardware_status_s.c
-- Up-to-date symlink: /home/teng/ros2_ws/install/simple_interfaces/local/lib/python3.10/dist-packages/simple_interfaces/msg/_joystick_scalar_value.py
-- Up-to-date symlink: /home/teng/ros2_ws/install/simple_interfaces/local/lib/python3.10/dist-packages/simple_interfaces/msg/_joystick_scalar_value_s.c
-- Up-to-date symlink: /home/teng/ros2_ws/install/simple_interfaces/local/lib/python3.10/dist-packages/simple_interfaces/msg/_led_state_array.py
-- Up-to-date symlink: /home/teng/ros2_ws/install/simple_interfaces/local/lib/python3.10/dist-packages/simple_interfaces/msg/_led_state_array_s.c
-- Up-to-date symlink: /home/teng/ros2_ws/install/simple_interfaces/local/lib/python3.10/dist-packages/simple_interfaces/simple_interfaces_s__rosidl_typesupport_c.cpython-310-aarch64-linux-gnu.so
-- Up-to-date symlink: /home/teng/ros2_ws/install/simple_interfaces/local/lib/python3.10/dist-packages/simple_interfaces/simple_interfaces_s__rosidl_typesupport_fastrtps_c.cpython-310-aarch64-linux-gnu.so
-- Up-to-date symlink: /home/teng/ros2_ws/install/simple_interfaces/local/lib/python3.10/dist-packages/simple_interfaces/simple_interfaces_s__rosidl_typesupport_introspection_c.cpython-310-aarch64-linux-gnu.so
-- Up-to-date symlink: /home/teng/ros2_ws/install/simple_interfaces/local/lib/python3.10/dist-packages/simple_interfaces/srv/__init__.py
-- Up-to-date symlink: /home/teng/ros2_ws/install/simple_interfaces/local/lib/python3.10/dist-packages/simple_interfaces/srv/_ex_service.py
-- Up-to-date symlink: /home/teng/ros2_ws/install/simple_interfaces/local/lib/python3.10/dist-packages/simple_interfaces/srv/_ex_service_s.c
-- Up-to-date symlink: /home/teng/ros2_ws/install/simple_interfaces/local/lib/python3.10/dist-packages/simple_interfaces/srv/_set_joystick_scalar.py
-- Up-to-date symlink: /home/teng/ros2_ws/install/simple_interfaces/local/lib/python3.10/dist-packages/simple_interfaces/srv/_set_joystick_scalar_s.c
-- Up-to-date symlink: /home/teng/ros2_ws/install/simple_interfaces/local/lib/python3.10/dist-packages/simple_interfaces/srv/_set_led.py
-- Up-to-date symlink: /home/teng/ros2_ws/install/simple_interfaces/local/lib/python3.10/dist-packages/simple_interfaces/srv/_set_led_s.c
-- Up-to-date symlink: /home/teng/ros2_ws/install/simple_interfaces/local/lib/python3.10/dist-packages/simple_interfaces/simple_interfaces_s__rosidl_typesupport_fastrtps_c.cpython-310-aarch64-linux-gnu.so
-- Up-to-date symlink: /home/teng/ros2_ws/install/simple_interfaces/local/lib/python3.10/dist-packages/simple_interfaces/simple_interfaces_s__rosidl_typesupport_introspection_c.cpython-310-aarch64-linux-gnu.so
-- Up-to-date symlink: /home/teng/ros2_ws/install/simple_interfaces/local/lib/python3.10/dist-packages/simple_interfaces/simple_interfaces_s__rosidl_typesupport_c.cpython-310-aarch64-linux-gnu.so
-- Up-to-date symlink: /home/teng/ros2_ws/install/simple_interfaces/share/simple_interfaces/msg/HardwareStatus.idl
-- Up-to-date symlink: /home/teng/ros2_ws/install/simple_interfaces/share/simple_interfaces/msg/LedStateArray.idl
-- Up-to-date symlink: /home/teng/ros2_ws/install/simple_interfaces/share/simple_interfaces/msg/ButtonState.idl
-- Up-to-date symlink: /home/teng/ros2_ws/install/simple_interfaces/share/simple_interfaces/msg/JoystickScalarValue.idl
-- Up-to-date symlink: /home/teng/ros2_ws/install/simple_interfaces/share/simple_interfaces/srv/ExService.idl
-- Up-to-date symlink: /home/teng/ros2_ws/install/simple_interfaces/share/simple_interfaces/srv/SetLed.idl
-- Up-to-date symlink: /home/teng/ros2_ws/install/simple_interfaces/share/simple_interfaces/srv/SetJoystickScalar.idl
-- Up-to-date symlink: /home/teng/ros2_ws/install/simple_interfaces/share/simple_interfaces/msg/HardwareStatus.msg
-- Up-to-date symlink: /home/teng/ros2_ws/install/simple_interfaces/share/simple_interfaces/msg/LedStateArray.msg
-- Up-to-date symlink: /home/teng/ros2_ws/install/simple_interfaces/share/simple_interfaces/msg/ButtonState.msg
-- Up-to-date symlink: /home/teng/ros2_ws/install/simple_interfaces/share/simple_interfaces/msg/JoystickScalarValue.msg
-- Up-to-date symlink: /home/teng/ros2_ws/install/simple_interfaces/share/simple_interfaces/srv/ExService.srv
-- Up-to-date symlink: /home/teng/ros2_ws/install/simple_interfaces/share/simple_interfaces/srv/ExService_Request.msg
-- Up-to-date symlink: /home/teng/ros2_ws/install/simple_interfaces/share/simple_interfaces/srv/ExService_Response.msg
-- Up-to-date symlink: /home/teng/ros2_ws/install/simple_interfaces/share/simple_interfaces/srv/SetLed.srv
-- Up-to-date symlink: /home/teng/ros2_ws/install/simple_interfaces/share/simple_interfaces/srv/SetLed_Request.msg
-- Up-to-date symlink: /home/teng/ros2_ws/install/simple_interfaces/share/simple_interfaces/srv/SetLed_Response.msg
-- Up-to-date symlink: /home/teng/ros2_ws/install/simple_interfaces/share/simple_interfaces/srv/SetJoystickScalar.srv
-- Up-to-date symlink: /home/teng/ros2_ws/install/simple_interfaces/share/simple_interfaces/srv/SetJoystickScalar_Request.msg
-- Up-to-date symlink: /home/teng/ros2_ws/install/simple_interfaces/share/simple_interfaces/srv/SetJoystickScalar_Response.msg
-- Up-to-date symlink: /home/teng/ros2_ws/install/simple_interfaces/share/ament_index/resource_index/package_run_dependencies/simple_interfaces
-- Up-to-date symlink: /home/teng/ros2_ws/install/simple_interfaces/share/ament_index/resource_index/parent_prefix_path/simple_interfaces
-- Up-to-date symlink: /home/teng/ros2_ws/install/simple_interfaces/share/simple_interfaces/environment/ament_prefix_path.sh
-- Up-to-date symlink: /home/teng/ros2_ws/install/simple_interfaces/share/simple_interfaces/environment/ament_prefix_path.dsv
-- Up-to-date symlink: /home/teng/ros2_ws/install/simple_interfaces/share/simple_interfaces/environment/path.sh
-- Up-to-date symlink: /home/teng/ros2_ws/install/simple_interfaces/share/simple_interfaces/environment/path.dsv
-- Up-to-date symlink: /home/teng/ros2_ws/install/simple_interfaces/share/simple_interfaces/local_setup.bash
-- Up-to-date symlink: /home/teng/ros2_ws/install/simple_interfaces/share/simple_interfaces/local_setup.sh
-- Up-to-date symlink: /home/teng/ros2_ws/install/simple_interfaces/share/simple_interfaces/local_setup.zsh
-- Up-to-date symlink: /home/teng/ros2_ws/install/simple_interfaces/share/simple_interfaces/local_setup.dsv
-- Symlinking: /home/teng/ros2_ws/install/simple_interfaces/share/simple_interfaces/package.dsv
-- Up-to-date symlink: /home/teng/ros2_ws/install/simple_interfaces/share/ament_index/resource_index/packages/simple_interfaces
-- Up-to-date symlink: /home/teng/ros2_ws/install/simple_interfaces/share/simple_interfaces/cmake/rosidl_cmake-extras.cmake
-- Up-to-date symlink: /home/teng/ros2_ws/install/simple_interfaces/share/simple_interfaces/cmake/ament_cmake_export_include_directories-extras.cmake
-- Up-to-date symlink: /home/teng/ros2_ws/install/simple_interfaces/share/simple_interfaces/cmake/ament_cmake_export_libraries-extras.cmake
-- Up-to-date symlink: /home/teng/ros2_ws/install/simple_interfaces/share/simple_interfaces/cmake/ament_cmake_export_targets-extras.cmake
-- Up-to-date symlink: /home/teng/ros2_ws/install/simple_interfaces/share/simple_interfaces/cmake/rosidl_cmake_export_typesupport_targets-extras.cmake
-- Up-to-date symlink: /home/teng/ros2_ws/install/simple_interfaces/share/simple_interfaces/cmake/ament_cmake_export_dependencies-extras.cmake
-- Up-to-date symlink: /home/teng/ros2_ws/install/simple_interfaces/share/simple_interfaces/cmake/rosidl_cmake_export_typesupport_libraries-extras.cmake
-- Up-to-date symlink: /home/teng/ros2_ws/install/simple_interfaces/share/simple_interfaces/cmake/simple_interfacesConfig.cmake
-- Up-to-date symlink: /home/teng/ros2_ws/install/simple_interfaces/share/simple_interfaces/cmake/simple_interfacesConfig-version.cmake
-- Up-to-date symlink: /home/teng/ros2_ws/install/simple_interfaces/share/simple_interfaces/package.xml
-- Installing: /home/teng/ros2_ws/install/simple_interfaces/lib/libsimple_interfaces__rosidl_generator_c.so
-- Set runtime path of "/home/teng/ros2_ws/install/simple_interfaces/lib/libsimple_interfaces__rosidl_generator_c.so" to ""
-- Installing: /home/teng/ros2_ws/install/simple_interfaces/lib/libsimple_interfaces__rosidl_typesupport_fastrtps_c.so
-- Set runtime path of "/home/teng/ros2_ws/install/simple_interfaces/lib/libsimple_interfaces__rosidl_typesupport_fastrtps_c.so" to ""
-- Installing: /home/teng/ros2_ws/install/simple_interfaces/lib/libsimple_interfaces__rosidl_typesupport_introspection_c.so
-- Set runtime path of "/home/teng/ros2_ws/install/simple_interfaces/lib/libsimple_interfaces__rosidl_typesupport_introspection_c.so" to ""
-- Installing: /home/teng/ros2_ws/install/simple_interfaces/lib/libsimple_interfaces__rosidl_typesupport_c.so
-- Set runtime path of "/home/teng/ros2_ws/install/simple_interfaces/lib/libsimple_interfaces__rosidl_typesupport_c.so" to ""
-- Installing: /home/teng/ros2_ws/install/simple_interfaces/lib/libsimple_interfaces__rosidl_typesupport_fastrtps_cpp.so
-- Set runtime path of "/home/teng/ros2_ws/install/simple_interfaces/lib/libsimple_interfaces__rosidl_typesupport_fastrtps_cpp.so" to ""
-- Installing: /home/teng/ros2_ws/install/simple_interfaces/lib/libsimple_interfaces__rosidl_typesupport_introspection_cpp.so
-- Set runtime path of "/home/teng/ros2_ws/install/simple_interfaces/lib/libsimple_interfaces__rosidl_typesupport_introspection_cpp.so" to ""
-- Installing: /home/teng/ros2_ws/install/simple_interfaces/lib/libsimple_interfaces__rosidl_typesupport_cpp.so
-- Set runtime path of "/home/teng/ros2_ws/install/simple_interfaces/lib/libsimple_interfaces__rosidl_typesupport_cpp.so" to ""
Listing '/home/teng/ros2_ws/install/simple_interfaces/local/lib/python3.10/dist-packages/simple_interfaces'...
Compiling '/home/teng/ros2_ws/install/simple_interfaces/local/lib/python3.10/dist-packages/simple_interfaces/__init__.py'...
Listing '/home/teng/ros2_ws/install/simple_interfaces/local/lib/python3.10/dist-packages/simple_interfaces/msg'...
Compiling '/home/teng/ros2_ws/install/simple_interfaces/local/lib/python3.10/dist-packages/simple_interfaces/msg/__init__.py'...
Compiling '/home/teng/ros2_ws/install/simple_interfaces/local/lib/python3.10/dist-packages/simple_interfaces/msg/_button_state.py'...
Compiling '/home/teng/ros2_ws/install/simple_interfaces/local/lib/python3.10/dist-packages/simple_interfaces/msg/_hardware_status.py'...
Compiling '/home/teng/ros2_ws/install/simple_interfaces/local/lib/python3.10/dist-packages/simple_interfaces/msg/_joystick_scalar_value.py'...
Compiling '/home/teng/ros2_ws/install/simple_interfaces/local/lib/python3.10/dist-packages/simple_interfaces/msg/_led_state_array.py'...
Listing '/home/teng/ros2_ws/install/simple_interfaces/local/lib/python3.10/dist-packages/simple_interfaces/srv'...
Compiling '/home/teng/ros2_ws/install/simple_interfaces/local/lib/python3.10/dist-packages/simple_interfaces/srv/__init__.py'...
Compiling '/home/teng/ros2_ws/install/simple_interfaces/local/lib/python3.10/dist-packages/simple_interfaces/srv/_ex_service.py'...
Compiling '/home/teng/ros2_ws/install/simple_interfaces/local/lib/python3.10/dist-packages/simple_interfaces/srv/_set_joystick_scalar.py'...
Compiling '/home/teng/ros2_ws/install/simple_interfaces/local/lib/python3.10/dist-packages/simple_interfaces/srv/_set_led.py'...
-- Installing: /home/teng/ros2_ws/install/simple_interfaces/lib/libsimple_interfaces__rosidl_generator_py.so
-- Set runtime path of "/home/teng/ros2_ws/install/simple_interfaces/lib/libsimple_interfaces__rosidl_generator_py.so" to ""
-- Up-to-date: /home/teng/ros2_ws/install/simple_interfaces/share/simple_interfaces/cmake/export_simple_interfaces__rosidl_generator_cExport.cmake
-- Up-to-date: /home/teng/ros2_ws/install/simple_interfaces/share/simple_interfaces/cmake/export_simple_interfaces__rosidl_generator_cExport-noconfig.cmake
-- Up-to-date: /home/teng/ros2_ws/install/simple_interfaces/share/simple_interfaces/cmake/export_simple_interfaces__rosidl_typesupport_fastrtps_cExport.cmake
-- Up-to-date: /home/teng/ros2_ws/install/simple_interfaces/share/simple_interfaces/cmake/export_simple_interfaces__rosidl_typesupport_fastrtps_cExport-noconfig.cmake
-- Up-to-date: /home/teng/ros2_ws/install/simple_interfaces/share/simple_interfaces/cmake/simple_interfaces__rosidl_typesupport_introspection_cExport.cmake
-- Up-to-date: /home/teng/ros2_ws/install/simple_interfaces/share/simple_interfaces/cmake/simple_interfaces__rosidl_typesupport_introspection_cExport-noconfig.cmake
-- Up-to-date: /home/teng/ros2_ws/install/simple_interfaces/share/simple_interfaces/cmake/simple_interfaces__rosidl_typesupport_cExport.cmake
-- Up-to-date: /home/teng/ros2_ws/install/simple_interfaces/share/simple_interfaces/cmake/simple_interfaces__rosidl_typesupport_cExport-noconfig.cmake
-- Up-to-date: /home/teng/ros2_ws/install/simple_interfaces/share/simple_interfaces/cmake/export_simple_interfaces__rosidl_generator_cppExport.cmake
-- Up-to-date: /home/teng/ros2_ws/install/simple_interfaces/share/simple_interfaces/cmake/export_simple_interfaces__rosidl_typesupport_fastrtps_cppExport.cmake
-- Up-to-date: /home/teng/ros2_ws/install/simple_interfaces/share/simple_interfaces/cmake/export_simple_interfaces__rosidl_typesupport_fastrtps_cppExport-noconfig.cmake
-- Up-to-date: /home/teng/ros2_ws/install/simple_interfaces/share/simple_interfaces/cmake/simple_interfaces__rosidl_typesupport_introspection_cppExport.cmake
-- Up-to-date: /home/teng/ros2_ws/install/simple_interfaces/share/simple_interfaces/cmake/simple_interfaces__rosidl_typesupport_introspection_cppExport-noconfig.cmake
-- Up-to-date: /home/teng/ros2_ws/install/simple_interfaces/share/simple_interfaces/cmake/simple_interfaces__rosidl_typesupport_cppExport.cmake
-- Up-to-date: /home/teng/ros2_ws/install/simple_interfaces/share/simple_interfaces/cmake/simple_interfaces__rosidl_typesupport_cppExport-noconfig.cmake
-- Up-to-date: /home/teng/ros2_ws/install/simple_interfaces/share/simple_interfaces/cmake/export_simple_interfaces__rosidl_generator_pyExport.cmake
-- Up-to-date: /home/teng/ros2_ws/install/simple_interfaces/share/simple_interfaces/cmake/export_simple_interfaces__rosidl_generator_pyExport-noconfig.cmake
