[0.306s] Invoking command in '/home/teng/ros2_ws/build/simple_interfaces': CMAKE_PREFIX_PATH=${CMAKE_PREFIX_PATH}:/home/teng/ros2_ws/install/sensor_msgs_py:/home/teng/ros2_ws/install/experiment1:/opt/ros/humble /usr/bin/cmake --build /home/teng/ros2_ws/build/simple_interfaces -- -j4 -l4
[0.471s] -- Found ament_cmake: 1.3.5 (/opt/ros/humble/share/ament_cmake/cmake)
[1.318s] -- Override CMake install command with custom implementation using symlinks instead of copying resources
[1.362s] -- Found rosidl_default_generators: 1.2.0 (/opt/ros/humble/share/rosidl_default_generators/cmake)
[1.377s] -- Using all available rosidl_typesupport_c: rosidl_typesupport_fastrtps_c;rosidl_typesupport_introspection_c
[1.389s] -- Found rosidl_adapter: 3.1.5 (/opt/ros/humble/share/rosidl_adapter/cmake)
[1.553s] -- Using all available rosidl_typesupport_cpp: rosidl_typesupport_fastrtps_cpp;rosidl_typesupport_introspection_cpp
[3.230s] -- Found ament_cmake_ros: 0.10.0 (/opt/ros/humble/share/ament_cmake_ros/cmake)
[4.269s] -- Using all available rosidl_typesupport_c: rosidl_typesupport_fastrtps_c;rosidl_typesupport_introspection_c
[5.652s] -- Using all available rosidl_typesupport_cpp: rosidl_typesupport_fastrtps_cpp;rosidl_typesupport_introspection_cpp
[5.785s] -- Found python_cmake_module: 0.10.0 (/opt/ros/humble/share/python_cmake_module/cmake)
[5.933s] -- Using PYTHON_EXECUTABLE: /usr/bin/python3
[5.934s] -- Using PYTHON_INCLUDE_DIRS: /usr/include/python3.10
[5.934s] -- Using PYTHON_LIBRARIES: /usr/lib/aarch64-linux-gnu/libpython3.10.so
[6.083s] -- Configuring done
[6.434s] -- Generating done
[6.454s] -- Build files have been written to: /home/teng/ros2_ws/build/simple_interfaces
[6.604s] [  1%] [34m[1mGenerating C code for ROS interfaces[0m
[6.675s] [  2%] [34m[1mGenerating C++ code for ROS interfaces[0m
[6.733s] [  2%] Built target ament_cmake_python_symlink_simple_interfaces
[8.943s] running egg_info
[8.950s] writing simple_interfaces.egg-info/PKG-INFO
[8.958s] writing dependency_links to simple_interfaces.egg-info/dependency_links.txt
[8.959s] writing top-level names to simple_interfaces.egg-info/top_level.txt
[8.974s] reading manifest file 'simple_interfaces.egg-info/SOURCES.txt'
[8.987s] writing manifest file 'simple_interfaces.egg-info/SOURCES.txt'
[9.244s] [  2%] Built target ament_cmake_python_build_simple_interfaces_egg
[11.844s] [  2%] Built target simple_interfaces__cpp
[12.009s] [  3%] [34m[1mGenerating C++ type support for eProsima Fast-RTPS[0m
[12.303s] [  5%] [34m[1mGenerating C++ introspection for ROS interfaces[0m
[12.305s] [  6%] [34m[1mGenerating C++ type support dispatch for ROS interfaces[0m
[12.314s] [35m[1mConsolidate compiler generated dependencies of target simple_interfaces__rosidl_generator_c[0m
[12.498s] [  7%] [32mBuilding C object CMakeFiles/simple_interfaces__rosidl_generator_c.dir/rosidl_generator_c/simple_interfaces/msg/detail/hardware_status__functions.c.o[0m
[13.418s] [  8%] [32mBuilding C object CMakeFiles/simple_interfaces__rosidl_generator_c.dir/rosidl_generator_c/simple_interfaces/msg/detail/led_state_array__functions.c.o[0m
[14.162s] [ 10%] [32mBuilding C object CMakeFiles/simple_interfaces__rosidl_generator_c.dir/rosidl_generator_c/simple_interfaces/msg/detail/button_state__functions.c.o[0m
[14.787s] [ 11%] [32mBuilding C object CMakeFiles/simple_interfaces__rosidl_generator_c.dir/rosidl_generator_c/simple_interfaces/msg/detail/joystick_scalar_value__functions.c.o[0m
[15.364s] [ 12%] [32mBuilding C object CMakeFiles/simple_interfaces__rosidl_generator_c.dir/rosidl_generator_c/simple_interfaces/srv/detail/ex_service__functions.c.o[0m
[15.863s] [ 13%] [32mBuilding C object CMakeFiles/simple_interfaces__rosidl_generator_c.dir/rosidl_generator_c/simple_interfaces/srv/detail/set_led__functions.c.o[0m
[16.547s] [ 15%] [32mBuilding C object CMakeFiles/simple_interfaces__rosidl_generator_c.dir/rosidl_generator_c/simple_interfaces/srv/detail/set_joystick_scalar__functions.c.o[0m
[17.198s] [ 16%] [32m[1mLinking C shared library libsimple_interfaces__rosidl_generator_c.so[0m
[17.531s] [35m[1mConsolidate compiler generated dependencies of target simple_interfaces__rosidl_typesupport_cpp[0m
[17.721s] [ 17%] [32mBuilding CXX object CMakeFiles/simple_interfaces__rosidl_typesupport_cpp.dir/rosidl_typesupport_cpp/simple_interfaces/msg/hardware_status__type_support.cpp.o[0m
[17.920s] [ 17%] Built target simple_interfaces__rosidl_generator_c
[18.043s] [ 18%] [34m[1mGenerating C type support for eProsima Fast-RTPS[0m
[18.205s] [35m[1mConsolidate compiler generated dependencies of target simple_interfaces__rosidl_typesupport_fastrtps_cpp[0m
[18.485s] [ 20%] [32mBuilding CXX object CMakeFiles/simple_interfaces__rosidl_typesupport_fastrtps_cpp.dir/rosidl_typesupport_fastrtps_cpp/simple_interfaces/msg/detail/dds_fastrtps/hardware_status__type_support.cpp.o[0m
[18.522s] [35m[1mConsolidate compiler generated dependencies of target simple_interfaces__rosidl_typesupport_introspection_cpp[0m
[18.729s] [ 21%] [32mBuilding CXX object CMakeFiles/simple_interfaces__rosidl_typesupport_introspection_cpp.dir/rosidl_typesupport_introspection_cpp/simple_interfaces/msg/detail/hardware_status__type_support.cpp.o[0m
[21.538s] [ 22%] [32mBuilding CXX object CMakeFiles/simple_interfaces__rosidl_typesupport_cpp.dir/rosidl_typesupport_cpp/simple_interfaces/msg/led_state_array__type_support.cpp.o[0m
[23.167s] [ 24%] [32mBuilding CXX object CMakeFiles/simple_interfaces__rosidl_typesupport_fastrtps_cpp.dir/rosidl_typesupport_fastrtps_cpp/simple_interfaces/msg/detail/dds_fastrtps/led_state_array__type_support.cpp.o[0m
[23.214s] [ 25%] [32mBuilding CXX object CMakeFiles/simple_interfaces__rosidl_typesupport_introspection_cpp.dir/rosidl_typesupport_introspection_cpp/simple_interfaces/msg/detail/led_state_array__type_support.cpp.o[0m
[25.208s] [ 26%] [32mBuilding CXX object CMakeFiles/simple_interfaces__rosidl_typesupport_cpp.dir/rosidl_typesupport_cpp/simple_interfaces/msg/button_state__type_support.cpp.o[0m
[26.034s] [35m[1mConsolidate compiler generated dependencies of target simple_interfaces__rosidl_typesupport_fastrtps_c[0m
[26.323s] [ 27%] [32mBuilding CXX object CMakeFiles/simple_interfaces__rosidl_typesupport_fastrtps_c.dir/rosidl_typesupport_fastrtps_c/simple_interfaces/msg/detail/hardware_status__type_support_c.cpp.o[0m
[28.690s] [ 29%] [32mBuilding CXX object CMakeFiles/simple_interfaces__rosidl_typesupport_introspection_cpp.dir/rosidl_typesupport_introspection_cpp/simple_interfaces/msg/detail/button_state__type_support.cpp.o[0m
[29.406s] [ 30%] [32mBuilding CXX object CMakeFiles/simple_interfaces__rosidl_typesupport_cpp.dir/rosidl_typesupport_cpp/simple_interfaces/msg/joystick_scalar_value__type_support.cpp.o[0m
[29.644s] [ 31%] [32mBuilding CXX object CMakeFiles/simple_interfaces__rosidl_typesupport_fastrtps_cpp.dir/rosidl_typesupport_fastrtps_cpp/simple_interfaces/msg/detail/dds_fastrtps/button_state__type_support.cpp.o[0m
[30.339s] [ 32%] [32mBuilding CXX object CMakeFiles/simple_interfaces__rosidl_typesupport_fastrtps_c.dir/rosidl_typesupport_fastrtps_c/simple_interfaces/msg/detail/led_state_array__type_support_c.cpp.o[0m
[32.291s] [ 34%] [32mBuilding CXX object CMakeFiles/simple_interfaces__rosidl_typesupport_cpp.dir/rosidl_typesupport_cpp/simple_interfaces/srv/ex_service__type_support.cpp.o[0m
[34.462s] [ 35%] [32mBuilding CXX object CMakeFiles/simple_interfaces__rosidl_typesupport_fastrtps_c.dir/rosidl_typesupport_fastrtps_c/simple_interfaces/msg/detail/button_state__type_support_c.cpp.o[0m
[34.634s] [ 36%] [32mBuilding CXX object CMakeFiles/simple_interfaces__rosidl_typesupport_cpp.dir/rosidl_typesupport_cpp/simple_interfaces/srv/set_led__type_support.cpp.o[0m
[34.801s] [ 37%] [32mBuilding CXX object CMakeFiles/simple_interfaces__rosidl_typesupport_introspection_cpp.dir/rosidl_typesupport_introspection_cpp/simple_interfaces/msg/detail/joystick_scalar_value__type_support.cpp.o[0m
[35.832s] [ 39%] [32mBuilding CXX object CMakeFiles/simple_interfaces__rosidl_typesupport_fastrtps_cpp.dir/rosidl_typesupport_fastrtps_cpp/simple_interfaces/msg/detail/dds_fastrtps/joystick_scalar_value__type_support.cpp.o[0m
[37.158s] [ 40%] [32mBuilding CXX object CMakeFiles/simple_interfaces__rosidl_typesupport_cpp.dir/rosidl_typesupport_cpp/simple_interfaces/srv/set_joystick_scalar__type_support.cpp.o[0m
[38.734s] [ 41%] [32mBuilding CXX object CMakeFiles/simple_interfaces__rosidl_typesupport_fastrtps_c.dir/rosidl_typesupport_fastrtps_c/simple_interfaces/msg/detail/joystick_scalar_value__type_support_c.cpp.o[0m
[39.425s] [ 43%] [32mBuilding CXX object CMakeFiles/simple_interfaces__rosidl_typesupport_fastrtps_cpp.dir/rosidl_typesupport_fastrtps_cpp/simple_interfaces/srv/detail/dds_fastrtps/ex_service__type_support.cpp.o[0m
[40.216s] [ 44%] [32mBuilding CXX object CMakeFiles/simple_interfaces__rosidl_typesupport_introspection_cpp.dir/rosidl_typesupport_introspection_cpp/simple_interfaces/srv/detail/ex_service__type_support.cpp.o[0m
[41.195s] [ 45%] [32m[1mLinking CXX shared library libsimple_interfaces__rosidl_typesupport_cpp.so[0m
[41.653s] [ 45%] Built target simple_interfaces__rosidl_typesupport_cpp
[42.644s] [ 46%] [32mBuilding CXX object CMakeFiles/simple_interfaces__rosidl_typesupport_fastrtps_cpp.dir/rosidl_typesupport_fastrtps_cpp/simple_interfaces/srv/detail/dds_fastrtps/set_led__type_support.cpp.o[0m
[43.050s] [ 48%] [32mBuilding CXX object CMakeFiles/simple_interfaces__rosidl_typesupport_fastrtps_c.dir/rosidl_typesupport_fastrtps_c/simple_interfaces/srv/detail/ex_service__type_support_c.cpp.o[0m
[44.750s] [ 49%] [32mBuilding CXX object CMakeFiles/simple_interfaces__rosidl_typesupport_introspection_cpp.dir/rosidl_typesupport_introspection_cpp/simple_interfaces/srv/detail/set_led__type_support.cpp.o[0m
[45.711s] [ 50%] [32mBuilding CXX object CMakeFiles/simple_interfaces__rosidl_typesupport_fastrtps_cpp.dir/rosidl_typesupport_fastrtps_cpp/simple_interfaces/srv/detail/dds_fastrtps/set_joystick_scalar__type_support.cpp.o[0m
[46.593s] [ 51%] [32mBuilding CXX object CMakeFiles/simple_interfaces__rosidl_typesupport_fastrtps_c.dir/rosidl_typesupport_fastrtps_c/simple_interfaces/srv/detail/set_led__type_support_c.cpp.o[0m
[48.503s] [ 53%] [32mBuilding CXX object CMakeFiles/simple_interfaces__rosidl_typesupport_introspection_cpp.dir/rosidl_typesupport_introspection_cpp/simple_interfaces/srv/detail/set_joystick_scalar__type_support.cpp.o[0m
[49.694s] [ 54%] [32m[1mLinking CXX shared library libsimple_interfaces__rosidl_typesupport_fastrtps_cpp.so[0m
[50.443s] [ 54%] Built target simple_interfaces__rosidl_typesupport_fastrtps_cpp
[50.578s] [ 55%] [32mBuilding CXX object CMakeFiles/simple_interfaces__rosidl_typesupport_fastrtps_c.dir/rosidl_typesupport_fastrtps_c/simple_interfaces/srv/detail/set_joystick_scalar__type_support_c.cpp.o[0m
[52.056s] [ 56%] [32m[1mLinking CXX shared library libsimple_interfaces__rosidl_typesupport_introspection_cpp.so[0m
[52.623s] [ 56%] Built target simple_interfaces__rosidl_typesupport_introspection_cpp
[53.413s] [ 58%] [32m[1mLinking CXX shared library libsimple_interfaces__rosidl_typesupport_fastrtps_c.so[0m
[53.890s] [ 58%] Built target simple_interfaces__rosidl_typesupport_fastrtps_c
[53.968s] [ 59%] [34m[1mGenerating C type support dispatch for ROS interfaces[0m
[56.131s] [35m[1mConsolidate compiler generated dependencies of target simple_interfaces__rosidl_typesupport_c[0m
[56.204s] [ 60%] [32mBuilding CXX object CMakeFiles/simple_interfaces__rosidl_typesupport_c.dir/rosidl_typesupport_c/simple_interfaces/msg/hardware_status__type_support.cpp.o[0m
[56.392s] [ 62%] [32mBuilding CXX object CMakeFiles/simple_interfaces__rosidl_typesupport_c.dir/rosidl_typesupport_c/simple_interfaces/msg/button_state__type_support.cpp.o[0m
[56.573s] [ 63%] [32mBuilding CXX object CMakeFiles/simple_interfaces__rosidl_typesupport_c.dir/rosidl_typesupport_c/simple_interfaces/msg/joystick_scalar_value__type_support.cpp.o[0m
[56.757s] [ 64%] [32mBuilding CXX object CMakeFiles/simple_interfaces__rosidl_typesupport_c.dir/rosidl_typesupport_c/simple_interfaces/srv/ex_service__type_support.cpp.o[0m
[56.950s] [ 65%] [32mBuilding CXX object CMakeFiles/simple_interfaces__rosidl_typesupport_c.dir/rosidl_typesupport_c/simple_interfaces/srv/set_led__type_support.cpp.o[0m
[57.142s] [ 67%] [32mBuilding CXX object CMakeFiles/simple_interfaces__rosidl_typesupport_c.dir/rosidl_typesupport_c/simple_interfaces/srv/set_joystick_scalar__type_support.cpp.o[0m
[57.338s] [ 68%] [32mBuilding CXX object CMakeFiles/simple_interfaces__rosidl_typesupport_c.dir/rosidl_typesupport_c/simple_interfaces/msg/led_state_array__type_support.cpp.o[0m
[57.522s] [ 69%] [32m[1mLinking CXX shared library libsimple_interfaces__rosidl_typesupport_c.so[0m
[57.740s] [ 69%] Built target simple_interfaces__rosidl_typesupport_c
[57.803s] [ 70%] [34m[1mGenerating C introspection for ROS interfaces[0m
[60.626s] [35m[1mConsolidate compiler generated dependencies of target simple_interfaces__rosidl_typesupport_introspection_c[0m
[60.709s] [ 72%] [32mBuilding C object CMakeFiles/simple_interfaces__rosidl_typesupport_introspection_c.dir/rosidl_typesupport_introspection_c/simple_interfaces/msg/detail/hardware_status__type_support.c.o[0m
[60.922s] [ 73%] [32mBuilding C object CMakeFiles/simple_interfaces__rosidl_typesupport_introspection_c.dir/rosidl_typesupport_introspection_c/simple_interfaces/msg/detail/joystick_scalar_value__type_support.c.o[0m
[61.136s] [ 74%] [32mBuilding C object CMakeFiles/simple_interfaces__rosidl_typesupport_introspection_c.dir/rosidl_typesupport_introspection_c/simple_interfaces/srv/detail/ex_service__type_support.c.o[0m
[61.352s] [ 75%] [32mBuilding C object CMakeFiles/simple_interfaces__rosidl_typesupport_introspection_c.dir/rosidl_typesupport_introspection_c/simple_interfaces/srv/detail/set_led__type_support.c.o[0m
[61.578s] [ 77%] [32mBuilding C object CMakeFiles/simple_interfaces__rosidl_typesupport_introspection_c.dir/rosidl_typesupport_introspection_c/simple_interfaces/srv/detail/set_joystick_scalar__type_support.c.o[0m
[61.792s] [ 78%] [32mBuilding C object CMakeFiles/simple_interfaces__rosidl_typesupport_introspection_c.dir/rosidl_typesupport_introspection_c/simple_interfaces/msg/detail/button_state__type_support.c.o[0m
[62.019s] [ 79%] [32mBuilding C object CMakeFiles/simple_interfaces__rosidl_typesupport_introspection_c.dir/rosidl_typesupport_introspection_c/simple_interfaces/msg/detail/led_state_array__type_support.c.o[0m
[62.244s] [ 81%] [32m[1mLinking C shared library libsimple_interfaces__rosidl_typesupport_introspection_c.so[0m
[62.426s] [ 81%] Built target simple_interfaces__rosidl_typesupport_introspection_c
[62.549s] [ 81%] Built target simple_interfaces
[62.678s] [ 82%] [34m[1mGenerating Python code for ROS interfaces[0m
[67.974s] [ 82%] Built target simple_interfaces__py
[68.047s] [35m[1mConsolidate compiler generated dependencies of target simple_interfaces__rosidl_generator_py[0m
[68.164s] [ 83%] [32mBuilding C object CMakeFiles/simple_interfaces__rosidl_generator_py.dir/rosidl_generator_py/simple_interfaces/msg/_hardware_status_s.c.o[0m
[68.694s] [ 84%] [32mBuilding C object CMakeFiles/simple_interfaces__rosidl_generator_py.dir/rosidl_generator_py/simple_interfaces/msg/_joystick_scalar_value_s.c.o[0m
[69.208s] [ 86%] [32mBuilding C object CMakeFiles/simple_interfaces__rosidl_generator_py.dir/rosidl_generator_py/simple_interfaces/srv/_ex_service_s.c.o[0m
[69.754s] [ 87%] [32mBuilding C object CMakeFiles/simple_interfaces__rosidl_generator_py.dir/rosidl_generator_py/simple_interfaces/srv/_set_led_s.c.o[0m
[70.362s] [ 88%] [32mBuilding C object CMakeFiles/simple_interfaces__rosidl_generator_py.dir/rosidl_generator_py/simple_interfaces/srv/_set_joystick_scalar_s.c.o[0m
[70.922s] [ 89%] [32mBuilding C object CMakeFiles/simple_interfaces__rosidl_generator_py.dir/rosidl_generator_py/simple_interfaces/msg/_button_state_s.c.o[0m
[71.442s] [ 91%] [32mBuilding C object CMakeFiles/simple_interfaces__rosidl_generator_py.dir/rosidl_generator_py/simple_interfaces/msg/_led_state_array_s.c.o[0m
[71.980s] [ 92%] [32m[1mLinking C shared library rosidl_generator_py/simple_interfaces/libsimple_interfaces__rosidl_generator_py.so[0m
[72.229s] [ 92%] Built target simple_interfaces__rosidl_generator_py
[72.295s] [35m[1mConsolidate compiler generated dependencies of target simple_interfaces__rosidl_typesupport_fastrtps_c__pyext[0m
[72.305s] [35m[1mConsolidate compiler generated dependencies of target simple_interfaces__rosidl_typesupport_introspection_c__pyext[0m
[72.386s] [ 93%] [32mBuilding C object CMakeFiles/simple_interfaces__rosidl_typesupport_fastrtps_c__pyext.dir/rosidl_generator_py/simple_interfaces/_simple_interfaces_s.ep.rosidl_typesupport_fastrtps_c.c.o[0m
[72.405s] [ 94%] [32mBuilding C object CMakeFiles/simple_interfaces__rosidl_typesupport_introspection_c__pyext.dir/rosidl_generator_py/simple_interfaces/_simple_interfaces_s.ep.rosidl_typesupport_introspection_c.c.o[0m
[73.112s] [ 96%] [32m[1mLinking C shared library rosidl_generator_py/simple_interfaces/simple_interfaces_s__rosidl_typesupport_introspection_c.cpython-310-aarch64-linux-gnu.so[0m
[73.134s] [ 97%] [32m[1mLinking C shared library rosidl_generator_py/simple_interfaces/simple_interfaces_s__rosidl_typesupport_fastrtps_c.cpython-310-aarch64-linux-gnu.so[0m
[73.347s] [ 97%] Built target simple_interfaces__rosidl_typesupport_introspection_c__pyext
[73.385s] [ 97%] Built target simple_interfaces__rosidl_typesupport_fastrtps_c__pyext
[73.413s] [35m[1mConsolidate compiler generated dependencies of target simple_interfaces__rosidl_typesupport_c__pyext[0m
[73.495s] [ 98%] [32mBuilding C object CMakeFiles/simple_interfaces__rosidl_typesupport_c__pyext.dir/rosidl_generator_py/simple_interfaces/_simple_interfaces_s.ep.rosidl_typesupport_c.c.o[0m
[74.128s] [100%] [32m[1mLinking C shared library rosidl_generator_py/simple_interfaces/simple_interfaces_s__rosidl_typesupport_c.cpython-310-aarch64-linux-gnu.so[0m
[74.327s] [100%] Built target simple_interfaces__rosidl_typesupport_c__pyext
[74.397s] Invoked command in '/home/teng/ros2_ws/build/simple_interfaces' returned '0': CMAKE_PREFIX_PATH=${CMAKE_PREFIX_PATH}:/home/teng/ros2_ws/install/sensor_msgs_py:/home/teng/ros2_ws/install/experiment1:/opt/ros/humble /usr/bin/cmake --build /home/teng/ros2_ws/build/simple_interfaces -- -j4 -l4
[76.165s] Invoking command in '/home/teng/ros2_ws/build/simple_interfaces': CMAKE_PREFIX_PATH=${CMAKE_PREFIX_PATH}:/home/teng/ros2_ws/install/sensor_msgs_py:/home/teng/ros2_ws/install/experiment1:/opt/ros/humble /usr/bin/cmake --install /home/teng/ros2_ws/build/simple_interfaces
[76.204s] -- Install configuration: ""
[76.208s] -- Execute custom install script
[76.214s] -- Up-to-date symlink: /home/teng/ros2_ws/install/simple_interfaces/share/ament_index/resource_index/rosidl_interfaces/simple_interfaces
[76.219s] -- Up-to-date symlink: /home/teng/ros2_ws/install/simple_interfaces/include/simple_interfaces/simple_interfaces/msg/button_state.h
[76.221s] -- Up-to-date symlink: /home/teng/ros2_ws/install/simple_interfaces/include/simple_interfaces/simple_interfaces/msg/detail/button_state__functions.h
[76.223s] -- Up-to-date symlink: /home/teng/ros2_ws/install/simple_interfaces/include/simple_interfaces/simple_interfaces/msg/detail/button_state__struct.h
[76.225s] -- Up-to-date symlink: /home/teng/ros2_ws/install/simple_interfaces/include/simple_interfaces/simple_interfaces/msg/detail/button_state__type_support.h
[76.226s] -- Up-to-date symlink: /home/teng/ros2_ws/install/simple_interfaces/include/simple_interfaces/simple_interfaces/msg/detail/hardware_status__functions.h
[76.227s] -- Up-to-date symlink: /home/teng/ros2_ws/install/simple_interfaces/include/simple_interfaces/simple_interfaces/msg/detail/hardware_status__struct.h
[76.232s] -- Up-to-date symlink: /home/teng/ros2_ws/install/simple_interfaces/include/simple_interfaces/simple_interfaces/msg/detail/hardware_status__type_support.h
[76.233s] -- Up-to-date symlink: /home/teng/ros2_ws/install/simple_interfaces/include/simple_interfaces/simple_interfaces/msg/detail/joystick_scalar_value__functions.h
[76.234s] -- Up-to-date symlink: /home/teng/ros2_ws/install/simple_interfaces/include/simple_interfaces/simple_interfaces/msg/detail/joystick_scalar_value__struct.h
[76.235s] -- Up-to-date symlink: /home/teng/ros2_ws/install/simple_interfaces/include/simple_interfaces/simple_interfaces/msg/detail/joystick_scalar_value__type_support.h
[76.246s] -- Up-to-date symlink: /home/teng/ros2_ws/install/simple_interfaces/include/simple_interfaces/simple_interfaces/msg/detail/led_state_array__functions.h
[76.247s] -- Up-to-date symlink: /home/teng/ros2_ws/install/simple_interfaces/include/simple_interfaces/simple_interfaces/msg/detail/led_state_array__struct.h
[76.248s] -- Up-to-date symlink: /home/teng/ros2_ws/install/simple_interfaces/include/simple_interfaces/simple_interfaces/msg/detail/led_state_array__type_support.h
[76.252s] -- Up-to-date symlink: /home/teng/ros2_ws/install/simple_interfaces/include/simple_interfaces/simple_interfaces/msg/hardware_status.h
[76.252s] -- Up-to-date symlink: /home/teng/ros2_ws/install/simple_interfaces/include/simple_interfaces/simple_interfaces/msg/joystick_scalar_value.h
[76.253s] -- Up-to-date symlink: /home/teng/ros2_ws/install/simple_interfaces/include/simple_interfaces/simple_interfaces/msg/led_state_array.h
[76.254s] -- Up-to-date symlink: /home/teng/ros2_ws/install/simple_interfaces/include/simple_interfaces/simple_interfaces/msg/rosidl_generator_c__visibility_control.h
[76.256s] -- Up-to-date symlink: /home/teng/ros2_ws/install/simple_interfaces/include/simple_interfaces/simple_interfaces/srv/detail/ex_service__functions.h
[76.257s] -- Up-to-date symlink: /home/teng/ros2_ws/install/simple_interfaces/include/simple_interfaces/simple_interfaces/srv/detail/ex_service__struct.h
[76.258s] -- Up-to-date symlink: /home/teng/ros2_ws/install/simple_interfaces/include/simple_interfaces/simple_interfaces/srv/detail/ex_service__type_support.h
[76.258s] -- Up-to-date symlink: /home/teng/ros2_ws/install/simple_interfaces/include/simple_interfaces/simple_interfaces/srv/detail/set_joystick_scalar__functions.h
[76.259s] -- Up-to-date symlink: /home/teng/ros2_ws/install/simple_interfaces/include/simple_interfaces/simple_interfaces/srv/detail/set_joystick_scalar__struct.h
[76.259s] -- Up-to-date symlink: /home/teng/ros2_ws/install/simple_interfaces/include/simple_interfaces/simple_interfaces/srv/detail/set_joystick_scalar__type_support.h
[76.260s] -- Up-to-date symlink: /home/teng/ros2_ws/install/simple_interfaces/include/simple_interfaces/simple_interfaces/srv/detail/set_led__functions.h
[76.260s] -- Up-to-date symlink: /home/teng/ros2_ws/install/simple_interfaces/include/simple_interfaces/simple_interfaces/srv/detail/set_led__struct.h
[76.261s] -- Up-to-date symlink: /home/teng/ros2_ws/install/simple_interfaces/include/simple_interfaces/simple_interfaces/srv/detail/set_led__type_support.h
[76.270s] -- Up-to-date symlink: /home/teng/ros2_ws/install/simple_interfaces/include/simple_interfaces/simple_interfaces/srv/ex_service.h
[76.271s] -- Up-to-date symlink: /home/teng/ros2_ws/install/simple_interfaces/include/simple_interfaces/simple_interfaces/srv/set_joystick_scalar.h
[76.273s] -- Up-to-date symlink: /home/teng/ros2_ws/install/simple_interfaces/include/simple_interfaces/simple_interfaces/srv/set_led.h
[76.274s] -- Up-to-date symlink: /home/teng/ros2_ws/install/simple_interfaces/share/simple_interfaces/environment/library_path.sh
[76.282s] -- Up-to-date symlink: /home/teng/ros2_ws/install/simple_interfaces/share/simple_interfaces/environment/library_path.dsv
[76.282s] -- Up-to-date symlink: /home/teng/ros2_ws/install/simple_interfaces/include/simple_interfaces/simple_interfaces/msg/detail/button_state__rosidl_typesupport_fastrtps_c.h
[76.283s] -- Up-to-date symlink: /home/teng/ros2_ws/install/simple_interfaces/include/simple_interfaces/simple_interfaces/msg/detail/hardware_status__rosidl_typesupport_fastrtps_c.h
[76.284s] -- Up-to-date symlink: /home/teng/ros2_ws/install/simple_interfaces/include/simple_interfaces/simple_interfaces/msg/detail/joystick_scalar_value__rosidl_typesupport_fastrtps_c.h
[76.290s] -- Up-to-date symlink: /home/teng/ros2_ws/install/simple_interfaces/include/simple_interfaces/simple_interfaces/msg/detail/led_state_array__rosidl_typesupport_fastrtps_c.h
[76.290s] -- Up-to-date symlink: /home/teng/ros2_ws/install/simple_interfaces/include/simple_interfaces/simple_interfaces/msg/rosidl_typesupport_fastrtps_c__visibility_control.h
[76.291s] -- Up-to-date symlink: /home/teng/ros2_ws/install/simple_interfaces/include/simple_interfaces/simple_interfaces/srv/detail/ex_service__rosidl_typesupport_fastrtps_c.h
[76.292s] -- Up-to-date symlink: /home/teng/ros2_ws/install/simple_interfaces/include/simple_interfaces/simple_interfaces/srv/detail/set_joystick_scalar__rosidl_typesupport_fastrtps_c.h
[76.292s] -- Up-to-date symlink: /home/teng/ros2_ws/install/simple_interfaces/include/simple_interfaces/simple_interfaces/srv/detail/set_led__rosidl_typesupport_fastrtps_c.h
[76.296s] -- Up-to-date symlink: /home/teng/ros2_ws/install/simple_interfaces/include/simple_interfaces/simple_interfaces/msg/detail/button_state__rosidl_typesupport_introspection_c.h
[76.297s] -- Up-to-date symlink: /home/teng/ros2_ws/install/simple_interfaces/include/simple_interfaces/simple_interfaces/msg/detail/hardware_status__rosidl_typesupport_introspection_c.h
[76.297s] -- Up-to-date symlink: /home/teng/ros2_ws/install/simple_interfaces/include/simple_interfaces/simple_interfaces/msg/detail/joystick_scalar_value__rosidl_typesupport_introspection_c.h
[76.298s] -- Up-to-date symlink: /home/teng/ros2_ws/install/simple_interfaces/include/simple_interfaces/simple_interfaces/msg/detail/led_state_array__rosidl_typesupport_introspection_c.h
[76.299s] -- Up-to-date symlink: /home/teng/ros2_ws/install/simple_interfaces/include/simple_interfaces/simple_interfaces/msg/rosidl_typesupport_introspection_c__visibility_control.h
[76.299s] -- Up-to-date symlink: /home/teng/ros2_ws/install/simple_interfaces/include/simple_interfaces/simple_interfaces/srv/detail/ex_service__rosidl_typesupport_introspection_c.h
[76.300s] -- Up-to-date symlink: /home/teng/ros2_ws/install/simple_interfaces/include/simple_interfaces/simple_interfaces/srv/detail/set_joystick_scalar__rosidl_typesupport_introspection_c.h
[76.301s] -- Up-to-date symlink: /home/teng/ros2_ws/install/simple_interfaces/include/simple_interfaces/simple_interfaces/srv/detail/set_led__rosidl_typesupport_introspection_c.h
[76.301s] -- Up-to-date symlink: /home/teng/ros2_ws/install/simple_interfaces/include/simple_interfaces/simple_interfaces/msg/button_state.hpp
[76.302s] -- Up-to-date symlink: /home/teng/ros2_ws/install/simple_interfaces/include/simple_interfaces/simple_interfaces/msg/detail/button_state__builder.hpp
[76.303s] -- Up-to-date symlink: /home/teng/ros2_ws/install/simple_interfaces/include/simple_interfaces/simple_interfaces/msg/detail/button_state__struct.hpp
[76.303s] -- Up-to-date symlink: /home/teng/ros2_ws/install/simple_interfaces/include/simple_interfaces/simple_interfaces/msg/detail/button_state__traits.hpp
[76.304s] -- Up-to-date symlink: /home/teng/ros2_ws/install/simple_interfaces/include/simple_interfaces/simple_interfaces/msg/detail/hardware_status__builder.hpp
[76.305s] -- Up-to-date symlink: /home/teng/ros2_ws/install/simple_interfaces/include/simple_interfaces/simple_interfaces/msg/detail/hardware_status__struct.hpp
[76.306s] -- Up-to-date symlink: /home/teng/ros2_ws/install/simple_interfaces/include/simple_interfaces/simple_interfaces/msg/detail/hardware_status__traits.hpp
[76.306s] -- Up-to-date symlink: /home/teng/ros2_ws/install/simple_interfaces/include/simple_interfaces/simple_interfaces/msg/detail/joystick_scalar_value__builder.hpp
[76.307s] -- Up-to-date symlink: /home/teng/ros2_ws/install/simple_interfaces/include/simple_interfaces/simple_interfaces/msg/detail/joystick_scalar_value__struct.hpp
[76.308s] -- Up-to-date symlink: /home/teng/ros2_ws/install/simple_interfaces/include/simple_interfaces/simple_interfaces/msg/detail/joystick_scalar_value__traits.hpp
[76.308s] -- Up-to-date symlink: /home/teng/ros2_ws/install/simple_interfaces/include/simple_interfaces/simple_interfaces/msg/detail/led_state_array__builder.hpp
[76.309s] -- Up-to-date symlink: /home/teng/ros2_ws/install/simple_interfaces/include/simple_interfaces/simple_interfaces/msg/detail/led_state_array__struct.hpp
[76.310s] -- Up-to-date symlink: /home/teng/ros2_ws/install/simple_interfaces/include/simple_interfaces/simple_interfaces/msg/detail/led_state_array__traits.hpp
[76.310s] -- Up-to-date symlink: /home/teng/ros2_ws/install/simple_interfaces/include/simple_interfaces/simple_interfaces/msg/hardware_status.hpp
[76.311s] -- Up-to-date symlink: /home/teng/ros2_ws/install/simple_interfaces/include/simple_interfaces/simple_interfaces/msg/joystick_scalar_value.hpp
[76.312s] -- Up-to-date symlink: /home/teng/ros2_ws/install/simple_interfaces/include/simple_interfaces/simple_interfaces/msg/led_state_array.hpp
[76.313s] -- Up-to-date symlink: /home/teng/ros2_ws/install/simple_interfaces/include/simple_interfaces/simple_interfaces/srv/detail/ex_service__builder.hpp
[76.315s] -- Up-to-date symlink: /home/teng/ros2_ws/install/simple_interfaces/include/simple_interfaces/simple_interfaces/srv/detail/ex_service__struct.hpp
[76.316s] -- Up-to-date symlink: /home/teng/ros2_ws/install/simple_interfaces/include/simple_interfaces/simple_interfaces/srv/detail/ex_service__traits.hpp
[76.317s] -- Up-to-date symlink: /home/teng/ros2_ws/install/simple_interfaces/include/simple_interfaces/simple_interfaces/srv/detail/set_joystick_scalar__builder.hpp
[76.319s] -- Up-to-date symlink: /home/teng/ros2_ws/install/simple_interfaces/include/simple_interfaces/simple_interfaces/srv/detail/set_joystick_scalar__struct.hpp
[76.320s] -- Up-to-date symlink: /home/teng/ros2_ws/install/simple_interfaces/include/simple_interfaces/simple_interfaces/srv/detail/set_joystick_scalar__traits.hpp
[76.322s] -- Up-to-date symlink: /home/teng/ros2_ws/install/simple_interfaces/include/simple_interfaces/simple_interfaces/srv/detail/set_led__builder.hpp
[76.323s] -- Up-to-date symlink: /home/teng/ros2_ws/install/simple_interfaces/include/simple_interfaces/simple_interfaces/srv/detail/set_led__struct.hpp
[76.324s] -- Up-to-date symlink: /home/teng/ros2_ws/install/simple_interfaces/include/simple_interfaces/simple_interfaces/srv/detail/set_led__traits.hpp
[76.326s] -- Up-to-date symlink: /home/teng/ros2_ws/install/simple_interfaces/include/simple_interfaces/simple_interfaces/srv/ex_service.hpp
[76.327s] -- Up-to-date symlink: /home/teng/ros2_ws/install/simple_interfaces/include/simple_interfaces/simple_interfaces/srv/set_joystick_scalar.hpp
[76.328s] -- Up-to-date symlink: /home/teng/ros2_ws/install/simple_interfaces/include/simple_interfaces/simple_interfaces/srv/set_led.hpp
[76.335s] -- Up-to-date symlink: /home/teng/ros2_ws/install/simple_interfaces/include/simple_interfaces/simple_interfaces/msg/detail/button_state__rosidl_typesupport_fastrtps_cpp.hpp
[76.337s] -- Up-to-date symlink: /home/teng/ros2_ws/install/simple_interfaces/include/simple_interfaces/simple_interfaces/msg/detail/hardware_status__rosidl_typesupport_fastrtps_cpp.hpp
[76.338s] -- Up-to-date symlink: /home/teng/ros2_ws/install/simple_interfaces/include/simple_interfaces/simple_interfaces/msg/detail/joystick_scalar_value__rosidl_typesupport_fastrtps_cpp.hpp
[76.340s] -- Up-to-date symlink: /home/teng/ros2_ws/install/simple_interfaces/include/simple_interfaces/simple_interfaces/msg/detail/led_state_array__rosidl_typesupport_fastrtps_cpp.hpp
[76.341s] -- Up-to-date symlink: /home/teng/ros2_ws/install/simple_interfaces/include/simple_interfaces/simple_interfaces/msg/rosidl_typesupport_fastrtps_cpp__visibility_control.h
[76.343s] -- Up-to-date symlink: /home/teng/ros2_ws/install/simple_interfaces/include/simple_interfaces/simple_interfaces/srv/detail/ex_service__rosidl_typesupport_fastrtps_cpp.hpp
[76.344s] -- Up-to-date symlink: /home/teng/ros2_ws/install/simple_interfaces/include/simple_interfaces/simple_interfaces/srv/detail/set_joystick_scalar__rosidl_typesupport_fastrtps_cpp.hpp
[76.345s] -- Up-to-date symlink: /home/teng/ros2_ws/install/simple_interfaces/include/simple_interfaces/simple_interfaces/srv/detail/set_led__rosidl_typesupport_fastrtps_cpp.hpp
[76.350s] -- Up-to-date symlink: /home/teng/ros2_ws/install/simple_interfaces/include/simple_interfaces/simple_interfaces/msg/detail/button_state__rosidl_typesupport_introspection_cpp.hpp
[76.351s] -- Up-to-date symlink: /home/teng/ros2_ws/install/simple_interfaces/include/simple_interfaces/simple_interfaces/msg/detail/hardware_status__rosidl_typesupport_introspection_cpp.hpp
[76.352s] -- Up-to-date symlink: /home/teng/ros2_ws/install/simple_interfaces/include/simple_interfaces/simple_interfaces/msg/detail/joystick_scalar_value__rosidl_typesupport_introspection_cpp.hpp
[76.354s] -- Up-to-date symlink: /home/teng/ros2_ws/install/simple_interfaces/include/simple_interfaces/simple_interfaces/msg/detail/led_state_array__rosidl_typesupport_introspection_cpp.hpp
[76.355s] -- Up-to-date symlink: /home/teng/ros2_ws/install/simple_interfaces/include/simple_interfaces/simple_interfaces/srv/detail/ex_service__rosidl_typesupport_introspection_cpp.hpp
[76.357s] -- Up-to-date symlink: /home/teng/ros2_ws/install/simple_interfaces/include/simple_interfaces/simple_interfaces/srv/detail/set_joystick_scalar__rosidl_typesupport_introspection_cpp.hpp
[76.359s] -- Up-to-date symlink: /home/teng/ros2_ws/install/simple_interfaces/include/simple_interfaces/simple_interfaces/srv/detail/set_led__rosidl_typesupport_introspection_cpp.hpp
[76.360s] -- Up-to-date symlink: /home/teng/ros2_ws/install/simple_interfaces/share/simple_interfaces/environment/pythonpath.sh
[76.361s] -- Up-to-date symlink: /home/teng/ros2_ws/install/simple_interfaces/share/simple_interfaces/environment/pythonpath.dsv
[76.364s] -- Up-to-date symlink: /home/teng/ros2_ws/install/simple_interfaces/local/lib/python3.10/dist-packages/simple_interfaces-0.0.0-py3.10.egg-info/PKG-INFO
[76.366s] -- Up-to-date symlink: /home/teng/ros2_ws/install/simple_interfaces/local/lib/python3.10/dist-packages/simple_interfaces-0.0.0-py3.10.egg-info/SOURCES.txt
[76.367s] -- Up-to-date symlink: /home/teng/ros2_ws/install/simple_interfaces/local/lib/python3.10/dist-packages/simple_interfaces-0.0.0-py3.10.egg-info/dependency_links.txt
[76.369s] -- Up-to-date symlink: /home/teng/ros2_ws/install/simple_interfaces/local/lib/python3.10/dist-packages/simple_interfaces-0.0.0-py3.10.egg-info/top_level.txt
[76.377s] -- Up-to-date symlink: /home/teng/ros2_ws/install/simple_interfaces/local/lib/python3.10/dist-packages/simple_interfaces/__init__.py
[76.379s] -- Up-to-date symlink: /home/teng/ros2_ws/install/simple_interfaces/local/lib/python3.10/dist-packages/simple_interfaces/_simple_interfaces_s.ep.rosidl_typesupport_c.c
[76.380s] -- Up-to-date symlink: /home/teng/ros2_ws/install/simple_interfaces/local/lib/python3.10/dist-packages/simple_interfaces/_simple_interfaces_s.ep.rosidl_typesupport_fastrtps_c.c
[76.383s] -- Up-to-date symlink: /home/teng/ros2_ws/install/simple_interfaces/local/lib/python3.10/dist-packages/simple_interfaces/_simple_interfaces_s.ep.rosidl_typesupport_introspection_c.c
[76.385s] -- Up-to-date symlink: /home/teng/ros2_ws/install/simple_interfaces/local/lib/python3.10/dist-packages/simple_interfaces/libsimple_interfaces__rosidl_generator_py.so
[76.386s] -- Up-to-date symlink: /home/teng/ros2_ws/install/simple_interfaces/local/lib/python3.10/dist-packages/simple_interfaces/msg/__init__.py
[76.387s] -- Up-to-date symlink: /home/teng/ros2_ws/install/simple_interfaces/local/lib/python3.10/dist-packages/simple_interfaces/msg/_button_state.py
[76.388s] -- Up-to-date symlink: /home/teng/ros2_ws/install/simple_interfaces/local/lib/python3.10/dist-packages/simple_interfaces/msg/_button_state_s.c
[76.389s] -- Up-to-date symlink: /home/teng/ros2_ws/install/simple_interfaces/local/lib/python3.10/dist-packages/simple_interfaces/msg/_hardware_status.py
[76.390s] -- Up-to-date symlink: /home/teng/ros2_ws/install/simple_interfaces/local/lib/python3.10/dist-packages/simple_interfaces/msg/_hardware_status_s.c
[76.391s] -- Up-to-date symlink: /home/teng/ros2_ws/install/simple_interfaces/local/lib/python3.10/dist-packages/simple_interfaces/msg/_joystick_scalar_value.py
[76.391s] -- Up-to-date symlink: /home/teng/ros2_ws/install/simple_interfaces/local/lib/python3.10/dist-packages/simple_interfaces/msg/_joystick_scalar_value_s.c
[76.392s] -- Up-to-date symlink: /home/teng/ros2_ws/install/simple_interfaces/local/lib/python3.10/dist-packages/simple_interfaces/msg/_led_state_array.py
[76.394s] -- Up-to-date symlink: /home/teng/ros2_ws/install/simple_interfaces/local/lib/python3.10/dist-packages/simple_interfaces/msg/_led_state_array_s.c
[76.395s] -- Up-to-date symlink: /home/teng/ros2_ws/install/simple_interfaces/local/lib/python3.10/dist-packages/simple_interfaces/simple_interfaces_s__rosidl_typesupport_c.cpython-310-aarch64-linux-gnu.so
[76.396s] -- Up-to-date symlink: /home/teng/ros2_ws/install/simple_interfaces/local/lib/python3.10/dist-packages/simple_interfaces/simple_interfaces_s__rosidl_typesupport_fastrtps_c.cpython-310-aarch64-linux-gnu.so
[76.397s] -- Up-to-date symlink: /home/teng/ros2_ws/install/simple_interfaces/local/lib/python3.10/dist-packages/simple_interfaces/simple_interfaces_s__rosidl_typesupport_introspection_c.cpython-310-aarch64-linux-gnu.so
[76.398s] -- Up-to-date symlink: /home/teng/ros2_ws/install/simple_interfaces/local/lib/python3.10/dist-packages/simple_interfaces/srv/__init__.py
[76.399s] -- Up-to-date symlink: /home/teng/ros2_ws/install/simple_interfaces/local/lib/python3.10/dist-packages/simple_interfaces/srv/_ex_service.py
[76.400s] -- Up-to-date symlink: /home/teng/ros2_ws/install/simple_interfaces/local/lib/python3.10/dist-packages/simple_interfaces/srv/_ex_service_s.c
[76.401s] -- Up-to-date symlink: /home/teng/ros2_ws/install/simple_interfaces/local/lib/python3.10/dist-packages/simple_interfaces/srv/_set_joystick_scalar.py
[76.402s] -- Up-to-date symlink: /home/teng/ros2_ws/install/simple_interfaces/local/lib/python3.10/dist-packages/simple_interfaces/srv/_set_joystick_scalar_s.c
[76.403s] -- Up-to-date symlink: /home/teng/ros2_ws/install/simple_interfaces/local/lib/python3.10/dist-packages/simple_interfaces/srv/_set_led.py
[76.405s] -- Up-to-date symlink: /home/teng/ros2_ws/install/simple_interfaces/local/lib/python3.10/dist-packages/simple_interfaces/srv/_set_led_s.c
[76.406s] -- Up-to-date symlink: /home/teng/ros2_ws/install/simple_interfaces/local/lib/python3.10/dist-packages/simple_interfaces/simple_interfaces_s__rosidl_typesupport_fastrtps_c.cpython-310-aarch64-linux-gnu.so
[76.408s] -- Up-to-date symlink: /home/teng/ros2_ws/install/simple_interfaces/local/lib/python3.10/dist-packages/simple_interfaces/simple_interfaces_s__rosidl_typesupport_introspection_c.cpython-310-aarch64-linux-gnu.so
[76.410s] -- Up-to-date symlink: /home/teng/ros2_ws/install/simple_interfaces/local/lib/python3.10/dist-packages/simple_interfaces/simple_interfaces_s__rosidl_typesupport_c.cpython-310-aarch64-linux-gnu.so
[76.411s] -- Up-to-date symlink: /home/teng/ros2_ws/install/simple_interfaces/share/simple_interfaces/msg/HardwareStatus.idl
[76.413s] -- Up-to-date symlink: /home/teng/ros2_ws/install/simple_interfaces/share/simple_interfaces/msg/LedStateArray.idl
[76.420s] -- Up-to-date symlink: /home/teng/ros2_ws/install/simple_interfaces/share/simple_interfaces/msg/ButtonState.idl
[76.421s] -- Up-to-date symlink: /home/teng/ros2_ws/install/simple_interfaces/share/simple_interfaces/msg/JoystickScalarValue.idl
[76.424s] -- Up-to-date symlink: /home/teng/ros2_ws/install/simple_interfaces/share/simple_interfaces/srv/ExService.idl
[76.425s] -- Up-to-date symlink: /home/teng/ros2_ws/install/simple_interfaces/share/simple_interfaces/srv/SetLed.idl
[76.426s] -- Up-to-date symlink: /home/teng/ros2_ws/install/simple_interfaces/share/simple_interfaces/srv/SetJoystickScalar.idl
[76.427s] -- Up-to-date symlink: /home/teng/ros2_ws/install/simple_interfaces/share/simple_interfaces/msg/HardwareStatus.msg
[76.428s] -- Up-to-date symlink: /home/teng/ros2_ws/install/simple_interfaces/share/simple_interfaces/msg/LedStateArray.msg
[76.430s] -- Up-to-date symlink: /home/teng/ros2_ws/install/simple_interfaces/share/simple_interfaces/msg/ButtonState.msg
[76.431s] -- Up-to-date symlink: /home/teng/ros2_ws/install/simple_interfaces/share/simple_interfaces/msg/JoystickScalarValue.msg
[76.432s] -- Up-to-date symlink: /home/teng/ros2_ws/install/simple_interfaces/share/simple_interfaces/srv/ExService.srv
[76.434s] -- Up-to-date symlink: /home/teng/ros2_ws/install/simple_interfaces/share/simple_interfaces/srv/ExService_Request.msg
[76.434s] -- Up-to-date symlink: /home/teng/ros2_ws/install/simple_interfaces/share/simple_interfaces/srv/ExService_Response.msg
[76.435s] -- Up-to-date symlink: /home/teng/ros2_ws/install/simple_interfaces/share/simple_interfaces/srv/SetLed.srv
[76.436s] -- Up-to-date symlink: /home/teng/ros2_ws/install/simple_interfaces/share/simple_interfaces/srv/SetLed_Request.msg
[76.437s] -- Up-to-date symlink: /home/teng/ros2_ws/install/simple_interfaces/share/simple_interfaces/srv/SetLed_Response.msg
[76.438s] -- Up-to-date symlink: /home/teng/ros2_ws/install/simple_interfaces/share/simple_interfaces/srv/SetJoystickScalar.srv
[76.439s] -- Up-to-date symlink: /home/teng/ros2_ws/install/simple_interfaces/share/simple_interfaces/srv/SetJoystickScalar_Request.msg
[76.440s] -- Up-to-date symlink: /home/teng/ros2_ws/install/simple_interfaces/share/simple_interfaces/srv/SetJoystickScalar_Response.msg
[76.442s] -- Up-to-date symlink: /home/teng/ros2_ws/install/simple_interfaces/share/ament_index/resource_index/package_run_dependencies/simple_interfaces
[76.444s] -- Up-to-date symlink: /home/teng/ros2_ws/install/simple_interfaces/share/ament_index/resource_index/parent_prefix_path/simple_interfaces
[76.445s] -- Up-to-date symlink: /home/teng/ros2_ws/install/simple_interfaces/share/simple_interfaces/environment/ament_prefix_path.sh
[76.446s] -- Up-to-date symlink: /home/teng/ros2_ws/install/simple_interfaces/share/simple_interfaces/environment/ament_prefix_path.dsv
[76.447s] -- Up-to-date symlink: /home/teng/ros2_ws/install/simple_interfaces/share/simple_interfaces/environment/path.sh
[76.448s] -- Up-to-date symlink: /home/teng/ros2_ws/install/simple_interfaces/share/simple_interfaces/environment/path.dsv
[76.449s] -- Up-to-date symlink: /home/teng/ros2_ws/install/simple_interfaces/share/simple_interfaces/local_setup.bash
[76.450s] -- Up-to-date symlink: /home/teng/ros2_ws/install/simple_interfaces/share/simple_interfaces/local_setup.sh
[76.451s] -- Up-to-date symlink: /home/teng/ros2_ws/install/simple_interfaces/share/simple_interfaces/local_setup.zsh
[76.453s] -- Up-to-date symlink: /home/teng/ros2_ws/install/simple_interfaces/share/simple_interfaces/local_setup.dsv
[76.453s] -- Symlinking: /home/teng/ros2_ws/install/simple_interfaces/share/simple_interfaces/package.dsv
[76.506s] -- Up-to-date symlink: /home/teng/ros2_ws/install/simple_interfaces/share/ament_index/resource_index/packages/simple_interfaces
[76.508s] -- Up-to-date symlink: /home/teng/ros2_ws/install/simple_interfaces/share/simple_interfaces/cmake/rosidl_cmake-extras.cmake
[76.509s] -- Up-to-date symlink: /home/teng/ros2_ws/install/simple_interfaces/share/simple_interfaces/cmake/ament_cmake_export_include_directories-extras.cmake
[76.510s] -- Up-to-date symlink: /home/teng/ros2_ws/install/simple_interfaces/share/simple_interfaces/cmake/ament_cmake_export_libraries-extras.cmake
[76.511s] -- Up-to-date symlink: /home/teng/ros2_ws/install/simple_interfaces/share/simple_interfaces/cmake/ament_cmake_export_targets-extras.cmake
[76.512s] -- Up-to-date symlink: /home/teng/ros2_ws/install/simple_interfaces/share/simple_interfaces/cmake/rosidl_cmake_export_typesupport_targets-extras.cmake
[76.513s] -- Up-to-date symlink: /home/teng/ros2_ws/install/simple_interfaces/share/simple_interfaces/cmake/ament_cmake_export_dependencies-extras.cmake
[76.514s] -- Up-to-date symlink: /home/teng/ros2_ws/install/simple_interfaces/share/simple_interfaces/cmake/rosidl_cmake_export_typesupport_libraries-extras.cmake
[76.515s] -- Up-to-date symlink: /home/teng/ros2_ws/install/simple_interfaces/share/simple_interfaces/cmake/simple_interfacesConfig.cmake
[76.518s] -- Up-to-date symlink: /home/teng/ros2_ws/install/simple_interfaces/share/simple_interfaces/cmake/simple_interfacesConfig-version.cmake
[76.519s] -- Up-to-date symlink: /home/teng/ros2_ws/install/simple_interfaces/share/simple_interfaces/package.xml
[76.520s] -- Installing: /home/teng/ros2_ws/install/simple_interfaces/lib/libsimple_interfaces__rosidl_generator_c.so
[76.522s] -- Set runtime path of "/home/teng/ros2_ws/install/simple_interfaces/lib/libsimple_interfaces__rosidl_generator_c.so" to ""
[76.527s] -- Installing: /home/teng/ros2_ws/install/simple_interfaces/lib/libsimple_interfaces__rosidl_typesupport_fastrtps_c.so
[76.528s] -- Set runtime path of "/home/teng/ros2_ws/install/simple_interfaces/lib/libsimple_interfaces__rosidl_typesupport_fastrtps_c.so" to ""
[76.529s] -- Installing: /home/teng/ros2_ws/install/simple_interfaces/lib/libsimple_interfaces__rosidl_typesupport_introspection_c.so
[76.532s] -- Set runtime path of "/home/teng/ros2_ws/install/simple_interfaces/lib/libsimple_interfaces__rosidl_typesupport_introspection_c.so" to ""
[76.533s] -- Installing: /home/teng/ros2_ws/install/simple_interfaces/lib/libsimple_interfaces__rosidl_typesupport_c.so
[76.536s] -- Set runtime path of "/home/teng/ros2_ws/install/simple_interfaces/lib/libsimple_interfaces__rosidl_typesupport_c.so" to ""
[76.542s] -- Installing: /home/teng/ros2_ws/install/simple_interfaces/lib/libsimple_interfaces__rosidl_typesupport_fastrtps_cpp.so
[76.545s] -- Set runtime path of "/home/teng/ros2_ws/install/simple_interfaces/lib/libsimple_interfaces__rosidl_typesupport_fastrtps_cpp.so" to ""
[76.550s] -- Installing: /home/teng/ros2_ws/install/simple_interfaces/lib/libsimple_interfaces__rosidl_typesupport_introspection_cpp.so
[76.554s] -- Set runtime path of "/home/teng/ros2_ws/install/simple_interfaces/lib/libsimple_interfaces__rosidl_typesupport_introspection_cpp.so" to ""
[76.557s] -- Installing: /home/teng/ros2_ws/install/simple_interfaces/lib/libsimple_interfaces__rosidl_typesupport_cpp.so
[76.561s] -- Set runtime path of "/home/teng/ros2_ws/install/simple_interfaces/lib/libsimple_interfaces__rosidl_typesupport_cpp.so" to ""
[76.849s] Listing '/home/teng/ros2_ws/install/simple_interfaces/local/lib/python3.10/dist-packages/simple_interfaces'...
[76.851s] Compiling '/home/teng/ros2_ws/install/simple_interfaces/local/lib/python3.10/dist-packages/simple_interfaces/__init__.py'...
[76.852s] Listing '/home/teng/ros2_ws/install/simple_interfaces/local/lib/python3.10/dist-packages/simple_interfaces/msg'...
[76.854s] Compiling '/home/teng/ros2_ws/install/simple_interfaces/local/lib/python3.10/dist-packages/simple_interfaces/msg/__init__.py'...
[76.856s] Compiling '/home/teng/ros2_ws/install/simple_interfaces/local/lib/python3.10/dist-packages/simple_interfaces/msg/_button_state.py'...
[76.857s] Compiling '/home/teng/ros2_ws/install/simple_interfaces/local/lib/python3.10/dist-packages/simple_interfaces/msg/_hardware_status.py'...
[76.859s] Compiling '/home/teng/ros2_ws/install/simple_interfaces/local/lib/python3.10/dist-packages/simple_interfaces/msg/_joystick_scalar_value.py'...
[76.862s] Compiling '/home/teng/ros2_ws/install/simple_interfaces/local/lib/python3.10/dist-packages/simple_interfaces/msg/_led_state_array.py'...
[76.864s] Listing '/home/teng/ros2_ws/install/simple_interfaces/local/lib/python3.10/dist-packages/simple_interfaces/srv'...
[76.866s] Compiling '/home/teng/ros2_ws/install/simple_interfaces/local/lib/python3.10/dist-packages/simple_interfaces/srv/__init__.py'...
[76.867s] Compiling '/home/teng/ros2_ws/install/simple_interfaces/local/lib/python3.10/dist-packages/simple_interfaces/srv/_ex_service.py'...
[76.868s] Compiling '/home/teng/ros2_ws/install/simple_interfaces/local/lib/python3.10/dist-packages/simple_interfaces/srv/_set_joystick_scalar.py'...
[76.870s] Compiling '/home/teng/ros2_ws/install/simple_interfaces/local/lib/python3.10/dist-packages/simple_interfaces/srv/_set_led.py'...
[76.884s] -- Installing: /home/teng/ros2_ws/install/simple_interfaces/lib/libsimple_interfaces__rosidl_generator_py.so
[76.888s] -- Set runtime path of "/home/teng/ros2_ws/install/simple_interfaces/lib/libsimple_interfaces__rosidl_generator_py.so" to ""
[76.889s] -- Up-to-date: /home/teng/ros2_ws/install/simple_interfaces/share/simple_interfaces/cmake/export_simple_interfaces__rosidl_generator_cExport.cmake
[76.890s] -- Up-to-date: /home/teng/ros2_ws/install/simple_interfaces/share/simple_interfaces/cmake/export_simple_interfaces__rosidl_generator_cExport-noconfig.cmake
[76.892s] -- Up-to-date: /home/teng/ros2_ws/install/simple_interfaces/share/simple_interfaces/cmake/export_simple_interfaces__rosidl_typesupport_fastrtps_cExport.cmake
[76.892s] -- Up-to-date: /home/teng/ros2_ws/install/simple_interfaces/share/simple_interfaces/cmake/export_simple_interfaces__rosidl_typesupport_fastrtps_cExport-noconfig.cmake
[76.894s] -- Up-to-date: /home/teng/ros2_ws/install/simple_interfaces/share/simple_interfaces/cmake/simple_interfaces__rosidl_typesupport_introspection_cExport.cmake
[76.895s] -- Up-to-date: /home/teng/ros2_ws/install/simple_interfaces/share/simple_interfaces/cmake/simple_interfaces__rosidl_typesupport_introspection_cExport-noconfig.cmake
[76.897s] -- Up-to-date: /home/teng/ros2_ws/install/simple_interfaces/share/simple_interfaces/cmake/simple_interfaces__rosidl_typesupport_cExport.cmake
[76.898s] -- Up-to-date: /home/teng/ros2_ws/install/simple_interfaces/share/simple_interfaces/cmake/simple_interfaces__rosidl_typesupport_cExport-noconfig.cmake
[76.899s] -- Up-to-date: /home/teng/ros2_ws/install/simple_interfaces/share/simple_interfaces/cmake/export_simple_interfaces__rosidl_generator_cppExport.cmake
[76.902s] -- Up-to-date: /home/teng/ros2_ws/install/simple_interfaces/share/simple_interfaces/cmake/export_simple_interfaces__rosidl_typesupport_fastrtps_cppExport.cmake
[76.903s] -- Up-to-date: /home/teng/ros2_ws/install/simple_interfaces/share/simple_interfaces/cmake/export_simple_interfaces__rosidl_typesupport_fastrtps_cppExport-noconfig.cmake
[76.905s] -- Up-to-date: /home/teng/ros2_ws/install/simple_interfaces/share/simple_interfaces/cmake/simple_interfaces__rosidl_typesupport_introspection_cppExport.cmake
[76.906s] -- Up-to-date: /home/teng/ros2_ws/install/simple_interfaces/share/simple_interfaces/cmake/simple_interfaces__rosidl_typesupport_introspection_cppExport-noconfig.cmake
[76.908s] -- Up-to-date: /home/teng/ros2_ws/install/simple_interfaces/share/simple_interfaces/cmake/simple_interfaces__rosidl_typesupport_cppExport.cmake
[76.909s] -- Up-to-date: /home/teng/ros2_ws/install/simple_interfaces/share/simple_interfaces/cmake/simple_interfaces__rosidl_typesupport_cppExport-noconfig.cmake
[76.911s] -- Up-to-date: /home/teng/ros2_ws/install/simple_interfaces/share/simple_interfaces/cmake/export_simple_interfaces__rosidl_generator_pyExport.cmake
[76.912s] -- Up-to-date: /home/teng/ros2_ws/install/simple_interfaces/share/simple_interfaces/cmake/export_simple_interfaces__rosidl_generator_pyExport-noconfig.cmake
[76.920s] Invoked command in '/home/teng/ros2_ws/build/simple_interfaces' returned '0': CMAKE_PREFIX_PATH=${CMAKE_PREFIX_PATH}:/home/teng/ros2_ws/install/sensor_msgs_py:/home/teng/ros2_ws/install/experiment1:/opt/ros/humble /usr/bin/cmake --install /home/teng/ros2_ws/build/simple_interfaces
