-- The C compiler identification is GNU 11.4.0
-- The CXX compiler identification is GNU 11.4.0
-- Detecting C compiler ABI info
-- Detecting C compiler ABI info - done
-- Check for working C compiler: /usr/bin/cc - skipped
-- Detecting C compile features
-- Detecting C compile features - done
-- Detecting CXX compiler ABI info
-- Detecting CXX compiler ABI info - done
-- Check for working CXX compiler: /usr/bin/c++ - skipped
-- Detecting CXX compile features
-- Detecting CXX compile features - done
-- Found ament_cmake: 1.3.5 (/opt/ros/humble/share/ament_cmake/cmake)
-- Found Python3: /usr/bin/python3.10 (found version "3.10.12") found components: Interpreter 
-- Override CMake install command with custom implementation using symlinks instead of copying resources
-- Found rosidl_default_generators: 1.2.0 (/opt/ros/humble/share/rosidl_default_generators/cmake)
-- Using all available rosidl_typesupport_c: rosidl_typesupport_fastrtps_c;rosidl_typesupport_introspection_c
-- Found rosidl_adapter: 3.1.5 (/opt/ros/humble/share/rosidl_adapter/cmake)
-- Using all available rosidl_typesupport_cpp: rosidl_typesupport_fastrtps_cpp;rosidl_typesupport_introspection_cpp
-- Found sensor_msgs: 5.2.0 (/home/teng/ros2_ws/install/sensor_msgs/share/sensor_msgs/cmake)
-- Found ament_cmake_cppcheck: 0.12.8 (/opt/ros/humble/share/ament_cmake_cppcheck/cmake)
-- Found ament_cmake_cpplint: 0.12.8 (/opt/ros/humble/share/ament_cmake_cpplint/cmake)
-- Found ament_cmake_uncrustify: 0.12.8 (/opt/ros/humble/share/ament_cmake_uncrustify/cmake)
-- Found ament_cmake_ros: 0.10.0 (/opt/ros/humble/share/ament_cmake_ros/cmake)
-- Using all available rosidl_typesupport_c: rosidl_typesupport_fastrtps_c;rosidl_typesupport_introspection_c
-- Using all available rosidl_typesupport_cpp: rosidl_typesupport_fastrtps_cpp;rosidl_typesupport_introspection_cpp
-- Found PythonInterp: /usr/bin/python3 (found suitable version "3.10.12", minimum required is "3.6") 
-- Found python_cmake_module: 0.10.0 (/opt/ros/humble/share/python_cmake_module/cmake)
-- Found PythonLibs: /usr/lib/aarch64-linux-gnu/libpython3.10.so (found suitable version "3.10.12", minimum required is "3.5") 
-- Using PYTHON_EXECUTABLE: /usr/bin/python3
-- Using PYTHON_INCLUDE_DIRS: /usr/include/python3.10
-- Using PYTHON_LIBRARIES: /usr/lib/aarch64-linux-gnu/libpython3.10.so
-- Found PythonExtra: .so  
-- Found ament_cmake_flake8: 0.12.8 (/opt/ros/humble/share/ament_cmake_flake8/cmake)
-- Found ament_cmake_pep257: 0.12.8 (/opt/ros/humble/share/ament_cmake_pep257/cmake)
-- Configuring done
-- Generating done
-- Build files have been written to: /home/teng/ros2_ws/build/stereo_msgs
[  3%] [34m[1mGenerating C code for ROS interfaces[0m
[  6%] [34m[1mGenerating C++ code for ROS interfaces[0m
[  6%] Built target ament_cmake_python_symlink_stereo_msgs
running egg_info
creating stereo_msgs.egg-info
writing stereo_msgs.egg-info/PKG-INFO
writing dependency_links to stereo_msgs.egg-info/dependency_links.txt
writing top-level names to stereo_msgs.egg-info/top_level.txt
writing manifest file 'stereo_msgs.egg-info/SOURCES.txt'
reading manifest file 'stereo_msgs.egg-info/SOURCES.txt'
writing manifest file 'stereo_msgs.egg-info/SOURCES.txt'
[  6%] Built target ament_cmake_python_build_stereo_msgs_egg
[  6%] Built target stereo_msgs__cpp
[  9%] [34m[1mGenerating C++ type support dispatch for ROS interfaces[0m
[ 12%] [32mBuilding C object CMakeFiles/stereo_msgs__rosidl_generator_c.dir/rosidl_generator_c/stereo_msgs/msg/detail/disparity_image__functions.c.o[0m
[ 16%] [32m[1mLinking C shared library libstereo_msgs__rosidl_generator_c.so[0m
[ 16%] Built target stereo_msgs__rosidl_generator_c
[ 19%] [32mBuilding CXX object CMakeFiles/stereo_msgs__rosidl_typesupport_cpp.dir/rosidl_typesupport_cpp/stereo_msgs/msg/disparity_image__type_support.cpp.o[0m
[ 22%] [32m[1mLinking CXX shared library libstereo_msgs__rosidl_typesupport_cpp.so[0m
[ 22%] Built target stereo_msgs__rosidl_typesupport_cpp
[ 25%] [34m[1mGenerating C type support for eProsima Fast-RTPS[0m
[ 29%] [32mBuilding CXX object CMakeFiles/stereo_msgs__rosidl_typesupport_fastrtps_c.dir/rosidl_typesupport_fastrtps_c/stereo_msgs/msg/detail/disparity_image__type_support_c.cpp.o[0m
[ 32%] [32m[1mLinking CXX shared library libstereo_msgs__rosidl_typesupport_fastrtps_c.so[0m
[ 32%] Built target stereo_msgs__rosidl_typesupport_fastrtps_c
[ 35%] [34m[1mGenerating C introspection for ROS interfaces[0m
[ 38%] [32mBuilding C object CMakeFiles/stereo_msgs__rosidl_typesupport_introspection_c.dir/rosidl_typesupport_introspection_c/stereo_msgs/msg/detail/disparity_image__type_support.c.o[0m
[ 41%] [32m[1mLinking C shared library libstereo_msgs__rosidl_typesupport_introspection_c.so[0m
[ 41%] Built target stereo_msgs__rosidl_typesupport_introspection_c
[ 45%] [34m[1mGenerating C type support dispatch for ROS interfaces[0m
[ 48%] [32mBuilding CXX object CMakeFiles/stereo_msgs__rosidl_typesupport_c.dir/rosidl_typesupport_c/stereo_msgs/msg/disparity_image__type_support.cpp.o[0m
[ 51%] [32m[1mLinking CXX shared library libstereo_msgs__rosidl_typesupport_c.so[0m
[ 51%] Built target stereo_msgs__rosidl_typesupport_c
[ 54%] [34m[1mGenerating C++ introspection for ROS interfaces[0m
[ 58%] [32mBuilding CXX object CMakeFiles/stereo_msgs__rosidl_typesupport_introspection_cpp.dir/rosidl_typesupport_introspection_cpp/stereo_msgs/msg/detail/disparity_image__type_support.cpp.o[0m
[ 61%] [32m[1mLinking CXX shared library libstereo_msgs__rosidl_typesupport_introspection_cpp.so[0m
[ 61%] Built target stereo_msgs__rosidl_typesupport_introspection_cpp
[ 64%] [34m[1mGenerating C++ type support for eProsima Fast-RTPS[0m
[ 67%] [32mBuilding CXX object CMakeFiles/stereo_msgs__rosidl_typesupport_fastrtps_cpp.dir/rosidl_typesupport_fastrtps_cpp/stereo_msgs/msg/detail/dds_fastrtps/disparity_image__type_support.cpp.o[0m
[ 70%] [32m[1mLinking CXX shared library libstereo_msgs__rosidl_typesupport_fastrtps_cpp.so[0m
[ 70%] Built target stereo_msgs__rosidl_typesupport_fastrtps_cpp
[ 70%] Built target stereo_msgs
[ 74%] [34m[1mGenerating Python code for ROS interfaces[0m
[ 74%] Built target stereo_msgs__py
[ 77%] [32mBuilding C object CMakeFiles/stereo_msgs__rosidl_generator_py.dir/rosidl_generator_py/stereo_msgs/msg/_disparity_image_s.c.o[0m
[ 80%] [32m[1mLinking C shared library rosidl_generator_py/stereo_msgs/libstereo_msgs__rosidl_generator_py.so[0m
[ 80%] Built target stereo_msgs__rosidl_generator_py
[ 83%] [32mBuilding C object CMakeFiles/stereo_msgs__rosidl_typesupport_fastrtps_c__pyext.dir/rosidl_generator_py/stereo_msgs/_stereo_msgs_s.ep.rosidl_typesupport_fastrtps_c.c.o[0m
[ 87%] [32m[1mLinking C shared library rosidl_generator_py/stereo_msgs/stereo_msgs_s__rosidl_typesupport_fastrtps_c.cpython-310-aarch64-linux-gnu.so[0m
[ 87%] Built target stereo_msgs__rosidl_typesupport_fastrtps_c__pyext
[ 90%] [32mBuilding C object CMakeFiles/stereo_msgs__rosidl_typesupport_c__pyext.dir/rosidl_generator_py/stereo_msgs/_stereo_msgs_s.ep.rosidl_typesupport_c.c.o[0m
[ 93%] [32m[1mLinking C shared library rosidl_generator_py/stereo_msgs/stereo_msgs_s__rosidl_typesupport_c.cpython-310-aarch64-linux-gnu.so[0m
[ 93%] Built target stereo_msgs__rosidl_typesupport_c__pyext
[ 96%] [32mBuilding C object CMakeFiles/stereo_msgs__rosidl_typesupport_introspection_c__pyext.dir/rosidl_generator_py/stereo_msgs/_stereo_msgs_s.ep.rosidl_typesupport_introspection_c.c.o[0m
[100%] [32m[1mLinking C shared library rosidl_generator_py/stereo_msgs/stereo_msgs_s__rosidl_typesupport_introspection_c.cpython-310-aarch64-linux-gnu.so[0m
[100%] Built target stereo_msgs__rosidl_typesupport_introspection_c__pyext
-- Install configuration: ""
-- Execute custom install script
-- Symlinking: /home/teng/ros2_ws/install/stereo_msgs/share/ament_index/resource_index/rosidl_interfaces/stereo_msgs
-- Symlinking: /home/teng/ros2_ws/install/stereo_msgs/include/stereo_msgs/stereo_msgs/msg/detail/disparity_image__functions.h
-- Symlinking: /home/teng/ros2_ws/install/stereo_msgs/include/stereo_msgs/stereo_msgs/msg/detail/disparity_image__struct.h
-- Symlinking: /home/teng/ros2_ws/install/stereo_msgs/include/stereo_msgs/stereo_msgs/msg/detail/disparity_image__type_support.h
-- Symlinking: /home/teng/ros2_ws/install/stereo_msgs/include/stereo_msgs/stereo_msgs/msg/disparity_image.h
-- Symlinking: /home/teng/ros2_ws/install/stereo_msgs/include/stereo_msgs/stereo_msgs/msg/rosidl_generator_c__visibility_control.h
-- Symlinking: /home/teng/ros2_ws/install/stereo_msgs/share/stereo_msgs/environment/library_path.sh
-- Symlinking: /home/teng/ros2_ws/install/stereo_msgs/share/stereo_msgs/environment/library_path.dsv
-- Symlinking: /home/teng/ros2_ws/install/stereo_msgs/include/stereo_msgs/stereo_msgs/msg/detail/disparity_image__rosidl_typesupport_fastrtps_c.h
-- Symlinking: /home/teng/ros2_ws/install/stereo_msgs/include/stereo_msgs/stereo_msgs/msg/rosidl_typesupport_fastrtps_c__visibility_control.h
-- Symlinking: /home/teng/ros2_ws/install/stereo_msgs/include/stereo_msgs/stereo_msgs/msg/detail/disparity_image__rosidl_typesupport_introspection_c.h
-- Symlinking: /home/teng/ros2_ws/install/stereo_msgs/include/stereo_msgs/stereo_msgs/msg/rosidl_typesupport_introspection_c__visibility_control.h
-- Symlinking: /home/teng/ros2_ws/install/stereo_msgs/include/stereo_msgs/stereo_msgs/msg/detail/disparity_image__builder.hpp
-- Symlinking: /home/teng/ros2_ws/install/stereo_msgs/include/stereo_msgs/stereo_msgs/msg/detail/disparity_image__struct.hpp
-- Symlinking: /home/teng/ros2_ws/install/stereo_msgs/include/stereo_msgs/stereo_msgs/msg/detail/disparity_image__traits.hpp
-- Symlinking: /home/teng/ros2_ws/install/stereo_msgs/include/stereo_msgs/stereo_msgs/msg/disparity_image.hpp
-- Symlinking: /home/teng/ros2_ws/install/stereo_msgs/include/stereo_msgs/stereo_msgs/msg/detail/disparity_image__rosidl_typesupport_fastrtps_cpp.hpp
-- Symlinking: /home/teng/ros2_ws/install/stereo_msgs/include/stereo_msgs/stereo_msgs/msg/rosidl_typesupport_fastrtps_cpp__visibility_control.h
-- Symlinking: /home/teng/ros2_ws/install/stereo_msgs/include/stereo_msgs/stereo_msgs/msg/detail/disparity_image__rosidl_typesupport_introspection_cpp.hpp
-- Symlinking: /home/teng/ros2_ws/install/stereo_msgs/share/stereo_msgs/environment/pythonpath.sh
-- Symlinking: /home/teng/ros2_ws/install/stereo_msgs/share/stereo_msgs/environment/pythonpath.dsv
-- Symlinking: /home/teng/ros2_ws/install/stereo_msgs/local/lib/python3.10/dist-packages/stereo_msgs-5.2.0-py3.10.egg-info/PKG-INFO
-- Symlinking: /home/teng/ros2_ws/install/stereo_msgs/local/lib/python3.10/dist-packages/stereo_msgs-5.2.0-py3.10.egg-info/SOURCES.txt
-- Symlinking: /home/teng/ros2_ws/install/stereo_msgs/local/lib/python3.10/dist-packages/stereo_msgs-5.2.0-py3.10.egg-info/dependency_links.txt
-- Symlinking: /home/teng/ros2_ws/install/stereo_msgs/local/lib/python3.10/dist-packages/stereo_msgs-5.2.0-py3.10.egg-info/top_level.txt
-- Symlinking: /home/teng/ros2_ws/install/stereo_msgs/local/lib/python3.10/dist-packages/stereo_msgs/__init__.py
-- Symlinking: /home/teng/ros2_ws/install/stereo_msgs/local/lib/python3.10/dist-packages/stereo_msgs/_stereo_msgs_s.ep.rosidl_typesupport_c.c
-- Symlinking: /home/teng/ros2_ws/install/stereo_msgs/local/lib/python3.10/dist-packages/stereo_msgs/_stereo_msgs_s.ep.rosidl_typesupport_fastrtps_c.c
-- Symlinking: /home/teng/ros2_ws/install/stereo_msgs/local/lib/python3.10/dist-packages/stereo_msgs/_stereo_msgs_s.ep.rosidl_typesupport_introspection_c.c
-- Symlinking: /home/teng/ros2_ws/install/stereo_msgs/local/lib/python3.10/dist-packages/stereo_msgs/libstereo_msgs__rosidl_generator_py.so
-- Symlinking: /home/teng/ros2_ws/install/stereo_msgs/local/lib/python3.10/dist-packages/stereo_msgs/msg/__init__.py
-- Symlinking: /home/teng/ros2_ws/install/stereo_msgs/local/lib/python3.10/dist-packages/stereo_msgs/msg/_disparity_image.py
-- Symlinking: /home/teng/ros2_ws/install/stereo_msgs/local/lib/python3.10/dist-packages/stereo_msgs/msg/_disparity_image_s.c
-- Symlinking: /home/teng/ros2_ws/install/stereo_msgs/local/lib/python3.10/dist-packages/stereo_msgs/stereo_msgs_s__rosidl_typesupport_c.cpython-310-aarch64-linux-gnu.so
-- Symlinking: /home/teng/ros2_ws/install/stereo_msgs/local/lib/python3.10/dist-packages/stereo_msgs/stereo_msgs_s__rosidl_typesupport_fastrtps_c.cpython-310-aarch64-linux-gnu.so
-- Symlinking: /home/teng/ros2_ws/install/stereo_msgs/local/lib/python3.10/dist-packages/stereo_msgs/stereo_msgs_s__rosidl_typesupport_introspection_c.cpython-310-aarch64-linux-gnu.so
-- Up-to-date symlink: /home/teng/ros2_ws/install/stereo_msgs/local/lib/python3.10/dist-packages/stereo_msgs/stereo_msgs_s__rosidl_typesupport_fastrtps_c.cpython-310-aarch64-linux-gnu.so
-- Up-to-date symlink: /home/teng/ros2_ws/install/stereo_msgs/local/lib/python3.10/dist-packages/stereo_msgs/stereo_msgs_s__rosidl_typesupport_introspection_c.cpython-310-aarch64-linux-gnu.so
-- Up-to-date symlink: /home/teng/ros2_ws/install/stereo_msgs/local/lib/python3.10/dist-packages/stereo_msgs/stereo_msgs_s__rosidl_typesupport_c.cpython-310-aarch64-linux-gnu.so
-- Symlinking: /home/teng/ros2_ws/install/stereo_msgs/share/stereo_msgs/msg/DisparityImage.idl
-- Symlinking: /home/teng/ros2_ws/install/stereo_msgs/share/stereo_msgs/msg/DisparityImage.msg
-- Symlinking: /home/teng/ros2_ws/install/stereo_msgs/share/ament_index/resource_index/package_run_dependencies/stereo_msgs
-- Symlinking: /home/teng/ros2_ws/install/stereo_msgs/share/ament_index/resource_index/parent_prefix_path/stereo_msgs
-- Symlinking: /home/teng/ros2_ws/install/stereo_msgs/share/stereo_msgs/environment/ament_prefix_path.sh
-- Symlinking: /home/teng/ros2_ws/install/stereo_msgs/share/stereo_msgs/environment/ament_prefix_path.dsv
-- Symlinking: /home/teng/ros2_ws/install/stereo_msgs/share/stereo_msgs/environment/path.sh
-- Symlinking: /home/teng/ros2_ws/install/stereo_msgs/share/stereo_msgs/environment/path.dsv
-- Symlinking: /home/teng/ros2_ws/install/stereo_msgs/share/stereo_msgs/local_setup.bash
-- Symlinking: /home/teng/ros2_ws/install/stereo_msgs/share/stereo_msgs/local_setup.sh
-- Symlinking: /home/teng/ros2_ws/install/stereo_msgs/share/stereo_msgs/local_setup.zsh
-- Symlinking: /home/teng/ros2_ws/install/stereo_msgs/share/stereo_msgs/local_setup.dsv
-- Symlinking: /home/teng/ros2_ws/install/stereo_msgs/share/stereo_msgs/package.dsv
-- Symlinking: /home/teng/ros2_ws/install/stereo_msgs/share/ament_index/resource_index/packages/stereo_msgs
-- Symlinking: /home/teng/ros2_ws/install/stereo_msgs/share/stereo_msgs/cmake/rosidl_cmake-extras.cmake
-- Symlinking: /home/teng/ros2_ws/install/stereo_msgs/share/stereo_msgs/cmake/ament_cmake_export_dependencies-extras.cmake
-- Symlinking: /home/teng/ros2_ws/install/stereo_msgs/share/stereo_msgs/cmake/ament_cmake_export_include_directories-extras.cmake
-- Symlinking: /home/teng/ros2_ws/install/stereo_msgs/share/stereo_msgs/cmake/ament_cmake_export_libraries-extras.cmake
-- Symlinking: /home/teng/ros2_ws/install/stereo_msgs/share/stereo_msgs/cmake/ament_cmake_export_targets-extras.cmake
-- Symlinking: /home/teng/ros2_ws/install/stereo_msgs/share/stereo_msgs/cmake/rosidl_cmake_export_typesupport_targets-extras.cmake
-- Symlinking: /home/teng/ros2_ws/install/stereo_msgs/share/stereo_msgs/cmake/rosidl_cmake_export_typesupport_libraries-extras.cmake
-- Symlinking: /home/teng/ros2_ws/install/stereo_msgs/share/stereo_msgs/cmake/stereo_msgsConfig.cmake
-- Symlinking: /home/teng/ros2_ws/install/stereo_msgs/share/stereo_msgs/cmake/stereo_msgsConfig-version.cmake
-- Symlinking: /home/teng/ros2_ws/install/stereo_msgs/share/stereo_msgs/package.xml
-- Installing: /home/teng/ros2_ws/install/stereo_msgs/lib/libstereo_msgs__rosidl_generator_c.so
-- Set runtime path of "/home/teng/ros2_ws/install/stereo_msgs/lib/libstereo_msgs__rosidl_generator_c.so" to ""
-- Installing: /home/teng/ros2_ws/install/stereo_msgs/lib/libstereo_msgs__rosidl_typesupport_fastrtps_c.so
-- Set runtime path of "/home/teng/ros2_ws/install/stereo_msgs/lib/libstereo_msgs__rosidl_typesupport_fastrtps_c.so" to ""
-- Installing: /home/teng/ros2_ws/install/stereo_msgs/lib/libstereo_msgs__rosidl_typesupport_introspection_c.so
-- Set runtime path of "/home/teng/ros2_ws/install/stereo_msgs/lib/libstereo_msgs__rosidl_typesupport_introspection_c.so" to ""
-- Installing: /home/teng/ros2_ws/install/stereo_msgs/lib/libstereo_msgs__rosidl_typesupport_c.so
-- Set runtime path of "/home/teng/ros2_ws/install/stereo_msgs/lib/libstereo_msgs__rosidl_typesupport_c.so" to ""
-- Installing: /home/teng/ros2_ws/install/stereo_msgs/lib/libstereo_msgs__rosidl_typesupport_fastrtps_cpp.so
-- Set runtime path of "/home/teng/ros2_ws/install/stereo_msgs/lib/libstereo_msgs__rosidl_typesupport_fastrtps_cpp.so" to ""
-- Installing: /home/teng/ros2_ws/install/stereo_msgs/lib/libstereo_msgs__rosidl_typesupport_introspection_cpp.so
-- Set runtime path of "/home/teng/ros2_ws/install/stereo_msgs/lib/libstereo_msgs__rosidl_typesupport_introspection_cpp.so" to ""
-- Installing: /home/teng/ros2_ws/install/stereo_msgs/lib/libstereo_msgs__rosidl_typesupport_cpp.so
-- Set runtime path of "/home/teng/ros2_ws/install/stereo_msgs/lib/libstereo_msgs__rosidl_typesupport_cpp.so" to ""
Listing '/home/teng/ros2_ws/install/stereo_msgs/local/lib/python3.10/dist-packages/stereo_msgs'...
Compiling '/home/teng/ros2_ws/install/stereo_msgs/local/lib/python3.10/dist-packages/stereo_msgs/__init__.py'...
Listing '/home/teng/ros2_ws/install/stereo_msgs/local/lib/python3.10/dist-packages/stereo_msgs/msg'...
Compiling '/home/teng/ros2_ws/install/stereo_msgs/local/lib/python3.10/dist-packages/stereo_msgs/msg/__init__.py'...
Compiling '/home/teng/ros2_ws/install/stereo_msgs/local/lib/python3.10/dist-packages/stereo_msgs/msg/_disparity_image.py'...
-- Installing: /home/teng/ros2_ws/install/stereo_msgs/lib/libstereo_msgs__rosidl_generator_py.so
-- Set runtime path of "/home/teng/ros2_ws/install/stereo_msgs/lib/libstereo_msgs__rosidl_generator_py.so" to ""
-- Installing: /home/teng/ros2_ws/install/stereo_msgs/share/stereo_msgs/cmake/export_stereo_msgs__rosidl_generator_cExport.cmake
-- Installing: /home/teng/ros2_ws/install/stereo_msgs/share/stereo_msgs/cmake/export_stereo_msgs__rosidl_generator_cExport-noconfig.cmake
-- Installing: /home/teng/ros2_ws/install/stereo_msgs/share/stereo_msgs/cmake/export_stereo_msgs__rosidl_typesupport_fastrtps_cExport.cmake
-- Installing: /home/teng/ros2_ws/install/stereo_msgs/share/stereo_msgs/cmake/export_stereo_msgs__rosidl_typesupport_fastrtps_cExport-noconfig.cmake
-- Installing: /home/teng/ros2_ws/install/stereo_msgs/share/stereo_msgs/cmake/stereo_msgs__rosidl_typesupport_introspection_cExport.cmake
-- Installing: /home/teng/ros2_ws/install/stereo_msgs/share/stereo_msgs/cmake/stereo_msgs__rosidl_typesupport_introspection_cExport-noconfig.cmake
-- Installing: /home/teng/ros2_ws/install/stereo_msgs/share/stereo_msgs/cmake/stereo_msgs__rosidl_typesupport_cExport.cmake
-- Installing: /home/teng/ros2_ws/install/stereo_msgs/share/stereo_msgs/cmake/stereo_msgs__rosidl_typesupport_cExport-noconfig.cmake
-- Installing: /home/teng/ros2_ws/install/stereo_msgs/share/stereo_msgs/cmake/export_stereo_msgs__rosidl_generator_cppExport.cmake
-- Installing: /home/teng/ros2_ws/install/stereo_msgs/share/stereo_msgs/cmake/export_stereo_msgs__rosidl_typesupport_fastrtps_cppExport.cmake
-- Installing: /home/teng/ros2_ws/install/stereo_msgs/share/stereo_msgs/cmake/export_stereo_msgs__rosidl_typesupport_fastrtps_cppExport-noconfig.cmake
-- Installing: /home/teng/ros2_ws/install/stereo_msgs/share/stereo_msgs/cmake/stereo_msgs__rosidl_typesupport_introspection_cppExport.cmake
-- Installing: /home/teng/ros2_ws/install/stereo_msgs/share/stereo_msgs/cmake/stereo_msgs__rosidl_typesupport_introspection_cppExport-noconfig.cmake
-- Installing: /home/teng/ros2_ws/install/stereo_msgs/share/stereo_msgs/cmake/stereo_msgs__rosidl_typesupport_cppExport.cmake
-- Installing: /home/teng/ros2_ws/install/stereo_msgs/share/stereo_msgs/cmake/stereo_msgs__rosidl_typesupport_cppExport-noconfig.cmake
-- Installing: /home/teng/ros2_ws/install/stereo_msgs/share/stereo_msgs/cmake/export_stereo_msgs__rosidl_generator_pyExport.cmake
-- Installing: /home/teng/ros2_ws/install/stereo_msgs/share/stereo_msgs/cmake/export_stereo_msgs__rosidl_generator_pyExport-noconfig.cmake
