[0.928s] Invoking command in '/home/teng/ros2_ws/build/stereo_msgs': CMAKE_PREFIX_PATH=/home/teng/ros2_ws/install/sensor_msgs:/home/teng/ros2_ws/install/geometry_msgs:/home/teng/ros2_ws/install/std_msgs:/home/teng/ros2_ws/install/common_interfaces:/home/teng/ros2_ws/install/visualization_msgs:/home/teng/ros2_ws/install/trajectory_msgs:/home/teng/ros2_ws/install/stereo_msgs:/home/teng/ros2_ws/install/std_srvs:/home/teng/ros2_ws/install/shape_msgs:/home/teng/ros2_ws/install/nav_msgs:/home/teng/ros2_ws/install/diagnostic_msgs:/home/teng/ros2_ws/install/actionlib_msgs:/home/teng/ros2_ws/install/exp_1_bringup:/home/teng/ros2_ws/install/simple_interfaces:/home/teng/ros2_ws/install/sensor_msgs_py:/home/teng/ros2_ws/install/experiment1:/opt/ros/humble LD_LIBRARY_PATH=/home/teng/ros2_ws/install/sensor_msgs/lib:/home/teng/ros2_ws/install/geometry_msgs/lib:/home/teng/ros2_ws/install/std_msgs/lib:/home/teng/ros2_ws/install/visualization_msgs/lib:/home/teng/ros2_ws/install/trajectory_msgs/lib:/home/teng/ros2_ws/install/stereo_msgs/lib:/home/teng/ros2_ws/install/std_srvs/lib:/home/teng/ros2_ws/install/shape_msgs/lib:/home/teng/ros2_ws/install/nav_msgs/lib:/home/teng/ros2_ws/install/diagnostic_msgs/lib:/home/teng/ros2_ws/install/actionlib_msgs/lib:/home/teng/ros2_ws/install/simple_interfaces/lib:/opt/ros/humble/lib/aarch64-linux-gnu:/opt/ros/humble/lib /usr/bin/cmake /home/teng/ros2_ws/src/ros2_common_interfaces/stereo_msgs -DAMENT_CMAKE_SYMLINK_INSTALL=1 -DCMAKE_INSTALL_PREFIX=/home/teng/ros2_ws/install/stereo_msgs
[1.350s] -- The C compiler identification is GNU 11.4.0
[1.765s] -- The CXX compiler identification is GNU 11.4.0
[1.809s] -- Detecting C compiler ABI info
[2.393s] -- Detecting C compiler ABI info - done
[2.447s] -- Check for working C compiler: /usr/bin/cc - skipped
[2.450s] -- Detecting C compile features
[2.459s] -- Detecting C compile features - done
[2.477s] -- Detecting CXX compiler ABI info
[3.091s] -- Detecting CXX compiler ABI info - done
[3.134s] -- Check for working CXX compiler: /usr/bin/c++ - skipped
[3.135s] -- Detecting CXX compile features
[3.140s] -- Detecting CXX compile features - done
[3.201s] -- Found ament_cmake: 1.3.5 (/opt/ros/humble/share/ament_cmake/cmake)
[4.657s] -- Found Python3: /usr/bin/python3.10 (found version "3.10.12") found components: Interpreter 
[5.174s] -- Override CMake install command with custom implementation using symlinks instead of copying resources
[5.943s] -- Found rosidl_default_generators: 1.2.0 (/opt/ros/humble/share/rosidl_default_generators/cmake)
[6.000s] -- Using all available rosidl_typesupport_c: rosidl_typesupport_fastrtps_c;rosidl_typesupport_introspection_c
[6.124s] -- Found rosidl_adapter: 3.1.5 (/opt/ros/humble/share/rosidl_adapter/cmake)
[6.692s] -- Using all available rosidl_typesupport_cpp: rosidl_typesupport_fastrtps_cpp;rosidl_typesupport_introspection_cpp
[7.061s] -- Found sensor_msgs: 5.2.0 (/home/teng/ros2_ws/install/sensor_msgs/share/sensor_msgs/cmake)
[11.947s] -- Found ament_cmake_cppcheck: 0.12.8 (/opt/ros/humble/share/ament_cmake_cppcheck/cmake)
[12.009s] -- Found ament_cmake_cpplint: 0.12.8 (/opt/ros/humble/share/ament_cmake_cpplint/cmake)
[12.068s] -- Found ament_cmake_uncrustify: 0.12.8 (/opt/ros/humble/share/ament_cmake_uncrustify/cmake)
[12.116s] -- Found ament_cmake_ros: 0.10.0 (/opt/ros/humble/share/ament_cmake_ros/cmake)
[14.387s] -- Using all available rosidl_typesupport_c: rosidl_typesupport_fastrtps_c;rosidl_typesupport_introspection_c
[17.898s] -- Using all available rosidl_typesupport_cpp: rosidl_typesupport_fastrtps_cpp;rosidl_typesupport_introspection_cpp
[18.119s] -- Found PythonInterp: /usr/bin/python3 (found suitable version "3.10.12", minimum required is "3.6") 
[18.155s] -- Found python_cmake_module: 0.10.0 (/opt/ros/humble/share/python_cmake_module/cmake)
[18.350s] -- Found PythonLibs: /usr/lib/aarch64-linux-gnu/libpython3.10.so (found suitable version "3.10.12", minimum required is "3.5") 
[18.351s] -- Using PYTHON_EXECUTABLE: /usr/bin/python3
[18.351s] -- Using PYTHON_INCLUDE_DIRS: /usr/include/python3.10
[18.352s] -- Using PYTHON_LIBRARIES: /usr/lib/aarch64-linux-gnu/libpython3.10.so
[18.522s] -- Found PythonExtra: .so  
[19.145s] -- Found ament_cmake_flake8: 0.12.8 (/opt/ros/humble/share/ament_cmake_flake8/cmake)
[19.206s] -- Found ament_cmake_pep257: 0.12.8 (/opt/ros/humble/share/ament_cmake_pep257/cmake)
[19.326s] -- Configuring done
[20.092s] -- Generating done
[20.124s] -- Build files have been written to: /home/teng/ros2_ws/build/stereo_msgs
[20.220s] Invoked command in '/home/teng/ros2_ws/build/stereo_msgs' returned '0': CMAKE_PREFIX_PATH=/home/teng/ros2_ws/install/sensor_msgs:/home/teng/ros2_ws/install/geometry_msgs:/home/teng/ros2_ws/install/std_msgs:/home/teng/ros2_ws/install/common_interfaces:/home/teng/ros2_ws/install/visualization_msgs:/home/teng/ros2_ws/install/trajectory_msgs:/home/teng/ros2_ws/install/stereo_msgs:/home/teng/ros2_ws/install/std_srvs:/home/teng/ros2_ws/install/shape_msgs:/home/teng/ros2_ws/install/nav_msgs:/home/teng/ros2_ws/install/diagnostic_msgs:/home/teng/ros2_ws/install/actionlib_msgs:/home/teng/ros2_ws/install/exp_1_bringup:/home/teng/ros2_ws/install/simple_interfaces:/home/teng/ros2_ws/install/sensor_msgs_py:/home/teng/ros2_ws/install/experiment1:/opt/ros/humble LD_LIBRARY_PATH=/home/teng/ros2_ws/install/sensor_msgs/lib:/home/teng/ros2_ws/install/geometry_msgs/lib:/home/teng/ros2_ws/install/std_msgs/lib:/home/teng/ros2_ws/install/visualization_msgs/lib:/home/teng/ros2_ws/install/trajectory_msgs/lib:/home/teng/ros2_ws/install/stereo_msgs/lib:/home/teng/ros2_ws/install/std_srvs/lib:/home/teng/ros2_ws/install/shape_msgs/lib:/home/teng/ros2_ws/install/nav_msgs/lib:/home/teng/ros2_ws/install/diagnostic_msgs/lib:/home/teng/ros2_ws/install/actionlib_msgs/lib:/home/teng/ros2_ws/install/simple_interfaces/lib:/opt/ros/humble/lib/aarch64-linux-gnu:/opt/ros/humble/lib /usr/bin/cmake /home/teng/ros2_ws/src/ros2_common_interfaces/stereo_msgs -DAMENT_CMAKE_SYMLINK_INSTALL=1 -DCMAKE_INSTALL_PREFIX=/home/teng/ros2_ws/install/stereo_msgs
[20.223s] Invoking command in '/home/teng/ros2_ws/build/stereo_msgs': CMAKE_PREFIX_PATH=/home/teng/ros2_ws/install/sensor_msgs:/home/teng/ros2_ws/install/geometry_msgs:/home/teng/ros2_ws/install/std_msgs:/home/teng/ros2_ws/install/common_interfaces:/home/teng/ros2_ws/install/visualization_msgs:/home/teng/ros2_ws/install/trajectory_msgs:/home/teng/ros2_ws/install/stereo_msgs:/home/teng/ros2_ws/install/std_srvs:/home/teng/ros2_ws/install/shape_msgs:/home/teng/ros2_ws/install/nav_msgs:/home/teng/ros2_ws/install/diagnostic_msgs:/home/teng/ros2_ws/install/actionlib_msgs:/home/teng/ros2_ws/install/exp_1_bringup:/home/teng/ros2_ws/install/simple_interfaces:/home/teng/ros2_ws/install/sensor_msgs_py:/home/teng/ros2_ws/install/experiment1:/opt/ros/humble LD_LIBRARY_PATH=/home/teng/ros2_ws/install/sensor_msgs/lib:/home/teng/ros2_ws/install/geometry_msgs/lib:/home/teng/ros2_ws/install/std_msgs/lib:/home/teng/ros2_ws/install/visualization_msgs/lib:/home/teng/ros2_ws/install/trajectory_msgs/lib:/home/teng/ros2_ws/install/stereo_msgs/lib:/home/teng/ros2_ws/install/std_srvs/lib:/home/teng/ros2_ws/install/shape_msgs/lib:/home/teng/ros2_ws/install/nav_msgs/lib:/home/teng/ros2_ws/install/diagnostic_msgs/lib:/home/teng/ros2_ws/install/actionlib_msgs/lib:/home/teng/ros2_ws/install/simple_interfaces/lib:/opt/ros/humble/lib/aarch64-linux-gnu:/opt/ros/humble/lib /usr/bin/cmake --build /home/teng/ros2_ws/build/stereo_msgs -- -j4 -l4
[20.735s] [  3%] [34m[1mGenerating C code for ROS interfaces[0m
[20.986s] [  6%] [34m[1mGenerating C++ code for ROS interfaces[0m
[21.047s] [  6%] Built target ament_cmake_python_symlink_stereo_msgs
[23.851s] running egg_info
[23.867s] creating stereo_msgs.egg-info
[23.879s] writing stereo_msgs.egg-info/PKG-INFO
[23.883s] writing dependency_links to stereo_msgs.egg-info/dependency_links.txt
[23.888s] writing top-level names to stereo_msgs.egg-info/top_level.txt
[23.892s] writing manifest file 'stereo_msgs.egg-info/SOURCES.txt'
[23.939s] reading manifest file 'stereo_msgs.egg-info/SOURCES.txt'
[23.944s] writing manifest file 'stereo_msgs.egg-info/SOURCES.txt'
[24.503s] [  6%] Built target ament_cmake_python_build_stereo_msgs_egg
[26.056s] [  6%] Built target stereo_msgs__cpp
[26.255s] [  9%] [34m[1mGenerating C++ type support dispatch for ROS interfaces[0m
[26.570s] [ 12%] [32mBuilding C object CMakeFiles/stereo_msgs__rosidl_generator_c.dir/rosidl_generator_c/stereo_msgs/msg/detail/disparity_image__functions.c.o[0m
[27.113s] [ 16%] [32m[1mLinking C shared library libstereo_msgs__rosidl_generator_c.so[0m
[27.608s] [ 16%] Built target stereo_msgs__rosidl_generator_c
[28.713s] [ 19%] [32mBuilding CXX object CMakeFiles/stereo_msgs__rosidl_typesupport_cpp.dir/rosidl_typesupport_cpp/stereo_msgs/msg/disparity_image__type_support.cpp.o[0m
[31.356s] [ 22%] [32m[1mLinking CXX shared library libstereo_msgs__rosidl_typesupport_cpp.so[0m
[31.839s] [ 22%] Built target stereo_msgs__rosidl_typesupport_cpp
[31.941s] [ 25%] [34m[1mGenerating C type support for eProsima Fast-RTPS[0m
[34.549s] [ 29%] [32mBuilding CXX object CMakeFiles/stereo_msgs__rosidl_typesupport_fastrtps_c.dir/rosidl_typesupport_fastrtps_c/stereo_msgs/msg/detail/disparity_image__type_support_c.cpp.o[0m
[36.735s] [ 32%] [32m[1mLinking CXX shared library libstereo_msgs__rosidl_typesupport_fastrtps_c.so[0m
[37.212s] [ 32%] Built target stereo_msgs__rosidl_typesupport_fastrtps_c
[37.281s] [ 35%] [34m[1mGenerating C introspection for ROS interfaces[0m
[38.964s] [ 38%] [32mBuilding C object CMakeFiles/stereo_msgs__rosidl_typesupport_introspection_c.dir/rosidl_typesupport_introspection_c/stereo_msgs/msg/detail/disparity_image__type_support.c.o[0m
[39.212s] [ 41%] [32m[1mLinking C shared library libstereo_msgs__rosidl_typesupport_introspection_c.so[0m
[39.400s] [ 41%] Built target stereo_msgs__rosidl_typesupport_introspection_c
[39.476s] [ 45%] [34m[1mGenerating C type support dispatch for ROS interfaces[0m
[41.008s] [ 48%] [32mBuilding CXX object CMakeFiles/stereo_msgs__rosidl_typesupport_c.dir/rosidl_typesupport_c/stereo_msgs/msg/disparity_image__type_support.cpp.o[0m
[41.208s] [ 51%] [32m[1mLinking CXX shared library libstereo_msgs__rosidl_typesupport_c.so[0m
[41.422s] [ 51%] Built target stereo_msgs__rosidl_typesupport_c
[41.490s] [ 54%] [34m[1mGenerating C++ introspection for ROS interfaces[0m
[43.077s] [ 58%] [32mBuilding CXX object CMakeFiles/stereo_msgs__rosidl_typesupport_introspection_cpp.dir/rosidl_typesupport_introspection_cpp/stereo_msgs/msg/detail/disparity_image__type_support.cpp.o[0m
[45.266s] [ 61%] [32m[1mLinking CXX shared library libstereo_msgs__rosidl_typesupport_introspection_cpp.so[0m
[45.635s] [ 61%] Built target stereo_msgs__rosidl_typesupport_introspection_cpp
[45.698s] [ 64%] [34m[1mGenerating C++ type support for eProsima Fast-RTPS[0m
[47.309s] [ 67%] [32mBuilding CXX object CMakeFiles/stereo_msgs__rosidl_typesupport_fastrtps_cpp.dir/rosidl_typesupport_fastrtps_cpp/stereo_msgs/msg/detail/dds_fastrtps/disparity_image__type_support.cpp.o[0m
[49.436s] [ 70%] [32m[1mLinking CXX shared library libstereo_msgs__rosidl_typesupport_fastrtps_cpp.so[0m
[49.962s] [ 70%] Built target stereo_msgs__rosidl_typesupport_fastrtps_cpp
[50.083s] [ 70%] Built target stereo_msgs
[50.210s] [ 74%] [34m[1mGenerating Python code for ROS interfaces[0m
[52.616s] [ 74%] Built target stereo_msgs__py
[52.738s] [ 77%] [32mBuilding C object CMakeFiles/stereo_msgs__rosidl_generator_py.dir/rosidl_generator_py/stereo_msgs/msg/_disparity_image_s.c.o[0m
[53.330s] [ 80%] [32m[1mLinking C shared library rosidl_generator_py/stereo_msgs/libstereo_msgs__rosidl_generator_py.so[0m
[53.583s] [ 80%] Built target stereo_msgs__rosidl_generator_py
[53.699s] [ 83%] [32mBuilding C object CMakeFiles/stereo_msgs__rosidl_typesupport_fastrtps_c__pyext.dir/rosidl_generator_py/stereo_msgs/_stereo_msgs_s.ep.rosidl_typesupport_fastrtps_c.c.o[0m
[54.331s] [ 87%] [32m[1mLinking C shared library rosidl_generator_py/stereo_msgs/stereo_msgs_s__rosidl_typesupport_fastrtps_c.cpython-310-aarch64-linux-gnu.so[0m
[54.672s] [ 87%] Built target stereo_msgs__rosidl_typesupport_fastrtps_c__pyext
[54.797s] [ 90%] [32mBuilding C object CMakeFiles/stereo_msgs__rosidl_typesupport_c__pyext.dir/rosidl_generator_py/stereo_msgs/_stereo_msgs_s.ep.rosidl_typesupport_c.c.o[0m
[55.450s] [ 93%] [32m[1mLinking C shared library rosidl_generator_py/stereo_msgs/stereo_msgs_s__rosidl_typesupport_c.cpython-310-aarch64-linux-gnu.so[0m
[55.762s] [ 93%] Built target stereo_msgs__rosidl_typesupport_c__pyext
[55.880s] [ 96%] [32mBuilding C object CMakeFiles/stereo_msgs__rosidl_typesupport_introspection_c__pyext.dir/rosidl_generator_py/stereo_msgs/_stereo_msgs_s.ep.rosidl_typesupport_introspection_c.c.o[0m
[56.494s] [100%] [32m[1mLinking C shared library rosidl_generator_py/stereo_msgs/stereo_msgs_s__rosidl_typesupport_introspection_c.cpython-310-aarch64-linux-gnu.so[0m
[56.802s] [100%] Built target stereo_msgs__rosidl_typesupport_introspection_c__pyext
[56.867s] Invoked command in '/home/teng/ros2_ws/build/stereo_msgs' returned '0': CMAKE_PREFIX_PATH=/home/teng/ros2_ws/install/sensor_msgs:/home/teng/ros2_ws/install/geometry_msgs:/home/teng/ros2_ws/install/std_msgs:/home/teng/ros2_ws/install/common_interfaces:/home/teng/ros2_ws/install/visualization_msgs:/home/teng/ros2_ws/install/trajectory_msgs:/home/teng/ros2_ws/install/stereo_msgs:/home/teng/ros2_ws/install/std_srvs:/home/teng/ros2_ws/install/shape_msgs:/home/teng/ros2_ws/install/nav_msgs:/home/teng/ros2_ws/install/diagnostic_msgs:/home/teng/ros2_ws/install/actionlib_msgs:/home/teng/ros2_ws/install/exp_1_bringup:/home/teng/ros2_ws/install/simple_interfaces:/home/teng/ros2_ws/install/sensor_msgs_py:/home/teng/ros2_ws/install/experiment1:/opt/ros/humble LD_LIBRARY_PATH=/home/teng/ros2_ws/install/sensor_msgs/lib:/home/teng/ros2_ws/install/geometry_msgs/lib:/home/teng/ros2_ws/install/std_msgs/lib:/home/teng/ros2_ws/install/visualization_msgs/lib:/home/teng/ros2_ws/install/trajectory_msgs/lib:/home/teng/ros2_ws/install/stereo_msgs/lib:/home/teng/ros2_ws/install/std_srvs/lib:/home/teng/ros2_ws/install/shape_msgs/lib:/home/teng/ros2_ws/install/nav_msgs/lib:/home/teng/ros2_ws/install/diagnostic_msgs/lib:/home/teng/ros2_ws/install/actionlib_msgs/lib:/home/teng/ros2_ws/install/simple_interfaces/lib:/opt/ros/humble/lib/aarch64-linux-gnu:/opt/ros/humble/lib /usr/bin/cmake --build /home/teng/ros2_ws/build/stereo_msgs -- -j4 -l4
[57.405s] Invoking command in '/home/teng/ros2_ws/build/stereo_msgs': CMAKE_PREFIX_PATH=/home/teng/ros2_ws/install/sensor_msgs:/home/teng/ros2_ws/install/geometry_msgs:/home/teng/ros2_ws/install/std_msgs:/home/teng/ros2_ws/install/common_interfaces:/home/teng/ros2_ws/install/visualization_msgs:/home/teng/ros2_ws/install/trajectory_msgs:/home/teng/ros2_ws/install/stereo_msgs:/home/teng/ros2_ws/install/std_srvs:/home/teng/ros2_ws/install/shape_msgs:/home/teng/ros2_ws/install/nav_msgs:/home/teng/ros2_ws/install/diagnostic_msgs:/home/teng/ros2_ws/install/actionlib_msgs:/home/teng/ros2_ws/install/exp_1_bringup:/home/teng/ros2_ws/install/simple_interfaces:/home/teng/ros2_ws/install/sensor_msgs_py:/home/teng/ros2_ws/install/experiment1:/opt/ros/humble LD_LIBRARY_PATH=/home/teng/ros2_ws/install/sensor_msgs/lib:/home/teng/ros2_ws/install/geometry_msgs/lib:/home/teng/ros2_ws/install/std_msgs/lib:/home/teng/ros2_ws/install/visualization_msgs/lib:/home/teng/ros2_ws/install/trajectory_msgs/lib:/home/teng/ros2_ws/install/stereo_msgs/lib:/home/teng/ros2_ws/install/std_srvs/lib:/home/teng/ros2_ws/install/shape_msgs/lib:/home/teng/ros2_ws/install/nav_msgs/lib:/home/teng/ros2_ws/install/diagnostic_msgs/lib:/home/teng/ros2_ws/install/actionlib_msgs/lib:/home/teng/ros2_ws/install/simple_interfaces/lib:/opt/ros/humble/lib/aarch64-linux-gnu:/opt/ros/humble/lib /usr/bin/cmake --install /home/teng/ros2_ws/build/stereo_msgs
[57.446s] -- Install configuration: ""
[57.452s] -- Execute custom install script
[57.455s] -- Symlinking: /home/teng/ros2_ws/install/stereo_msgs/share/ament_index/resource_index/rosidl_interfaces/stereo_msgs
[57.502s] -- Symlinking: /home/teng/ros2_ws/install/stereo_msgs/include/stereo_msgs/stereo_msgs/msg/detail/disparity_image__functions.h
[57.565s] -- Symlinking: /home/teng/ros2_ws/install/stereo_msgs/include/stereo_msgs/stereo_msgs/msg/detail/disparity_image__struct.h
[57.600s] -- Symlinking: /home/teng/ros2_ws/install/stereo_msgs/include/stereo_msgs/stereo_msgs/msg/detail/disparity_image__type_support.h
[57.646s] -- Symlinking: /home/teng/ros2_ws/install/stereo_msgs/include/stereo_msgs/stereo_msgs/msg/disparity_image.h
[57.698s] -- Symlinking: /home/teng/ros2_ws/install/stereo_msgs/include/stereo_msgs/stereo_msgs/msg/rosidl_generator_c__visibility_control.h
[57.746s] -- Symlinking: /home/teng/ros2_ws/install/stereo_msgs/share/stereo_msgs/environment/library_path.sh
[57.793s] -- Symlinking: /home/teng/ros2_ws/install/stereo_msgs/share/stereo_msgs/environment/library_path.dsv
[57.843s] -- Symlinking: /home/teng/ros2_ws/install/stereo_msgs/include/stereo_msgs/stereo_msgs/msg/detail/disparity_image__rosidl_typesupport_fastrtps_c.h
[57.896s] -- Symlinking: /home/teng/ros2_ws/install/stereo_msgs/include/stereo_msgs/stereo_msgs/msg/rosidl_typesupport_fastrtps_c__visibility_control.h
[57.945s] -- Symlinking: /home/teng/ros2_ws/install/stereo_msgs/include/stereo_msgs/stereo_msgs/msg/detail/disparity_image__rosidl_typesupport_introspection_c.h
[57.992s] -- Symlinking: /home/teng/ros2_ws/install/stereo_msgs/include/stereo_msgs/stereo_msgs/msg/rosidl_typesupport_introspection_c__visibility_control.h
[58.042s] -- Symlinking: /home/teng/ros2_ws/install/stereo_msgs/include/stereo_msgs/stereo_msgs/msg/detail/disparity_image__builder.hpp
[58.090s] -- Symlinking: /home/teng/ros2_ws/install/stereo_msgs/include/stereo_msgs/stereo_msgs/msg/detail/disparity_image__struct.hpp
[58.140s] -- Symlinking: /home/teng/ros2_ws/install/stereo_msgs/include/stereo_msgs/stereo_msgs/msg/detail/disparity_image__traits.hpp
[58.196s] -- Symlinking: /home/teng/ros2_ws/install/stereo_msgs/include/stereo_msgs/stereo_msgs/msg/disparity_image.hpp
[58.247s] -- Symlinking: /home/teng/ros2_ws/install/stereo_msgs/include/stereo_msgs/stereo_msgs/msg/detail/disparity_image__rosidl_typesupport_fastrtps_cpp.hpp
[58.300s] -- Symlinking: /home/teng/ros2_ws/install/stereo_msgs/include/stereo_msgs/stereo_msgs/msg/rosidl_typesupport_fastrtps_cpp__visibility_control.h
[58.348s] -- Symlinking: /home/teng/ros2_ws/install/stereo_msgs/include/stereo_msgs/stereo_msgs/msg/detail/disparity_image__rosidl_typesupport_introspection_cpp.hpp
[58.396s] -- Symlinking: /home/teng/ros2_ws/install/stereo_msgs/share/stereo_msgs/environment/pythonpath.sh
[58.443s] -- Symlinking: /home/teng/ros2_ws/install/stereo_msgs/share/stereo_msgs/environment/pythonpath.dsv
[58.492s] -- Symlinking: /home/teng/ros2_ws/install/stereo_msgs/local/lib/python3.10/dist-packages/stereo_msgs-5.2.0-py3.10.egg-info/PKG-INFO
[58.542s] -- Symlinking: /home/teng/ros2_ws/install/stereo_msgs/local/lib/python3.10/dist-packages/stereo_msgs-5.2.0-py3.10.egg-info/SOURCES.txt
[58.589s] -- Symlinking: /home/teng/ros2_ws/install/stereo_msgs/local/lib/python3.10/dist-packages/stereo_msgs-5.2.0-py3.10.egg-info/dependency_links.txt
[58.643s] -- Symlinking: /home/teng/ros2_ws/install/stereo_msgs/local/lib/python3.10/dist-packages/stereo_msgs-5.2.0-py3.10.egg-info/top_level.txt
[58.703s] -- Symlinking: /home/teng/ros2_ws/install/stereo_msgs/local/lib/python3.10/dist-packages/stereo_msgs/__init__.py
[58.759s] -- Symlinking: /home/teng/ros2_ws/install/stereo_msgs/local/lib/python3.10/dist-packages/stereo_msgs/_stereo_msgs_s.ep.rosidl_typesupport_c.c
[58.808s] -- Symlinking: /home/teng/ros2_ws/install/stereo_msgs/local/lib/python3.10/dist-packages/stereo_msgs/_stereo_msgs_s.ep.rosidl_typesupport_fastrtps_c.c
[58.856s] -- Symlinking: /home/teng/ros2_ws/install/stereo_msgs/local/lib/python3.10/dist-packages/stereo_msgs/_stereo_msgs_s.ep.rosidl_typesupport_introspection_c.c
[58.905s] -- Symlinking: /home/teng/ros2_ws/install/stereo_msgs/local/lib/python3.10/dist-packages/stereo_msgs/libstereo_msgs__rosidl_generator_py.so
[58.954s] -- Symlinking: /home/teng/ros2_ws/install/stereo_msgs/local/lib/python3.10/dist-packages/stereo_msgs/msg/__init__.py
[59.003s] -- Symlinking: /home/teng/ros2_ws/install/stereo_msgs/local/lib/python3.10/dist-packages/stereo_msgs/msg/_disparity_image.py
[59.050s] -- Symlinking: /home/teng/ros2_ws/install/stereo_msgs/local/lib/python3.10/dist-packages/stereo_msgs/msg/_disparity_image_s.c
[59.099s] -- Symlinking: /home/teng/ros2_ws/install/stereo_msgs/local/lib/python3.10/dist-packages/stereo_msgs/stereo_msgs_s__rosidl_typesupport_c.cpython-310-aarch64-linux-gnu.so
[59.146s] -- Symlinking: /home/teng/ros2_ws/install/stereo_msgs/local/lib/python3.10/dist-packages/stereo_msgs/stereo_msgs_s__rosidl_typesupport_fastrtps_c.cpython-310-aarch64-linux-gnu.so
[59.196s] -- Symlinking: /home/teng/ros2_ws/install/stereo_msgs/local/lib/python3.10/dist-packages/stereo_msgs/stereo_msgs_s__rosidl_typesupport_introspection_c.cpython-310-aarch64-linux-gnu.so
[59.245s] -- Up-to-date symlink: /home/teng/ros2_ws/install/stereo_msgs/local/lib/python3.10/dist-packages/stereo_msgs/stereo_msgs_s__rosidl_typesupport_fastrtps_c.cpython-310-aarch64-linux-gnu.so
[59.248s] -- Up-to-date symlink: /home/teng/ros2_ws/install/stereo_msgs/local/lib/python3.10/dist-packages/stereo_msgs/stereo_msgs_s__rosidl_typesupport_introspection_c.cpython-310-aarch64-linux-gnu.so
[59.249s] -- Up-to-date symlink: /home/teng/ros2_ws/install/stereo_msgs/local/lib/python3.10/dist-packages/stereo_msgs/stereo_msgs_s__rosidl_typesupport_c.cpython-310-aarch64-linux-gnu.so
[59.250s] -- Symlinking: /home/teng/ros2_ws/install/stereo_msgs/share/stereo_msgs/msg/DisparityImage.idl
[59.297s] -- Symlinking: /home/teng/ros2_ws/install/stereo_msgs/share/stereo_msgs/msg/DisparityImage.msg
[59.341s] -- Symlinking: /home/teng/ros2_ws/install/stereo_msgs/share/ament_index/resource_index/package_run_dependencies/stereo_msgs
[59.395s] -- Symlinking: /home/teng/ros2_ws/install/stereo_msgs/share/ament_index/resource_index/parent_prefix_path/stereo_msgs
[59.447s] -- Symlinking: /home/teng/ros2_ws/install/stereo_msgs/share/stereo_msgs/environment/ament_prefix_path.sh
[59.507s] -- Symlinking: /home/teng/ros2_ws/install/stereo_msgs/share/stereo_msgs/environment/ament_prefix_path.dsv
[59.557s] -- Symlinking: /home/teng/ros2_ws/install/stereo_msgs/share/stereo_msgs/environment/path.sh
[59.609s] -- Symlinking: /home/teng/ros2_ws/install/stereo_msgs/share/stereo_msgs/environment/path.dsv
[59.650s] -- Symlinking: /home/teng/ros2_ws/install/stereo_msgs/share/stereo_msgs/local_setup.bash
[59.696s] -- Symlinking: /home/teng/ros2_ws/install/stereo_msgs/share/stereo_msgs/local_setup.sh
[59.739s] -- Symlinking: /home/teng/ros2_ws/install/stereo_msgs/share/stereo_msgs/local_setup.zsh
[59.784s] -- Symlinking: /home/teng/ros2_ws/install/stereo_msgs/share/stereo_msgs/local_setup.dsv
[59.830s] -- Symlinking: /home/teng/ros2_ws/install/stereo_msgs/share/stereo_msgs/package.dsv
[59.872s] -- Symlinking: /home/teng/ros2_ws/install/stereo_msgs/share/ament_index/resource_index/packages/stereo_msgs
[59.919s] -- Symlinking: /home/teng/ros2_ws/install/stereo_msgs/share/stereo_msgs/cmake/rosidl_cmake-extras.cmake
[59.963s] -- Symlinking: /home/teng/ros2_ws/install/stereo_msgs/share/stereo_msgs/cmake/ament_cmake_export_dependencies-extras.cmake
[60.007s] -- Symlinking: /home/teng/ros2_ws/install/stereo_msgs/share/stereo_msgs/cmake/ament_cmake_export_include_directories-extras.cmake
[60.059s] -- Symlinking: /home/teng/ros2_ws/install/stereo_msgs/share/stereo_msgs/cmake/ament_cmake_export_libraries-extras.cmake
[60.112s] -- Symlinking: /home/teng/ros2_ws/install/stereo_msgs/share/stereo_msgs/cmake/ament_cmake_export_targets-extras.cmake
[60.159s] -- Symlinking: /home/teng/ros2_ws/install/stereo_msgs/share/stereo_msgs/cmake/rosidl_cmake_export_typesupport_targets-extras.cmake
[60.208s] -- Symlinking: /home/teng/ros2_ws/install/stereo_msgs/share/stereo_msgs/cmake/rosidl_cmake_export_typesupport_libraries-extras.cmake
[60.259s] -- Symlinking: /home/teng/ros2_ws/install/stereo_msgs/share/stereo_msgs/cmake/stereo_msgsConfig.cmake
[60.309s] -- Symlinking: /home/teng/ros2_ws/install/stereo_msgs/share/stereo_msgs/cmake/stereo_msgsConfig-version.cmake
[60.360s] -- Symlinking: /home/teng/ros2_ws/install/stereo_msgs/share/stereo_msgs/package.xml
[60.408s] -- Installing: /home/teng/ros2_ws/install/stereo_msgs/lib/libstereo_msgs__rosidl_generator_c.so
[60.412s] -- Set runtime path of "/home/teng/ros2_ws/install/stereo_msgs/lib/libstereo_msgs__rosidl_generator_c.so" to ""
[60.413s] -- Installing: /home/teng/ros2_ws/install/stereo_msgs/lib/libstereo_msgs__rosidl_typesupport_fastrtps_c.so
[60.415s] -- Set runtime path of "/home/teng/ros2_ws/install/stereo_msgs/lib/libstereo_msgs__rosidl_typesupport_fastrtps_c.so" to ""
[60.416s] -- Installing: /home/teng/ros2_ws/install/stereo_msgs/lib/libstereo_msgs__rosidl_typesupport_introspection_c.so
[60.419s] -- Set runtime path of "/home/teng/ros2_ws/install/stereo_msgs/lib/libstereo_msgs__rosidl_typesupport_introspection_c.so" to ""
[60.419s] -- Installing: /home/teng/ros2_ws/install/stereo_msgs/lib/libstereo_msgs__rosidl_typesupport_c.so
[60.422s] -- Set runtime path of "/home/teng/ros2_ws/install/stereo_msgs/lib/libstereo_msgs__rosidl_typesupport_c.so" to ""
[60.424s] -- Installing: /home/teng/ros2_ws/install/stereo_msgs/lib/libstereo_msgs__rosidl_typesupport_fastrtps_cpp.so
[60.426s] -- Set runtime path of "/home/teng/ros2_ws/install/stereo_msgs/lib/libstereo_msgs__rosidl_typesupport_fastrtps_cpp.so" to ""
[60.427s] -- Installing: /home/teng/ros2_ws/install/stereo_msgs/lib/libstereo_msgs__rosidl_typesupport_introspection_cpp.so
[60.431s] -- Set runtime path of "/home/teng/ros2_ws/install/stereo_msgs/lib/libstereo_msgs__rosidl_typesupport_introspection_cpp.so" to ""
[60.432s] -- Installing: /home/teng/ros2_ws/install/stereo_msgs/lib/libstereo_msgs__rosidl_typesupport_cpp.so
[60.435s] -- Set runtime path of "/home/teng/ros2_ws/install/stereo_msgs/lib/libstereo_msgs__rosidl_typesupport_cpp.so" to ""
[60.704s] Listing '/home/teng/ros2_ws/install/stereo_msgs/local/lib/python3.10/dist-packages/stereo_msgs'...
[60.705s] Compiling '/home/teng/ros2_ws/install/stereo_msgs/local/lib/python3.10/dist-packages/stereo_msgs/__init__.py'...
[60.707s] Listing '/home/teng/ros2_ws/install/stereo_msgs/local/lib/python3.10/dist-packages/stereo_msgs/msg'...
[60.708s] Compiling '/home/teng/ros2_ws/install/stereo_msgs/local/lib/python3.10/dist-packages/stereo_msgs/msg/__init__.py'...
[60.709s] Compiling '/home/teng/ros2_ws/install/stereo_msgs/local/lib/python3.10/dist-packages/stereo_msgs/msg/_disparity_image.py'...
[60.733s] -- Installing: /home/teng/ros2_ws/install/stereo_msgs/lib/libstereo_msgs__rosidl_generator_py.so
[60.736s] -- Set runtime path of "/home/teng/ros2_ws/install/stereo_msgs/lib/libstereo_msgs__rosidl_generator_py.so" to ""
[60.736s] -- Installing: /home/teng/ros2_ws/install/stereo_msgs/share/stereo_msgs/cmake/export_stereo_msgs__rosidl_generator_cExport.cmake
[60.739s] -- Installing: /home/teng/ros2_ws/install/stereo_msgs/share/stereo_msgs/cmake/export_stereo_msgs__rosidl_generator_cExport-noconfig.cmake
[60.742s] -- Installing: /home/teng/ros2_ws/install/stereo_msgs/share/stereo_msgs/cmake/export_stereo_msgs__rosidl_typesupport_fastrtps_cExport.cmake
[60.744s] -- Installing: /home/teng/ros2_ws/install/stereo_msgs/share/stereo_msgs/cmake/export_stereo_msgs__rosidl_typesupport_fastrtps_cExport-noconfig.cmake
[60.745s] -- Installing: /home/teng/ros2_ws/install/stereo_msgs/share/stereo_msgs/cmake/stereo_msgs__rosidl_typesupport_introspection_cExport.cmake
[60.747s] -- Installing: /home/teng/ros2_ws/install/stereo_msgs/share/stereo_msgs/cmake/stereo_msgs__rosidl_typesupport_introspection_cExport-noconfig.cmake
[60.748s] -- Installing: /home/teng/ros2_ws/install/stereo_msgs/share/stereo_msgs/cmake/stereo_msgs__rosidl_typesupport_cExport.cmake
[60.750s] -- Installing: /home/teng/ros2_ws/install/stereo_msgs/share/stereo_msgs/cmake/stereo_msgs__rosidl_typesupport_cExport-noconfig.cmake
[60.752s] -- Installing: /home/teng/ros2_ws/install/stereo_msgs/share/stereo_msgs/cmake/export_stereo_msgs__rosidl_generator_cppExport.cmake
[60.754s] -- Installing: /home/teng/ros2_ws/install/stereo_msgs/share/stereo_msgs/cmake/export_stereo_msgs__rosidl_typesupport_fastrtps_cppExport.cmake
[60.755s] -- Installing: /home/teng/ros2_ws/install/stereo_msgs/share/stereo_msgs/cmake/export_stereo_msgs__rosidl_typesupport_fastrtps_cppExport-noconfig.cmake
[60.757s] -- Installing: /home/teng/ros2_ws/install/stereo_msgs/share/stereo_msgs/cmake/stereo_msgs__rosidl_typesupport_introspection_cppExport.cmake
[60.759s] -- Installing: /home/teng/ros2_ws/install/stereo_msgs/share/stereo_msgs/cmake/stereo_msgs__rosidl_typesupport_introspection_cppExport-noconfig.cmake
[60.760s] -- Installing: /home/teng/ros2_ws/install/stereo_msgs/share/stereo_msgs/cmake/stereo_msgs__rosidl_typesupport_cppExport.cmake
[60.762s] -- Installing: /home/teng/ros2_ws/install/stereo_msgs/share/stereo_msgs/cmake/stereo_msgs__rosidl_typesupport_cppExport-noconfig.cmake
[60.764s] -- Installing: /home/teng/ros2_ws/install/stereo_msgs/share/stereo_msgs/cmake/export_stereo_msgs__rosidl_generator_pyExport.cmake
[60.767s] -- Installing: /home/teng/ros2_ws/install/stereo_msgs/share/stereo_msgs/cmake/export_stereo_msgs__rosidl_generator_pyExport-noconfig.cmake
[60.776s] Invoked command in '/home/teng/ros2_ws/build/stereo_msgs' returned '0': CMAKE_PREFIX_PATH=/home/teng/ros2_ws/install/sensor_msgs:/home/teng/ros2_ws/install/geometry_msgs:/home/teng/ros2_ws/install/std_msgs:/home/teng/ros2_ws/install/common_interfaces:/home/teng/ros2_ws/install/visualization_msgs:/home/teng/ros2_ws/install/trajectory_msgs:/home/teng/ros2_ws/install/stereo_msgs:/home/teng/ros2_ws/install/std_srvs:/home/teng/ros2_ws/install/shape_msgs:/home/teng/ros2_ws/install/nav_msgs:/home/teng/ros2_ws/install/diagnostic_msgs:/home/teng/ros2_ws/install/actionlib_msgs:/home/teng/ros2_ws/install/exp_1_bringup:/home/teng/ros2_ws/install/simple_interfaces:/home/teng/ros2_ws/install/sensor_msgs_py:/home/teng/ros2_ws/install/experiment1:/opt/ros/humble LD_LIBRARY_PATH=/home/teng/ros2_ws/install/sensor_msgs/lib:/home/teng/ros2_ws/install/geometry_msgs/lib:/home/teng/ros2_ws/install/std_msgs/lib:/home/teng/ros2_ws/install/visualization_msgs/lib:/home/teng/ros2_ws/install/trajectory_msgs/lib:/home/teng/ros2_ws/install/stereo_msgs/lib:/home/teng/ros2_ws/install/std_srvs/lib:/home/teng/ros2_ws/install/shape_msgs/lib:/home/teng/ros2_ws/install/nav_msgs/lib:/home/teng/ros2_ws/install/diagnostic_msgs/lib:/home/teng/ros2_ws/install/actionlib_msgs/lib:/home/teng/ros2_ws/install/simple_interfaces/lib:/opt/ros/humble/lib/aarch64-linux-gnu:/opt/ros/humble/lib /usr/bin/cmake --install /home/teng/ros2_ws/build/stereo_msgs
