-- The C compiler identification is GNU 11.4.0
-- The CXX compiler identification is GNU 11.4.0
-- Detecting C compiler ABI info
-- Detecting C compiler ABI info - done
-- Check for working C compiler: /usr/bin/cc - skipped
-- Detecting C compile features
-- Detecting C compile features - done
-- Detecting CXX compiler ABI info
-- Detecting CXX compiler ABI info - done
-- Check for working CXX compiler: /usr/bin/c++ - skipped
-- Detecting CXX compile features
-- Detecting CXX compile features - done
-- Found ament_cmake: 1.3.5 (/opt/ros/humble/share/ament_cmake/cmake)
-- Found Python3: /usr/bin/python3.10 (found version "3.10.12") found components: Interpreter 
-- Override CMake install command with custom implementation using symlinks instead of copying resources
-- Found rosidl_default_generators: 1.2.0 (/opt/ros/humble/share/rosidl_default_generators/cmake)
-- Using all available rosidl_typesupport_c: rosidl_typesupport_fastrtps_c;rosidl_typesupport_introspection_c
-- Found rosidl_adapter: 3.1.5 (/opt/ros/humble/share/rosidl_adapter/cmake)
-- Using all available rosidl_typesupport_cpp: rosidl_typesupport_fastrtps_cpp;rosidl_typesupport_introspection_cpp
-- Found ament_cmake_cppcheck: 0.12.8 (/opt/ros/humble/share/ament_cmake_cppcheck/cmake)
-- Found ament_cmake_cpplint: 0.12.8 (/opt/ros/humble/share/ament_cmake_cpplint/cmake)
-- Found ament_cmake_uncrustify: 0.12.8 (/opt/ros/humble/share/ament_cmake_uncrustify/cmake)
-- Found ament_cmake_ros: 0.10.0 (/opt/ros/humble/share/ament_cmake_ros/cmake)
-- Using all available rosidl_typesupport_c: rosidl_typesupport_fastrtps_c;rosidl_typesupport_introspection_c
-- Using all available rosidl_typesupport_cpp: rosidl_typesupport_fastrtps_cpp;rosidl_typesupport_introspection_cpp
-- Found PythonInterp: /usr/bin/python3 (found suitable version "3.10.12", minimum required is "3.6") 
-- Found python_cmake_module: 0.10.0 (/opt/ros/humble/share/python_cmake_module/cmake)
-- Found PythonLibs: /usr/lib/aarch64-linux-gnu/libpython3.10.so (found suitable version "3.10.12", minimum required is "3.5") 
-- Using PYTHON_EXECUTABLE: /usr/bin/python3
-- Using PYTHON_INCLUDE_DIRS: /usr/include/python3.10
-- Using PYTHON_LIBRARIES: /usr/lib/aarch64-linux-gnu/libpython3.10.so
-- Found PythonExtra: .so  
-- Found ament_cmake_flake8: 0.12.8 (/opt/ros/humble/share/ament_cmake_flake8/cmake)
-- Found ament_cmake_pep257: 0.12.8 (/opt/ros/humble/share/ament_cmake_pep257/cmake)
-- Configuring done
-- Generating done
-- Build files have been written to: /home/teng/ros2_ws/build/std_srvs
[  2%] [34m[1mGenerating C code for ROS interfaces[0m
[  4%] [34m[1mGenerating C++ code for ROS interfaces[0m
[  4%] Built target ament_cmake_python_symlink_std_srvs
[  6%] [32mBuilding C object CMakeFiles/std_srvs__rosidl_generator_c.dir/rosidl_generator_c/std_srvs/srv/detail/set_bool__functions.c.o[0m
[  8%] [32mBuilding C object CMakeFiles/std_srvs__rosidl_generator_c.dir/rosidl_generator_c/std_srvs/srv/detail/empty__functions.c.o[0m
[ 10%] [32mBuilding C object CMakeFiles/std_srvs__rosidl_generator_c.dir/rosidl_generator_c/std_srvs/srv/detail/trigger__functions.c.o[0m
[ 12%] [32m[1mLinking C shared library libstd_srvs__rosidl_generator_c.so[0m
running egg_info
creating std_srvs.egg-info
writing std_srvs.egg-info/PKG-INFO
writing dependency_links to std_srvs.egg-info/dependency_links.txt
writing top-level names to std_srvs.egg-info/top_level.txt
writing manifest file 'std_srvs.egg-info/SOURCES.txt'
reading manifest file 'std_srvs.egg-info/SOURCES.txt'
writing manifest file 'std_srvs.egg-info/SOURCES.txt'
[ 12%] Built target std_srvs__rosidl_generator_c
[ 14%] [34m[1mGenerating C type support for eProsima Fast-RTPS[0m
[ 17%] [34m[1mGenerating C introspection for ROS interfaces[0m
[ 17%] Built target ament_cmake_python_build_std_srvs_egg
[ 19%] [34m[1mGenerating C type support dispatch for ROS interfaces[0m
[ 19%] Built target std_srvs__cpp
[ 21%] [34m[1mGenerating C++ type support dispatch for ROS interfaces[0m
[ 23%] [32mBuilding CXX object CMakeFiles/std_srvs__rosidl_typesupport_c.dir/rosidl_typesupport_c/std_srvs/srv/empty__type_support.cpp.o[0m
[ 25%] [32mBuilding CXX object CMakeFiles/std_srvs__rosidl_typesupport_c.dir/rosidl_typesupport_c/std_srvs/srv/set_bool__type_support.cpp.o[0m
[ 27%] [32mBuilding CXX object CMakeFiles/std_srvs__rosidl_typesupport_c.dir/rosidl_typesupport_c/std_srvs/srv/trigger__type_support.cpp.o[0m
[ 29%] [32mBuilding CXX object CMakeFiles/std_srvs__rosidl_typesupport_fastrtps_c.dir/rosidl_typesupport_fastrtps_c/std_srvs/srv/detail/empty__type_support_c.cpp.o[0m
[ 31%] [32mBuilding C object CMakeFiles/std_srvs__rosidl_typesupport_introspection_c.dir/rosidl_typesupport_introspection_c/std_srvs/srv/detail/empty__type_support.c.o[0m
[ 34%] [32m[1mLinking CXX shared library libstd_srvs__rosidl_typesupport_c.so[0m
[ 36%] [32mBuilding CXX object CMakeFiles/std_srvs__rosidl_typesupport_cpp.dir/rosidl_typesupport_cpp/std_srvs/srv/empty__type_support.cpp.o[0m
[ 38%] [32mBuilding C object CMakeFiles/std_srvs__rosidl_typesupport_introspection_c.dir/rosidl_typesupport_introspection_c/std_srvs/srv/detail/set_bool__type_support.c.o[0m
[ 38%] Built target std_srvs__rosidl_typesupport_c
[ 40%] [32mBuilding C object CMakeFiles/std_srvs__rosidl_typesupport_introspection_c.dir/rosidl_typesupport_introspection_c/std_srvs/srv/detail/trigger__type_support.c.o[0m
[ 42%] [34m[1mGenerating C++ type support for eProsima Fast-RTPS[0m
[ 44%] [32m[1mLinking C shared library libstd_srvs__rosidl_typesupport_introspection_c.so[0m
[ 44%] Built target std_srvs__rosidl_typesupport_introspection_c
[ 46%] [34m[1mGenerating C++ introspection for ROS interfaces[0m
[ 48%] [32mBuilding CXX object CMakeFiles/std_srvs__rosidl_typesupport_cpp.dir/rosidl_typesupport_cpp/std_srvs/srv/set_bool__type_support.cpp.o[0m
[ 51%] [32mBuilding CXX object CMakeFiles/std_srvs__rosidl_typesupport_fastrtps_c.dir/rosidl_typesupport_fastrtps_c/std_srvs/srv/detail/set_bool__type_support_c.cpp.o[0m
[ 53%] [32mBuilding CXX object CMakeFiles/std_srvs__rosidl_typesupport_introspection_cpp.dir/rosidl_typesupport_introspection_cpp/std_srvs/srv/detail/empty__type_support.cpp.o[0m
[ 55%] [32mBuilding CXX object CMakeFiles/std_srvs__rosidl_typesupport_fastrtps_cpp.dir/rosidl_typesupport_fastrtps_cpp/std_srvs/srv/detail/dds_fastrtps/empty__type_support.cpp.o[0m
[ 57%] [32mBuilding CXX object CMakeFiles/std_srvs__rosidl_typesupport_cpp.dir/rosidl_typesupport_cpp/std_srvs/srv/trigger__type_support.cpp.o[0m
[ 59%] [32mBuilding CXX object CMakeFiles/std_srvs__rosidl_typesupport_fastrtps_c.dir/rosidl_typesupport_fastrtps_c/std_srvs/srv/detail/trigger__type_support_c.cpp.o[0m
[ 61%] [32m[1mLinking CXX shared library libstd_srvs__rosidl_typesupport_cpp.so[0m
[ 61%] Built target std_srvs__rosidl_typesupport_cpp
[ 63%] [32mBuilding CXX object CMakeFiles/std_srvs__rosidl_typesupport_introspection_cpp.dir/rosidl_typesupport_introspection_cpp/std_srvs/srv/detail/set_bool__type_support.cpp.o[0m
[ 65%] [32mBuilding CXX object CMakeFiles/std_srvs__rosidl_typesupport_fastrtps_cpp.dir/rosidl_typesupport_fastrtps_cpp/std_srvs/srv/detail/dds_fastrtps/set_bool__type_support.cpp.o[0m
[ 68%] [32mBuilding CXX object CMakeFiles/std_srvs__rosidl_typesupport_introspection_cpp.dir/rosidl_typesupport_introspection_cpp/std_srvs/srv/detail/trigger__type_support.cpp.o[0m
[ 70%] [32m[1mLinking CXX shared library libstd_srvs__rosidl_typesupport_fastrtps_c.so[0m
[ 70%] Built target std_srvs__rosidl_typesupport_fastrtps_c
[ 72%] [32m[1mLinking CXX shared library libstd_srvs__rosidl_typesupport_introspection_cpp.so[0m
[ 74%] [32mBuilding CXX object CMakeFiles/std_srvs__rosidl_typesupport_fastrtps_cpp.dir/rosidl_typesupport_fastrtps_cpp/std_srvs/srv/detail/dds_fastrtps/trigger__type_support.cpp.o[0m
[ 74%] Built target std_srvs__rosidl_typesupport_introspection_cpp
[ 76%] [32m[1mLinking CXX shared library libstd_srvs__rosidl_typesupport_fastrtps_cpp.so[0m
[ 76%] Built target std_srvs__rosidl_typesupport_fastrtps_cpp
[ 76%] Built target std_srvs
[ 78%] [34m[1mGenerating Python code for ROS interfaces[0m
[ 78%] Built target std_srvs__py
[ 80%] [32mBuilding C object CMakeFiles/std_srvs__rosidl_generator_py.dir/rosidl_generator_py/std_srvs/srv/_empty_s.c.o[0m
[ 82%] [32mBuilding C object CMakeFiles/std_srvs__rosidl_generator_py.dir/rosidl_generator_py/std_srvs/srv/_trigger_s.c.o[0m
[ 85%] [32mBuilding C object CMakeFiles/std_srvs__rosidl_generator_py.dir/rosidl_generator_py/std_srvs/srv/_set_bool_s.c.o[0m
[ 87%] [32m[1mLinking C shared library rosidl_generator_py/std_srvs/libstd_srvs__rosidl_generator_py.so[0m
[ 87%] Built target std_srvs__rosidl_generator_py
[ 89%] [32mBuilding C object CMakeFiles/std_srvs__rosidl_typesupport_fastrtps_c__pyext.dir/rosidl_generator_py/std_srvs/_std_srvs_s.ep.rosidl_typesupport_fastrtps_c.c.o[0m
[ 91%] [32m[1mLinking C shared library rosidl_generator_py/std_srvs/std_srvs_s__rosidl_typesupport_fastrtps_c.cpython-310-aarch64-linux-gnu.so[0m
[ 91%] Built target std_srvs__rosidl_typesupport_fastrtps_c__pyext
[ 93%] [32mBuilding C object CMakeFiles/std_srvs__rosidl_typesupport_c__pyext.dir/rosidl_generator_py/std_srvs/_std_srvs_s.ep.rosidl_typesupport_c.c.o[0m
[ 95%] [32m[1mLinking C shared library rosidl_generator_py/std_srvs/std_srvs_s__rosidl_typesupport_c.cpython-310-aarch64-linux-gnu.so[0m
[ 95%] Built target std_srvs__rosidl_typesupport_c__pyext
[ 97%] [32mBuilding C object CMakeFiles/std_srvs__rosidl_typesupport_introspection_c__pyext.dir/rosidl_generator_py/std_srvs/_std_srvs_s.ep.rosidl_typesupport_introspection_c.c.o[0m
[100%] [32m[1mLinking C shared library rosidl_generator_py/std_srvs/std_srvs_s__rosidl_typesupport_introspection_c.cpython-310-aarch64-linux-gnu.so[0m
[100%] Built target std_srvs__rosidl_typesupport_introspection_c__pyext
-- Install configuration: ""
-- Execute custom install script
-- Symlinking: /home/teng/ros2_ws/install/std_srvs/share/ament_index/resource_index/rosidl_interfaces/std_srvs
-- Symlinking: /home/teng/ros2_ws/install/std_srvs/include/std_srvs/std_srvs/msg/rosidl_generator_c__visibility_control.h
-- Symlinking: /home/teng/ros2_ws/install/std_srvs/include/std_srvs/std_srvs/srv/detail/empty__functions.h
-- Symlinking: /home/teng/ros2_ws/install/std_srvs/include/std_srvs/std_srvs/srv/detail/empty__struct.h
-- Symlinking: /home/teng/ros2_ws/install/std_srvs/include/std_srvs/std_srvs/srv/detail/empty__type_support.h
-- Symlinking: /home/teng/ros2_ws/install/std_srvs/include/std_srvs/std_srvs/srv/detail/set_bool__functions.h
-- Symlinking: /home/teng/ros2_ws/install/std_srvs/include/std_srvs/std_srvs/srv/detail/set_bool__struct.h
-- Symlinking: /home/teng/ros2_ws/install/std_srvs/include/std_srvs/std_srvs/srv/detail/set_bool__type_support.h
-- Symlinking: /home/teng/ros2_ws/install/std_srvs/include/std_srvs/std_srvs/srv/detail/trigger__functions.h
-- Symlinking: /home/teng/ros2_ws/install/std_srvs/include/std_srvs/std_srvs/srv/detail/trigger__struct.h
-- Symlinking: /home/teng/ros2_ws/install/std_srvs/include/std_srvs/std_srvs/srv/detail/trigger__type_support.h
-- Symlinking: /home/teng/ros2_ws/install/std_srvs/include/std_srvs/std_srvs/srv/empty.h
-- Symlinking: /home/teng/ros2_ws/install/std_srvs/include/std_srvs/std_srvs/srv/set_bool.h
-- Symlinking: /home/teng/ros2_ws/install/std_srvs/include/std_srvs/std_srvs/srv/trigger.h
-- Symlinking: /home/teng/ros2_ws/install/std_srvs/share/std_srvs/environment/library_path.sh
-- Symlinking: /home/teng/ros2_ws/install/std_srvs/share/std_srvs/environment/library_path.dsv
-- Symlinking: /home/teng/ros2_ws/install/std_srvs/include/std_srvs/std_srvs/msg/rosidl_typesupport_fastrtps_c__visibility_control.h
-- Symlinking: /home/teng/ros2_ws/install/std_srvs/include/std_srvs/std_srvs/srv/detail/empty__rosidl_typesupport_fastrtps_c.h
-- Symlinking: /home/teng/ros2_ws/install/std_srvs/include/std_srvs/std_srvs/srv/detail/set_bool__rosidl_typesupport_fastrtps_c.h
-- Symlinking: /home/teng/ros2_ws/install/std_srvs/include/std_srvs/std_srvs/srv/detail/trigger__rosidl_typesupport_fastrtps_c.h
-- Symlinking: /home/teng/ros2_ws/install/std_srvs/include/std_srvs/std_srvs/msg/rosidl_typesupport_introspection_c__visibility_control.h
-- Symlinking: /home/teng/ros2_ws/install/std_srvs/include/std_srvs/std_srvs/srv/detail/empty__rosidl_typesupport_introspection_c.h
-- Symlinking: /home/teng/ros2_ws/install/std_srvs/include/std_srvs/std_srvs/srv/detail/set_bool__rosidl_typesupport_introspection_c.h
-- Symlinking: /home/teng/ros2_ws/install/std_srvs/include/std_srvs/std_srvs/srv/detail/trigger__rosidl_typesupport_introspection_c.h
-- Symlinking: /home/teng/ros2_ws/install/std_srvs/include/std_srvs/std_srvs/srv/detail/empty__builder.hpp
-- Symlinking: /home/teng/ros2_ws/install/std_srvs/include/std_srvs/std_srvs/srv/detail/empty__struct.hpp
-- Symlinking: /home/teng/ros2_ws/install/std_srvs/include/std_srvs/std_srvs/srv/detail/empty__traits.hpp
-- Symlinking: /home/teng/ros2_ws/install/std_srvs/include/std_srvs/std_srvs/srv/detail/set_bool__builder.hpp
-- Symlinking: /home/teng/ros2_ws/install/std_srvs/include/std_srvs/std_srvs/srv/detail/set_bool__struct.hpp
-- Symlinking: /home/teng/ros2_ws/install/std_srvs/include/std_srvs/std_srvs/srv/detail/set_bool__traits.hpp
-- Symlinking: /home/teng/ros2_ws/install/std_srvs/include/std_srvs/std_srvs/srv/detail/trigger__builder.hpp
-- Symlinking: /home/teng/ros2_ws/install/std_srvs/include/std_srvs/std_srvs/srv/detail/trigger__struct.hpp
-- Symlinking: /home/teng/ros2_ws/install/std_srvs/include/std_srvs/std_srvs/srv/detail/trigger__traits.hpp
-- Symlinking: /home/teng/ros2_ws/install/std_srvs/include/std_srvs/std_srvs/srv/empty.hpp
-- Symlinking: /home/teng/ros2_ws/install/std_srvs/include/std_srvs/std_srvs/srv/set_bool.hpp
-- Symlinking: /home/teng/ros2_ws/install/std_srvs/include/std_srvs/std_srvs/srv/trigger.hpp
-- Symlinking: /home/teng/ros2_ws/install/std_srvs/include/std_srvs/std_srvs/msg/rosidl_typesupport_fastrtps_cpp__visibility_control.h
-- Symlinking: /home/teng/ros2_ws/install/std_srvs/include/std_srvs/std_srvs/srv/detail/empty__rosidl_typesupport_fastrtps_cpp.hpp
-- Symlinking: /home/teng/ros2_ws/install/std_srvs/include/std_srvs/std_srvs/srv/detail/set_bool__rosidl_typesupport_fastrtps_cpp.hpp
-- Symlinking: /home/teng/ros2_ws/install/std_srvs/include/std_srvs/std_srvs/srv/detail/trigger__rosidl_typesupport_fastrtps_cpp.hpp
-- Symlinking: /home/teng/ros2_ws/install/std_srvs/include/std_srvs/std_srvs/srv/detail/empty__rosidl_typesupport_introspection_cpp.hpp
-- Symlinking: /home/teng/ros2_ws/install/std_srvs/include/std_srvs/std_srvs/srv/detail/set_bool__rosidl_typesupport_introspection_cpp.hpp
-- Symlinking: /home/teng/ros2_ws/install/std_srvs/include/std_srvs/std_srvs/srv/detail/trigger__rosidl_typesupport_introspection_cpp.hpp
-- Symlinking: /home/teng/ros2_ws/install/std_srvs/share/std_srvs/environment/pythonpath.sh
-- Symlinking: /home/teng/ros2_ws/install/std_srvs/share/std_srvs/environment/pythonpath.dsv
-- Symlinking: /home/teng/ros2_ws/install/std_srvs/local/lib/python3.10/dist-packages/std_srvs-5.2.0-py3.10.egg-info/PKG-INFO
-- Symlinking: /home/teng/ros2_ws/install/std_srvs/local/lib/python3.10/dist-packages/std_srvs-5.2.0-py3.10.egg-info/SOURCES.txt
-- Symlinking: /home/teng/ros2_ws/install/std_srvs/local/lib/python3.10/dist-packages/std_srvs-5.2.0-py3.10.egg-info/dependency_links.txt
-- Symlinking: /home/teng/ros2_ws/install/std_srvs/local/lib/python3.10/dist-packages/std_srvs-5.2.0-py3.10.egg-info/top_level.txt
-- Symlinking: /home/teng/ros2_ws/install/std_srvs/local/lib/python3.10/dist-packages/std_srvs/__init__.py
-- Symlinking: /home/teng/ros2_ws/install/std_srvs/local/lib/python3.10/dist-packages/std_srvs/_std_srvs_s.ep.rosidl_typesupport_c.c
-- Symlinking: /home/teng/ros2_ws/install/std_srvs/local/lib/python3.10/dist-packages/std_srvs/_std_srvs_s.ep.rosidl_typesupport_fastrtps_c.c
-- Symlinking: /home/teng/ros2_ws/install/std_srvs/local/lib/python3.10/dist-packages/std_srvs/_std_srvs_s.ep.rosidl_typesupport_introspection_c.c
-- Symlinking: /home/teng/ros2_ws/install/std_srvs/local/lib/python3.10/dist-packages/std_srvs/libstd_srvs__rosidl_generator_py.so
-- Symlinking: /home/teng/ros2_ws/install/std_srvs/local/lib/python3.10/dist-packages/std_srvs/srv/__init__.py
-- Symlinking: /home/teng/ros2_ws/install/std_srvs/local/lib/python3.10/dist-packages/std_srvs/srv/_empty.py
-- Symlinking: /home/teng/ros2_ws/install/std_srvs/local/lib/python3.10/dist-packages/std_srvs/srv/_empty_s.c
-- Symlinking: /home/teng/ros2_ws/install/std_srvs/local/lib/python3.10/dist-packages/std_srvs/srv/_set_bool.py
-- Symlinking: /home/teng/ros2_ws/install/std_srvs/local/lib/python3.10/dist-packages/std_srvs/srv/_set_bool_s.c
-- Symlinking: /home/teng/ros2_ws/install/std_srvs/local/lib/python3.10/dist-packages/std_srvs/srv/_trigger.py
-- Symlinking: /home/teng/ros2_ws/install/std_srvs/local/lib/python3.10/dist-packages/std_srvs/srv/_trigger_s.c
-- Symlinking: /home/teng/ros2_ws/install/std_srvs/local/lib/python3.10/dist-packages/std_srvs/std_srvs_s__rosidl_typesupport_c.cpython-310-aarch64-linux-gnu.so
-- Symlinking: /home/teng/ros2_ws/install/std_srvs/local/lib/python3.10/dist-packages/std_srvs/std_srvs_s__rosidl_typesupport_fastrtps_c.cpython-310-aarch64-linux-gnu.so
-- Symlinking: /home/teng/ros2_ws/install/std_srvs/local/lib/python3.10/dist-packages/std_srvs/std_srvs_s__rosidl_typesupport_introspection_c.cpython-310-aarch64-linux-gnu.so
-- Up-to-date symlink: /home/teng/ros2_ws/install/std_srvs/local/lib/python3.10/dist-packages/std_srvs/std_srvs_s__rosidl_typesupport_fastrtps_c.cpython-310-aarch64-linux-gnu.so
-- Up-to-date symlink: /home/teng/ros2_ws/install/std_srvs/local/lib/python3.10/dist-packages/std_srvs/std_srvs_s__rosidl_typesupport_introspection_c.cpython-310-aarch64-linux-gnu.so
-- Up-to-date symlink: /home/teng/ros2_ws/install/std_srvs/local/lib/python3.10/dist-packages/std_srvs/std_srvs_s__rosidl_typesupport_c.cpython-310-aarch64-linux-gnu.so
-- Symlinking: /home/teng/ros2_ws/install/std_srvs/share/std_srvs/srv/Empty.idl
-- Symlinking: /home/teng/ros2_ws/install/std_srvs/share/std_srvs/srv/SetBool.idl
-- Symlinking: /home/teng/ros2_ws/install/std_srvs/share/std_srvs/srv/Trigger.idl
-- Symlinking: /home/teng/ros2_ws/install/std_srvs/share/std_srvs/srv/Empty.srv
-- Symlinking: /home/teng/ros2_ws/install/std_srvs/share/std_srvs/srv/Empty_Request.msg
-- Symlinking: /home/teng/ros2_ws/install/std_srvs/share/std_srvs/srv/Empty_Response.msg
-- Symlinking: /home/teng/ros2_ws/install/std_srvs/share/std_srvs/srv/SetBool.srv
-- Symlinking: /home/teng/ros2_ws/install/std_srvs/share/std_srvs/srv/SetBool_Request.msg
-- Symlinking: /home/teng/ros2_ws/install/std_srvs/share/std_srvs/srv/SetBool_Response.msg
-- Symlinking: /home/teng/ros2_ws/install/std_srvs/share/std_srvs/srv/Trigger.srv
-- Symlinking: /home/teng/ros2_ws/install/std_srvs/share/std_srvs/srv/Trigger_Request.msg
-- Symlinking: /home/teng/ros2_ws/install/std_srvs/share/std_srvs/srv/Trigger_Response.msg
-- Symlinking: /home/teng/ros2_ws/install/std_srvs/share/ament_index/resource_index/package_run_dependencies/std_srvs
-- Symlinking: /home/teng/ros2_ws/install/std_srvs/share/ament_index/resource_index/parent_prefix_path/std_srvs
-- Symlinking: /home/teng/ros2_ws/install/std_srvs/share/std_srvs/environment/ament_prefix_path.sh
-- Symlinking: /home/teng/ros2_ws/install/std_srvs/share/std_srvs/environment/ament_prefix_path.dsv
-- Symlinking: /home/teng/ros2_ws/install/std_srvs/share/std_srvs/environment/path.sh
-- Symlinking: /home/teng/ros2_ws/install/std_srvs/share/std_srvs/environment/path.dsv
-- Symlinking: /home/teng/ros2_ws/install/std_srvs/share/std_srvs/local_setup.bash
-- Symlinking: /home/teng/ros2_ws/install/std_srvs/share/std_srvs/local_setup.sh
-- Symlinking: /home/teng/ros2_ws/install/std_srvs/share/std_srvs/local_setup.zsh
-- Symlinking: /home/teng/ros2_ws/install/std_srvs/share/std_srvs/local_setup.dsv
-- Symlinking: /home/teng/ros2_ws/install/std_srvs/share/std_srvs/package.dsv
-- Symlinking: /home/teng/ros2_ws/install/std_srvs/share/ament_index/resource_index/packages/std_srvs
-- Symlinking: /home/teng/ros2_ws/install/std_srvs/share/std_srvs/cmake/rosidl_cmake-extras.cmake
-- Symlinking: /home/teng/ros2_ws/install/std_srvs/share/std_srvs/cmake/ament_cmake_export_include_directories-extras.cmake
-- Symlinking: /home/teng/ros2_ws/install/std_srvs/share/std_srvs/cmake/ament_cmake_export_libraries-extras.cmake
-- Symlinking: /home/teng/ros2_ws/install/std_srvs/share/std_srvs/cmake/ament_cmake_export_targets-extras.cmake
-- Symlinking: /home/teng/ros2_ws/install/std_srvs/share/std_srvs/cmake/rosidl_cmake_export_typesupport_targets-extras.cmake
-- Symlinking: /home/teng/ros2_ws/install/std_srvs/share/std_srvs/cmake/ament_cmake_export_dependencies-extras.cmake
-- Symlinking: /home/teng/ros2_ws/install/std_srvs/share/std_srvs/cmake/rosidl_cmake_export_typesupport_libraries-extras.cmake
-- Symlinking: /home/teng/ros2_ws/install/std_srvs/share/std_srvs/cmake/std_srvsConfig.cmake
-- Symlinking: /home/teng/ros2_ws/install/std_srvs/share/std_srvs/cmake/std_srvsConfig-version.cmake
-- Symlinking: /home/teng/ros2_ws/install/std_srvs/share/std_srvs/package.xml
-- Installing: /home/teng/ros2_ws/install/std_srvs/lib/libstd_srvs__rosidl_generator_c.so
-- Set runtime path of "/home/teng/ros2_ws/install/std_srvs/lib/libstd_srvs__rosidl_generator_c.so" to ""
-- Installing: /home/teng/ros2_ws/install/std_srvs/lib/libstd_srvs__rosidl_typesupport_fastrtps_c.so
-- Set runtime path of "/home/teng/ros2_ws/install/std_srvs/lib/libstd_srvs__rosidl_typesupport_fastrtps_c.so" to ""
-- Installing: /home/teng/ros2_ws/install/std_srvs/lib/libstd_srvs__rosidl_typesupport_introspection_c.so
-- Set runtime path of "/home/teng/ros2_ws/install/std_srvs/lib/libstd_srvs__rosidl_typesupport_introspection_c.so" to ""
-- Installing: /home/teng/ros2_ws/install/std_srvs/lib/libstd_srvs__rosidl_typesupport_c.so
-- Set runtime path of "/home/teng/ros2_ws/install/std_srvs/lib/libstd_srvs__rosidl_typesupport_c.so" to ""
-- Installing: /home/teng/ros2_ws/install/std_srvs/lib/libstd_srvs__rosidl_typesupport_fastrtps_cpp.so
-- Set runtime path of "/home/teng/ros2_ws/install/std_srvs/lib/libstd_srvs__rosidl_typesupport_fastrtps_cpp.so" to ""
-- Installing: /home/teng/ros2_ws/install/std_srvs/lib/libstd_srvs__rosidl_typesupport_introspection_cpp.so
-- Set runtime path of "/home/teng/ros2_ws/install/std_srvs/lib/libstd_srvs__rosidl_typesupport_introspection_cpp.so" to ""
-- Installing: /home/teng/ros2_ws/install/std_srvs/lib/libstd_srvs__rosidl_typesupport_cpp.so
-- Set runtime path of "/home/teng/ros2_ws/install/std_srvs/lib/libstd_srvs__rosidl_typesupport_cpp.so" to ""
Listing '/home/teng/ros2_ws/install/std_srvs/local/lib/python3.10/dist-packages/std_srvs'...
Compiling '/home/teng/ros2_ws/install/std_srvs/local/lib/python3.10/dist-packages/std_srvs/__init__.py'...
Listing '/home/teng/ros2_ws/install/std_srvs/local/lib/python3.10/dist-packages/std_srvs/srv'...
Compiling '/home/teng/ros2_ws/install/std_srvs/local/lib/python3.10/dist-packages/std_srvs/srv/__init__.py'...
Compiling '/home/teng/ros2_ws/install/std_srvs/local/lib/python3.10/dist-packages/std_srvs/srv/_empty.py'...
Compiling '/home/teng/ros2_ws/install/std_srvs/local/lib/python3.10/dist-packages/std_srvs/srv/_set_bool.py'...
Compiling '/home/teng/ros2_ws/install/std_srvs/local/lib/python3.10/dist-packages/std_srvs/srv/_trigger.py'...
-- Installing: /home/teng/ros2_ws/install/std_srvs/lib/libstd_srvs__rosidl_generator_py.so
-- Set runtime path of "/home/teng/ros2_ws/install/std_srvs/lib/libstd_srvs__rosidl_generator_py.so" to ""
-- Installing: /home/teng/ros2_ws/install/std_srvs/share/std_srvs/cmake/export_std_srvs__rosidl_generator_cExport.cmake
-- Installing: /home/teng/ros2_ws/install/std_srvs/share/std_srvs/cmake/export_std_srvs__rosidl_generator_cExport-noconfig.cmake
-- Installing: /home/teng/ros2_ws/install/std_srvs/share/std_srvs/cmake/export_std_srvs__rosidl_typesupport_fastrtps_cExport.cmake
-- Installing: /home/teng/ros2_ws/install/std_srvs/share/std_srvs/cmake/export_std_srvs__rosidl_typesupport_fastrtps_cExport-noconfig.cmake
-- Installing: /home/teng/ros2_ws/install/std_srvs/share/std_srvs/cmake/std_srvs__rosidl_typesupport_introspection_cExport.cmake
-- Installing: /home/teng/ros2_ws/install/std_srvs/share/std_srvs/cmake/std_srvs__rosidl_typesupport_introspection_cExport-noconfig.cmake
-- Installing: /home/teng/ros2_ws/install/std_srvs/share/std_srvs/cmake/std_srvs__rosidl_typesupport_cExport.cmake
-- Installing: /home/teng/ros2_ws/install/std_srvs/share/std_srvs/cmake/std_srvs__rosidl_typesupport_cExport-noconfig.cmake
-- Installing: /home/teng/ros2_ws/install/std_srvs/share/std_srvs/cmake/export_std_srvs__rosidl_generator_cppExport.cmake
-- Installing: /home/teng/ros2_ws/install/std_srvs/share/std_srvs/cmake/export_std_srvs__rosidl_typesupport_fastrtps_cppExport.cmake
-- Installing: /home/teng/ros2_ws/install/std_srvs/share/std_srvs/cmake/export_std_srvs__rosidl_typesupport_fastrtps_cppExport-noconfig.cmake
-- Installing: /home/teng/ros2_ws/install/std_srvs/share/std_srvs/cmake/std_srvs__rosidl_typesupport_introspection_cppExport.cmake
-- Installing: /home/teng/ros2_ws/install/std_srvs/share/std_srvs/cmake/std_srvs__rosidl_typesupport_introspection_cppExport-noconfig.cmake
-- Installing: /home/teng/ros2_ws/install/std_srvs/share/std_srvs/cmake/std_srvs__rosidl_typesupport_cppExport.cmake
-- Installing: /home/teng/ros2_ws/install/std_srvs/share/std_srvs/cmake/std_srvs__rosidl_typesupport_cppExport-noconfig.cmake
-- Installing: /home/teng/ros2_ws/install/std_srvs/share/std_srvs/cmake/export_std_srvs__rosidl_generator_pyExport.cmake
-- Installing: /home/teng/ros2_ws/install/std_srvs/share/std_srvs/cmake/export_std_srvs__rosidl_generator_pyExport-noconfig.cmake
