[0.525s] Invoking command in '/home/teng/ros2_ws/build/std_srvs': CMAKE_PREFIX_PATH=${CMAKE_PREFIX_PATH}:/home/teng/ros2_ws/install/sensor_msgs_py:/home/teng/ros2_ws/install/experiment1:/opt/ros/humble /usr/bin/cmake /home/teng/ros2_ws/src/ros2_common_interfaces/std_srvs -DAMENT_CMAKE_SYMLINK_INSTALL=1 -DCMAKE_INSTALL_PREFIX=/home/teng/ros2_ws/install/std_srvs
[1.065s] -- The C compiler identification is GNU 11.4.0
[1.558s] -- The CXX compiler identification is GNU 11.4.0
[1.636s] -- Detecting C compiler ABI info
[2.277s] -- Detecting C compiler ABI info - done
[2.310s] -- Check for working C compiler: /usr/bin/cc - skipped
[2.313s] -- Detecting C compile features
[2.316s] -- Detecting C compile features - done
[2.335s] -- Detecting CXX compiler ABI info
[2.899s] -- Detecting CXX compiler ABI info - done
[2.934s] -- Check for working CXX compiler: /usr/bin/c++ - skipped
[2.937s] -- Detecting CXX compile features
[2.941s] -- Detecting CXX compile features - done
[2.967s] -- Found ament_cmake: 1.3.5 (/opt/ros/humble/share/ament_cmake/cmake)
[4.602s] -- Found Python3: /usr/bin/python3.10 (found version "3.10.12") found components: Interpreter 
[5.073s] -- Override CMake install command with custom implementation using symlinks instead of copying resources
[5.309s] -- Found rosidl_default_generators: 1.2.0 (/opt/ros/humble/share/rosidl_default_generators/cmake)
[5.333s] -- Using all available rosidl_typesupport_c: rosidl_typesupport_fastrtps_c;rosidl_typesupport_introspection_c
[5.404s] -- Found rosidl_adapter: 3.1.5 (/opt/ros/humble/share/rosidl_adapter/cmake)
[5.708s] -- Using all available rosidl_typesupport_cpp: rosidl_typesupport_fastrtps_cpp;rosidl_typesupport_introspection_cpp
[8.397s] -- Found ament_cmake_cppcheck: 0.12.8 (/opt/ros/humble/share/ament_cmake_cppcheck/cmake)
[8.416s] -- Found ament_cmake_cpplint: 0.12.8 (/opt/ros/humble/share/ament_cmake_cpplint/cmake)
[8.444s] -- Found ament_cmake_uncrustify: 0.12.8 (/opt/ros/humble/share/ament_cmake_uncrustify/cmake)
[8.476s] -- Found ament_cmake_ros: 0.10.0 (/opt/ros/humble/share/ament_cmake_ros/cmake)
[10.204s] -- Using all available rosidl_typesupport_c: rosidl_typesupport_fastrtps_c;rosidl_typesupport_introspection_c
[12.510s] -- Using all available rosidl_typesupport_cpp: rosidl_typesupport_fastrtps_cpp;rosidl_typesupport_introspection_cpp
[12.700s] -- Found PythonInterp: /usr/bin/python3 (found suitable version "3.10.12", minimum required is "3.6") 
[12.714s] -- Found python_cmake_module: 0.10.0 (/opt/ros/humble/share/python_cmake_module/cmake)
[12.890s] -- Found PythonLibs: /usr/lib/aarch64-linux-gnu/libpython3.10.so (found suitable version "3.10.12", minimum required is "3.5") 
[12.892s] -- Using PYTHON_EXECUTABLE: /usr/bin/python3
[12.894s] -- Using PYTHON_INCLUDE_DIRS: /usr/include/python3.10
[12.895s] -- Using PYTHON_LIBRARIES: /usr/lib/aarch64-linux-gnu/libpython3.10.so
[13.074s] -- Found PythonExtra: .so  
[13.350s] -- Found ament_cmake_flake8: 0.12.8 (/opt/ros/humble/share/ament_cmake_flake8/cmake)
[13.372s] -- Found ament_cmake_pep257: 0.12.8 (/opt/ros/humble/share/ament_cmake_pep257/cmake)
[13.462s] -- Configuring done
[13.677s] -- Generating done
[13.695s] -- Build files have been written to: /home/teng/ros2_ws/build/std_srvs
[13.725s] Invoked command in '/home/teng/ros2_ws/build/std_srvs' returned '0': CMAKE_PREFIX_PATH=${CMAKE_PREFIX_PATH}:/home/teng/ros2_ws/install/sensor_msgs_py:/home/teng/ros2_ws/install/experiment1:/opt/ros/humble /usr/bin/cmake /home/teng/ros2_ws/src/ros2_common_interfaces/std_srvs -DAMENT_CMAKE_SYMLINK_INSTALL=1 -DCMAKE_INSTALL_PREFIX=/home/teng/ros2_ws/install/std_srvs
[13.736s] Invoking command in '/home/teng/ros2_ws/build/std_srvs': CMAKE_PREFIX_PATH=${CMAKE_PREFIX_PATH}:/home/teng/ros2_ws/install/sensor_msgs_py:/home/teng/ros2_ws/install/experiment1:/opt/ros/humble /usr/bin/cmake --build /home/teng/ros2_ws/build/std_srvs -- -j4 -l4
[13.966s] [  2%] [34m[1mGenerating C code for ROS interfaces[0m
[14.046s] [  4%] [34m[1mGenerating C++ code for ROS interfaces[0m
[14.146s] [  4%] Built target ament_cmake_python_symlink_std_srvs
[17.724s] [  6%] [32mBuilding C object CMakeFiles/std_srvs__rosidl_generator_c.dir/rosidl_generator_c/std_srvs/srv/detail/set_bool__functions.c.o[0m
[17.733s] [  8%] [32mBuilding C object CMakeFiles/std_srvs__rosidl_generator_c.dir/rosidl_generator_c/std_srvs/srv/detail/empty__functions.c.o[0m
[18.107s] [ 10%] [32mBuilding C object CMakeFiles/std_srvs__rosidl_generator_c.dir/rosidl_generator_c/std_srvs/srv/detail/trigger__functions.c.o[0m
[18.745s] [ 12%] [32m[1mLinking C shared library libstd_srvs__rosidl_generator_c.so[0m
[19.135s] running egg_info
[19.154s] creating std_srvs.egg-info
[19.156s] writing std_srvs.egg-info/PKG-INFO
[19.159s] writing dependency_links to std_srvs.egg-info/dependency_links.txt
[19.161s] writing top-level names to std_srvs.egg-info/top_level.txt
[19.162s] writing manifest file 'std_srvs.egg-info/SOURCES.txt'
[19.210s] reading manifest file 'std_srvs.egg-info/SOURCES.txt'
[19.213s] writing manifest file 'std_srvs.egg-info/SOURCES.txt'
[19.423s] [ 12%] Built target std_srvs__rosidl_generator_c
[19.566s] [ 14%] [34m[1mGenerating C type support for eProsima Fast-RTPS[0m
[19.578s] [ 17%] [34m[1mGenerating C introspection for ROS interfaces[0m
[19.725s] [ 17%] Built target ament_cmake_python_build_std_srvs_egg
[19.899s] [ 19%] [34m[1mGenerating C type support dispatch for ROS interfaces[0m
[21.590s] [ 19%] Built target std_srvs__cpp
[21.765s] [ 21%] [34m[1mGenerating C++ type support dispatch for ROS interfaces[0m
[24.157s] [ 23%] [32mBuilding CXX object CMakeFiles/std_srvs__rosidl_typesupport_c.dir/rosidl_typesupport_c/std_srvs/srv/empty__type_support.cpp.o[0m
[24.617s] [ 25%] [32mBuilding CXX object CMakeFiles/std_srvs__rosidl_typesupport_c.dir/rosidl_typesupport_c/std_srvs/srv/set_bool__type_support.cpp.o[0m
[25.080s] [ 27%] [32mBuilding CXX object CMakeFiles/std_srvs__rosidl_typesupport_c.dir/rosidl_typesupport_c/std_srvs/srv/trigger__type_support.cpp.o[0m
[25.133s] [ 29%] [32mBuilding CXX object CMakeFiles/std_srvs__rosidl_typesupport_fastrtps_c.dir/rosidl_typesupport_fastrtps_c/std_srvs/srv/detail/empty__type_support_c.cpp.o[0m
[25.380s] [ 31%] [32mBuilding C object CMakeFiles/std_srvs__rosidl_typesupport_introspection_c.dir/rosidl_typesupport_introspection_c/std_srvs/srv/detail/empty__type_support.c.o[0m
[25.648s] [ 34%] [32m[1mLinking CXX shared library libstd_srvs__rosidl_typesupport_c.so[0m
[25.660s] [ 36%] [32mBuilding CXX object CMakeFiles/std_srvs__rosidl_typesupport_cpp.dir/rosidl_typesupport_cpp/std_srvs/srv/empty__type_support.cpp.o[0m
[25.979s] [ 38%] [32mBuilding C object CMakeFiles/std_srvs__rosidl_typesupport_introspection_c.dir/rosidl_typesupport_introspection_c/std_srvs/srv/detail/set_bool__type_support.c.o[0m
[26.144s] [ 38%] Built target std_srvs__rosidl_typesupport_c
[26.231s] [ 40%] [32mBuilding C object CMakeFiles/std_srvs__rosidl_typesupport_introspection_c.dir/rosidl_typesupport_introspection_c/std_srvs/srv/detail/trigger__type_support.c.o[0m
[26.573s] [ 42%] [34m[1mGenerating C++ type support for eProsima Fast-RTPS[0m
[26.614s] [ 44%] [32m[1mLinking C shared library libstd_srvs__rosidl_typesupport_introspection_c.so[0m
[26.834s] [ 44%] Built target std_srvs__rosidl_typesupport_introspection_c
[26.921s] [ 46%] [34m[1mGenerating C++ introspection for ROS interfaces[0m
[29.611s] [ 48%] [32mBuilding CXX object CMakeFiles/std_srvs__rosidl_typesupport_cpp.dir/rosidl_typesupport_cpp/std_srvs/srv/set_bool__type_support.cpp.o[0m
[31.336s] [ 51%] [32mBuilding CXX object CMakeFiles/std_srvs__rosidl_typesupport_fastrtps_c.dir/rosidl_typesupport_fastrtps_c/std_srvs/srv/detail/set_bool__type_support_c.cpp.o[0m
[31.670s] [ 53%] [32mBuilding CXX object CMakeFiles/std_srvs__rosidl_typesupport_introspection_cpp.dir/rosidl_typesupport_introspection_cpp/std_srvs/srv/detail/empty__type_support.cpp.o[0m
[33.289s] [ 55%] [32mBuilding CXX object CMakeFiles/std_srvs__rosidl_typesupport_fastrtps_cpp.dir/rosidl_typesupport_fastrtps_cpp/std_srvs/srv/detail/dds_fastrtps/empty__type_support.cpp.o[0m
[33.994s] [ 57%] [32mBuilding CXX object CMakeFiles/std_srvs__rosidl_typesupport_cpp.dir/rosidl_typesupport_cpp/std_srvs/srv/trigger__type_support.cpp.o[0m
[36.709s] [ 59%] [32mBuilding CXX object CMakeFiles/std_srvs__rosidl_typesupport_fastrtps_c.dir/rosidl_typesupport_fastrtps_c/std_srvs/srv/detail/trigger__type_support_c.cpp.o[0m
[37.068s] [ 61%] [32m[1mLinking CXX shared library libstd_srvs__rosidl_typesupport_cpp.so[0m
[37.515s] [ 61%] Built target std_srvs__rosidl_typesupport_cpp
[38.306s] [ 63%] [32mBuilding CXX object CMakeFiles/std_srvs__rosidl_typesupport_introspection_cpp.dir/rosidl_typesupport_introspection_cpp/std_srvs/srv/detail/set_bool__type_support.cpp.o[0m
[39.890s] [ 65%] [32mBuilding CXX object CMakeFiles/std_srvs__rosidl_typesupport_fastrtps_cpp.dir/rosidl_typesupport_fastrtps_cpp/std_srvs/srv/detail/dds_fastrtps/set_bool__type_support.cpp.o[0m
[40.963s] [ 68%] [32mBuilding CXX object CMakeFiles/std_srvs__rosidl_typesupport_introspection_cpp.dir/rosidl_typesupport_introspection_cpp/std_srvs/srv/detail/trigger__type_support.cpp.o[0m
[41.680s] [ 70%] [32m[1mLinking CXX shared library libstd_srvs__rosidl_typesupport_fastrtps_c.so[0m
[42.525s] [ 70%] Built target std_srvs__rosidl_typesupport_fastrtps_c
[45.139s] [ 72%] [32m[1mLinking CXX shared library libstd_srvs__rosidl_typesupport_introspection_cpp.so[0m
[45.676s] [ 74%] [32mBuilding CXX object CMakeFiles/std_srvs__rosidl_typesupport_fastrtps_cpp.dir/rosidl_typesupport_fastrtps_cpp/std_srvs/srv/detail/dds_fastrtps/trigger__type_support.cpp.o[0m
[45.714s] [ 74%] Built target std_srvs__rosidl_typesupport_introspection_cpp
[49.005s] [ 76%] [32m[1mLinking CXX shared library libstd_srvs__rosidl_typesupport_fastrtps_cpp.so[0m
[49.602s] [ 76%] Built target std_srvs__rosidl_typesupport_fastrtps_cpp
[49.782s] [ 76%] Built target std_srvs
[49.985s] [ 78%] [34m[1mGenerating Python code for ROS interfaces[0m
[55.159s] [ 78%] Built target std_srvs__py
[55.277s] [ 80%] [32mBuilding C object CMakeFiles/std_srvs__rosidl_generator_py.dir/rosidl_generator_py/std_srvs/srv/_empty_s.c.o[0m
[55.865s] [ 82%] [32mBuilding C object CMakeFiles/std_srvs__rosidl_generator_py.dir/rosidl_generator_py/std_srvs/srv/_trigger_s.c.o[0m
[56.453s] [ 85%] [32mBuilding C object CMakeFiles/std_srvs__rosidl_generator_py.dir/rosidl_generator_py/std_srvs/srv/_set_bool_s.c.o[0m
[57.067s] [ 87%] [32m[1mLinking C shared library rosidl_generator_py/std_srvs/libstd_srvs__rosidl_generator_py.so[0m
[57.318s] [ 87%] Built target std_srvs__rosidl_generator_py
[57.432s] [ 89%] [32mBuilding C object CMakeFiles/std_srvs__rosidl_typesupport_fastrtps_c__pyext.dir/rosidl_generator_py/std_srvs/_std_srvs_s.ep.rosidl_typesupport_fastrtps_c.c.o[0m
[58.111s] [ 91%] [32m[1mLinking C shared library rosidl_generator_py/std_srvs/std_srvs_s__rosidl_typesupport_fastrtps_c.cpython-310-aarch64-linux-gnu.so[0m
[58.353s] [ 91%] Built target std_srvs__rosidl_typesupport_fastrtps_c__pyext
[58.479s] [ 93%] [32mBuilding C object CMakeFiles/std_srvs__rosidl_typesupport_c__pyext.dir/rosidl_generator_py/std_srvs/_std_srvs_s.ep.rosidl_typesupport_c.c.o[0m
[59.133s] [ 95%] [32m[1mLinking C shared library rosidl_generator_py/std_srvs/std_srvs_s__rosidl_typesupport_c.cpython-310-aarch64-linux-gnu.so[0m
[59.346s] [ 95%] Built target std_srvs__rosidl_typesupport_c__pyext
[59.477s] [ 97%] [32mBuilding C object CMakeFiles/std_srvs__rosidl_typesupport_introspection_c__pyext.dir/rosidl_generator_py/std_srvs/_std_srvs_s.ep.rosidl_typesupport_introspection_c.c.o[0m
[60.099s] [100%] [32m[1mLinking C shared library rosidl_generator_py/std_srvs/std_srvs_s__rosidl_typesupport_introspection_c.cpython-310-aarch64-linux-gnu.so[0m
[60.294s] [100%] Built target std_srvs__rosidl_typesupport_introspection_c__pyext
[60.360s] Invoked command in '/home/teng/ros2_ws/build/std_srvs' returned '0': CMAKE_PREFIX_PATH=${CMAKE_PREFIX_PATH}:/home/teng/ros2_ws/install/sensor_msgs_py:/home/teng/ros2_ws/install/experiment1:/opt/ros/humble /usr/bin/cmake --build /home/teng/ros2_ws/build/std_srvs -- -j4 -l4
[61.376s] Invoking command in '/home/teng/ros2_ws/build/std_srvs': CMAKE_PREFIX_PATH=${CMAKE_PREFIX_PATH}:/home/teng/ros2_ws/install/sensor_msgs_py:/home/teng/ros2_ws/install/experiment1:/opt/ros/humble /usr/bin/cmake --install /home/teng/ros2_ws/build/std_srvs
[61.419s] -- Install configuration: ""
[61.420s] -- Execute custom install script
[61.421s] -- Symlinking: /home/teng/ros2_ws/install/std_srvs/share/ament_index/resource_index/rosidl_interfaces/std_srvs
[61.465s] -- Symlinking: /home/teng/ros2_ws/install/std_srvs/include/std_srvs/std_srvs/msg/rosidl_generator_c__visibility_control.h
[61.507s] -- Symlinking: /home/teng/ros2_ws/install/std_srvs/include/std_srvs/std_srvs/srv/detail/empty__functions.h
[61.547s] -- Symlinking: /home/teng/ros2_ws/install/std_srvs/include/std_srvs/std_srvs/srv/detail/empty__struct.h
[61.588s] -- Symlinking: /home/teng/ros2_ws/install/std_srvs/include/std_srvs/std_srvs/srv/detail/empty__type_support.h
[61.630s] -- Symlinking: /home/teng/ros2_ws/install/std_srvs/include/std_srvs/std_srvs/srv/detail/set_bool__functions.h
[61.672s] -- Symlinking: /home/teng/ros2_ws/install/std_srvs/include/std_srvs/std_srvs/srv/detail/set_bool__struct.h
[61.714s] -- Symlinking: /home/teng/ros2_ws/install/std_srvs/include/std_srvs/std_srvs/srv/detail/set_bool__type_support.h
[61.759s] -- Symlinking: /home/teng/ros2_ws/install/std_srvs/include/std_srvs/std_srvs/srv/detail/trigger__functions.h
[61.798s] -- Symlinking: /home/teng/ros2_ws/install/std_srvs/include/std_srvs/std_srvs/srv/detail/trigger__struct.h
[61.834s] -- Symlinking: /home/teng/ros2_ws/install/std_srvs/include/std_srvs/std_srvs/srv/detail/trigger__type_support.h
[61.884s] -- Symlinking: /home/teng/ros2_ws/install/std_srvs/include/std_srvs/std_srvs/srv/empty.h
[61.940s] -- Symlinking: /home/teng/ros2_ws/install/std_srvs/include/std_srvs/std_srvs/srv/set_bool.h
[61.987s] -- Symlinking: /home/teng/ros2_ws/install/std_srvs/include/std_srvs/std_srvs/srv/trigger.h
[62.054s] -- Symlinking: /home/teng/ros2_ws/install/std_srvs/share/std_srvs/environment/library_path.sh
[62.133s] -- Symlinking: /home/teng/ros2_ws/install/std_srvs/share/std_srvs/environment/library_path.dsv
[62.186s] -- Symlinking: /home/teng/ros2_ws/install/std_srvs/include/std_srvs/std_srvs/msg/rosidl_typesupport_fastrtps_c__visibility_control.h
[62.231s] -- Symlinking: /home/teng/ros2_ws/install/std_srvs/include/std_srvs/std_srvs/srv/detail/empty__rosidl_typesupport_fastrtps_c.h
[62.277s] -- Symlinking: /home/teng/ros2_ws/install/std_srvs/include/std_srvs/std_srvs/srv/detail/set_bool__rosidl_typesupport_fastrtps_c.h
[62.324s] -- Symlinking: /home/teng/ros2_ws/install/std_srvs/include/std_srvs/std_srvs/srv/detail/trigger__rosidl_typesupport_fastrtps_c.h
[62.374s] -- Symlinking: /home/teng/ros2_ws/install/std_srvs/include/std_srvs/std_srvs/msg/rosidl_typesupport_introspection_c__visibility_control.h
[62.420s] -- Symlinking: /home/teng/ros2_ws/install/std_srvs/include/std_srvs/std_srvs/srv/detail/empty__rosidl_typesupport_introspection_c.h
[62.472s] -- Symlinking: /home/teng/ros2_ws/install/std_srvs/include/std_srvs/std_srvs/srv/detail/set_bool__rosidl_typesupport_introspection_c.h
[62.541s] -- Symlinking: /home/teng/ros2_ws/install/std_srvs/include/std_srvs/std_srvs/srv/detail/trigger__rosidl_typesupport_introspection_c.h
[62.609s] -- Symlinking: /home/teng/ros2_ws/install/std_srvs/include/std_srvs/std_srvs/srv/detail/empty__builder.hpp
[62.653s] -- Symlinking: /home/teng/ros2_ws/install/std_srvs/include/std_srvs/std_srvs/srv/detail/empty__struct.hpp
[62.704s] -- Symlinking: /home/teng/ros2_ws/install/std_srvs/include/std_srvs/std_srvs/srv/detail/empty__traits.hpp
[62.754s] -- Symlinking: /home/teng/ros2_ws/install/std_srvs/include/std_srvs/std_srvs/srv/detail/set_bool__builder.hpp
[62.798s] -- Symlinking: /home/teng/ros2_ws/install/std_srvs/include/std_srvs/std_srvs/srv/detail/set_bool__struct.hpp
[62.847s] -- Symlinking: /home/teng/ros2_ws/install/std_srvs/include/std_srvs/std_srvs/srv/detail/set_bool__traits.hpp
[62.914s] -- Symlinking: /home/teng/ros2_ws/install/std_srvs/include/std_srvs/std_srvs/srv/detail/trigger__builder.hpp
[62.982s] -- Symlinking: /home/teng/ros2_ws/install/std_srvs/include/std_srvs/std_srvs/srv/detail/trigger__struct.hpp
[63.043s] -- Symlinking: /home/teng/ros2_ws/install/std_srvs/include/std_srvs/std_srvs/srv/detail/trigger__traits.hpp
[63.095s] -- Symlinking: /home/teng/ros2_ws/install/std_srvs/include/std_srvs/std_srvs/srv/empty.hpp
[63.141s] -- Symlinking: /home/teng/ros2_ws/install/std_srvs/include/std_srvs/std_srvs/srv/set_bool.hpp
[63.201s] -- Symlinking: /home/teng/ros2_ws/install/std_srvs/include/std_srvs/std_srvs/srv/trigger.hpp
[63.257s] -- Symlinking: /home/teng/ros2_ws/install/std_srvs/include/std_srvs/std_srvs/msg/rosidl_typesupport_fastrtps_cpp__visibility_control.h
[63.323s] -- Symlinking: /home/teng/ros2_ws/install/std_srvs/include/std_srvs/std_srvs/srv/detail/empty__rosidl_typesupport_fastrtps_cpp.hpp
[63.382s] -- Symlinking: /home/teng/ros2_ws/install/std_srvs/include/std_srvs/std_srvs/srv/detail/set_bool__rosidl_typesupport_fastrtps_cpp.hpp
[63.459s] -- Symlinking: /home/teng/ros2_ws/install/std_srvs/include/std_srvs/std_srvs/srv/detail/trigger__rosidl_typesupport_fastrtps_cpp.hpp
[63.509s] -- Symlinking: /home/teng/ros2_ws/install/std_srvs/include/std_srvs/std_srvs/srv/detail/empty__rosidl_typesupport_introspection_cpp.hpp
[63.566s] -- Symlinking: /home/teng/ros2_ws/install/std_srvs/include/std_srvs/std_srvs/srv/detail/set_bool__rosidl_typesupport_introspection_cpp.hpp
[63.639s] -- Symlinking: /home/teng/ros2_ws/install/std_srvs/include/std_srvs/std_srvs/srv/detail/trigger__rosidl_typesupport_introspection_cpp.hpp
[63.684s] -- Symlinking: /home/teng/ros2_ws/install/std_srvs/share/std_srvs/environment/pythonpath.sh
[63.732s] -- Symlinking: /home/teng/ros2_ws/install/std_srvs/share/std_srvs/environment/pythonpath.dsv
[63.788s] -- Symlinking: /home/teng/ros2_ws/install/std_srvs/local/lib/python3.10/dist-packages/std_srvs-5.2.0-py3.10.egg-info/PKG-INFO
[63.825s] -- Symlinking: /home/teng/ros2_ws/install/std_srvs/local/lib/python3.10/dist-packages/std_srvs-5.2.0-py3.10.egg-info/SOURCES.txt
[63.877s] -- Symlinking: /home/teng/ros2_ws/install/std_srvs/local/lib/python3.10/dist-packages/std_srvs-5.2.0-py3.10.egg-info/dependency_links.txt
[63.926s] -- Symlinking: /home/teng/ros2_ws/install/std_srvs/local/lib/python3.10/dist-packages/std_srvs-5.2.0-py3.10.egg-info/top_level.txt
[63.979s] -- Symlinking: /home/teng/ros2_ws/install/std_srvs/local/lib/python3.10/dist-packages/std_srvs/__init__.py
[64.026s] -- Symlinking: /home/teng/ros2_ws/install/std_srvs/local/lib/python3.10/dist-packages/std_srvs/_std_srvs_s.ep.rosidl_typesupport_c.c
[64.069s] -- Symlinking: /home/teng/ros2_ws/install/std_srvs/local/lib/python3.10/dist-packages/std_srvs/_std_srvs_s.ep.rosidl_typesupport_fastrtps_c.c
[64.175s] -- Symlinking: /home/teng/ros2_ws/install/std_srvs/local/lib/python3.10/dist-packages/std_srvs/_std_srvs_s.ep.rosidl_typesupport_introspection_c.c
[64.305s] -- Symlinking: /home/teng/ros2_ws/install/std_srvs/local/lib/python3.10/dist-packages/std_srvs/libstd_srvs__rosidl_generator_py.so
[64.406s] -- Symlinking: /home/teng/ros2_ws/install/std_srvs/local/lib/python3.10/dist-packages/std_srvs/srv/__init__.py
[64.475s] -- Symlinking: /home/teng/ros2_ws/install/std_srvs/local/lib/python3.10/dist-packages/std_srvs/srv/_empty.py
[64.534s] -- Symlinking: /home/teng/ros2_ws/install/std_srvs/local/lib/python3.10/dist-packages/std_srvs/srv/_empty_s.c
[64.593s] -- Symlinking: /home/teng/ros2_ws/install/std_srvs/local/lib/python3.10/dist-packages/std_srvs/srv/_set_bool.py
[64.650s] -- Symlinking: /home/teng/ros2_ws/install/std_srvs/local/lib/python3.10/dist-packages/std_srvs/srv/_set_bool_s.c
[64.783s] -- Symlinking: /home/teng/ros2_ws/install/std_srvs/local/lib/python3.10/dist-packages/std_srvs/srv/_trigger.py
[64.866s] -- Symlinking: /home/teng/ros2_ws/install/std_srvs/local/lib/python3.10/dist-packages/std_srvs/srv/_trigger_s.c
[64.926s] -- Symlinking: /home/teng/ros2_ws/install/std_srvs/local/lib/python3.10/dist-packages/std_srvs/std_srvs_s__rosidl_typesupport_c.cpython-310-aarch64-linux-gnu.so
[64.984s] -- Symlinking: /home/teng/ros2_ws/install/std_srvs/local/lib/python3.10/dist-packages/std_srvs/std_srvs_s__rosidl_typesupport_fastrtps_c.cpython-310-aarch64-linux-gnu.so
[65.046s] -- Symlinking: /home/teng/ros2_ws/install/std_srvs/local/lib/python3.10/dist-packages/std_srvs/std_srvs_s__rosidl_typesupport_introspection_c.cpython-310-aarch64-linux-gnu.so
[65.108s] -- Up-to-date symlink: /home/teng/ros2_ws/install/std_srvs/local/lib/python3.10/dist-packages/std_srvs/std_srvs_s__rosidl_typesupport_fastrtps_c.cpython-310-aarch64-linux-gnu.so
[65.115s] -- Up-to-date symlink: /home/teng/ros2_ws/install/std_srvs/local/lib/python3.10/dist-packages/std_srvs/std_srvs_s__rosidl_typesupport_introspection_c.cpython-310-aarch64-linux-gnu.so
[65.123s] -- Up-to-date symlink: /home/teng/ros2_ws/install/std_srvs/local/lib/python3.10/dist-packages/std_srvs/std_srvs_s__rosidl_typesupport_c.cpython-310-aarch64-linux-gnu.so
[65.128s] -- Symlinking: /home/teng/ros2_ws/install/std_srvs/share/std_srvs/srv/Empty.idl
[65.181s] -- Symlinking: /home/teng/ros2_ws/install/std_srvs/share/std_srvs/srv/SetBool.idl
[65.264s] -- Symlinking: /home/teng/ros2_ws/install/std_srvs/share/std_srvs/srv/Trigger.idl
[65.325s] -- Symlinking: /home/teng/ros2_ws/install/std_srvs/share/std_srvs/srv/Empty.srv
[65.377s] -- Symlinking: /home/teng/ros2_ws/install/std_srvs/share/std_srvs/srv/Empty_Request.msg
[65.432s] -- Symlinking: /home/teng/ros2_ws/install/std_srvs/share/std_srvs/srv/Empty_Response.msg
[65.496s] -- Symlinking: /home/teng/ros2_ws/install/std_srvs/share/std_srvs/srv/SetBool.srv
[65.545s] -- Symlinking: /home/teng/ros2_ws/install/std_srvs/share/std_srvs/srv/SetBool_Request.msg
[65.592s] -- Symlinking: /home/teng/ros2_ws/install/std_srvs/share/std_srvs/srv/SetBool_Response.msg
[65.638s] -- Symlinking: /home/teng/ros2_ws/install/std_srvs/share/std_srvs/srv/Trigger.srv
[65.683s] -- Symlinking: /home/teng/ros2_ws/install/std_srvs/share/std_srvs/srv/Trigger_Request.msg
[65.737s] -- Symlinking: /home/teng/ros2_ws/install/std_srvs/share/std_srvs/srv/Trigger_Response.msg
[65.779s] -- Symlinking: /home/teng/ros2_ws/install/std_srvs/share/ament_index/resource_index/package_run_dependencies/std_srvs
[65.827s] -- Symlinking: /home/teng/ros2_ws/install/std_srvs/share/ament_index/resource_index/parent_prefix_path/std_srvs
[65.889s] -- Symlinking: /home/teng/ros2_ws/install/std_srvs/share/std_srvs/environment/ament_prefix_path.sh
[65.961s] -- Symlinking: /home/teng/ros2_ws/install/std_srvs/share/std_srvs/environment/ament_prefix_path.dsv
[66.020s] -- Symlinking: /home/teng/ros2_ws/install/std_srvs/share/std_srvs/environment/path.sh
[66.077s] -- Symlinking: /home/teng/ros2_ws/install/std_srvs/share/std_srvs/environment/path.dsv
[66.127s] -- Symlinking: /home/teng/ros2_ws/install/std_srvs/share/std_srvs/local_setup.bash
[66.172s] -- Symlinking: /home/teng/ros2_ws/install/std_srvs/share/std_srvs/local_setup.sh
[66.224s] -- Symlinking: /home/teng/ros2_ws/install/std_srvs/share/std_srvs/local_setup.zsh
[66.270s] -- Symlinking: /home/teng/ros2_ws/install/std_srvs/share/std_srvs/local_setup.dsv
[66.318s] -- Symlinking: /home/teng/ros2_ws/install/std_srvs/share/std_srvs/package.dsv
[66.368s] -- Symlinking: /home/teng/ros2_ws/install/std_srvs/share/ament_index/resource_index/packages/std_srvs
[66.424s] -- Symlinking: /home/teng/ros2_ws/install/std_srvs/share/std_srvs/cmake/rosidl_cmake-extras.cmake
[66.467s] -- Symlinking: /home/teng/ros2_ws/install/std_srvs/share/std_srvs/cmake/ament_cmake_export_include_directories-extras.cmake
[66.517s] -- Symlinking: /home/teng/ros2_ws/install/std_srvs/share/std_srvs/cmake/ament_cmake_export_libraries-extras.cmake
[66.569s] -- Symlinking: /home/teng/ros2_ws/install/std_srvs/share/std_srvs/cmake/ament_cmake_export_targets-extras.cmake
[66.619s] -- Symlinking: /home/teng/ros2_ws/install/std_srvs/share/std_srvs/cmake/rosidl_cmake_export_typesupport_targets-extras.cmake
[66.667s] -- Symlinking: /home/teng/ros2_ws/install/std_srvs/share/std_srvs/cmake/ament_cmake_export_dependencies-extras.cmake
[66.719s] -- Symlinking: /home/teng/ros2_ws/install/std_srvs/share/std_srvs/cmake/rosidl_cmake_export_typesupport_libraries-extras.cmake
[66.773s] -- Symlinking: /home/teng/ros2_ws/install/std_srvs/share/std_srvs/cmake/std_srvsConfig.cmake
[66.834s] -- Symlinking: /home/teng/ros2_ws/install/std_srvs/share/std_srvs/cmake/std_srvsConfig-version.cmake
[66.900s] -- Symlinking: /home/teng/ros2_ws/install/std_srvs/share/std_srvs/package.xml
[66.964s] -- Installing: /home/teng/ros2_ws/install/std_srvs/lib/libstd_srvs__rosidl_generator_c.so
[66.970s] -- Set runtime path of "/home/teng/ros2_ws/install/std_srvs/lib/libstd_srvs__rosidl_generator_c.so" to ""
[66.974s] -- Installing: /home/teng/ros2_ws/install/std_srvs/lib/libstd_srvs__rosidl_typesupport_fastrtps_c.so
[66.982s] -- Set runtime path of "/home/teng/ros2_ws/install/std_srvs/lib/libstd_srvs__rosidl_typesupport_fastrtps_c.so" to ""
[66.985s] -- Installing: /home/teng/ros2_ws/install/std_srvs/lib/libstd_srvs__rosidl_typesupport_introspection_c.so
[66.992s] -- Set runtime path of "/home/teng/ros2_ws/install/std_srvs/lib/libstd_srvs__rosidl_typesupport_introspection_c.so" to ""
[66.996s] -- Installing: /home/teng/ros2_ws/install/std_srvs/lib/libstd_srvs__rosidl_typesupport_c.so
[67.002s] -- Set runtime path of "/home/teng/ros2_ws/install/std_srvs/lib/libstd_srvs__rosidl_typesupport_c.so" to ""
[67.004s] -- Installing: /home/teng/ros2_ws/install/std_srvs/lib/libstd_srvs__rosidl_typesupport_fastrtps_cpp.so
[67.010s] -- Set runtime path of "/home/teng/ros2_ws/install/std_srvs/lib/libstd_srvs__rosidl_typesupport_fastrtps_cpp.so" to ""
[67.012s] -- Installing: /home/teng/ros2_ws/install/std_srvs/lib/libstd_srvs__rosidl_typesupport_introspection_cpp.so
[67.020s] -- Set runtime path of "/home/teng/ros2_ws/install/std_srvs/lib/libstd_srvs__rosidl_typesupport_introspection_cpp.so" to ""
[67.022s] -- Installing: /home/teng/ros2_ws/install/std_srvs/lib/libstd_srvs__rosidl_typesupport_cpp.so
[67.029s] -- Set runtime path of "/home/teng/ros2_ws/install/std_srvs/lib/libstd_srvs__rosidl_typesupport_cpp.so" to ""
[67.385s] Listing '/home/teng/ros2_ws/install/std_srvs/local/lib/python3.10/dist-packages/std_srvs'...
[67.386s] Compiling '/home/teng/ros2_ws/install/std_srvs/local/lib/python3.10/dist-packages/std_srvs/__init__.py'...
[67.386s] Listing '/home/teng/ros2_ws/install/std_srvs/local/lib/python3.10/dist-packages/std_srvs/srv'...
[67.387s] Compiling '/home/teng/ros2_ws/install/std_srvs/local/lib/python3.10/dist-packages/std_srvs/srv/__init__.py'...
[67.387s] Compiling '/home/teng/ros2_ws/install/std_srvs/local/lib/python3.10/dist-packages/std_srvs/srv/_empty.py'...
[67.388s] Compiling '/home/teng/ros2_ws/install/std_srvs/local/lib/python3.10/dist-packages/std_srvs/srv/_set_bool.py'...
[67.390s] Compiling '/home/teng/ros2_ws/install/std_srvs/local/lib/python3.10/dist-packages/std_srvs/srv/_trigger.py'...
[67.473s] -- Installing: /home/teng/ros2_ws/install/std_srvs/lib/libstd_srvs__rosidl_generator_py.so
[67.474s] -- Set runtime path of "/home/teng/ros2_ws/install/std_srvs/lib/libstd_srvs__rosidl_generator_py.so" to ""
[67.478s] -- Installing: /home/teng/ros2_ws/install/std_srvs/share/std_srvs/cmake/export_std_srvs__rosidl_generator_cExport.cmake
[67.481s] -- Installing: /home/teng/ros2_ws/install/std_srvs/share/std_srvs/cmake/export_std_srvs__rosidl_generator_cExport-noconfig.cmake
[67.489s] -- Installing: /home/teng/ros2_ws/install/std_srvs/share/std_srvs/cmake/export_std_srvs__rosidl_typesupport_fastrtps_cExport.cmake
[67.492s] -- Installing: /home/teng/ros2_ws/install/std_srvs/share/std_srvs/cmake/export_std_srvs__rosidl_typesupport_fastrtps_cExport-noconfig.cmake
[67.499s] -- Installing: /home/teng/ros2_ws/install/std_srvs/share/std_srvs/cmake/std_srvs__rosidl_typesupport_introspection_cExport.cmake
[67.501s] -- Installing: /home/teng/ros2_ws/install/std_srvs/share/std_srvs/cmake/std_srvs__rosidl_typesupport_introspection_cExport-noconfig.cmake
[67.502s] -- Installing: /home/teng/ros2_ws/install/std_srvs/share/std_srvs/cmake/std_srvs__rosidl_typesupport_cExport.cmake
[67.505s] -- Installing: /home/teng/ros2_ws/install/std_srvs/share/std_srvs/cmake/std_srvs__rosidl_typesupport_cExport-noconfig.cmake
[67.521s] -- Installing: /home/teng/ros2_ws/install/std_srvs/share/std_srvs/cmake/export_std_srvs__rosidl_generator_cppExport.cmake
[67.522s] -- Installing: /home/teng/ros2_ws/install/std_srvs/share/std_srvs/cmake/export_std_srvs__rosidl_typesupport_fastrtps_cppExport.cmake
[67.522s] -- Installing: /home/teng/ros2_ws/install/std_srvs/share/std_srvs/cmake/export_std_srvs__rosidl_typesupport_fastrtps_cppExport-noconfig.cmake
[67.531s] -- Installing: /home/teng/ros2_ws/install/std_srvs/share/std_srvs/cmake/std_srvs__rosidl_typesupport_introspection_cppExport.cmake
[67.533s] -- Installing: /home/teng/ros2_ws/install/std_srvs/share/std_srvs/cmake/std_srvs__rosidl_typesupport_introspection_cppExport-noconfig.cmake
[67.535s] -- Installing: /home/teng/ros2_ws/install/std_srvs/share/std_srvs/cmake/std_srvs__rosidl_typesupport_cppExport.cmake
[67.536s] -- Installing: /home/teng/ros2_ws/install/std_srvs/share/std_srvs/cmake/std_srvs__rosidl_typesupport_cppExport-noconfig.cmake
[67.538s] -- Installing: /home/teng/ros2_ws/install/std_srvs/share/std_srvs/cmake/export_std_srvs__rosidl_generator_pyExport.cmake
[67.540s] -- Installing: /home/teng/ros2_ws/install/std_srvs/share/std_srvs/cmake/export_std_srvs__rosidl_generator_pyExport-noconfig.cmake
[67.573s] Invoked command in '/home/teng/ros2_ws/build/std_srvs' returned '0': CMAKE_PREFIX_PATH=${CMAKE_PREFIX_PATH}:/home/teng/ros2_ws/install/sensor_msgs_py:/home/teng/ros2_ws/install/experiment1:/opt/ros/humble /usr/bin/cmake --install /home/teng/ros2_ws/build/std_srvs
